<?xml version="1.0" encoding="UTF-8"?>
<testsuites name="New Suite" time="388" tests="7" failures="3" errors="0">
   <testsuite name="New Suite" tests="7" failures="3" errors="0" time="388" timestamp="2018-07-05 16:56:49" hostname="Ankur.Jain - LT0021232" id="Test Suites/New Suite">
      <properties>
         <property name="deviceName" value=""/>
         <property name="devicePlatform" value=""/>
         <property name="logFolder" value="C:\\Users\\ankur.jain\\Katalon Studio\\Feedzai_Automation\\Reports\\New Suite\\20180705_165640"/>
         <property name="logFiles" value="C:\\Users\\ankur.jain\\Katalon Studio\\Feedzai_Automation\\Reports\\New Suite\\20180705_165640\\execution0.log"/>
         <property name="attachments" value="C:\\Users\\ankur.jain\\Katalon Studio\\Feedzai_Automation\\Reports\\New Suite\\20180705_165640\\1530790093618.png, C:\\Users\\ankur.jain\\Katalon Studio\\Feedzai_Automation\\Reports\\New Suite\\20180705_165640\\1530790137037.png, C:\\Users\\ankur.jain\\Katalon Studio\\Feedzai_Automation\\Reports\\New Suite\\20180705_165640\\1530790182438.png, C:\\Users\\ankur.jain\\Katalon Studio\\Feedzai_Automation\\Reports\\New Suite\\20180705_165640\\1530790236996.png, C:\\Users\\ankur.jain\\Katalon Studio\\Feedzai_Automation\\Reports\\New Suite\\20180705_165640\\1530790287970.png, C:\\Users\\ankur.jain\\Katalon Studio\\Feedzai_Automation\\Reports\\New Suite\\20180705_165640\\1530790318179.png, C:\\Users\\ankur.jain\\Katalon Studio\\Feedzai_Automation\\Reports\\New Suite\\20180705_165640\\1530790342499.png, C:\\Users\\ankur.jain\\Katalon Studio\\Feedzai_Automation\\Reports\\New Suite\\20180705_165640\\1530790367354.png, C:\\Users\\ankur.jain\\Katalon Studio\\Feedzai_Automation\\Reports\\New Suite\\20180705_165640\\1530790392653.png, C:\\Users\\ankur.jain\\Katalon Studio\\Feedzai_Automation\\Reports\\New Suite\\20180705_165640\\1530790394563.png"/>
         <property name="hostName" value="Ankur.Jain - LT0021232"/>
         <property name="os" value="Windows 7 64bit"/>
         <property name="katalonVersion" value="5.4.2.1"/>
         <property name="browser" value="Chrome 67.0.3396.99"/>
         <property name="hostAddress" value="10.50.88.74"/>
         <property name="sessionId" value="8d6ce2b92123220ca89a1d007bb4fb33"/>
         <property name="seleniumVersion" value="3.7.1"/>
         <property name="proxyInformation" value="ProxyInformation{proxyOption=NO_PROXY, proxyServerType=HTTP, password=, proxyServerAddress=, proxyServerPort=0}"/>
         <property name="platform" value="Windows 7"/>
      </properties>
      <testcase name="Test Cases/Alert Manager Test Cases/Alert Manager_Search Screen/TC24_Validate Advance search through customer id" classname="Test Cases/Alert Manager Test Cases/Alert Manager_Search Screen/TC24_Validate Advance search through customer id" status="PASSED">
         <system-out><![CDATA[2018-07-05 16:56:51 - [TEST_CASE][PASSED] - Test Cases/Alert Manager Test Cases/Alert Manager_Search Screen/TC24_Validate Advance search through customer id: Test Cases/Alert Manager Test Cases/Alert Manager_Search Screen/TC24_Validate Advance search through customer id

2018-07-05 16:56:52 - [TEST_STEP][PASSED] - openBrowser: Browser is opened with url: ''

2018-07-05 16:57:10 - [MESSAGE][PASSED] - Browser is opened with url: ''

2018-07-05 16:57:10 - [TEST_STEP][PASSED] - navigateToUrl: Navigate to 'https://10.130.236.51/#login' successfully

2018-07-05 16:57:14 - [MESSAGE][PASSED] - Navigate to 'https://10.130.236.51/#login' successfully

2018-07-05 16:57:14 - [TEST_STEP][PASSED] - maximizeWindow: Current window maximized

2018-07-05 16:57:15 - [MESSAGE][PASSED] - Current window maximized

2018-07-05 16:57:15 - [TEST_STEP][PASSED] - setText: Text 'Ankur.Jain' is set on object 'Object Repository/TC_24_AM/input'

2018-07-05 16:57:35 - [MESSAGE][PASSED] - Text 'Ankur.Jain' is set on object 'Object Repository/TC_24_AM/input'

2018-07-05 16:57:35 - [TEST_STEP][PASSED] - setText: Text 'Word02Pass' is set on object 'Object Repository/TC_24_AM/input_1'

2018-07-05 16:57:35 - [MESSAGE][PASSED] - Text 'Word02Pass' is set on object 'Object Repository/TC_24_AM/input_1'

2018-07-05 16:57:35 - [TEST_STEP][PASSED] - sendKeys: Keys 'ENTER + ' sent to object: 'Object Repository/TC_24_AM/input_1'

2018-07-05 16:57:35 - [MESSAGE][PASSED] - Keys 'ENTER + ' sent to object: 'Object Repository/TC_24_AM/input_1'

2018-07-05 16:57:35 - [TEST_STEP][PASSED] - click: Object: 'Object Repository/TC_24_AM/span_Search' is clicked on

2018-07-05 16:57:37 - [MESSAGE][PASSED] - Object: 'Object Repository/TC_24_AM/span_Search' is clicked on

2018-07-05 16:57:37 - [TEST_STEP][PASSED] - clearText: Text of object 'Object Repository/TC_24_AM/Date_input' is cleared

2018-07-05 16:57:37 - [MESSAGE][PASSED] - Text of object 'Object Repository/TC_24_AM/Date_input' is cleared

2018-07-05 16:57:37 - [TEST_STEP][PASSED] - click: Object: 'Object Repository/TC_24_AM/Done_Button' is clicked on

2018-07-05 16:57:38 - [MESSAGE][PASSED] - Object: 'Object Repository/TC_24_AM/Done_Button' is clicked on

2018-07-05 16:57:38 - [TEST_STEP][PASSED] - delay: Delayed 2 second(s)

2018-07-05 16:57:40 - [MESSAGE][PASSED] - Delayed 2 second(s)

2018-07-05 16:57:40 - [TEST_STEP][PASSED] - click: Object: 'Object Repository/TC_24_AM/button_Advanced Search' is clicked on

2018-07-05 16:57:40 - [MESSAGE][PASSED] - Object: 'Object Repository/TC_24_AM/button_Advanced Search' is clicked on

2018-07-05 16:57:40 - [TEST_STEP][PASSED] - click: Object: 'Object Repository/TC_24_AM/ul_Customer Id' is clicked on

2018-07-05 16:57:41 - [MESSAGE][PASSED] - Object: 'Object Repository/TC_24_AM/ul_Customer Id' is clicked on

2018-07-05 16:57:41 - [TEST_STEP][PASSED] - setText: Text '1100243850' is set on object 'Object Repository/TC_24_AM/input_s2id_autogen7'

2018-07-05 16:58:06 - [MESSAGE][PASSED] - Text '1100243850' is set on object 'Object Repository/TC_24_AM/input_s2id_autogen7'

2018-07-05 16:58:06 - [TEST_STEP][PASSED] - delay: Delayed 2 second(s)

2018-07-05 16:58:08 - [MESSAGE][PASSED] - Delayed 2 second(s)

2018-07-05 16:58:08 - [TEST_STEP][PASSED] - sendKeys: Keys 'ENTER + ' sent to object: 'Object Repository/TC_24_AM/input_s2id_autogen7'

2018-07-05 16:58:09 - [MESSAGE][PASSED] - Keys 'ENTER + ' sent to object: 'Object Repository/TC_24_AM/input_s2id_autogen7'

2018-07-05 16:58:09 - [TEST_STEP][PASSED] - delay: Delayed 2 second(s)

2018-07-05 16:58:11 - [MESSAGE][PASSED] - Delayed 2 second(s)

2018-07-05 16:58:11 - [TEST_STEP][PASSED] - click: Object: 'Object Repository/TC_24_AM/button_Search' is clicked on

2018-07-05 16:58:11 - [MESSAGE][PASSED] - Object: 'Object Repository/TC_24_AM/button_Search' is clicked on

2018-07-05 16:58:11 - [TEST_STEP][PASSED] - getText: Text of object 'Object Repository/TC_24_AM/Cust_Details' is: '15-05-2018 15:18:53 2812 3206 0077 6096 1,000.00 1100243850 1100243850 N/A no LMW 28 00 0 Unassigned Not Fraud
15-05-2018 15:21:59 2812 3206 0077 6096 5.00 1100243850 N/A 5999 no WPP 0 00 0 Unassigned Not Fraud
15-05-2018 15:23:34 2812 3206 0077 6096 6.00 1100243850 N/A 5999 no WPP 0 00 0 Unassigned Not Fraud
15-05-2018 15:24:40 2812 3206 0077 6096 4.00 1100243850 N/A 5999 no WPP 0 00 0 Unassigned Not Fraud
15-05-2018 15:25:57 2812 3200 0000 0000 1.00 1100243850 N/A 5999 no WPP 0 05 1 Customer Pending
15-05-2018 15:33:13 2812 3206 0077 6096 6.00 1100243850 1100243850 5999 no WRO 20 00 0 Unassigned Not Fraud
15-05-2018 15:35:00 2812 3206 0077 6096 6.00 1100243850 N/A 5999 no WPP 0 00 0 Unassigned Not Fraud
15-05-2018 15:36:21 2812 3200 0000 0000 1.00 1100243850 N/A 5999 no WPP 0 05 1 Customer Pending
15-06-2018 12:35:16 NA 2.00 1100243850 N/A 5999 no WPP 0 05 0 Unassigned Not Fraud
15-06-2018 12:38:04 1000 00XX XXXX 3645 2.00 1100243850 N/A 5999 no WPP 0 00 1 Unassigned Pending'

2018-07-05 16:58:13 - [MESSAGE][PASSED] - Text of object 'Object Repository/TC_24_AM/Cust_Details' is: '15-05-2018 15:18:53 2812 3206 0077 6096 1,000.00 1100243850 1100243850 N/A no LMW 28 00 0 Unassigned Not Fraud
15-05-2018 15:21:59 2812 3206 0077 6096 5.00 1100243850 N/A 5999 no WPP 0 00 0 Unassigned Not Fraud
15-05-2018 15:23:34 2812 3206 0077 6096 6.00 1100243850 N/A 5999 no WPP 0 00 0 Unassigned Not Fraud
15-05-2018 15:24:40 2812 3206 0077 6096 4.00 1100243850 N/A 5999 no WPP 0 00 0 Unassigned Not Fraud
15-05-2018 15:25:57 2812 3200 0000 0000 1.00 1100243850 N/A 5999 no WPP 0 05 1 Customer Pending
15-05-2018 15:33:13 2812 3206 0077 6096 6.00 1100243850 1100243850 5999 no WRO 20 00 0 Unassigned Not Fraud
15-05-2018 15:35:00 2812 3206 0077 6096 6.00 1100243850 N/A 5999 no WPP 0 00 0 Unassigned Not Fraud
15-05-2018 15:36:21 2812 3200 0000 0000 1.00 1100243850 N/A 5999 no WPP 0 05 1 Customer Pending
15-06-2018 12:35:16 NA 2.00 1100243850 N/A 5999 no WPP 0 05 0 Unassigned Not Fraud
15-06-2018 12:38:04 1000 00XX XXXX 3645 2.00 1100243850 N/A 5999 no WPP 0 00 1 Unassigned Pending'

2018-07-05 16:58:13 - [TEST_STEP][PASSED] - comment: Customer Details Displayed

2018-07-05 16:58:13 - [TEST_STEP][PASSED] - Statement - Customer_Details = com.kms.katalon.core.webui.keyword.WebUiBuiltInKeywords.takeScreenshot(): Taking screenshot successfully

2018-07-05 16:58:14 - [MESSAGE][PASSED] - Taking screenshot successfully
[[ATTACHMENT|C:\\Users\\ankur.jain\\Katalon Studio\\Feedzai_Automation\\Reports\\New Suite\\20180705_165640\\1530790093618.png]]

2018-07-05 16:58:14 - [TEST_STEP][PASSED] - verifyElementText: Actual text and expected text of test object 'Object Repository/TC_24_AM/Cust_id_Validation' are matched.

2018-07-05 16:58:14 - [MESSAGE][PASSED] - Actual text and expected text of test object 'Object Repository/TC_24_AM/Cust_id_Validation' are matched.

2018-07-05 16:58:14 - [TEST_STEP][PASSED] - refresh: Refresh successfully

2018-07-05 16:58:15 - [MESSAGE][PASSED] - Refresh successfully

2018-07-05 16:58:15 - [TEST_STEP][PASSED] - delay: Delayed 12 second(s)

2018-07-05 16:58:27 - [MESSAGE][PASSED] - Delayed 12 second(s)]]></system-out>
         <system-err><![CDATA[]]></system-err>
      </testcase>
      <testcase name="Test Cases/Alert Manager Test Cases/Alert Manager_Search Screen/TC25_Validate Advance search through Merchant id" classname="Test Cases/Alert Manager Test Cases/Alert Manager_Search Screen/TC25_Validate Advance search through Merchant id" status="PASSED">
         <system-out><![CDATA[2018-07-05 16:58:27 - [TEST_CASE][PASSED] - Test Cases/Alert Manager Test Cases/Alert Manager_Search Screen/TC25_Validate Advance search through Merchant id: Test Cases/Alert Manager Test Cases/Alert Manager_Search Screen/TC25_Validate Advance search through Merchant id

2018-07-05 16:58:28 - [TEST_STEP][PASSED] - clearText: Text of object 'Object Repository/TC_24_AM/Date_input' is cleared

2018-07-05 16:58:35 - [MESSAGE][PASSED] - Text of object 'Object Repository/TC_24_AM/Date_input' is cleared

2018-07-05 16:58:35 - [TEST_STEP][PASSED] - click: Object: 'Object Repository/TC_24_AM/Done_Button' is clicked on

2018-07-05 16:58:35 - [MESSAGE][PASSED] - Object: 'Object Repository/TC_24_AM/Done_Button' is clicked on

2018-07-05 16:58:35 - [TEST_STEP][PASSED] - delay: Delayed 5 second(s)

2018-07-05 16:58:40 - [MESSAGE][PASSED] - Delayed 5 second(s)

2018-07-05 16:58:40 - [TEST_STEP][PASSED] - click: Object: 'Object Repository/TC_24_AM/button_Advanced Search' is clicked on

2018-07-05 16:58:41 - [MESSAGE][PASSED] - Object: 'Object Repository/TC_24_AM/button_Advanced Search' is clicked on

2018-07-05 16:58:41 - [TEST_STEP][PASSED] - delay: Delayed 2 second(s)

2018-07-05 16:58:43 - [MESSAGE][PASSED] - Delayed 2 second(s)

2018-07-05 16:58:43 - [TEST_STEP][PASSED] - click: Object: 'Object Repository/TC_24_AM/Merchant_Input' is clicked on

2018-07-05 16:58:43 - [MESSAGE][PASSED] - Object: 'Object Repository/TC_24_AM/Merchant_Input' is clicked on

2018-07-05 16:58:43 - [TEST_STEP][PASSED] - setText: Text '100001000021019' is set on object 'Object Repository/TC_24_AM/Input_MerId'

2018-07-05 16:58:44 - [MESSAGE][PASSED] - Text '100001000021019' is set on object 'Object Repository/TC_24_AM/Input_MerId'

2018-07-05 16:58:44 - [TEST_STEP][PASSED] - delay: Delayed 5 second(s)

2018-07-05 16:58:49 - [MESSAGE][PASSED] - Delayed 5 second(s)

2018-07-05 16:58:49 - [TEST_STEP][PASSED] - sendKeys: Keys 'ENTER + ' sent to object: 'Object Repository/TC_24_AM/Input_MerId'

2018-07-05 16:58:50 - [MESSAGE][PASSED] - Keys 'ENTER + ' sent to object: 'Object Repository/TC_24_AM/Input_MerId'

2018-07-05 16:58:50 - [TEST_STEP][PASSED] - delay: Delayed 5 second(s)

2018-07-05 16:58:55 - [MESSAGE][PASSED] - Delayed 5 second(s)

2018-07-05 16:58:55 - [TEST_STEP][PASSED] - click: Object: 'Object Repository/TC_24_AM/button_Search' is clicked on

2018-07-05 16:58:55 - [MESSAGE][PASSED] - Object: 'Object Repository/TC_24_AM/button_Search' is clicked on

2018-07-05 16:58:55 - [TEST_STEP][PASSED] - getText: Text of object 'Object Repository/TC_24_AM/Cust_Details' is: '24-11-2016 15:07:18 2812 3201 2357 3731 10.00 1100022020 100001000021019 5532 no P2M 18 00 0 Unassigned Not Fraud
24-11-2016 16:14:59 2812 3201 6604 8336 10.00 1100022022 100001000021019 5532 no P2M 18 05 1 Unassigned Fraud
30-03-2017 15:47:38 2812 3201 4461 4845 1.00 1100005196 100001000021019 5532 no P2M 18 00 0 Unassigned Not Fraud
12-05-2017 12:59:15 2812 3201 4461 4845 10.00 1100005196 100001000021019 5532 no P2M 18 05 2 Customer Pending
12-05-2017 12:59:57 2812 3201 4461 4845 10.00 1100005196 100001000021019 5532 no P2M 18 05 2 Merchant Pending
23-05-2017 15:34:18 2812 3201 4461 4845 2.00 1100005196 100001000021019 5532 no P2M 18 00 0 Unassigned Not Fraud
06-06-2017 15:17:50 2812 3206 0032 9557 18.00 1100059679 100001000021019 5532 no P2M 18 05 1 Merchant Pending
13-06-2017 10:42:19 2812 3201 4461 4845 10.00 1100005196 100001000021019 5532 no P2M 18 05 1 Unassigned Not Fraud'

2018-07-05 16:58:56 - [MESSAGE][PASSED] - Text of object 'Object Repository/TC_24_AM/Cust_Details' is: '24-11-2016 15:07:18 2812 3201 2357 3731 10.00 1100022020 100001000021019 5532 no P2M 18 00 0 Unassigned Not Fraud
24-11-2016 16:14:59 2812 3201 6604 8336 10.00 1100022022 100001000021019 5532 no P2M 18 05 1 Unassigned Fraud
30-03-2017 15:47:38 2812 3201 4461 4845 1.00 1100005196 100001000021019 5532 no P2M 18 00 0 Unassigned Not Fraud
12-05-2017 12:59:15 2812 3201 4461 4845 10.00 1100005196 100001000021019 5532 no P2M 18 05 2 Customer Pending
12-05-2017 12:59:57 2812 3201 4461 4845 10.00 1100005196 100001000021019 5532 no P2M 18 05 2 Merchant Pending
23-05-2017 15:34:18 2812 3201 4461 4845 2.00 1100005196 100001000021019 5532 no P2M 18 00 0 Unassigned Not Fraud
06-06-2017 15:17:50 2812 3206 0032 9557 18.00 1100059679 100001000021019 5532 no P2M 18 05 1 Merchant Pending
13-06-2017 10:42:19 2812 3201 4461 4845 10.00 1100005196 100001000021019 5532 no P2M 18 05 1 Unassigned Not Fraud'

2018-07-05 16:58:56 - [TEST_STEP][PASSED] - comment: Merchant id Details Displayed

2018-07-05 16:58:56 - [TEST_STEP][PASSED] - verifyElementText: Actual text and expected text of test object 'Object Repository/TC_24_AM/Mer_id_Valid' are matched.

2018-07-05 16:58:57 - [MESSAGE][PASSED] - Actual text and expected text of test object 'Object Repository/TC_24_AM/Mer_id_Valid' are matched.

2018-07-05 16:58:57 - [TEST_STEP][PASSED] - Statement - Merchant_Details = com.kms.katalon.core.webui.keyword.WebUiBuiltInKeywords.takeScreenshot(): Taking screenshot successfully

2018-07-05 16:58:57 - [MESSAGE][PASSED] - Taking screenshot successfully
[[ATTACHMENT|C:\\Users\\ankur.jain\\Katalon Studio\\Feedzai_Automation\\Reports\\New Suite\\20180705_165640\\1530790137037.png]]

2018-07-05 16:58:57 - [TEST_STEP][PASSED] - refresh: Refresh successfully

2018-07-05 16:58:57 - [MESSAGE][PASSED] - Refresh successfully

2018-07-05 16:58:57 - [TEST_STEP][PASSED] - delay: Delayed 6 second(s)

2018-07-05 16:59:03 - [MESSAGE][PASSED] - Delayed 6 second(s)]]></system-out>
         <system-err><![CDATA[]]></system-err>
      </testcase>
      <testcase name="Test Cases/Alert Manager Test Cases/Alert Manager_Search Screen/TC26_Validate Advance search through channel" classname="Test Cases/Alert Manager Test Cases/Alert Manager_Search Screen/TC26_Validate Advance search through channel" status="PASSED">
         <system-out><![CDATA[2018-07-05 16:59:03 - [TEST_CASE][PASSED] - Test Cases/Alert Manager Test Cases/Alert Manager_Search Screen/TC26_Validate Advance search through channel: Test Cases/Alert Manager Test Cases/Alert Manager_Search Screen/TC26_Validate Advance search through channel

2018-07-05 16:59:04 - [TEST_STEP][PASSED] - clearText: Text of object 'Object Repository/TC_24_AM/Date_input' is cleared

2018-07-05 16:59:15 - [MESSAGE][PASSED] - Text of object 'Object Repository/TC_24_AM/Date_input' is cleared

2018-07-05 16:59:15 - [TEST_STEP][PASSED] - delay: Delayed 2 second(s)

2018-07-05 16:59:17 - [MESSAGE][PASSED] - Delayed 2 second(s)

2018-07-05 16:59:17 - [TEST_STEP][PASSED] - click: Object: 'Object Repository/TC_24_AM/Done_Button' is clicked on

2018-07-05 16:59:17 - [MESSAGE][PASSED] - Object: 'Object Repository/TC_24_AM/Done_Button' is clicked on

2018-07-05 16:59:17 - [TEST_STEP][PASSED] - delay: Delayed 5 second(s)

2018-07-05 16:59:22 - [MESSAGE][PASSED] - Delayed 5 second(s)

2018-07-05 16:59:22 - [TEST_STEP][PASSED] - click: Object: 'Object Repository/TC_24_AM/button_Advanced Search' is clicked on

2018-07-05 16:59:23 - [MESSAGE][PASSED] - Object: 'Object Repository/TC_24_AM/button_Advanced Search' is clicked on

2018-07-05 16:59:23 - [TEST_STEP][PASSED] - delay: Delayed 2 second(s)

2018-07-05 16:59:25 - [MESSAGE][PASSED] - Delayed 2 second(s)

2018-07-05 16:59:25 - [TEST_STEP][PASSED] - click: Object: 'Object Repository/TC_24_AM/Chaneel_Click' is clicked on

2018-07-05 16:59:25 - [MESSAGE][PASSED] - Object: 'Object Repository/TC_24_AM/Chaneel_Click' is clicked on

2018-07-05 16:59:25 - [TEST_STEP][PASSED] - setText: Text 'P2M' is set on object 'Object Repository/TC_24_AM/Channel_Input'

2018-07-05 16:59:26 - [MESSAGE][PASSED] - Text 'P2M' is set on object 'Object Repository/TC_24_AM/Channel_Input'

2018-07-05 16:59:26 - [TEST_STEP][PASSED] - delay: Delayed 5 second(s)

2018-07-05 16:59:31 - [MESSAGE][PASSED] - Delayed 5 second(s)

2018-07-05 16:59:31 - [TEST_STEP][PASSED] - sendKeys: Keys 'ENTER + ' sent to object: 'Object Repository/TC_24_AM/Channel_Input'

2018-07-05 16:59:31 - [MESSAGE][PASSED] - Keys 'ENTER + ' sent to object: 'Object Repository/TC_24_AM/Channel_Input'

2018-07-05 16:59:31 - [TEST_STEP][PASSED] - delay: Delayed 9 second(s)

2018-07-05 16:59:40 - [MESSAGE][PASSED] - Delayed 9 second(s)

2018-07-05 16:59:40 - [TEST_STEP][PASSED] - click: Object: 'Object Repository/TC_24_AM/button_Search' is clicked on

2018-07-05 16:59:40 - [MESSAGE][PASSED] - Object: 'Object Repository/TC_24_AM/button_Search' is clicked on

2018-07-05 16:59:40 - [TEST_STEP][PASSED] - getText: Text of object 'Object Repository/TC_24_AM/Cust_Details' is: '03-10-2016 12:44:39 2812 3202 5265 8477 10.00 1100006008 100001000016982 8999 no P2M 18 00 1 Unassigned Fraud
12-10-2016 11:26:56 2812 3202 2842 3378 50.00 1100005115 100001000015627 5691 no P2M 18 00 1 Unassigned Not Fraud
12-10-2016 11:57:41 2812 3204 4702 7109 1.00 1100000697 100001000017104 8241 no P2M 18 00 1 Unassigned Not Fraud
17-10-2016 11:19:34 2812 3202 3669 7120 100.00 1100006776 100001000015627 5691 no P2M 18 00 1 Unassigned Not Fraud
21-10-2016 16:49:28 2812 3201 4186 7792 1.00 C000201210 100001000014838 5944 no P2M 18 00 1 Unassigned Not Fraud'

2018-07-05 16:59:42 - [MESSAGE][PASSED] - Text of object 'Object Repository/TC_24_AM/Cust_Details' is: '03-10-2016 12:44:39 2812 3202 5265 8477 10.00 1100006008 100001000016982 8999 no P2M 18 00 1 Unassigned Fraud
12-10-2016 11:26:56 2812 3202 2842 3378 50.00 1100005115 100001000015627 5691 no P2M 18 00 1 Unassigned Not Fraud
12-10-2016 11:57:41 2812 3204 4702 7109 1.00 1100000697 100001000017104 8241 no P2M 18 00 1 Unassigned Not Fraud
17-10-2016 11:19:34 2812 3202 3669 7120 100.00 1100006776 100001000015627 5691 no P2M 18 00 1 Unassigned Not Fraud
21-10-2016 16:49:28 2812 3201 4186 7792 1.00 C000201210 100001000014838 5944 no P2M 18 00 1 Unassigned Not Fraud'

2018-07-05 16:59:42 - [TEST_STEP][PASSED] - comment: P2M Details Displayed

2018-07-05 16:59:42 - [TEST_STEP][PASSED] - verifyElementText: Actual text and expected text of test object 'Object Repository/TC_24_AM/Chaneel_id_Valid' are matched.

2018-07-05 16:59:42 - [MESSAGE][PASSED] - Actual text and expected text of test object 'Object Repository/TC_24_AM/Chaneel_id_Valid' are matched.

2018-07-05 16:59:42 - [TEST_STEP][PASSED] - Statement - Chaneel_Details = com.kms.katalon.core.webui.keyword.WebUiBuiltInKeywords.takeScreenshot(): Taking screenshot successfully

2018-07-05 16:59:42 - [MESSAGE][PASSED] - Taking screenshot successfully
[[ATTACHMENT|C:\\Users\\ankur.jain\\Katalon Studio\\Feedzai_Automation\\Reports\\New Suite\\20180705_165640\\1530790182438.png]]

2018-07-05 16:59:42 - [TEST_STEP][PASSED] - refresh: Refresh successfully

2018-07-05 16:59:43 - [MESSAGE][PASSED] - Refresh successfully

2018-07-05 16:59:43 - [TEST_STEP][PASSED] - delay: Delayed 6 second(s)

2018-07-05 16:59:49 - [MESSAGE][PASSED] - Delayed 6 second(s)]]></system-out>
         <system-err><![CDATA[]]></system-err>
      </testcase>
      <testcase name="Test Cases/Alert Manager Test Cases/Alert Manager_Search Screen/TC27_Validate Advance search through Agent Id" classname="Test Cases/Alert Manager Test Cases/Alert Manager_Search Screen/TC27_Validate Advance search through Agent Id" status="PASSED">
         <system-out><![CDATA[2018-07-05 16:59:49 - [TEST_CASE][PASSED] - Test Cases/Alert Manager Test Cases/Alert Manager_Search Screen/TC27_Validate Advance search through Agent Id: Test Cases/Alert Manager Test Cases/Alert Manager_Search Screen/TC27_Validate Advance search through Agent Id

2018-07-05 16:59:50 - [TEST_STEP][PASSED] - clearText: Text of object 'Object Repository/TC_24_AM/Date_input' is cleared

2018-07-05 17:00:00 - [MESSAGE][PASSED] - Text of object 'Object Repository/TC_24_AM/Date_input' is cleared

2018-07-05 17:00:00 - [TEST_STEP][PASSED] - click: Object: 'Object Repository/TC_24_AM/Done_Button' is clicked on

2018-07-05 17:00:00 - [MESSAGE][PASSED] - Object: 'Object Repository/TC_24_AM/Done_Button' is clicked on

2018-07-05 17:00:00 - [TEST_STEP][PASSED] - delay: Delayed 5 second(s)

2018-07-05 17:00:05 - [MESSAGE][PASSED] - Delayed 5 second(s)

2018-07-05 17:00:05 - [TEST_STEP][PASSED] - click: Object: 'Object Repository/TC_24_AM/button_Advanced Search' is clicked on

2018-07-05 17:00:06 - [MESSAGE][PASSED] - Object: 'Object Repository/TC_24_AM/button_Advanced Search' is clicked on

2018-07-05 17:00:06 - [TEST_STEP][PASSED] - delay: Delayed 2 second(s)

2018-07-05 17:00:08 - [MESSAGE][PASSED] - Delayed 2 second(s)

2018-07-05 17:00:08 - [TEST_STEP][PASSED] - click: Object: 'Object Repository/TC_24_AM/AgentId_Click' is clicked on

2018-07-05 17:00:08 - [MESSAGE][PASSED] - Object: 'Object Repository/TC_24_AM/AgentId_Click' is clicked on

2018-07-05 17:00:08 - [TEST_STEP][PASSED] - setText: Text '1000005844' is set on object 'Object Repository/TC_24_AM/AgentId_Input'

2018-07-05 17:00:09 - [MESSAGE][PASSED] - Text '1000005844' is set on object 'Object Repository/TC_24_AM/AgentId_Input'

2018-07-05 17:00:09 - [TEST_STEP][PASSED] - delay: Delayed 15 second(s)

2018-07-05 17:00:24 - [MESSAGE][PASSED] - Delayed 15 second(s)

2018-07-05 17:00:24 - [TEST_STEP][PASSED] - sendKeys: Keys 'ENTER + ' sent to object: 'Object Repository/TC_24_AM/AgentId_Input'

2018-07-05 17:00:24 - [MESSAGE][PASSED] - Keys 'ENTER + ' sent to object: 'Object Repository/TC_24_AM/AgentId_Input'

2018-07-05 17:00:24 - [TEST_STEP][PASSED] - delay: Delayed 10 second(s)

2018-07-05 17:00:34 - [MESSAGE][PASSED] - Delayed 10 second(s)

2018-07-05 17:00:34 - [TEST_STEP][PASSED] - click: Object: 'Object Repository/TC_24_AM/button_Search' is clicked on

2018-07-05 17:00:35 - [MESSAGE][PASSED] - Object: 'Object Repository/TC_24_AM/button_Search' is clicked on

2018-07-05 17:00:35 - [TEST_STEP][PASSED] - getText: Text of object 'Object Repository/TC_24_AM/Cust_Details' is: '31-05-2017 12:58:57 Jio 2.00 Unknown N/A N/A no BIA 14 00 0 Unassigned Not Fraud
31-05-2017 14:03:57 Jio 2,250.00 Unknown N/A N/A no BIA 14 00 2 Customer Pending
31-05-2017 14:05:13 Jio 5.00 Unknown N/A N/A no BIA 14 00 1 Agent Pending
31-05-2017 14:15:23 Jio 2.00 Unknown N/A N/A no BIA 14 00 1 Agent Pending
31-05-2017 14:15:52 Jio 10.00 Unknown N/A N/A no BIA 14 00 1 Agent Pending
02-06-2017 09:42:06 2812 3202 2900 2569 1.00 1111102400 1111102400 N/A no LMA 28 00 0 Unassigned Not Fraud
02-06-2017 09:42:06 2812 3202 2900 2569 1.00 1111102400 N/A N/A no NFA 41 00 0 Unassigned Not Fraud
06-06-2017 10:11:30 2812 3202 2900 2569 1.00 1111102400 1111102400 N/A no LMA 28 00 0 Unassigned Not Fraud
06-06-2017 10:11:31 2812 3202 2900 2569 1.00 1111102400 N/A N/A no NFA 41 00 1 Agent Pending
06-06-2017 10:47:15 2812 3206 0035 0165 1.00 1100091480 1100091480 N/A no LMA 28 00 0 Unassigned Not Fraud'

2018-07-05 17:00:36 - [MESSAGE][PASSED] - Text of object 'Object Repository/TC_24_AM/Cust_Details' is: '31-05-2017 12:58:57 Jio 2.00 Unknown N/A N/A no BIA 14 00 0 Unassigned Not Fraud
31-05-2017 14:03:57 Jio 2,250.00 Unknown N/A N/A no BIA 14 00 2 Customer Pending
31-05-2017 14:05:13 Jio 5.00 Unknown N/A N/A no BIA 14 00 1 Agent Pending
31-05-2017 14:15:23 Jio 2.00 Unknown N/A N/A no BIA 14 00 1 Agent Pending
31-05-2017 14:15:52 Jio 10.00 Unknown N/A N/A no BIA 14 00 1 Agent Pending
02-06-2017 09:42:06 2812 3202 2900 2569 1.00 1111102400 1111102400 N/A no LMA 28 00 0 Unassigned Not Fraud
02-06-2017 09:42:06 2812 3202 2900 2569 1.00 1111102400 N/A N/A no NFA 41 00 0 Unassigned Not Fraud
06-06-2017 10:11:30 2812 3202 2900 2569 1.00 1111102400 1111102400 N/A no LMA 28 00 0 Unassigned Not Fraud
06-06-2017 10:11:31 2812 3202 2900 2569 1.00 1111102400 N/A N/A no NFA 41 00 1 Agent Pending
06-06-2017 10:47:15 2812 3206 0035 0165 1.00 1100091480 1100091480 N/A no LMA 28 00 0 Unassigned Not Fraud'

2018-07-05 17:00:36 - [TEST_STEP][PASSED] - comment: Agent Details Displayed

2018-07-05 17:00:36 - [TEST_STEP][PASSED] - Statement - Agent_Details = com.kms.katalon.core.webui.keyword.WebUiBuiltInKeywords.takeScreenshot(): Taking screenshot successfully

2018-07-05 17:00:37 - [MESSAGE][PASSED] - Taking screenshot successfully
[[ATTACHMENT|C:\\Users\\ankur.jain\\Katalon Studio\\Feedzai_Automation\\Reports\\New Suite\\20180705_165640\\1530790236996.png]]

2018-07-05 17:00:37 - [TEST_STEP][PASSED] - refresh: Refresh successfully

2018-07-05 17:00:38 - [MESSAGE][PASSED] - Refresh successfully

2018-07-05 17:00:38 - [TEST_STEP][PASSED] - delay: Delayed 6 second(s)

2018-07-05 17:00:44 - [MESSAGE][PASSED] - Delayed 6 second(s)]]></system-out>
         <system-err><![CDATA[]]></system-err>
      </testcase>
      <testcase name="Test Cases/Alert Manager Test Cases/Alert Manager_Search Screen/TC28_Validate Advance search through customer phone number" classname="Test Cases/Alert Manager Test Cases/Alert Manager_Search Screen/TC28_Validate Advance search through customer phone number" status="FAILED">
         <failure type="FAILED" message="Unable to click on object 'Object Repository/TC_24_AM/Done_Button' (Root cause: com.kms.katalon.core.webui.exception.WebElementNotFoundException: Web element with id: 'Object Repository/TC_24_AM/Done_Button' located by 'By.xpath: //button[@type='button'][contains(text(),'Done')]' not found)"/>
         <system-out><![CDATA[2018-07-05 17:00:44 - [TEST_CASE][FAILED] - Test Cases/Alert Manager Test Cases/Alert Manager_Search Screen/TC28_Validate Advance search through customer phone number: Test Cases/Alert Manager Test Cases/Alert Manager_Search Screen/TC28_Validate Advance search through customer phone number FAILED because (of) Unable to click on object 'Object Repository/TC_24_AM/Done_Button' (Root cause: com.kms.katalon.core.webui.exception.WebElementNotFoundException: Web element with id: 'Object Repository/TC_24_AM/Done_Button' located by 'By.xpath: //button[@type='button'][contains(text(),'Done')]' not found)

2018-07-05 17:00:44 - [TEST_STEP][PASSED] - clearText: Text of object 'Object Repository/TC_24_AM/Date_input' is cleared

2018-07-05 17:00:54 - [MESSAGE][PASSED] - Text of object 'Object Repository/TC_24_AM/Date_input' is cleared

2018-07-05 17:00:54 - [TEST_STEP][FAILED] - click: Unable to click on object 'Object Repository/TC_24_AM/Done_Button' (Root cause: com.kms.katalon.core.webui.exception.WebElementNotFoundException: Web element with id: 'Object Repository/TC_24_AM/Done_Button' located by 'By.xpath: //button[@type='button'][contains(text(),'Done')]' not found)

2018-07-05 17:01:28 - [MESSAGE][FAILED] - Unable to click on object 'Object Repository/TC_24_AM/Done_Button' (Root cause: com.kms.katalon.core.webui.exception.WebElementNotFoundException: Web element with id: 'Object Repository/TC_24_AM/Done_Button' located by 'By.xpath: //button[@type='button'][contains(text(),'Done')]' not found)
[[ATTACHMENT|C:\\Users\\ankur.jain\\Katalon Studio\\Feedzai_Automation\\Reports\\New Suite\\20180705_165640\\1530790287970.png]]]]></system-out>
         <system-err><![CDATA[2018-07-05 17:00:44 - [TEST_CASE][FAILED] - Test Cases/Alert Manager Test Cases/Alert Manager_Search Screen/TC28_Validate Advance search through customer phone number: Test Cases/Alert Manager Test Cases/Alert Manager_Search Screen/TC28_Validate Advance search through customer phone number FAILED because (of) Unable to click on object 'Object Repository/TC_24_AM/Done_Button' (Root cause: com.kms.katalon.core.webui.exception.WebElementNotFoundException: Web element with id: 'Object Repository/TC_24_AM/Done_Button' located by 'By.xpath: //button[@type='button'][contains(text(),'Done')]' not found)]]></system-err>
      </testcase>
      <testcase name="Test Cases/Alert Manager Test Cases/Alert Manager_Search Screen/TC29_Validate Advance search through merchant phone number" classname="Test Cases/Alert Manager Test Cases/Alert Manager_Search Screen/TC29_Validate Advance search through merchant phone number" status="PASSED">
         <system-out><![CDATA[2018-07-05 17:01:28 - [TEST_CASE][PASSED] - Test Cases/Alert Manager Test Cases/Alert Manager_Search Screen/TC29_Validate Advance search through merchant phone number: Test Cases/Alert Manager Test Cases/Alert Manager_Search Screen/TC29_Validate Advance search through merchant phone number

2018-07-05 17:01:29 - [TEST_STEP][PASSED] - clearText: Text of object 'Object Repository/TC_24_AM/Date_input' is cleared

2018-07-05 17:01:29 - [MESSAGE][PASSED] - Text of object 'Object Repository/TC_24_AM/Date_input' is cleared

2018-07-05 17:01:29 - [TEST_STEP][PASSED] - click: Object: 'Object Repository/TC_24_AM/Done_Button' is clicked on

2018-07-05 17:01:29 - [MESSAGE][PASSED] - Object: 'Object Repository/TC_24_AM/Done_Button' is clicked on

2018-07-05 17:01:29 - [TEST_STEP][PASSED] - delay: Delayed 5 second(s)

2018-07-05 17:01:34 - [MESSAGE][PASSED] - Delayed 5 second(s)

2018-07-05 17:01:34 - [TEST_STEP][PASSED] - click: Object: 'Object Repository/TC_24_AM/button_Advanced Search' is clicked on

2018-07-05 17:01:35 - [MESSAGE][PASSED] - Object: 'Object Repository/TC_24_AM/button_Advanced Search' is clicked on

2018-07-05 17:01:35 - [TEST_STEP][PASSED] - delay: Delayed 2 second(s)

2018-07-05 17:01:37 - [MESSAGE][PASSED] - Delayed 2 second(s)

2018-07-05 17:01:37 - [TEST_STEP][PASSED] - click: Object: 'Object Repository/TC_24_AM/Merchant_Input' is clicked on

2018-07-05 17:01:37 - [MESSAGE][PASSED] - Object: 'Object Repository/TC_24_AM/Merchant_Input' is clicked on

2018-07-05 17:01:37 - [TEST_STEP][PASSED] - setText: Text '+919619658895' is set on object 'Object Repository/TC_24_AM/Input_MerId'

2018-07-05 17:01:38 - [MESSAGE][PASSED] - Text '+919619658895' is set on object 'Object Repository/TC_24_AM/Input_MerId'

2018-07-05 17:01:38 - [TEST_STEP][PASSED] - delay: Delayed 12 second(s)

2018-07-05 17:01:50 - [MESSAGE][PASSED] - Delayed 12 second(s)

2018-07-05 17:01:50 - [TEST_STEP][PASSED] - sendKeys: Keys 'ENTER + ' sent to object: 'Object Repository/TC_24_AM/Input_MerId'

2018-07-05 17:01:50 - [MESSAGE][PASSED] - Keys 'ENTER + ' sent to object: 'Object Repository/TC_24_AM/Input_MerId'

2018-07-05 17:01:50 - [TEST_STEP][PASSED] - delay: Delayed 5 second(s)

2018-07-05 17:01:55 - [MESSAGE][PASSED] - Delayed 5 second(s)

2018-07-05 17:01:55 - [TEST_STEP][PASSED] - click: Object: 'Object Repository/TC_24_AM/button_Search' is clicked on

2018-07-05 17:01:56 - [MESSAGE][PASSED] - Object: 'Object Repository/TC_24_AM/button_Search' is clicked on

2018-07-05 17:01:56 - [TEST_STEP][PASSED] - getText: Text of object 'Object Repository/TC_24_AM/Cust_Details' is: '20-07-2017 17:19:18 2812 3206 0000 0273 30.00 1100022994 100001000022526 4814 no P2M 18 00 1 Unassigned Not Fraud
20-07-2017 18:40:45 2812 3201 4461 4845 30.00 1100005196 100001000022526 4814 no P2M 18 00 0 Unassigned Not Fraud
20-07-2017 18:45:01 2812 3201 4461 4845 30.00 1100005196 100001000022526 4814 no P2M 18 00 0 Unassigned Not Fraud
20-07-2017 18:48:49 2812 3201 4461 4845 30.00 1100005196 100001000022526 4814 no P2M 18 05 2 Unassigned Not Fraud
08-08-2017 12:58:46 2812 3206 0036 6443 50.00 1100176179 100001000022526 4814 no P2M 18 05 2 Unassigned Not Fraud
06-02-2018 15:18:21 2812 3201 4475 4328 5.00 1100020756 100001000022526 4814 no P2M 18 05 2 Unassigned Not Fraud
06-02-2018 15:25:36 2812 3201 4475 4328 5.00 1100020756 100001000022526 4814 no P2M 18 00 0 Unassigned Not Fraud
06-02-2018 15:27:36 2812 3201 4475 4328 20.00 1100020756 100001000022526 4814 no P2M 18 05 1 Unassigned Not Fraud
06-02-2018 15:37:39 2812 3201 4475 4328 20.00 1100020756 100001000022526 4814 no P2M 18 05 2 Unassigned Not Fraud
06-02-2018 17:11:53 2812 3201 4475 4328 5.00 1100020756 100001000022526 4814 no P2M 18 05 1 Unassigned Not Fraud'

2018-07-05 17:01:57 - [MESSAGE][PASSED] - Text of object 'Object Repository/TC_24_AM/Cust_Details' is: '20-07-2017 17:19:18 2812 3206 0000 0273 30.00 1100022994 100001000022526 4814 no P2M 18 00 1 Unassigned Not Fraud
20-07-2017 18:40:45 2812 3201 4461 4845 30.00 1100005196 100001000022526 4814 no P2M 18 00 0 Unassigned Not Fraud
20-07-2017 18:45:01 2812 3201 4461 4845 30.00 1100005196 100001000022526 4814 no P2M 18 00 0 Unassigned Not Fraud
20-07-2017 18:48:49 2812 3201 4461 4845 30.00 1100005196 100001000022526 4814 no P2M 18 05 2 Unassigned Not Fraud
08-08-2017 12:58:46 2812 3206 0036 6443 50.00 1100176179 100001000022526 4814 no P2M 18 05 2 Unassigned Not Fraud
06-02-2018 15:18:21 2812 3201 4475 4328 5.00 1100020756 100001000022526 4814 no P2M 18 05 2 Unassigned Not Fraud
06-02-2018 15:25:36 2812 3201 4475 4328 5.00 1100020756 100001000022526 4814 no P2M 18 00 0 Unassigned Not Fraud
06-02-2018 15:27:36 2812 3201 4475 4328 20.00 1100020756 100001000022526 4814 no P2M 18 05 1 Unassigned Not Fraud
06-02-2018 15:37:39 2812 3201 4475 4328 20.00 1100020756 100001000022526 4814 no P2M 18 05 2 Unassigned Not Fraud
06-02-2018 17:11:53 2812 3201 4475 4328 5.00 1100020756 100001000022526 4814 no P2M 18 05 1 Unassigned Not Fraud'

2018-07-05 17:01:57 - [TEST_STEP][PASSED] - verifyElementText: Actual text and expected text of test object 'Object Repository/TC_24_AM/Mer_id_Valid' are matched.

2018-07-05 17:01:58 - [MESSAGE][PASSED] - Actual text and expected text of test object 'Object Repository/TC_24_AM/Mer_id_Valid' are matched.

2018-07-05 17:01:58 - [TEST_STEP][PASSED] - comment: Merchant  Details Displayed through phone number

2018-07-05 17:01:58 - [TEST_STEP][PASSED] - Statement - Merchant_Details_phoneNo = com.kms.katalon.core.webui.keyword.WebUiBuiltInKeywords.takeScreenshot(): Taking screenshot successfully

2018-07-05 17:01:58 - [MESSAGE][PASSED] - Taking screenshot successfully
[[ATTACHMENT|C:\\Users\\ankur.jain\\Katalon Studio\\Feedzai_Automation\\Reports\\New Suite\\20180705_165640\\1530790318179.png]]

2018-07-05 17:01:58 - [TEST_STEP][PASSED] - refresh: Refresh successfully

2018-07-05 17:01:59 - [MESSAGE][PASSED] - Refresh successfully

2018-07-05 17:01:59 - [TEST_STEP][PASSED] - delay: Delayed 6 second(s)

2018-07-05 17:02:05 - [MESSAGE][PASSED] - Delayed 6 second(s)]]></system-out>
         <system-err><![CDATA[]]></system-err>
      </testcase>
      <testcase name="Test Cases/Alert Manager Test Cases/Alert Manager_Search Screen/TC30_Validate Advance search through Source Institution ID" classname="Test Cases/Alert Manager Test Cases/Alert Manager_Search Screen/TC30_Validate Advance search through Source Institution ID" status="PASSED">
         <system-out><![CDATA[2018-07-05 17:02:05 - [TEST_CASE][PASSED] - Test Cases/Alert Manager Test Cases/Alert Manager_Search Screen/TC30_Validate Advance search through Source Institution ID: Test Cases/Alert Manager Test Cases/Alert Manager_Search Screen/TC30_Validate Advance search through Source Institution ID

2018-07-05 17:02:05 - [TEST_STEP][PASSED] - clearText: Text of object 'Object Repository/TC_24_AM/Date_input' is cleared

2018-07-05 17:02:12 - [MESSAGE][PASSED] - Text of object 'Object Repository/TC_24_AM/Date_input' is cleared

2018-07-05 17:02:12 - [TEST_STEP][PASSED] - click: Object: 'Object Repository/TC_24_AM/Done_Button' is clicked on

2018-07-05 17:02:12 - [MESSAGE][PASSED] - Object: 'Object Repository/TC_24_AM/Done_Button' is clicked on

2018-07-05 17:02:12 - [TEST_STEP][PASSED] - delay: Delayed 2 second(s)

2018-07-05 17:02:14 - [MESSAGE][PASSED] - Delayed 2 second(s)

2018-07-05 17:02:14 - [TEST_STEP][PASSED] - click: Object: 'Object Repository/TC_24_AM/button_Advanced Search' is clicked on

2018-07-05 17:02:14 - [MESSAGE][PASSED] - Object: 'Object Repository/TC_24_AM/button_Advanced Search' is clicked on

2018-07-05 17:02:14 - [TEST_STEP][PASSED] - click: Object: 'Object Repository/TC_24_AM/Click_ScrInstId' is clicked on

2018-07-05 17:02:15 - [MESSAGE][PASSED] - Object: 'Object Repository/TC_24_AM/Click_ScrInstId' is clicked on

2018-07-05 17:02:15 - [TEST_STEP][PASSED] - setText: Text '3132' is set on object 'Object Repository/TC_24_AM/Click_ScrInstId'

2018-07-05 17:02:15 - [MESSAGE][PASSED] - Text '3132' is set on object 'Object Repository/TC_24_AM/Click_ScrInstId'

2018-07-05 17:02:15 - [TEST_STEP][PASSED] - delay: Delayed 2 second(s)

2018-07-05 17:02:17 - [MESSAGE][PASSED] - Delayed 2 second(s)

2018-07-05 17:02:17 - [TEST_STEP][PASSED] - sendKeys: Keys 'ENTER + ' sent to object: 'Object Repository/TC_24_AM/Click_ScrInstId'

2018-07-05 17:02:17 - [MESSAGE][PASSED] - Keys 'ENTER + ' sent to object: 'Object Repository/TC_24_AM/Click_ScrInstId'

2018-07-05 17:02:17 - [TEST_STEP][PASSED] - delay: Delayed 2 second(s)

2018-07-05 17:02:19 - [MESSAGE][PASSED] - Delayed 2 second(s)

2018-07-05 17:02:19 - [TEST_STEP][PASSED] - click: Object: 'Object Repository/TC_24_AM/button_Search' is clicked on

2018-07-05 17:02:20 - [MESSAGE][PASSED] - Object: 'Object Repository/TC_24_AM/button_Search' is clicked on

2018-07-05 17:02:20 - [TEST_STEP][PASSED] - Statement - text = com.kms.katalon.core.webui.keyword.WebUiBuiltInKeywords.getText(com.kms.katalon.core.testobject.ObjectRepository.findTestObject(TC_24_AM/Src_id)): Text of object 'Object Repository/TC_24_AM/Src_id' is: '49-3132'

2018-07-05 17:02:22 - [MESSAGE][PASSED] - Text of object 'Object Repository/TC_24_AM/Src_id' is: '49-3132'

2018-07-05 17:02:22 - [TEST_STEP][PASSED] - Statement - If (text.contains("3132")): Source Institution id is Matched

2018-07-05 17:02:22 - [TEST_STEP][PASSED] - comment: Source Institution id is Matched

2018-07-05 17:02:22 - [TEST_STEP][PASSED] - Statement - Src_id = com.kms.katalon.core.webui.keyword.WebUiBuiltInKeywords.takeScreenshot(): Taking screenshot successfully

2018-07-05 17:02:23 - [MESSAGE][PASSED] - Taking screenshot successfully
[[ATTACHMENT|C:\\Users\\ankur.jain\\Katalon Studio\\Feedzai_Automation\\Reports\\New Suite\\20180705_165640\\1530790342499.png]]

2018-07-05 17:02:23 - [TEST_STEP][PASSED] - comment: Search through source institution id is displayed

2018-07-05 17:02:23 - [TEST_STEP][PASSED] - refresh: Refresh successfully

2018-07-05 17:02:23 - [MESSAGE][PASSED] - Refresh successfully

2018-07-05 17:02:23 - [TEST_STEP][PASSED] - delay: Delayed 12 second(s)

2018-07-05 17:02:35 - [MESSAGE][PASSED] - Delayed 12 second(s)]]></system-out>
         <system-err><![CDATA[]]></system-err>
      </testcase>
      <testcase name="Test Cases/Alert Manager Test Cases/Alert Manager_Search Screen/TC31_Validate Advance search through response code" classname="Test Cases/Alert Manager Test Cases/Alert Manager_Search Screen/TC31_Validate Advance search through response code" status="PASSED">
         <system-out><![CDATA[2018-07-05 17:02:35 - [TEST_CASE][PASSED] - Test Cases/Alert Manager Test Cases/Alert Manager_Search Screen/TC31_Validate Advance search through response code: Test Cases/Alert Manager Test Cases/Alert Manager_Search Screen/TC31_Validate Advance search through response code

2018-07-05 17:02:36 - [TEST_STEP][PASSED] - clearText: Text of object 'Object Repository/TC_24_AM/Date_input' is cleared

2018-07-05 17:02:36 - [MESSAGE][PASSED] - Text of object 'Object Repository/TC_24_AM/Date_input' is cleared

2018-07-05 17:02:36 - [TEST_STEP][PASSED] - click: Object: 'Object Repository/TC_24_AM/Done_Button' is clicked on

2018-07-05 17:02:37 - [MESSAGE][PASSED] - Object: 'Object Repository/TC_24_AM/Done_Button' is clicked on

2018-07-05 17:02:37 - [TEST_STEP][PASSED] - delay: Delayed 2 second(s)

2018-07-05 17:02:39 - [MESSAGE][PASSED] - Delayed 2 second(s)

2018-07-05 17:02:39 - [TEST_STEP][PASSED] - click: Object: 'Object Repository/TC_24_AM/button_Advanced Search' is clicked on

2018-07-05 17:02:39 - [MESSAGE][PASSED] - Object: 'Object Repository/TC_24_AM/button_Advanced Search' is clicked on

2018-07-05 17:02:39 - [TEST_STEP][PASSED] - click: Object: 'Object Repository/TC_24_AM/Click_ResponseCode' is clicked on

2018-07-05 17:02:39 - [MESSAGE][PASSED] - Object: 'Object Repository/TC_24_AM/Click_ResponseCode' is clicked on

2018-07-05 17:02:39 - [TEST_STEP][PASSED] - setText: Text '00' is set on object 'Object Repository/TC_24_AM/Input_Respcode'

2018-07-05 17:02:40 - [MESSAGE][PASSED] - Text '00' is set on object 'Object Repository/TC_24_AM/Input_Respcode'

2018-07-05 17:02:40 - [TEST_STEP][PASSED] - delay: Delayed 2 second(s)

2018-07-05 17:02:42 - [MESSAGE][PASSED] - Delayed 2 second(s)

2018-07-05 17:02:42 - [TEST_STEP][PASSED] - sendKeys: Keys 'ENTER + ' sent to object: 'Object Repository/TC_24_AM/Input_Respcode'

2018-07-05 17:02:42 - [MESSAGE][PASSED] - Keys 'ENTER + ' sent to object: 'Object Repository/TC_24_AM/Input_Respcode'

2018-07-05 17:02:42 - [TEST_STEP][PASSED] - delay: Delayed 2 second(s)

2018-07-05 17:02:44 - [MESSAGE][PASSED] - Delayed 2 second(s)

2018-07-05 17:02:44 - [TEST_STEP][PASSED] - click: Object: 'Object Repository/TC_24_AM/button_Search' is clicked on

2018-07-05 17:02:44 - [MESSAGE][PASSED] - Object: 'Object Repository/TC_24_AM/button_Search' is clicked on

2018-07-05 17:02:44 - [TEST_STEP][PASSED] - getText: Text of object 'Object Repository/TC_24_AM/Cust_Details' is: '29-09-2016 15:13:08 6377 6703 0581 9312 3.00 1100000619 N/A 5045 yes MPP 0 00 1 Unassigned Not Fraud
29-09-2016 15:13:09 2812 3200 2706 9398 1.00 1100006770 N/A 5999 no WPP 0 00 2 Unassigned Not Fraud
29-09-2016 15:13:26 2812 3203 4979 3840 0.01 1100020885 100001000020193 5045 no BPC 0 00 0 Unassigned Fraud
03-10-2016 12:38:04 NA 1.00 Unknown N/A 5999 no WPP 0 00 0 Unassigned Not Fraud
03-10-2016 12:41:36 5551 53XX XXXX 8223 3.00 Unknown N/A 5999 no WPP 0 00 0 Unassigned Not Fraud'

2018-07-05 17:02:47 - [MESSAGE][PASSED] - Text of object 'Object Repository/TC_24_AM/Cust_Details' is: '29-09-2016 15:13:08 6377 6703 0581 9312 3.00 1100000619 N/A 5045 yes MPP 0 00 1 Unassigned Not Fraud
29-09-2016 15:13:09 2812 3200 2706 9398 1.00 1100006770 N/A 5999 no WPP 0 00 2 Unassigned Not Fraud
29-09-2016 15:13:26 2812 3203 4979 3840 0.01 1100020885 100001000020193 5045 no BPC 0 00 0 Unassigned Fraud
03-10-2016 12:38:04 NA 1.00 Unknown N/A 5999 no WPP 0 00 0 Unassigned Not Fraud
03-10-2016 12:41:36 5551 53XX XXXX 8223 3.00 Unknown N/A 5999 no WPP 0 00 0 Unassigned Not Fraud'

2018-07-05 17:02:47 - [TEST_STEP][PASSED] - comment: Advance search through Response Code is sucesfull

2018-07-05 17:02:47 - [TEST_STEP][PASSED] - Statement - Response_Code = com.kms.katalon.core.webui.keyword.WebUiBuiltInKeywords.takeScreenshot(): Taking screenshot successfully

2018-07-05 17:02:48 - [MESSAGE][PASSED] - Taking screenshot successfully
[[ATTACHMENT|C:\\Users\\ankur.jain\\Katalon Studio\\Feedzai_Automation\\Reports\\New Suite\\20180705_165640\\1530790367354.png]]

2018-07-05 17:02:48 - [TEST_STEP][PASSED] - verifyElementText: Actual text and expected text of test object 'Object Repository/TC_24_AM/Response_Code_valid' are matched.

2018-07-05 17:02:48 - [MESSAGE][PASSED] - Actual text and expected text of test object 'Object Repository/TC_24_AM/Response_Code_valid' are matched.

2018-07-05 17:02:48 - [TEST_STEP][PASSED] - refresh: Refresh successfully

2018-07-05 17:02:48 - [MESSAGE][PASSED] - Refresh successfully

2018-07-05 17:02:48 - [TEST_STEP][PASSED] - delay: Delayed 12 second(s)

2018-07-05 17:03:00 - [MESSAGE][PASSED] - Delayed 12 second(s)]]></system-out>
         <system-err><![CDATA[]]></system-err>
      </testcase>
      <testcase name="Test Cases/Alert Manager Test Cases/Alert Manager_Search Screen/TC32_Validate Advance search through Processing code" classname="Test Cases/Alert Manager Test Cases/Alert Manager_Search Screen/TC32_Validate Advance search through Processing code" status="FAILED">
         <failure type="FAILED" message="Unable to click on object 'Object Repository/TC_24_AM/button_Search' (Root cause: org.openqa.selenium.WebDriverException: unknown error: Element &lt;button type=&quot;submit&quot; class=&quot;button button-primary&quot;>...&lt;/button> is not clickable at point (71, 602). Other element would receive the click: &lt;div id=&quot;select2-drop-mask&quot; class=&quot;select2-drop-mask&quot; style=&quot;&quot;>&lt;/div>
  (Session info: chrome=67.0.3396.99)
  (Driver info: chromedriver=2.35.528161 (5b82f2d2aae0ca24b877009200ced9065a772e73),platform=Windows NT 6.1.7601 SP1 x86_64) (WARNING: The server did not provide any stacktrace information)
Command duration or timeout: 0 milliseconds
Build info: version: '3.7.1', revision: '8a0099a', time: '2017-11-06T21:07:36.161Z'
System info: host: 'LT0021232', ip: '10.50.88.74', os.name: 'Windows 7', os.arch: 'amd64', os.version: '6.1', java.version: '1.8.0_102'
Driver info: com.kms.katalon.selenium.driver.CChromeDriver
Capabilities {acceptInsecureCerts: false, acceptSslCerts: false, applicationCacheEnabled: false, browserConnectionEnabled: false, browserName: chrome, chrome: {chromedriverVersion: 2.35.528161 (5b82f2d2aae0ca..., userDataDir: C:\Users\ANKUR~1.JAI\AppDat...}, cssSelectorsEnabled: true, databaseEnabled: false, handlesAlerts: true, hasTouchScreen: false, javascriptEnabled: true, locationContextEnabled: true, mobileEmulationEnabled: false, nativeEvents: true, networkConnectionEnabled: false, pageLoadStrategy: normal, platform: XP, platformName: XP, rotatable: false, setWindowRect: true, takesHeapSnapshot: true, takesScreenshot: true, unexpectedAlertBehaviour: , unhandledPromptBehavior: , version: 67.0.3396.99, webStorageEnabled: true}
Session ID: 8d6ce2b92123220ca89a1d007bb4fb33)"/>
         <system-out><![CDATA[2018-07-05 17:03:00 - [TEST_CASE][FAILED] - Test Cases/Alert Manager Test Cases/Alert Manager_Search Screen/TC32_Validate Advance search through Processing code: Test Cases/Alert Manager Test Cases/Alert Manager_Search Screen/TC32_Validate Advance search through Processing code FAILED because (of) Unable to click on object 'Object Repository/TC_24_AM/button_Search' (Root cause: org.openqa.selenium.WebDriverException: unknown error: Element <button type="submit" class="button button-primary">...</button> is not clickable at point (71, 602). Other element would receive the click: <div id="select2-drop-mask" class="select2-drop-mask" style=""></div>
  (Session info: chrome=67.0.3396.99)
  (Driver info: chromedriver=2.35.528161 (5b82f2d2aae0ca24b877009200ced9065a772e73),platform=Windows NT 6.1.7601 SP1 x86_64) (WARNING: The server did not provide any stacktrace information)
Command duration or timeout: 0 milliseconds
Build info: version: '3.7.1', revision: '8a0099a', time: '2017-11-06T21:07:36.161Z'
System info: host: 'LT0021232', ip: '10.50.88.74', os.name: 'Windows 7', os.arch: 'amd64', os.version: '6.1', java.version: '1.8.0_102'
Driver info: com.kms.katalon.selenium.driver.CChromeDriver
Capabilities {acceptInsecureCerts: false, acceptSslCerts: false, applicationCacheEnabled: false, browserConnectionEnabled: false, browserName: chrome, chrome: {chromedriverVersion: 2.35.528161 (5b82f2d2aae0ca..., userDataDir: C:\Users\ANKUR~1.JAI\AppDat...}, cssSelectorsEnabled: true, databaseEnabled: false, handlesAlerts: true, hasTouchScreen: false, javascriptEnabled: true, locationContextEnabled: true, mobileEmulationEnabled: false, nativeEvents: true, networkConnectionEnabled: false, pageLoadStrategy: normal, platform: XP, platformName: XP, rotatable: false, setWindowRect: true, takesHeapSnapshot: true, takesScreenshot: true, unexpectedAlertBehaviour: , unhandledPromptBehavior: , version: 67.0.3396.99, webStorageEnabled: true}
Session ID: 8d6ce2b92123220ca89a1d007bb4fb33)

2018-07-05 17:03:01 - [TEST_STEP][PASSED] - clearText: Text of object 'Object Repository/TC_24_AM/Date_input' is cleared

2018-07-05 17:03:04 - [MESSAGE][PASSED] - Text of object 'Object Repository/TC_24_AM/Date_input' is cleared

2018-07-05 17:03:04 - [TEST_STEP][PASSED] - click: Object: 'Object Repository/TC_24_AM/Done_Button' is clicked on

2018-07-05 17:03:04 - [MESSAGE][PASSED] - Object: 'Object Repository/TC_24_AM/Done_Button' is clicked on

2018-07-05 17:03:04 - [TEST_STEP][PASSED] - delay: Delayed 2 second(s)

2018-07-05 17:03:07 - [MESSAGE][PASSED] - Delayed 2 second(s)

2018-07-05 17:03:07 - [TEST_STEP][PASSED] - click: Object: 'Object Repository/TC_24_AM/button_Advanced Search' is clicked on

2018-07-05 17:03:07 - [MESSAGE][PASSED] - Object: 'Object Repository/TC_24_AM/button_Advanced Search' is clicked on

2018-07-05 17:03:07 - [TEST_STEP][PASSED] - click: Object: 'Object Repository/TC_24_AM/Click_ResponseCode' is clicked on

2018-07-05 17:03:07 - [MESSAGE][PASSED] - Object: 'Object Repository/TC_24_AM/Click_ResponseCode' is clicked on

2018-07-05 17:03:07 - [TEST_STEP][PASSED] - setText: Text '45' is set on object 'Object Repository/TC_24_AM/Input_Respcode'

2018-07-05 17:03:08 - [MESSAGE][PASSED] - Text '45' is set on object 'Object Repository/TC_24_AM/Input_Respcode'

2018-07-05 17:03:08 - [TEST_STEP][PASSED] - delay: Delayed 2 second(s)

2018-07-05 17:03:10 - [MESSAGE][PASSED] - Delayed 2 second(s)

2018-07-05 17:03:10 - [TEST_STEP][PASSED] - sendKeys: Keys 'ENTER + ' sent to object: 'Object Repository/TC_24_AM/Input_Respcode'

2018-07-05 17:03:10 - [MESSAGE][PASSED] - Keys 'ENTER + ' sent to object: 'Object Repository/TC_24_AM/Input_Respcode'

2018-07-05 17:03:10 - [TEST_STEP][PASSED] - delay: Delayed 2 second(s)

2018-07-05 17:03:12 - [MESSAGE][PASSED] - Delayed 2 second(s)

2018-07-05 17:03:12 - [TEST_STEP][FAILED] - click: Unable to click on object 'Object Repository/TC_24_AM/button_Search' (Root cause: org.openqa.selenium.WebDriverException: unknown error: Element <button type="submit" class="button button-primary">...</button> is not clickable at point (71, 602). Other element would receive the click: <div id="select2-drop-mask" class="select2-drop-mask" style=""></div>
  (Session info: chrome=67.0.3396.99)
  (Driver info: chromedriver=2.35.528161 (5b82f2d2aae0ca24b877009200ced9065a772e73),platform=Windows NT 6.1.7601 SP1 x86_64) (WARNING: The server did not provide any stacktrace information)
Command duration or timeout: 0 milliseconds
Build info: version: '3.7.1', revision: '8a0099a', time: '2017-11-06T21:07:36.161Z'
System info: host: 'LT0021232', ip: '10.50.88.74', os.name: 'Windows 7', os.arch: 'amd64', os.version: '6.1', java.version: '1.8.0_102'
Driver info: com.kms.katalon.selenium.driver.CChromeDriver
Capabilities {acceptInsecureCerts: false, acceptSslCerts: false, applicationCacheEnabled: false, browserConnectionEnabled: false, browserName: chrome, chrome: {chromedriverVersion: 2.35.528161 (5b82f2d2aae0ca..., userDataDir: C:\Users\ANKUR~1.JAI\AppDat...}, cssSelectorsEnabled: true, databaseEnabled: false, handlesAlerts: true, hasTouchScreen: false, javascriptEnabled: true, locationContextEnabled: true, mobileEmulationEnabled: false, nativeEvents: true, networkConnectionEnabled: false, pageLoadStrategy: normal, platform: XP, platformName: XP, rotatable: false, setWindowRect: true, takesHeapSnapshot: true, takesScreenshot: true, unexpectedAlertBehaviour: , unhandledPromptBehavior: , version: 67.0.3396.99, webStorageEnabled: true}
Session ID: 8d6ce2b92123220ca89a1d007bb4fb33)

2018-07-05 17:03:13 - [MESSAGE][FAILED] - Unable to click on object 'Object Repository/TC_24_AM/button_Search' (Root cause: org.openqa.selenium.WebDriverException: unknown error: Element <button type="submit" class="button button-primary">...</button> is not clickable at point (71, 602). Other element would receive the click: <div id="select2-drop-mask" class="select2-drop-mask" style=""></div>
  (Session info: chrome=67.0.3396.99)
  (Driver info: chromedriver=2.35.528161 (5b82f2d2aae0ca24b877009200ced9065a772e73),platform=Windows NT 6.1.7601 SP1 x86_64) (WARNING: The server did not provide any stacktrace information)
Command duration or timeout: 0 milliseconds
Build info: version: '3.7.1', revision: '8a0099a', time: '2017-11-06T21:07:36.161Z'
System info: host: 'LT0021232', ip: '10.50.88.74', os.name: 'Windows 7', os.arch: 'amd64', os.version: '6.1', java.version: '1.8.0_102'
Driver info: com.kms.katalon.selenium.driver.CChromeDriver
Capabilities {acceptInsecureCerts: false, acceptSslCerts: false, applicationCacheEnabled: false, browserConnectionEnabled: false, browserName: chrome, chrome: {chromedriverVersion: 2.35.528161 (5b82f2d2aae0ca..., userDataDir: C:\Users\ANKUR~1.JAI\AppDat...}, cssSelectorsEnabled: true, databaseEnabled: false, handlesAlerts: true, hasTouchScreen: false, javascriptEnabled: true, locationContextEnabled: true, mobileEmulationEnabled: false, nativeEvents: true, networkConnectionEnabled: false, pageLoadStrategy: normal, platform: XP, platformName: XP, rotatable: false, setWindowRect: true, takesHeapSnapshot: true, takesScreenshot: true, unexpectedAlertBehaviour: , unhandledPromptBehavior: , version: 67.0.3396.99, webStorageEnabled: true}
Session ID: 8d6ce2b92123220ca89a1d007bb4fb33)
[[ATTACHMENT|C:\\Users\\ankur.jain\\Katalon Studio\\Feedzai_Automation\\Reports\\New Suite\\20180705_165640\\1530790392653.png]]]]></system-out>
         <system-err><![CDATA[2018-07-05 17:03:00 - [TEST_CASE][FAILED] - Test Cases/Alert Manager Test Cases/Alert Manager_Search Screen/TC32_Validate Advance search through Processing code: Test Cases/Alert Manager Test Cases/Alert Manager_Search Screen/TC32_Validate Advance search through Processing code FAILED because (of) Unable to click on object 'Object Repository/TC_24_AM/button_Search' (Root cause: org.openqa.selenium.WebDriverException: unknown error: Element <button type="submit" class="button button-primary">...</button> is not clickable at point (71, 602). Other element would receive the click: <div id="select2-drop-mask" class="select2-drop-mask" style=""></div>
  (Session info: chrome=67.0.3396.99)
  (Driver info: chromedriver=2.35.528161 (5b82f2d2aae0ca24b877009200ced9065a772e73),platform=Windows NT 6.1.7601 SP1 x86_64) (WARNING: The server did not provide any stacktrace information)
Command duration or timeout: 0 milliseconds
Build info: version: '3.7.1', revision: '8a0099a', time: '2017-11-06T21:07:36.161Z'
System info: host: 'LT0021232', ip: '10.50.88.74', os.name: 'Windows 7', os.arch: 'amd64', os.version: '6.1', java.version: '1.8.0_102'
Driver info: com.kms.katalon.selenium.driver.CChromeDriver
Capabilities {acceptInsecureCerts: false, acceptSslCerts: false, applicationCacheEnabled: false, browserConnectionEnabled: false, browserName: chrome, chrome: {chromedriverVersion: 2.35.528161 (5b82f2d2aae0ca..., userDataDir: C:\Users\ANKUR~1.JAI\AppDat...}, cssSelectorsEnabled: true, databaseEnabled: false, handlesAlerts: true, hasTouchScreen: false, javascriptEnabled: true, locationContextEnabled: true, mobileEmulationEnabled: false, nativeEvents: true, networkConnectionEnabled: false, pageLoadStrategy: normal, platform: XP, platformName: XP, rotatable: false, setWindowRect: true, takesHeapSnapshot: true, takesScreenshot: true, unexpectedAlertBehaviour: , unhandledPromptBehavior: , version: 67.0.3396.99, webStorageEnabled: true}
Session ID: 8d6ce2b92123220ca89a1d007bb4fb33)]]></system-err>
      </testcase>
      <testcase name="Test Cases/Alert Manager Test Cases/Alert Manager_Search Screen/TC33_Validate Advance search through Hashed card pan" classname="Test Cases/Alert Manager Test Cases/Alert Manager_Search Screen/TC33_Validate Advance search through Hashed card pan" status="FAILED">
         <failure type="FAILED" message="Unable to click on object 'Object Repository/TC_24_AM/Done_Button' (Root cause: org.openqa.selenium.WebDriverException: unknown error: Element &lt;button type=&quot;button&quot; class=&quot;ui-datepicker-close ui-state-default ui-priority-primary ui-corner-all&quot; data-handler=&quot;hide&quot; data-event=&quot;click&quot;>...&lt;/button> is not clickable at point (254, 471). Other element would receive the click: &lt;div id=&quot;select2-drop-mask&quot; class=&quot;select2-drop-mask&quot; style=&quot;&quot;>&lt;/div>
  (Session info: chrome=67.0.3396.99)
  (Driver info: chromedriver=2.35.528161 (5b82f2d2aae0ca24b877009200ced9065a772e73),platform=Windows NT 6.1.7601 SP1 x86_64) (WARNING: The server did not provide any stacktrace information)
Command duration or timeout: 0 milliseconds
Build info: version: '3.7.1', revision: '8a0099a', time: '2017-11-06T21:07:36.161Z'
System info: host: 'LT0021232', ip: '10.50.88.74', os.name: 'Windows 7', os.arch: 'amd64', os.version: '6.1', java.version: '1.8.0_102'
Driver info: com.kms.katalon.selenium.driver.CChromeDriver
Capabilities {acceptInsecureCerts: false, acceptSslCerts: false, applicationCacheEnabled: false, browserConnectionEnabled: false, browserName: chrome, chrome: {chromedriverVersion: 2.35.528161 (5b82f2d2aae0ca..., userDataDir: C:\Users\ANKUR~1.JAI\AppDat...}, cssSelectorsEnabled: true, databaseEnabled: false, handlesAlerts: true, hasTouchScreen: false, javascriptEnabled: true, locationContextEnabled: true, mobileEmulationEnabled: false, nativeEvents: true, networkConnectionEnabled: false, pageLoadStrategy: normal, platform: XP, platformName: XP, rotatable: false, setWindowRect: true, takesHeapSnapshot: true, takesScreenshot: true, unexpectedAlertBehaviour: , unhandledPromptBehavior: , version: 67.0.3396.99, webStorageEnabled: true}
Session ID: 8d6ce2b92123220ca89a1d007bb4fb33)"/>
         <system-out><![CDATA[2018-07-05 17:03:13 - [TEST_CASE][FAILED] - Test Cases/Alert Manager Test Cases/Alert Manager_Search Screen/TC33_Validate Advance search through Hashed card pan: Test Cases/Alert Manager Test Cases/Alert Manager_Search Screen/TC33_Validate Advance search through Hashed card pan FAILED because (of) Unable to click on object 'Object Repository/TC_24_AM/Done_Button' (Root cause: org.openqa.selenium.WebDriverException: unknown error: Element <button type="button" class="ui-datepicker-close ui-state-default ui-priority-primary ui-corner-all" data-handler="hide" data-event="click">...</button> is not clickable at point (254, 471). Other element would receive the click: <div id="select2-drop-mask" class="select2-drop-mask" style=""></div>
  (Session info: chrome=67.0.3396.99)
  (Driver info: chromedriver=2.35.528161 (5b82f2d2aae0ca24b877009200ced9065a772e73),platform=Windows NT 6.1.7601 SP1 x86_64) (WARNING: The server did not provide any stacktrace information)
Command duration or timeout: 0 milliseconds
Build info: version: '3.7.1', revision: '8a0099a', time: '2017-11-06T21:07:36.161Z'
System info: host: 'LT0021232', ip: '10.50.88.74', os.name: 'Windows 7', os.arch: 'amd64', os.version: '6.1', java.version: '1.8.0_102'
Driver info: com.kms.katalon.selenium.driver.CChromeDriver
Capabilities {acceptInsecureCerts: false, acceptSslCerts: false, applicationCacheEnabled: false, browserConnectionEnabled: false, browserName: chrome, chrome: {chromedriverVersion: 2.35.528161 (5b82f2d2aae0ca..., userDataDir: C:\Users\ANKUR~1.JAI\AppDat...}, cssSelectorsEnabled: true, databaseEnabled: false, handlesAlerts: true, hasTouchScreen: false, javascriptEnabled: true, locationContextEnabled: true, mobileEmulationEnabled: false, nativeEvents: true, networkConnectionEnabled: false, pageLoadStrategy: normal, platform: XP, platformName: XP, rotatable: false, setWindowRect: true, takesHeapSnapshot: true, takesScreenshot: true, unexpectedAlertBehaviour: , unhandledPromptBehavior: , version: 67.0.3396.99, webStorageEnabled: true}
Session ID: 8d6ce2b92123220ca89a1d007bb4fb33)

2018-07-05 17:03:14 - [TEST_STEP][PASSED] - clearText: Text of object 'Object Repository/TC_24_AM/Date_input' is cleared

2018-07-05 17:03:14 - [MESSAGE][PASSED] - Text of object 'Object Repository/TC_24_AM/Date_input' is cleared

2018-07-05 17:03:14 - [TEST_STEP][FAILED] - click: Unable to click on object 'Object Repository/TC_24_AM/Done_Button' (Root cause: org.openqa.selenium.WebDriverException: unknown error: Element <button type="button" class="ui-datepicker-close ui-state-default ui-priority-primary ui-corner-all" data-handler="hide" data-event="click">...</button> is not clickable at point (254, 471). Other element would receive the click: <div id="select2-drop-mask" class="select2-drop-mask" style=""></div>
  (Session info: chrome=67.0.3396.99)
  (Driver info: chromedriver=2.35.528161 (5b82f2d2aae0ca24b877009200ced9065a772e73),platform=Windows NT 6.1.7601 SP1 x86_64) (WARNING: The server did not provide any stacktrace information)
Command duration or timeout: 0 milliseconds
Build info: version: '3.7.1', revision: '8a0099a', time: '2017-11-06T21:07:36.161Z'
System info: host: 'LT0021232', ip: '10.50.88.74', os.name: 'Windows 7', os.arch: 'amd64', os.version: '6.1', java.version: '1.8.0_102'
Driver info: com.kms.katalon.selenium.driver.CChromeDriver
Capabilities {acceptInsecureCerts: false, acceptSslCerts: false, applicationCacheEnabled: false, browserConnectionEnabled: false, browserName: chrome, chrome: {chromedriverVersion: 2.35.528161 (5b82f2d2aae0ca..., userDataDir: C:\Users\ANKUR~1.JAI\AppDat...}, cssSelectorsEnabled: true, databaseEnabled: false, handlesAlerts: true, hasTouchScreen: false, javascriptEnabled: true, locationContextEnabled: true, mobileEmulationEnabled: false, nativeEvents: true, networkConnectionEnabled: false, pageLoadStrategy: normal, platform: XP, platformName: XP, rotatable: false, setWindowRect: true, takesHeapSnapshot: true, takesScreenshot: true, unexpectedAlertBehaviour: , unhandledPromptBehavior: , version: 67.0.3396.99, webStorageEnabled: true}
Session ID: 8d6ce2b92123220ca89a1d007bb4fb33)

2018-07-05 17:03:15 - [MESSAGE][FAILED] - Unable to click on object 'Object Repository/TC_24_AM/Done_Button' (Root cause: org.openqa.selenium.WebDriverException: unknown error: Element <button type="button" class="ui-datepicker-close ui-state-default ui-priority-primary ui-corner-all" data-handler="hide" data-event="click">...</button> is not clickable at point (254, 471). Other element would receive the click: <div id="select2-drop-mask" class="select2-drop-mask" style=""></div>
  (Session info: chrome=67.0.3396.99)
  (Driver info: chromedriver=2.35.528161 (5b82f2d2aae0ca24b877009200ced9065a772e73),platform=Windows NT 6.1.7601 SP1 x86_64) (WARNING: The server did not provide any stacktrace information)
Command duration or timeout: 0 milliseconds
Build info: version: '3.7.1', revision: '8a0099a', time: '2017-11-06T21:07:36.161Z'
System info: host: 'LT0021232', ip: '10.50.88.74', os.name: 'Windows 7', os.arch: 'amd64', os.version: '6.1', java.version: '1.8.0_102'
Driver info: com.kms.katalon.selenium.driver.CChromeDriver
Capabilities {acceptInsecureCerts: false, acceptSslCerts: false, applicationCacheEnabled: false, browserConnectionEnabled: false, browserName: chrome, chrome: {chromedriverVersion: 2.35.528161 (5b82f2d2aae0ca..., userDataDir: C:\Users\ANKUR~1.JAI\AppDat...}, cssSelectorsEnabled: true, databaseEnabled: false, handlesAlerts: true, hasTouchScreen: false, javascriptEnabled: true, locationContextEnabled: true, mobileEmulationEnabled: false, nativeEvents: true, networkConnectionEnabled: false, pageLoadStrategy: normal, platform: XP, platformName: XP, rotatable: false, setWindowRect: true, takesHeapSnapshot: true, takesScreenshot: true, unexpectedAlertBehaviour: , unhandledPromptBehavior: , version: 67.0.3396.99, webStorageEnabled: true}
Session ID: 8d6ce2b92123220ca89a1d007bb4fb33)
[[ATTACHMENT|C:\\Users\\ankur.jain\\Katalon Studio\\Feedzai_Automation\\Reports\\New Suite\\20180705_165640\\1530790394563.png]]]]></system-out>
         <system-err><![CDATA[2018-07-05 17:03:13 - [TEST_CASE][FAILED] - Test Cases/Alert Manager Test Cases/Alert Manager_Search Screen/TC33_Validate Advance search through Hashed card pan: Test Cases/Alert Manager Test Cases/Alert Manager_Search Screen/TC33_Validate Advance search through Hashed card pan FAILED because (of) Unable to click on object 'Object Repository/TC_24_AM/Done_Button' (Root cause: org.openqa.selenium.WebDriverException: unknown error: Element <button type="button" class="ui-datepicker-close ui-state-default ui-priority-primary ui-corner-all" data-handler="hide" data-event="click">...</button> is not clickable at point (254, 471). Other element would receive the click: <div id="select2-drop-mask" class="select2-drop-mask" style=""></div>
  (Session info: chrome=67.0.3396.99)
  (Driver info: chromedriver=2.35.528161 (5b82f2d2aae0ca24b877009200ced9065a772e73),platform=Windows NT 6.1.7601 SP1 x86_64) (WARNING: The server did not provide any stacktrace information)
Command duration or timeout: 0 milliseconds
Build info: version: '3.7.1', revision: '8a0099a', time: '2017-11-06T21:07:36.161Z'
System info: host: 'LT0021232', ip: '10.50.88.74', os.name: 'Windows 7', os.arch: 'amd64', os.version: '6.1', java.version: '1.8.0_102'
Driver info: com.kms.katalon.selenium.driver.CChromeDriver
Capabilities {acceptInsecureCerts: false, acceptSslCerts: false, applicationCacheEnabled: false, browserConnectionEnabled: false, browserName: chrome, chrome: {chromedriverVersion: 2.35.528161 (5b82f2d2aae0ca..., userDataDir: C:\Users\ANKUR~1.JAI\AppDat...}, cssSelectorsEnabled: true, databaseEnabled: false, handlesAlerts: true, hasTouchScreen: false, javascriptEnabled: true, locationContextEnabled: true, mobileEmulationEnabled: false, nativeEvents: true, networkConnectionEnabled: false, pageLoadStrategy: normal, platform: XP, platformName: XP, rotatable: false, setWindowRect: true, takesHeapSnapshot: true, takesScreenshot: true, unexpectedAlertBehaviour: , unhandledPromptBehavior: , version: 67.0.3396.99, webStorageEnabled: true}
Session ID: 8d6ce2b92123220ca89a1d007bb4fb33)]]></system-err>
      </testcase>
      <system-out><![CDATA[2018-07-05 16:56:49 - [TEST_SUITE][FAILED] - New Suite: Test Cases/Alert Manager Test Cases/Alert Manager_Search Screen/TC28_Validate Advance search through customer phone number FAILED because (of) Unable to click on object 'Object Repository/TC_24_AM/Done_Button' (Root cause: com.kms.katalon.core.webui.exception.WebElementNotFoundException: Web element with id: 'Object Repository/TC_24_AM/Done_Button' located by 'By.xpath: //button[@type='button'][contains(text(),'Done')]' not found)]]></system-out>
      <system-err><![CDATA[2018-07-05 16:56:49 - [TEST_SUITE][FAILED] - New Suite: Test Cases/Alert Manager Test Cases/Alert Manager_Search Screen/TC28_Validate Advance search through customer phone number FAILED because (of) Unable to click on object 'Object Repository/TC_24_AM/Done_Button' (Root cause: com.kms.katalon.core.webui.exception.WebElementNotFoundException: Web element with id: 'Object Repository/TC_24_AM/Done_Button' located by 'By.xpath: //button[@type='button'][contains(text(),'Done')]' not found)]]></system-err>
   </testsuite>
</testsuites>
