<?xml version="1.0" encoding="UTF-8"?>
<testsuites name="AM_Test Suite" time="1243" tests="29" failures="5" errors="0">
   <testsuite name="AM_Test Suite" tests="29" failures="5" errors="0" time="1243" timestamp="2018-07-06 14:16:46" hostname="Ankur.Jain - LT0021232.in.ril.com" id="Test Suites/AM_Test Suite">
      <properties>
         <property name="deviceName" value=""/>
         <property name="devicePlatform" value=""/>
         <property name="logFolder" value="C:\\Users\\ankur.jain\\Katalon Studio\\Feedzai_Automation\\Reports\\AM_Test Suite\\20180706_141638"/>
         <property name="logFiles" value="C:\\Users\\ankur.jain\\Katalon Studio\\Feedzai_Automation\\Reports\\AM_Test Suite\\20180706_141638\\execution0.log"/>
         <property name="attachments" value="C:\\Users\\ankur.jain\\Katalon Studio\\Feedzai_Automation\\Reports\\AM_Test Suite\\20180706_141638\\1530866866176.png, C:\\Users\\ankur.jain\\Katalon Studio\\Feedzai_Automation\\Reports\\AM_Test Suite\\20180706_141638\\1530866878350.png, C:\\Users\\ankur.jain\\Katalon Studio\\Feedzai_Automation\\Reports\\AM_Test Suite\\20180706_141638\\1530866913171.png, C:\\Users\\ankur.jain\\Katalon Studio\\Feedzai_Automation\\Reports\\AM_Test Suite\\20180706_141638\\1530866948275.png, C:\\Users\\ankur.jain\\Katalon Studio\\Feedzai_Automation\\Reports\\AM_Test Suite\\20180706_141638\\1530866948861.png, C:\\Users\\ankur.jain\\Katalon Studio\\Feedzai_Automation\\Reports\\AM_Test Suite\\20180706_141638\\1530866968794.png, C:\\Users\\ankur.jain\\Katalon Studio\\Feedzai_Automation\\Reports\\AM_Test Suite\\20180706_141638\\1530866989607.png, C:\\Users\\ankur.jain\\Katalon Studio\\Feedzai_Automation\\Reports\\AM_Test Suite\\20180706_141638\\1530867035646.png, C:\\Users\\ankur.jain\\Katalon Studio\\Feedzai_Automation\\Reports\\AM_Test Suite\\20180706_141638\\1530867052231.png, C:\\Users\\ankur.jain\\Katalon Studio\\Feedzai_Automation\\Reports\\AM_Test Suite\\20180706_141638\\1530867076372.png, C:\\Users\\ankur.jain\\Katalon Studio\\Feedzai_Automation\\Reports\\AM_Test Suite\\20180706_141638\\1530867118645.png, C:\\Users\\ankur.jain\\Katalon Studio\\Feedzai_Automation\\Reports\\AM_Test Suite\\20180706_141638\\1530867152142.png, C:\\Users\\ankur.jain\\Katalon Studio\\Feedzai_Automation\\Reports\\AM_Test Suite\\20180706_141638\\1530867161822.png, C:\\Users\\ankur.jain\\Katalon Studio\\Feedzai_Automation\\Reports\\AM_Test Suite\\20180706_141638\\1530867170954.png, C:\\Users\\ankur.jain\\Katalon Studio\\Feedzai_Automation\\Reports\\AM_Test Suite\\20180706_141638\\1530867192166.png, C:\\Users\\ankur.jain\\Katalon Studio\\Feedzai_Automation\\Reports\\AM_Test Suite\\20180706_141638\\1530867195866.png, C:\\Users\\ankur.jain\\Katalon Studio\\Feedzai_Automation\\Reports\\AM_Test Suite\\20180706_141638\\1530867209234.png, C:\\Users\\ankur.jain\\Katalon Studio\\Feedzai_Automation\\Reports\\AM_Test Suite\\20180706_141638\\1530867262053.png, C:\\Users\\ankur.jain\\Katalon Studio\\Feedzai_Automation\\Reports\\AM_Test Suite\\20180706_141638\\1530867308479.png, C:\\Users\\ankur.jain\\Katalon Studio\\Feedzai_Automation\\Reports\\AM_Test Suite\\20180706_141638\\1530867363201.png, C:\\Users\\ankur.jain\\Katalon Studio\\Feedzai_Automation\\Reports\\AM_Test Suite\\20180706_141638\\1530867390343.png, C:\\Users\\ankur.jain\\Katalon Studio\\Feedzai_Automation\\Reports\\AM_Test Suite\\20180706_141638\\1530867432651.png, C:\\Users\\ankur.jain\\Katalon Studio\\Feedzai_Automation\\Reports\\AM_Test Suite\\20180706_141638\\1530867459207.png, C:\\Users\\ankur.jain\\Katalon Studio\\Feedzai_Automation\\Reports\\AM_Test Suite\\20180706_141638\\1530867483660.png, C:\\Users\\ankur.jain\\Katalon Studio\\Feedzai_Automation\\Reports\\AM_Test Suite\\20180706_141638\\1530867513584.png, C:\\Users\\ankur.jain\\Katalon Studio\\Feedzai_Automation\\Reports\\AM_Test Suite\\20180706_141638\\1530867549860.png, C:\\Users\\ankur.jain\\Katalon Studio\\Feedzai_Automation\\Reports\\AM_Test Suite\\20180706_141638\\1530867565180.png, C:\\Users\\ankur.jain\\Katalon Studio\\Feedzai_Automation\\Reports\\AM_Test Suite\\20180706_141638\\1530867568253.png, C:\\Users\\ankur.jain\\Katalon Studio\\Feedzai_Automation\\Reports\\AM_Test Suite\\20180706_141638\\1530867570905.png, C:\\Users\\ankur.jain\\Katalon Studio\\Feedzai_Automation\\Reports\\AM_Test Suite\\20180706_141638\\1530867571628.png, C:\\Users\\ankur.jain\\Katalon Studio\\Feedzai_Automation\\Reports\\AM_Test Suite\\20180706_141638\\1530867574244.png, C:\\Users\\ankur.jain\\Katalon Studio\\Feedzai_Automation\\Reports\\AM_Test Suite\\20180706_141638\\1530867576916.png, C:\\Users\\ankur.jain\\Katalon Studio\\Feedzai_Automation\\Reports\\AM_Test Suite\\20180706_141638\\1530867610581.png, C:\\Users\\ankur.jain\\Katalon Studio\\Feedzai_Automation\\Reports\\AM_Test Suite\\20180706_141638\\1530867611036.png, C:\\Users\\ankur.jain\\Katalon Studio\\Feedzai_Automation\\Reports\\AM_Test Suite\\20180706_141638\\1530867644931.png, C:\\Users\\ankur.jain\\Katalon Studio\\Feedzai_Automation\\Reports\\AM_Test Suite\\20180706_141638\\1530867680456.png, C:\\Users\\ankur.jain\\Katalon Studio\\Feedzai_Automation\\Reports\\AM_Test Suite\\20180706_141638\\1530867727636.png, C:\\Users\\ankur.jain\\Katalon Studio\\Feedzai_Automation\\Reports\\AM_Test Suite\\20180706_141638\\1530867764154.png, C:\\Users\\ankur.jain\\Katalon Studio\\Feedzai_Automation\\Reports\\AM_Test Suite\\20180706_141638\\1530867800814.png, C:\\Users\\ankur.jain\\Katalon Studio\\Feedzai_Automation\\Reports\\AM_Test Suite\\20180706_141638\\1530867835974.png"/>
         <property name="hostName" value="Ankur.Jain - LT0021232.in.ril.com"/>
         <property name="os" value="Windows 7 64bit"/>
         <property name="katalonVersion" value="5.4.2.1"/>
         <property name="browser" value="Chrome 67.0.3396.99"/>
         <property name="hostAddress" value="10.50.88.74"/>
         <property name="sessionId" value="2388917da7ad1787e5a3aac76b1a6a1e"/>
         <property name="seleniumVersion" value="3.7.1"/>
         <property name="proxyInformation" value="ProxyInformation{proxyOption=NO_PROXY, proxyServerType=HTTP, password=, proxyServerAddress=, proxyServerPort=0}"/>
         <property name="platform" value="Windows 7"/>
      </properties>
      <testcase name="Test Cases/Alert Manager Test Cases/Alert Manager_Login" classname="Test Cases/Alert Manager Test Cases/Alert Manager_Login" status="PASSED">
         <system-out><![CDATA[2018-07-06 14:16:47 - [TEST_CASE][PASSED] - Test Cases/Alert Manager Test Cases/Alert Manager_Login: Test Cases/Alert Manager Test Cases/Alert Manager_Login

2018-07-06 14:16:48 - [TEST_STEP][PASSED] - openBrowser: Browser is opened with url: ''

2018-07-06 14:17:02 - [MESSAGE][PASSED] - Browser is opened with url: ''

2018-07-06 14:17:02 - [TEST_STEP][PASSED] - maximizeWindow: Current window maximized

2018-07-06 14:17:03 - [MESSAGE][PASSED] - Current window maximized

2018-07-06 14:17:03 - [TEST_STEP][PASSED] - navigateToUrl: Navigate to 'https://10.130.236.51/#login' successfully

2018-07-06 14:17:07 - [MESSAGE][PASSED] - Navigate to 'https://10.130.236.51/#login' successfully

2018-07-06 14:17:07 - [TEST_STEP][PASSED] - delay: Delayed 20 second(s)

2018-07-06 14:17:27 - [MESSAGE][PASSED] - Delayed 20 second(s)

2018-07-06 14:17:27 - [TEST_STEP][PASSED] - setText: Text 'Ankur.Jain' is set on object 'Object Repository/TC_01-03_AM/input'

2018-07-06 14:17:28 - [MESSAGE][PASSED] - Text 'Ankur.Jain' is set on object 'Object Repository/TC_01-03_AM/input'

2018-07-06 14:17:28 - [TEST_STEP][PASSED] - setText: Text 'Word03Pass' is set on object 'Object Repository/TC_01-03_AM/input_1'

2018-07-06 14:17:28 - [MESSAGE][PASSED] - Text 'Word03Pass' is set on object 'Object Repository/TC_01-03_AM/input_1'

2018-07-06 14:17:28 - [TEST_STEP][PASSED] - click: Object: 'Object Repository/TC_01-03_AM/button_Sign In' is clicked on

2018-07-06 14:17:29 - [MESSAGE][PASSED] - Object: 'Object Repository/TC_01-03_AM/button_Sign In' is clicked on

2018-07-06 14:17:29 - [TEST_STEP][PASSED] - delay: Delayed 2 second(s)

2018-07-06 14:17:31 - [MESSAGE][PASSED] - Delayed 2 second(s)

2018-07-06 14:17:31 - [TEST_STEP][PASSED] - comment: Alert Manager Login Sucesfully]]></system-out>
         <system-err><![CDATA[]]></system-err>
      </testcase>
      <testcase name="Test Cases/Alert Manager Test Cases/Alert Manager_View Alert/TC01_Mark Alert Not Fraud" classname="Test Cases/Alert Manager Test Cases/Alert Manager_View Alert/TC01_Mark Alert Not Fraud" status="PASSED">
         <system-out><![CDATA[2018-07-06 14:17:31 - [TEST_CASE][PASSED] - Test Cases/Alert Manager Test Cases/Alert Manager_View Alert/TC01_Mark Alert Not Fraud: Test Cases/Alert Manager Test Cases/Alert Manager_View Alert/TC01_Mark Alert Not Fraud

2018-07-06 14:17:31 - [TEST_STEP][PASSED] - click: Object: 'Object Repository/TC_01-03_AM/a_Merchant' is clicked on

2018-07-06 14:17:32 - [MESSAGE][PASSED] - Object: 'Object Repository/TC_01-03_AM/a_Merchant' is clicked on

2018-07-06 14:17:32 - [TEST_STEP][PASSED] - click: Object: 'Object Repository/TC_01-03_AM/a_Alerts' is clicked on

2018-07-06 14:17:32 - [MESSAGE][PASSED] - Object: 'Object Repository/TC_01-03_AM/a_Alerts' is clicked on

2018-07-06 14:17:32 - [TEST_STEP][PASSED] - click: Object: 'Object Repository/TC_01-03_AM/i_glyphicon glyphicon-ok' is clicked on

2018-07-06 14:17:44 - [MESSAGE][PASSED] - Object: 'Object Repository/TC_01-03_AM/i_glyphicon glyphicon-ok' is clicked on

2018-07-06 14:17:44 - [TEST_STEP][PASSED] - setText: Text 'Not Fraud' is set on object 'Object Repository/TC_01-03_AM/textarea_observation'

2018-07-06 14:17:45 - [MESSAGE][PASSED] - Text 'Not Fraud' is set on object 'Object Repository/TC_01-03_AM/textarea_observation'

2018-07-06 14:17:45 - [TEST_STEP][PASSED] - click: Object: 'Object Repository/TC_01-03_AM/button_Not Fraud' is clicked on

2018-07-06 14:17:46 - [MESSAGE][PASSED] - Object: 'Object Repository/TC_01-03_AM/button_Not Fraud' is clicked on

2018-07-06 14:17:46 - [TEST_STEP][PASSED] - comment: Alert is Marked as Not Fraud

2018-07-06 14:17:46 - [TEST_STEP][PASSED] - takeScreenshot: Taking screenshot successfully

2018-07-06 14:17:47 - [MESSAGE][PASSED] - Taking screenshot successfully
[[ATTACHMENT|C:\\Users\\ankur.jain\\Katalon Studio\\Feedzai_Automation\\Reports\\AM_Test Suite\\20180706_141638\\1530866866176.png]]

2018-07-06 14:17:47 - [TEST_STEP][PASSED] - delay: Delayed 10 second(s)

2018-07-06 14:17:57 - [MESSAGE][PASSED] - Delayed 10 second(s)]]></system-out>
         <system-err><![CDATA[]]></system-err>
      </testcase>
      <testcase name="Test Cases/Alert Manager Test Cases/Alert Manager_View Alert/TC02_Mark Alert Fraud" classname="Test Cases/Alert Manager Test Cases/Alert Manager_View Alert/TC02_Mark Alert Fraud" status="FAILED">
         <failure type="FAILED" message="Unable to click on object 'Object Repository/TC_01-03_AM/i_glyphicon glyphicon-remove' (Root cause: org.openqa.selenium.StaleElementReferenceException: stale element reference: element is not attached to the page document
  (Session info: chrome=67.0.3396.99)
  (Driver info: chromedriver=2.35.528161 (5b82f2d2aae0ca24b877009200ced9065a772e73),platform=Windows NT 6.1.7601 SP1 x86_64) (WARNING: The server did not provide any stacktrace information)
Command duration or timeout: 0 milliseconds
For documentation on this error, please visit: http://seleniumhq.org/exceptions/stale_element_reference.html
Build info: version: '3.7.1', revision: '8a0099a', time: '2017-11-06T21:07:36.161Z'
System info: host: 'LT0021232', ip: '10.50.88.74', os.name: 'Windows 7', os.arch: 'amd64', os.version: '6.1', java.version: '1.8.0_102'
Driver info: com.kms.katalon.selenium.driver.CChromeDriver
Capabilities {acceptInsecureCerts: false, acceptSslCerts: false, applicationCacheEnabled: false, browserConnectionEnabled: false, browserName: chrome, chrome: {chromedriverVersion: 2.35.528161 (5b82f2d2aae0ca..., userDataDir: C:\Users\ANKUR~1.JAI\AppDat...}, cssSelectorsEnabled: true, databaseEnabled: false, handlesAlerts: true, hasTouchScreen: false, javascriptEnabled: true, locationContextEnabled: true, mobileEmulationEnabled: false, nativeEvents: true, networkConnectionEnabled: false, pageLoadStrategy: normal, platform: XP, platformName: XP, rotatable: false, setWindowRect: true, takesHeapSnapshot: true, takesScreenshot: true, unexpectedAlertBehaviour: , unhandledPromptBehavior: , version: 67.0.3396.99, webStorageEnabled: true}
Session ID: 2388917da7ad1787e5a3aac76b1a6a1e)"/>
         <system-out><![CDATA[2018-07-06 14:17:57 - [TEST_CASE][FAILED] - Test Cases/Alert Manager Test Cases/Alert Manager_View Alert/TC02_Mark Alert Fraud: Test Cases/Alert Manager Test Cases/Alert Manager_View Alert/TC02_Mark Alert Fraud FAILED because (of) Unable to click on object 'Object Repository/TC_01-03_AM/i_glyphicon glyphicon-remove' (Root cause: org.openqa.selenium.StaleElementReferenceException: stale element reference: element is not attached to the page document
  (Session info: chrome=67.0.3396.99)
  (Driver info: chromedriver=2.35.528161 (5b82f2d2aae0ca24b877009200ced9065a772e73),platform=Windows NT 6.1.7601 SP1 x86_64) (WARNING: The server did not provide any stacktrace information)
Command duration or timeout: 0 milliseconds
For documentation on this error, please visit: http://seleniumhq.org/exceptions/stale_element_reference.html
Build info: version: '3.7.1', revision: '8a0099a', time: '2017-11-06T21:07:36.161Z'
System info: host: 'LT0021232', ip: '10.50.88.74', os.name: 'Windows 7', os.arch: 'amd64', os.version: '6.1', java.version: '1.8.0_102'
Driver info: com.kms.katalon.selenium.driver.CChromeDriver
Capabilities {acceptInsecureCerts: false, acceptSslCerts: false, applicationCacheEnabled: false, browserConnectionEnabled: false, browserName: chrome, chrome: {chromedriverVersion: 2.35.528161 (5b82f2d2aae0ca..., userDataDir: C:\Users\ANKUR~1.JAI\AppDat...}, cssSelectorsEnabled: true, databaseEnabled: false, handlesAlerts: true, hasTouchScreen: false, javascriptEnabled: true, locationContextEnabled: true, mobileEmulationEnabled: false, nativeEvents: true, networkConnectionEnabled: false, pageLoadStrategy: normal, platform: XP, platformName: XP, rotatable: false, setWindowRect: true, takesHeapSnapshot: true, takesScreenshot: true, unexpectedAlertBehaviour: , unhandledPromptBehavior: , version: 67.0.3396.99, webStorageEnabled: true}
Session ID: 2388917da7ad1787e5a3aac76b1a6a1e)

2018-07-06 14:17:57 - [TEST_STEP][FAILED] - click: Unable to click on object 'Object Repository/TC_01-03_AM/i_glyphicon glyphicon-remove' (Root cause: org.openqa.selenium.StaleElementReferenceException: stale element reference: element is not attached to the page document
  (Session info: chrome=67.0.3396.99)
  (Driver info: chromedriver=2.35.528161 (5b82f2d2aae0ca24b877009200ced9065a772e73),platform=Windows NT 6.1.7601 SP1 x86_64) (WARNING: The server did not provide any stacktrace information)
Command duration or timeout: 0 milliseconds
For documentation on this error, please visit: http://seleniumhq.org/exceptions/stale_element_reference.html
Build info: version: '3.7.1', revision: '8a0099a', time: '2017-11-06T21:07:36.161Z'
System info: host: 'LT0021232', ip: '10.50.88.74', os.name: 'Windows 7', os.arch: 'amd64', os.version: '6.1', java.version: '1.8.0_102'
Driver info: com.kms.katalon.selenium.driver.CChromeDriver
Capabilities {acceptInsecureCerts: false, acceptSslCerts: false, applicationCacheEnabled: false, browserConnectionEnabled: false, browserName: chrome, chrome: {chromedriverVersion: 2.35.528161 (5b82f2d2aae0ca..., userDataDir: C:\Users\ANKUR~1.JAI\AppDat...}, cssSelectorsEnabled: true, databaseEnabled: false, handlesAlerts: true, hasTouchScreen: false, javascriptEnabled: true, locationContextEnabled: true, mobileEmulationEnabled: false, nativeEvents: true, networkConnectionEnabled: false, pageLoadStrategy: normal, platform: XP, platformName: XP, rotatable: false, setWindowRect: true, takesHeapSnapshot: true, takesScreenshot: true, unexpectedAlertBehaviour: , unhandledPromptBehavior: , version: 67.0.3396.99, webStorageEnabled: true}
Session ID: 2388917da7ad1787e5a3aac76b1a6a1e)

2018-07-06 14:17:58 - [MESSAGE][FAILED] - Unable to click on object 'Object Repository/TC_01-03_AM/i_glyphicon glyphicon-remove' (Root cause: org.openqa.selenium.StaleElementReferenceException: stale element reference: element is not attached to the page document
  (Session info: chrome=67.0.3396.99)
  (Driver info: chromedriver=2.35.528161 (5b82f2d2aae0ca24b877009200ced9065a772e73),platform=Windows NT 6.1.7601 SP1 x86_64) (WARNING: The server did not provide any stacktrace information)
Command duration or timeout: 0 milliseconds
For documentation on this error, please visit: http://seleniumhq.org/exceptions/stale_element_reference.html
Build info: version: '3.7.1', revision: '8a0099a', time: '2017-11-06T21:07:36.161Z'
System info: host: 'LT0021232', ip: '10.50.88.74', os.name: 'Windows 7', os.arch: 'amd64', os.version: '6.1', java.version: '1.8.0_102'
Driver info: com.kms.katalon.selenium.driver.CChromeDriver
Capabilities {acceptInsecureCerts: false, acceptSslCerts: false, applicationCacheEnabled: false, browserConnectionEnabled: false, browserName: chrome, chrome: {chromedriverVersion: 2.35.528161 (5b82f2d2aae0ca..., userDataDir: C:\Users\ANKUR~1.JAI\AppDat...}, cssSelectorsEnabled: true, databaseEnabled: false, handlesAlerts: true, hasTouchScreen: false, javascriptEnabled: true, locationContextEnabled: true, mobileEmulationEnabled: false, nativeEvents: true, networkConnectionEnabled: false, pageLoadStrategy: normal, platform: XP, platformName: XP, rotatable: false, setWindowRect: true, takesHeapSnapshot: true, takesScreenshot: true, unexpectedAlertBehaviour: , unhandledPromptBehavior: , version: 67.0.3396.99, webStorageEnabled: true}
Session ID: 2388917da7ad1787e5a3aac76b1a6a1e)
[[ATTACHMENT|C:\\Users\\ankur.jain\\Katalon Studio\\Feedzai_Automation\\Reports\\AM_Test Suite\\20180706_141638\\1530866878350.png]]

2018-07-06 14:17:58 - [TEST_STEP][FAILED] - setText: Unable to set text 'fraud' of object 'Object Repository/TC_01-03_AM/textarea_observation' (Root cause: com.kms.katalon.core.webui.exception.WebElementNotFoundException: Web element with id: 'Object Repository/TC_01-03_AM/textarea_observation' located by 'By.xpath: /html[1]/body[@class="modal-open"]/div[@class="modal fade fdz-js-alerts-modal-box in"]/div[@class="modal-dialog"]/div[@class="modal-content"]/div[@class="modal-body"]/div[@class="form-group fdz-js-observation-field"]/textarea[@class="form-control"][count(. | //textarea[@name = 'observation' and @placeholder = 'Enter observation.']) = count(//textarea[@name = 'observation' and @placeholder = 'Enter observation.'])]' not found)

2018-07-06 14:18:33 - [MESSAGE][FAILED] - Unable to set text 'fraud' of object 'Object Repository/TC_01-03_AM/textarea_observation' (Root cause: com.kms.katalon.core.webui.exception.WebElementNotFoundException: Web element with id: 'Object Repository/TC_01-03_AM/textarea_observation' located by 'By.xpath: /html[1]/body[@class="modal-open"]/div[@class="modal fade fdz-js-alerts-modal-box in"]/div[@class="modal-dialog"]/div[@class="modal-content"]/div[@class="modal-body"]/div[@class="form-group fdz-js-observation-field"]/textarea[@class="form-control"][count(. | //textarea[@name = 'observation' and @placeholder = 'Enter observation.']) = count(//textarea[@name = 'observation' and @placeholder = 'Enter observation.'])]' not found)
[[ATTACHMENT|C:\\Users\\ankur.jain\\Katalon Studio\\Feedzai_Automation\\Reports\\AM_Test Suite\\20180706_141638\\1530866913171.png]]

2018-07-06 14:18:33 - [TEST_STEP][FAILED] - click: Unable to click on object 'Object Repository/TC_01-03_AM/button_Fraud' (Root cause: com.kms.katalon.core.webui.exception.WebElementNotFoundException: Web element with id: 'Object Repository/TC_01-03_AM/button_Fraud' located by 'By.xpath: //button[@type = 'button' and (text() = 'Fraud' or . = 'Fraud')]' not found)

2018-07-06 14:19:08 - [MESSAGE][FAILED] - Unable to click on object 'Object Repository/TC_01-03_AM/button_Fraud' (Root cause: com.kms.katalon.core.webui.exception.WebElementNotFoundException: Web element with id: 'Object Repository/TC_01-03_AM/button_Fraud' located by 'By.xpath: //button[@type = 'button' and (text() = 'Fraud' or . = 'Fraud')]' not found)
[[ATTACHMENT|C:\\Users\\ankur.jain\\Katalon Studio\\Feedzai_Automation\\Reports\\AM_Test Suite\\20180706_141638\\1530866948275.png]]

2018-07-06 14:19:08 - [TEST_STEP][PASSED] - Statement - Fraud = com.kms.katalon.core.webui.keyword.WebUiBuiltInKeywords.takeScreenshot(): Taking screenshot successfully

2018-07-06 14:19:09 - [MESSAGE][PASSED] - Taking screenshot successfully
[[ATTACHMENT|C:\\Users\\ankur.jain\\Katalon Studio\\Feedzai_Automation\\Reports\\AM_Test Suite\\20180706_141638\\1530866948861.png]]

2018-07-06 14:19:09 - [TEST_STEP][PASSED] - comment: Alert Marked as Fraud

2018-07-06 14:19:09 - [TEST_STEP][PASSED] - delay: Delayed 10 second(s)

2018-07-06 14:19:19 - [MESSAGE][PASSED] - Delayed 10 second(s)]]></system-out>
         <system-err><![CDATA[2018-07-06 14:17:57 - [TEST_CASE][FAILED] - Test Cases/Alert Manager Test Cases/Alert Manager_View Alert/TC02_Mark Alert Fraud: Test Cases/Alert Manager Test Cases/Alert Manager_View Alert/TC02_Mark Alert Fraud FAILED because (of) Unable to click on object 'Object Repository/TC_01-03_AM/i_glyphicon glyphicon-remove' (Root cause: org.openqa.selenium.StaleElementReferenceException: stale element reference: element is not attached to the page document
  (Session info: chrome=67.0.3396.99)
  (Driver info: chromedriver=2.35.528161 (5b82f2d2aae0ca24b877009200ced9065a772e73),platform=Windows NT 6.1.7601 SP1 x86_64) (WARNING: The server did not provide any stacktrace information)
Command duration or timeout: 0 milliseconds
For documentation on this error, please visit: http://seleniumhq.org/exceptions/stale_element_reference.html
Build info: version: '3.7.1', revision: '8a0099a', time: '2017-11-06T21:07:36.161Z'
System info: host: 'LT0021232', ip: '10.50.88.74', os.name: 'Windows 7', os.arch: 'amd64', os.version: '6.1', java.version: '1.8.0_102'
Driver info: com.kms.katalon.selenium.driver.CChromeDriver
Capabilities {acceptInsecureCerts: false, acceptSslCerts: false, applicationCacheEnabled: false, browserConnectionEnabled: false, browserName: chrome, chrome: {chromedriverVersion: 2.35.528161 (5b82f2d2aae0ca..., userDataDir: C:\Users\ANKUR~1.JAI\AppDat...}, cssSelectorsEnabled: true, databaseEnabled: false, handlesAlerts: true, hasTouchScreen: false, javascriptEnabled: true, locationContextEnabled: true, mobileEmulationEnabled: false, nativeEvents: true, networkConnectionEnabled: false, pageLoadStrategy: normal, platform: XP, platformName: XP, rotatable: false, setWindowRect: true, takesHeapSnapshot: true, takesScreenshot: true, unexpectedAlertBehaviour: , unhandledPromptBehavior: , version: 67.0.3396.99, webStorageEnabled: true}
Session ID: 2388917da7ad1787e5a3aac76b1a6a1e)]]></system-err>
      </testcase>
      <testcase name="Test Cases/Alert Manager Test Cases/Alert Manager_View Alert/TC03_Mark Alert Suspicious" classname="Test Cases/Alert Manager Test Cases/Alert Manager_View Alert/TC03_Mark Alert Suspicious" status="PASSED">
         <system-out><![CDATA[2018-07-06 14:19:19 - [TEST_CASE][PASSED] - Test Cases/Alert Manager Test Cases/Alert Manager_View Alert/TC03_Mark Alert Suspicious: Test Cases/Alert Manager Test Cases/Alert Manager_View Alert/TC03_Mark Alert Suspicious

2018-07-06 14:19:20 - [TEST_STEP][PASSED] - click: Object: 'Object Repository/TC_01-03_AM/i_glyphicon glyphicon-fire' is clicked on

2018-07-06 14:19:20 - [MESSAGE][PASSED] - Object: 'Object Repository/TC_01-03_AM/i_glyphicon glyphicon-fire' is clicked on

2018-07-06 14:19:20 - [TEST_STEP][PASSED] - setText: Text 'suspious' is set on object 'Object Repository/TC_01-03_AM/textarea_observation'

2018-07-06 14:19:21 - [MESSAGE][PASSED] - Text 'suspious' is set on object 'Object Repository/TC_01-03_AM/textarea_observation'

2018-07-06 14:19:21 - [TEST_STEP][PASSED] - delay: Delayed 3 second(s)

2018-07-06 14:19:24 - [MESSAGE][PASSED] - Delayed 3 second(s)

2018-07-06 14:19:24 - [TEST_STEP][PASSED] - click: Object: 'Object Repository/TC_04_Pulse/div_select2-drop-mask' is clicked on

2018-07-06 14:19:24 - [MESSAGE][PASSED] - Object: 'Object Repository/TC_04_Pulse/div_select2-drop-mask' is clicked on

2018-07-06 14:19:24 - [TEST_STEP][PASSED] - setText: Text 'Testing' is set on object 'Object Repository/TC_04_Pulse/Obj1'

2018-07-06 14:19:25 - [MESSAGE][PASSED] - Text 'Testing' is set on object 'Object Repository/TC_04_Pulse/Obj1'

2018-07-06 14:19:25 - [TEST_STEP][PASSED] - delay: Delayed 3 second(s)

2018-07-06 14:19:28 - [MESSAGE][PASSED] - Delayed 3 second(s)

2018-07-06 14:19:28 - [TEST_STEP][PASSED] - sendKeys: Keys 'ENTER + ' sent to object: 'Object Repository/TC_04_Pulse/Obj1'

2018-07-06 14:19:28 - [MESSAGE][PASSED] - Keys 'ENTER + ' sent to object: 'Object Repository/TC_04_Pulse/Obj1'

2018-07-06 14:19:28 - [TEST_STEP][PASSED] - click: Object: 'Object Repository/TC_04_Pulse/button_Suspicious' is clicked on

2018-07-06 14:19:28 - [MESSAGE][PASSED] - Object: 'Object Repository/TC_04_Pulse/button_Suspicious' is clicked on

2018-07-06 14:19:28 - [TEST_STEP][PASSED] - Statement - Alert_Suspious = com.kms.katalon.core.webui.keyword.WebUiBuiltInKeywords.takeScreenshot(): Taking screenshot successfully

2018-07-06 14:19:29 - [MESSAGE][PASSED] - Taking screenshot successfully
[[ATTACHMENT|C:\\Users\\ankur.jain\\Katalon Studio\\Feedzai_Automation\\Reports\\AM_Test Suite\\20180706_141638\\1530866968794.png]]

2018-07-06 14:19:29 - [TEST_STEP][PASSED] - comment: Alert Marked as Suspious

2018-07-06 14:19:29 - [TEST_STEP][PASSED] - delay: Delayed 3 second(s)

2018-07-06 14:19:32 - [MESSAGE][PASSED] - Delayed 3 second(s)]]></system-out>
         <system-err><![CDATA[]]></system-err>
      </testcase>
      <testcase name="Test Cases/Alert Manager Test Cases/Alert Manager_View Trans Details/TC05_MARK Transaction  FRAUD" classname="Test Cases/Alert Manager Test Cases/Alert Manager_View Trans Details/TC05_MARK Transaction  FRAUD" status="PASSED">
         <system-out><![CDATA[2018-07-06 14:19:32 - [TEST_CASE][PASSED] - Test Cases/Alert Manager Test Cases/Alert Manager_View Trans Details/TC05_MARK Transaction  FRAUD: Test Cases/Alert Manager Test Cases/Alert Manager_View Trans Details/TC05_MARK Transaction  FRAUD

2018-07-06 14:19:33 - [TEST_STEP][PASSED] - click: Object: 'Object Repository/TC05-07_AM/a_Merchant' is clicked on

2018-07-06 14:19:33 - [MESSAGE][PASSED] - Object: 'Object Repository/TC05-07_AM/a_Merchant' is clicked on

2018-07-06 14:19:33 - [TEST_STEP][PASSED] - click: Object: 'Object Repository/TC05-07_AM/span_Alerts' is clicked on

2018-07-06 14:19:33 - [MESSAGE][PASSED] - Object: 'Object Repository/TC05-07_AM/span_Alerts' is clicked on

2018-07-06 14:19:33 - [TEST_STEP][PASSED] - click: Object: 'Object Repository/TC05-07_AM/i_glyphicon glyphicon-eye-open' is clicked on

2018-07-06 14:19:43 - [MESSAGE][PASSED] - Object: 'Object Repository/TC05-07_AM/i_glyphicon glyphicon-eye-open' is clicked on

2018-07-06 14:19:43 - [TEST_STEP][PASSED] - delay: Delayed 2 second(s)

2018-07-06 14:19:45 - [MESSAGE][PASSED] - Delayed 2 second(s)

2018-07-06 14:19:45 - [TEST_STEP][PASSED] - click: Object: 'Object Repository/TC05-07_AM/button_Fraud' is clicked on

2018-07-06 14:19:45 - [MESSAGE][PASSED] - Object: 'Object Repository/TC05-07_AM/button_Fraud' is clicked on

2018-07-06 14:19:45 - [TEST_STEP][PASSED] - delay: Delayed 3 second(s)

2018-07-06 14:19:48 - [MESSAGE][PASSED] - Delayed 3 second(s)

2018-07-06 14:19:48 - [TEST_STEP][PASSED] - setText: Text 'Fraud' is set on object 'Object Repository/TC05-07_AM/textarea_observation'

2018-07-06 14:19:49 - [MESSAGE][PASSED] - Text 'Fraud' is set on object 'Object Repository/TC05-07_AM/textarea_observation'

2018-07-06 14:19:49 - [TEST_STEP][PASSED] - click: Object: 'Object Repository/TC05-07_AM/button_Fraud_1' is clicked on

2018-07-06 14:19:49 - [MESSAGE][PASSED] - Object: 'Object Repository/TC05-07_AM/button_Fraud_1' is clicked on

2018-07-06 14:19:49 - [TEST_STEP][PASSED] - Statement - Transcation_Fraud = com.kms.katalon.core.webui.keyword.WebUiBuiltInKeywords.takeScreenshot(): Taking screenshot successfully

2018-07-06 14:19:50 - [MESSAGE][PASSED] - Taking screenshot successfully
[[ATTACHMENT|C:\\Users\\ankur.jain\\Katalon Studio\\Feedzai_Automation\\Reports\\AM_Test Suite\\20180706_141638\\1530866989607.png]]

2018-07-06 14:19:50 - [TEST_STEP][PASSED] - comment: Transcation is Marked as Fraud

2018-07-06 14:19:50 - [TEST_STEP][PASSED] - delay: Delayed 3 second(s)

2018-07-06 14:19:53 - [MESSAGE][PASSED] - Delayed 3 second(s)

2018-07-06 14:19:53 - [TEST_STEP][PASSED] - verifyElementText: Actual text and expected text of test object 'Object Repository/TC05-07_AM/Status_Fraud' are matched.

2018-07-06 14:19:53 - [MESSAGE][PASSED] - Actual text and expected text of test object 'Object Repository/TC05-07_AM/Status_Fraud' are matched.

2018-07-06 14:19:53 - [TEST_STEP][PASSED] - comment: Transcation Status Verifed

2018-07-06 14:19:53 - [TEST_STEP][PASSED] - delay: Delayed 2 second(s)

2018-07-06 14:19:55 - [MESSAGE][PASSED] - Delayed 2 second(s)]]></system-out>
         <system-err><![CDATA[]]></system-err>
      </testcase>
      <testcase name="Test Cases/Alert Manager Test Cases/Alert Manager_View Trans Details/TC06_Mark Transaction as NOT Fraud" classname="Test Cases/Alert Manager Test Cases/Alert Manager_View Trans Details/TC06_Mark Transaction as NOT Fraud" status="PASSED">
         <system-out><![CDATA[2018-07-06 14:19:55 - [TEST_CASE][PASSED] - Test Cases/Alert Manager Test Cases/Alert Manager_View Trans Details/TC06_Mark Transaction as NOT Fraud: Test Cases/Alert Manager Test Cases/Alert Manager_View Trans Details/TC06_Mark Transaction as NOT Fraud

2018-07-06 14:19:56 - [TEST_STEP][PASSED] - click: Object: 'Object Repository/TC05-07_AM/a_Merchant' is clicked on

2018-07-06 14:19:56 - [MESSAGE][PASSED] - Object: 'Object Repository/TC05-07_AM/a_Merchant' is clicked on

2018-07-06 14:19:56 - [TEST_STEP][PASSED] - click: Object: 'Object Repository/TC05-07_AM/span_Alerts' is clicked on

2018-07-06 14:19:56 - [MESSAGE][PASSED] - Object: 'Object Repository/TC05-07_AM/span_Alerts' is clicked on

2018-07-06 14:19:56 - [TEST_STEP][PASSED] - delay: Delayed 2 second(s)

2018-07-06 14:19:58 - [MESSAGE][PASSED] - Delayed 2 second(s)

2018-07-06 14:19:58 - [TEST_STEP][PASSED] - click: Object: 'Object Repository/TC05-07_AM/i_glyphicon glyphicon-eye-open' is clicked on

2018-07-06 14:20:07 - [MESSAGE][PASSED] - Object: 'Object Repository/TC05-07_AM/i_glyphicon glyphicon-eye-open' is clicked on

2018-07-06 14:20:07 - [TEST_STEP][PASSED] - delay: Delayed 2 second(s)

2018-07-06 14:20:09 - [MESSAGE][PASSED] - Delayed 2 second(s)

2018-07-06 14:20:09 - [TEST_STEP][PASSED] - click: Object: 'Object Repository/TC05-07_AM/button_Not Fraud' is clicked on

2018-07-06 14:20:09 - [MESSAGE][PASSED] - Object: 'Object Repository/TC05-07_AM/button_Not Fraud' is clicked on

2018-07-06 14:20:09 - [TEST_STEP][PASSED] - delay: Delayed 3 second(s)

2018-07-06 14:20:12 - [MESSAGE][PASSED] - Delayed 3 second(s)

2018-07-06 14:20:12 - [TEST_STEP][PASSED] - setText: Text 'Not Fraud' is set on object 'Object Repository/TC05-07_AM/textarea_observation'

2018-07-06 14:20:13 - [MESSAGE][PASSED] - Text 'Not Fraud' is set on object 'Object Repository/TC05-07_AM/textarea_observation'

2018-07-06 14:20:13 - [TEST_STEP][PASSED] - delay: Delayed 2 second(s)

2018-07-06 14:20:15 - [MESSAGE][PASSED] - Delayed 2 second(s)

2018-07-06 14:20:15 - [TEST_STEP][PASSED] - click: Object: 'Object Repository/TC05-07_AM/button_Not Fraud_1' is clicked on

2018-07-06 14:20:15 - [MESSAGE][PASSED] - Object: 'Object Repository/TC05-07_AM/button_Not Fraud_1' is clicked on

2018-07-06 14:20:15 - [TEST_STEP][PASSED] - comment: Transcation is Marked as Not Fraud

2018-07-06 14:20:15 - [TEST_STEP][PASSED] - delay: Delayed 2 second(s)

2018-07-06 14:20:17 - [MESSAGE][PASSED] - Delayed 2 second(s)

2018-07-06 14:20:17 - [TEST_STEP][PASSED] - verifyElementText: Actual text and expected text of test object 'Object Repository/TC05-07_AM/Status_Not Fraud' are matched.

2018-07-06 14:20:17 - [MESSAGE][PASSED] - Actual text and expected text of test object 'Object Repository/TC05-07_AM/Status_Not Fraud' are matched.

2018-07-06 14:20:17 - [TEST_STEP][PASSED] - comment: Transcation status is verifed]]></system-out>
         <system-err><![CDATA[]]></system-err>
      </testcase>
      <testcase name="Test Cases/Alert Manager Test Cases/Alert Manager_View Trans Details/TC07_Mark Transaction Suspious" classname="Test Cases/Alert Manager Test Cases/Alert Manager_View Trans Details/TC07_Mark Transaction Suspious" status="PASSED">
         <system-out><![CDATA[2018-07-06 14:20:17 - [TEST_CASE][PASSED] - Test Cases/Alert Manager Test Cases/Alert Manager_View Trans Details/TC07_Mark Transaction Suspious: Test Cases/Alert Manager Test Cases/Alert Manager_View Trans Details/TC07_Mark Transaction Suspious

2018-07-06 14:20:18 - [TEST_STEP][PASSED] - click: Object: 'Object Repository/TC05-07_AM/a_Merchant' is clicked on

2018-07-06 14:20:18 - [MESSAGE][PASSED] - Object: 'Object Repository/TC05-07_AM/a_Merchant' is clicked on

2018-07-06 14:20:18 - [TEST_STEP][PASSED] - click: Object: 'Object Repository/TC05-07_AM/span_Alerts' is clicked on

2018-07-06 14:20:18 - [MESSAGE][PASSED] - Object: 'Object Repository/TC05-07_AM/span_Alerts' is clicked on

2018-07-06 14:20:18 - [TEST_STEP][PASSED] - click: Object: 'Object Repository/TC05-07_AM/i_glyphicon glyphicon-eye-open' is clicked on

2018-07-06 14:20:28 - [MESSAGE][PASSED] - Object: 'Object Repository/TC05-07_AM/i_glyphicon glyphicon-eye-open' is clicked on

2018-07-06 14:20:28 - [TEST_STEP][PASSED] - delay: Delayed 2 second(s)

2018-07-06 14:20:30 - [MESSAGE][PASSED] - Delayed 2 second(s)

2018-07-06 14:20:30 - [TEST_STEP][PASSED] - click: Object: 'Object Repository/TC05-07_AM/button_Suspicious' is clicked on

2018-07-06 14:20:30 - [MESSAGE][PASSED] - Object: 'Object Repository/TC05-07_AM/button_Suspicious' is clicked on

2018-07-06 14:20:30 - [TEST_STEP][PASSED] - delay: Delayed 2 second(s)

2018-07-06 14:20:32 - [MESSAGE][PASSED] - Delayed 2 second(s)

2018-07-06 14:20:32 - [TEST_STEP][PASSED] - setText: Text 'Suspious' is set on object 'Object Repository/TC05-07_AM/textarea_observation'

2018-07-06 14:20:33 - [MESSAGE][PASSED] - Text 'Suspious' is set on object 'Object Repository/TC05-07_AM/textarea_observation'

2018-07-06 14:20:33 - [TEST_STEP][PASSED] - delay: Delayed 2 second(s)

2018-07-06 14:20:35 - [MESSAGE][PASSED] - Delayed 2 second(s)

2018-07-06 14:20:35 - [TEST_STEP][PASSED] - click: Object: 'Object Repository/TC_04_Pulse/button_Suspicious' is clicked on

2018-07-06 14:20:35 - [MESSAGE][PASSED] - Object: 'Object Repository/TC_04_Pulse/button_Suspicious' is clicked on

2018-07-06 14:20:35 - [TEST_STEP][PASSED] - Statement - Transcation_Suspious = com.kms.katalon.core.webui.keyword.WebUiBuiltInKeywords.takeScreenshot(): Taking screenshot successfully

2018-07-06 14:20:36 - [MESSAGE][PASSED] - Taking screenshot successfully
[[ATTACHMENT|C:\\Users\\ankur.jain\\Katalon Studio\\Feedzai_Automation\\Reports\\AM_Test Suite\\20180706_141638\\1530867035646.png]]

2018-07-06 14:20:36 - [TEST_STEP][PASSED] - comment: Transcation is Marked as Suspious

2018-07-06 14:20:36 - [TEST_STEP][PASSED] - delay: Delayed 2 second(s)

2018-07-06 14:20:38 - [MESSAGE][PASSED] - Delayed 2 second(s)

2018-07-06 14:20:38 - [TEST_STEP][PASSED] - verifyElementText: Actual text and expected text of test object 'Object Repository/TC05-07_AM/Status_Suspious' are matched.

2018-07-06 14:20:38 - [MESSAGE][PASSED] - Actual text and expected text of test object 'Object Repository/TC05-07_AM/Status_Suspious' are matched.

2018-07-06 14:20:38 - [TEST_STEP][PASSED] - comment: Transation status is verifed

2018-07-06 14:20:38 - [TEST_STEP][PASSED] - delay: Delayed 2 second(s)

2018-07-06 14:20:40 - [MESSAGE][PASSED] - Delayed 2 second(s)]]></system-out>
         <system-err><![CDATA[]]></system-err>
      </testcase>
      <testcase name="Test Cases/Alert Manager Test Cases/AM_Customer Search Home Screen/TC08_Customer Search through mobile number" classname="Test Cases/Alert Manager Test Cases/AM_Customer Search Home Screen/TC08_Customer Search through mobile number" status="PASSED">
         <system-out><![CDATA[2018-07-06 14:20:40 - [TEST_CASE][PASSED] - Test Cases/Alert Manager Test Cases/AM_Customer Search Home Screen/TC08_Customer Search through mobile number: Test Cases/Alert Manager Test Cases/AM_Customer Search Home Screen/TC08_Customer Search through mobile number

2018-07-06 14:20:41 - [TEST_STEP][PASSED] - click: Object: 'Object Repository/TC08_18 AM/a_Customer' is clicked on

2018-07-06 14:20:41 - [MESSAGE][PASSED] - Object: 'Object Repository/TC08_18 AM/a_Customer' is clicked on

2018-07-06 14:20:41 - [TEST_STEP][PASSED] - delay: Delayed 2 second(s)

2018-07-06 14:20:43 - [MESSAGE][PASSED] - Delayed 2 second(s)

2018-07-06 14:20:43 - [TEST_STEP][PASSED] - setText: Text '+919860606030' is set on object 'Object Repository/TC08_18 AM/span_Customer'

2018-07-06 14:20:44 - [MESSAGE][PASSED] - Text '+919860606030' is set on object 'Object Repository/TC08_18 AM/span_Customer'

2018-07-06 14:20:44 - [TEST_STEP][PASSED] - delay: Delayed 2 second(s)

2018-07-06 14:20:46 - [MESSAGE][PASSED] - Delayed 2 second(s)

2018-07-06 14:20:46 - [TEST_STEP][PASSED] - setText: Text 'ENTER + ' is set on object 'Object Repository/TC08_18 AM/span_Customer'

2018-07-06 14:20:46 - [MESSAGE][PASSED] - Text 'ENTER + ' is set on object 'Object Repository/TC08_18 AM/span_Customer'

2018-07-06 14:20:46 - [TEST_STEP][PASSED] - delay: Delayed 5 second(s)

2018-07-06 14:20:51 - [MESSAGE][PASSED] - Delayed 5 second(s)

2018-07-06 14:20:51 - [TEST_STEP][PASSED] - verifyElementText: Actual text and expected text of test object 'Object Repository/TC08_18 AM/div_919860606030' are matched.

2018-07-06 14:20:52 - [MESSAGE][PASSED] - Actual text and expected text of test object 'Object Repository/TC08_18 AM/div_919860606030' are matched.

2018-07-06 14:20:52 - [TEST_STEP][PASSED] - comment: Customer Search through Mobile no is sucesfull

2018-07-06 14:20:52 - [TEST_STEP][PASSED] - Statement - CustomerSerach_MobileNo = com.kms.katalon.core.webui.keyword.WebUiBuiltInKeywords.takeScreenshot(): Taking screenshot successfully

2018-07-06 14:20:52 - [MESSAGE][PASSED] - Taking screenshot successfully
[[ATTACHMENT|C:\\Users\\ankur.jain\\Katalon Studio\\Feedzai_Automation\\Reports\\AM_Test Suite\\20180706_141638\\1530867052231.png]]

2018-07-06 14:20:52 - [TEST_STEP][PASSED] - delay: Delayed 2 second(s)

2018-07-06 14:20:54 - [MESSAGE][PASSED] - Delayed 2 second(s)]]></system-out>
         <system-err><![CDATA[]]></system-err>
      </testcase>
      <testcase name="Test Cases/Alert Manager Test Cases/AM_Customer Search Home Screen/TC09_Customer Search through Customer ID" classname="Test Cases/Alert Manager Test Cases/AM_Customer Search Home Screen/TC09_Customer Search through Customer ID" status="PASSED">
         <system-out><![CDATA[2018-07-06 14:20:54 - [TEST_CASE][PASSED] - Test Cases/Alert Manager Test Cases/AM_Customer Search Home Screen/TC09_Customer Search through Customer ID: Test Cases/Alert Manager Test Cases/AM_Customer Search Home Screen/TC09_Customer Search through Customer ID

2018-07-06 14:20:55 - [TEST_STEP][PASSED] - click: Object: 'Object Repository/TC08_18 AM/a_Customer' is clicked on

2018-07-06 14:20:55 - [MESSAGE][PASSED] - Object: 'Object Repository/TC08_18 AM/a_Customer' is clicked on

2018-07-06 14:20:55 - [TEST_STEP][PASSED] - delay: Delayed 2 second(s)

2018-07-06 14:20:57 - [MESSAGE][PASSED] - Delayed 2 second(s)

2018-07-06 14:20:57 - [TEST_STEP][PASSED] - setText: Text '1100231482' is set on object 'Object Repository/TC08_18 AM/span_Customer'

2018-07-06 14:20:58 - [MESSAGE][PASSED] - Text '1100231482' is set on object 'Object Repository/TC08_18 AM/span_Customer'

2018-07-06 14:20:58 - [TEST_STEP][PASSED] - delay: Delayed 2 second(s)

2018-07-06 14:21:00 - [MESSAGE][PASSED] - Delayed 2 second(s)

2018-07-06 14:21:00 - [TEST_STEP][PASSED] - setText: Text 'ENTER + ' is set on object 'Object Repository/TC08_18 AM/span_Customer'

2018-07-06 14:21:00 - [MESSAGE][PASSED] - Text 'ENTER + ' is set on object 'Object Repository/TC08_18 AM/span_Customer'

2018-07-06 14:21:00 - [TEST_STEP][PASSED] - delay: Delayed 5 second(s)

2018-07-06 14:21:05 - [MESSAGE][PASSED] - Delayed 5 second(s)

2018-07-06 14:21:05 - [TEST_STEP][PASSED] - verifyElementText: Actual text and expected text of test object 'Object Repository/TC08_18 AM/div_1100231482' are matched.

2018-07-06 14:21:05 - [MESSAGE][PASSED] - Actual text and expected text of test object 'Object Repository/TC08_18 AM/div_1100231482' are matched.

2018-07-06 14:21:05 - [TEST_STEP][PASSED] - comment: Customer Serach through id is sucesfull

2018-07-06 14:21:05 - [TEST_STEP][PASSED] - delay: Delayed 2 second(s)

2018-07-06 14:21:07 - [MESSAGE][PASSED] - Delayed 2 second(s)]]></system-out>
         <system-err><![CDATA[]]></system-err>
      </testcase>
      <testcase name="Test Cases/Alert Manager Test Cases/AM_Customer Search Home Screen/TC10_Customer Detail Validation" classname="Test Cases/Alert Manager Test Cases/AM_Customer Search Home Screen/TC10_Customer Detail Validation" status="PASSED">
         <system-out><![CDATA[2018-07-06 14:21:07 - [TEST_CASE][PASSED] - Test Cases/Alert Manager Test Cases/AM_Customer Search Home Screen/TC10_Customer Detail Validation: Test Cases/Alert Manager Test Cases/AM_Customer Search Home Screen/TC10_Customer Detail Validation

2018-07-06 14:21:08 - [TEST_STEP][PASSED] - click: Object: 'Object Repository/TC08_18 AM/Cust_Detail' is clicked on

2018-07-06 14:21:08 - [MESSAGE][PASSED] - Object: 'Object Repository/TC08_18 AM/Cust_Detail' is clicked on

2018-07-06 14:21:08 - [TEST_STEP][PASSED] - Statement - text = com.kms.katalon.core.webui.keyword.WebUiBuiltInKeywords.getText(com.kms.katalon.core.testobject.ObjectRepository.findTestObject(TC08_18 AM/Cust_Detail)): Text of object 'Object Repository/TC08_18 AM/Cust_Detail' is: 'Customer Name
XXX RESHMA SHETTY
Customer ID
1100231482
Status
Active
Account Date
19-02-2018 (5 months ago)
Account Number
1000000000281488
KYC
Low
Account Upgrade Date
Unknown
Mobile Number
+919821370176
Email
Unknown
Customer App ID
420346fbb4ab3200_Samsung SM-G355H
Customer Jio Money ID
Unknown
Customer Risk
Unknown
PIN Area (Zip Code)
Unknown
Address'

2018-07-06 14:21:08 - [MESSAGE][PASSED] - Text of object 'Object Repository/TC08_18 AM/Cust_Detail' is: 'Customer Name
XXX RESHMA SHETTY
Customer ID
1100231482
Status
Active
Account Date
19-02-2018 (5 months ago)
Account Number
1000000000281488
KYC
Low
Account Upgrade Date
Unknown
Mobile Number
+919821370176
Email
Unknown
Customer App ID
420346fbb4ab3200_Samsung SM-G355H
Customer Jio Money ID
Unknown
Customer Risk
Unknown
PIN Area (Zip Code)
Unknown
Address'

2018-07-06 14:21:08 - [TEST_STEP][PASSED] - Statement - If (text.contains("1100231482")): Customer Details Matched

2018-07-06 14:21:08 - [TEST_STEP][PASSED] - comment: Customer Details Matched]]></system-out>
         <system-err><![CDATA[]]></system-err>
      </testcase>
      <testcase name="Test Cases/Alert Manager Test Cases/AM_Customer Search Home Screen/TC11_Transaction Density Validation" classname="Test Cases/Alert Manager Test Cases/AM_Customer Search Home Screen/TC11_Transaction Density Validation" status="PASSED">
         <system-out><![CDATA[2018-07-06 14:21:08 - [TEST_CASE][PASSED] - Test Cases/Alert Manager Test Cases/AM_Customer Search Home Screen/TC11_Transaction Density Validation: Test Cases/Alert Manager Test Cases/AM_Customer Search Home Screen/TC11_Transaction Density Validation

2018-07-06 14:21:09 - [TEST_STEP][PASSED] - click: Object: 'Object Repository/TC08_18 AM/Transcation Details' is clicked on

2018-07-06 14:21:09 - [MESSAGE][PASSED] - Object: 'Object Repository/TC08_18 AM/Transcation Details' is clicked on

2018-07-06 14:21:09 - [TEST_STEP][PASSED] - verifyElementPresent: Object 'Object Repository/TC08_18 AM/Transcation Details' is present

2018-07-06 14:21:09 - [MESSAGE][WARNING] - Timeout '0' is invalid. Using default page load timeout: '30'

2018-07-06 14:21:09 - [MESSAGE][PASSED] - Object 'Object Repository/TC08_18 AM/Transcation Details' is present

2018-07-06 14:21:09 - [TEST_STEP][PASSED] - getText: Text of object 'Object Repository/TC08_18 AM/Transcation Details' is: 'Number of Transactions
18
Total Amount (₹)
2,107.00
Average Amount (₹)
117.06
Amount Std. Deviation (₹)
321.24'

2018-07-06 14:21:09 - [MESSAGE][PASSED] - Text of object 'Object Repository/TC08_18 AM/Transcation Details' is: 'Number of Transactions
18
Total Amount (₹)
2,107.00
Average Amount (₹)
117.06
Amount Std. Deviation (₹)
321.24']]></system-out>
         <system-err><![CDATA[]]></system-err>
      </testcase>
      <testcase name="Test Cases/Alert Manager Test Cases/AM_Customer Search Home Screen/TC12_Activity Period Validation" classname="Test Cases/Alert Manager Test Cases/AM_Customer Search Home Screen/TC12_Activity Period Validation" status="PASSED">
         <system-out><![CDATA[2018-07-06 14:21:09 - [TEST_CASE][PASSED] - Test Cases/Alert Manager Test Cases/AM_Customer Search Home Screen/TC12_Activity Period Validation: Test Cases/Alert Manager Test Cases/AM_Customer Search Home Screen/TC12_Activity Period Validation

2018-07-06 14:21:10 - [TEST_STEP][PASSED] - click: Object: 'Object Repository/TC08_18 AM/Activity_Period' is clicked on

2018-07-06 14:21:10 - [MESSAGE][PASSED] - Object: 'Object Repository/TC08_18 AM/Activity_Period' is clicked on

2018-07-06 14:21:10 - [TEST_STEP][PASSED] - verifyElementPresent: Object 'Object Repository/TC08_18 AM/Activity_Period' is present

2018-07-06 14:21:10 - [MESSAGE][WARNING] - Timeout '0' is invalid. Using default page load timeout: '30'

2018-07-06 14:21:10 - [MESSAGE][PASSED] - Object 'Object Repository/TC08_18 AM/Activity_Period' is present

2018-07-06 14:21:10 - [TEST_STEP][PASSED] - getText: Text of object 'Object Repository/TC08_18 AM/Activity_Period' is: 'From
19-02-2018 11:25:40
To
01-03-2018 22:30:53
Period
10 days'

2018-07-06 14:21:10 - [MESSAGE][PASSED] - Text of object 'Object Repository/TC08_18 AM/Activity_Period' is: 'From
19-02-2018 11:25:40
To
01-03-2018 22:30:53
Period
10 days']]></system-out>
         <system-err><![CDATA[]]></system-err>
      </testcase>
      <testcase name="Test Cases/Alert Manager Test Cases/AM_Customer Search Home Screen/TC13_ Transactions Details Validation" classname="Test Cases/Alert Manager Test Cases/AM_Customer Search Home Screen/TC13_ Transactions Details Validation" status="PASSED">
         <system-out><![CDATA[2018-07-06 14:21:10 - [TEST_CASE][PASSED] - Test Cases/Alert Manager Test Cases/AM_Customer Search Home Screen/TC13_ Transactions Details Validation: Test Cases/Alert Manager Test Cases/AM_Customer Search Home Screen/TC13_ Transactions Details Validation

2018-07-06 14:21:11 - [TEST_STEP][PASSED] - click: Object: 'Object Repository/TC08_18 AM/Transcation Details' is clicked on

2018-07-06 14:21:11 - [MESSAGE][PASSED] - Object: 'Object Repository/TC08_18 AM/Transcation Details' is clicked on

2018-07-06 14:21:11 - [TEST_STEP][PASSED] - verifyElementPresent: Object 'Object Repository/TC08_18 AM/Transcation Details' is present

2018-07-06 14:21:11 - [MESSAGE][WARNING] - Timeout '0' is invalid. Using default page load timeout: '30'

2018-07-06 14:21:11 - [MESSAGE][PASSED] - Object 'Object Repository/TC08_18 AM/Transcation Details' is present

2018-07-06 14:21:11 - [TEST_STEP][PASSED] - getText: Text of object 'Object Repository/TC08_18 AM/Transcation Details' is: 'Number of Transactions
18
Total Amount (₹)
2,107.00
Average Amount (₹)
117.06
Amount Std. Deviation (₹)
321.24'

2018-07-06 14:21:11 - [MESSAGE][PASSED] - Text of object 'Object Repository/TC08_18 AM/Transcation Details' is: 'Number of Transactions
18
Total Amount (₹)
2,107.00
Average Amount (₹)
117.06
Amount Std. Deviation (₹)
321.24']]></system-out>
         <system-err><![CDATA[]]></system-err>
      </testcase>
      <testcase name="Test Cases/Alert Manager Test Cases/AM_Customer Search Home Screen/TC14_Fraud Details Validation" classname="Test Cases/Alert Manager Test Cases/AM_Customer Search Home Screen/TC14_Fraud Details Validation" status="PASSED">
         <system-out><![CDATA[2018-07-06 14:21:11 - [TEST_CASE][PASSED] - Test Cases/Alert Manager Test Cases/AM_Customer Search Home Screen/TC14_Fraud Details Validation: Test Cases/Alert Manager Test Cases/AM_Customer Search Home Screen/TC14_Fraud Details Validation

2018-07-06 14:21:11 - [TEST_STEP][PASSED] - click: Object: 'Object Repository/TC08_18 AM/Fraud Details' is clicked on

2018-07-06 14:21:12 - [MESSAGE][PASSED] - Object: 'Object Repository/TC08_18 AM/Fraud Details' is clicked on

2018-07-06 14:21:12 - [TEST_STEP][PASSED] - verifyElementPresent: Object 'Object Repository/TC08_18 AM/Fraud Details' is present

2018-07-06 14:21:12 - [MESSAGE][WARNING] - Timeout '0' is invalid. Using default page load timeout: '30'

2018-07-06 14:21:12 - [MESSAGE][PASSED] - Object 'Object Repository/TC08_18 AM/Fraud Details' is present

2018-07-06 14:21:12 - [TEST_STEP][PASSED] - getText: Text of object 'Object Repository/TC08_18 AM/Fraud Details' is: 'Number of Transactions
0
Amount (₹)
0.00
Average Amount (₹)
0.00
Amount Std. Deviation (₹)
0.00'

2018-07-06 14:21:12 - [MESSAGE][PASSED] - Text of object 'Object Repository/TC08_18 AM/Fraud Details' is: 'Number of Transactions
0
Amount (₹)
0.00
Average Amount (₹)
0.00
Amount Std. Deviation (₹)
0.00']]></system-out>
         <system-err><![CDATA[]]></system-err>
      </testcase>
      <testcase name="Test Cases/Alert Manager Test Cases/AM_Customer Search Home Screen/TC15_Customer Transaction History" classname="Test Cases/Alert Manager Test Cases/AM_Customer Search Home Screen/TC15_Customer Transaction History" status="PASSED">
         <system-out><![CDATA[2018-07-06 14:21:12 - [TEST_CASE][PASSED] - Test Cases/Alert Manager Test Cases/AM_Customer Search Home Screen/TC15_Customer Transaction History: Test Cases/Alert Manager Test Cases/AM_Customer Search Home Screen/TC15_Customer Transaction History

2018-07-06 14:21:13 - [TEST_STEP][PASSED] - click: Object: 'Object Repository/TC08_18 AM/Transcation history' is clicked on

2018-07-06 14:21:13 - [MESSAGE][PASSED] - Object: 'Object Repository/TC08_18 AM/Transcation history' is clicked on

2018-07-06 14:21:13 - [TEST_STEP][PASSED] - verifyElementPresent: Object 'Object Repository/TC08_18 AM/Transcation history' is present

2018-07-06 14:21:13 - [MESSAGE][WARNING] - Timeout '0' is invalid. Using default page load timeout: '30'

2018-07-06 14:21:13 - [MESSAGE][PASSED] - Object 'Object Repository/TC08_18 AM/Transcation history' is present

2018-07-06 14:21:13 - [TEST_STEP][PASSED] - getText: Text of object 'Object Repository/TC08_18 AM/Transcation history' is: 'Date / Time PAN Amount (₹) Customer Beneficiary MCC CP Channel Type Response RT Queue Status
01-03-2018 22:30:53 2812 3206 0068 4985 5.00 1100231482 +919800000001 N/A no UDW 10 00 0 Unassigned Not Fraud
26-02-2018 22:30:15 2812 3206 0068 4985 5.00 1100231482 +919800000003 N/A no UDW 10 00 0 Unassigned Not Fraud
20-02-2018 12:53:12 2812 3206 0068 4985 2.00 1100231482 100001000021019 5940 no P2M 18 05 3 Unassigned Not Fraud
19-02-2018 21:02:53 2812 3206 0068 4985 15.00 1100231482 tedt N/A no IBW 42 05 1 Merchant Pending
19-02-2018 20:59:57 2812 3206 0068 4985 15.00 1100231482 tedt N/A no IBW 42 05 3 Customer Pending
19-02-2018 11:52:09 2812 3206 0068 4985 5.00 1100231482 569842238566 N/A no NFW 41 00 0 Unassigned Not Fraud
19-02-2018 11:50:57 2812 3206 0068 4985 10.00 1100231482 598426998755 N/A no NFW 41 05 1 Customer Pending
19-02-2018 11:50:03 2812 3206 0068 4985 5.00 1100231482 1100231495 N/A no PDW 47 05 2 Customer Pending
19-02-2018 11:49:13 2812 3206 0068 4985 5.00 1100231482 1100231495 N/A no PDW 47 00 0 Unassigned Not Fraud
19-02-2018 11:46:39 2812 3206 0068 4985 5.00 1100231482 9800000003 N/A no UDW 10 00 0 Unassigned Not Fraud'

2018-07-06 14:21:14 - [MESSAGE][PASSED] - Text of object 'Object Repository/TC08_18 AM/Transcation history' is: 'Date / Time PAN Amount (₹) Customer Beneficiary MCC CP Channel Type Response RT Queue Status
01-03-2018 22:30:53 2812 3206 0068 4985 5.00 1100231482 +919800000001 N/A no UDW 10 00 0 Unassigned Not Fraud
26-02-2018 22:30:15 2812 3206 0068 4985 5.00 1100231482 +919800000003 N/A no UDW 10 00 0 Unassigned Not Fraud
20-02-2018 12:53:12 2812 3206 0068 4985 2.00 1100231482 100001000021019 5940 no P2M 18 05 3 Unassigned Not Fraud
19-02-2018 21:02:53 2812 3206 0068 4985 15.00 1100231482 tedt N/A no IBW 42 05 1 Merchant Pending
19-02-2018 20:59:57 2812 3206 0068 4985 15.00 1100231482 tedt N/A no IBW 42 05 3 Customer Pending
19-02-2018 11:52:09 2812 3206 0068 4985 5.00 1100231482 569842238566 N/A no NFW 41 00 0 Unassigned Not Fraud
19-02-2018 11:50:57 2812 3206 0068 4985 10.00 1100231482 598426998755 N/A no NFW 41 05 1 Customer Pending
19-02-2018 11:50:03 2812 3206 0068 4985 5.00 1100231482 1100231495 N/A no PDW 47 05 2 Customer Pending
19-02-2018 11:49:13 2812 3206 0068 4985 5.00 1100231482 1100231495 N/A no PDW 47 00 0 Unassigned Not Fraud
19-02-2018 11:46:39 2812 3206 0068 4985 5.00 1100231482 9800000003 N/A no UDW 10 00 0 Unassigned Not Fraud']]></system-out>
         <system-err><![CDATA[]]></system-err>
      </testcase>
      <testcase name="Test Cases/Alert Manager Test Cases/AM_Customer Search Home Screen/TC17_Customer Transaction Statistics" classname="Test Cases/Alert Manager Test Cases/AM_Customer Search Home Screen/TC17_Customer Transaction Statistics" status="PASSED">
         <system-out><![CDATA[2018-07-06 14:21:14 - [TEST_CASE][PASSED] - Test Cases/Alert Manager Test Cases/AM_Customer Search Home Screen/TC17_Customer Transaction Statistics: Test Cases/Alert Manager Test Cases/AM_Customer Search Home Screen/TC17_Customer Transaction Statistics

2018-07-06 14:21:14 - [TEST_STEP][PASSED] - click: Object: 'Object Repository/TC08_18 AM/Transcation Statics' is clicked on

2018-07-06 14:21:15 - [MESSAGE][PASSED] - Object: 'Object Repository/TC08_18 AM/Transcation Statics' is clicked on

2018-07-06 14:21:15 - [TEST_STEP][PASSED] - verifyElementPresent: Object 'Object Repository/TC08_18 AM/Transcation Statics' is present

2018-07-06 14:21:15 - [MESSAGE][WARNING] - Timeout '0' is invalid. Using default page load timeout: '30'

2018-07-06 14:21:15 - [MESSAGE][PASSED] - Object 'Object Repository/TC08_18 AM/Transcation Statics' is present

2018-07-06 14:21:15 - [TEST_STEP][PASSED] - getText: Text of object 'Object Repository/TC08_18 AM/Transcation Statics' is: '0
1
2
3
4
5
6
7
8
9
10
11
12
13
14
15
16
17
18
19
20
21
22
23
Hour
0
1
2
3
4
5
6
7
8
9
10
11
12
13
14
15
16
17
18
19
20
21
22
23
0
1
2
3
4
5
6
7
8
9
10
11
12
13
Number of Transactions
0
1
2
3
4
5
6
7
8
9
10
11
12
13
13 (72.2%)
11'

2018-07-06 14:21:15 - [MESSAGE][PASSED] - Text of object 'Object Repository/TC08_18 AM/Transcation Statics' is: '0
1
2
3
4
5
6
7
8
9
10
11
12
13
14
15
16
17
18
19
20
21
22
23
Hour
0
1
2
3
4
5
6
7
8
9
10
11
12
13
14
15
16
17
18
19
20
21
22
23
0
1
2
3
4
5
6
7
8
9
10
11
12
13
Number of Transactions
0
1
2
3
4
5
6
7
8
9
10
11
12
13
13 (72.2%)
11']]></system-out>
         <system-err><![CDATA[]]></system-err>
      </testcase>
      <testcase name="Test Cases/Alert Manager Test Cases/AM_Customer Search Home Screen/TC18_Merchant Statistics in Customer tab Validation" classname="Test Cases/Alert Manager Test Cases/AM_Customer Search Home Screen/TC18_Merchant Statistics in Customer tab Validation" status="PASSED">
         <system-out><![CDATA[2018-07-06 14:21:15 - [TEST_CASE][PASSED] - Test Cases/Alert Manager Test Cases/AM_Customer Search Home Screen/TC18_Merchant Statistics in Customer tab Validation: Test Cases/Alert Manager Test Cases/AM_Customer Search Home Screen/TC18_Merchant Statistics in Customer tab Validation

2018-07-06 14:21:16 - [TEST_STEP][PASSED] - click: Object: 'Object Repository/TC08_18 AM/Transcation Statics' is clicked on

2018-07-06 14:21:16 - [MESSAGE][PASSED] - Object: 'Object Repository/TC08_18 AM/Transcation Statics' is clicked on

2018-07-06 14:21:16 - [TEST_STEP][PASSED] - verifyElementVisible: Object 'Object Repository/TC08_18 AM/Transcation Statics' is visible

2018-07-06 14:21:16 - [MESSAGE][PASSED] - Object 'Object Repository/TC08_18 AM/Transcation Statics' is visible

2018-07-06 14:21:16 - [TEST_STEP][PASSED] - Statement - Customer_Search_id = com.kms.katalon.core.webui.keyword.WebUiBuiltInKeywords.takeScreenshot(): Taking screenshot successfully

2018-07-06 14:21:16 - [MESSAGE][PASSED] - Taking screenshot successfully
[[ATTACHMENT|C:\\Users\\ankur.jain\\Katalon Studio\\Feedzai_Automation\\Reports\\AM_Test Suite\\20180706_141638\\1530867076372.png]]]]></system-out>
         <system-err><![CDATA[]]></system-err>
      </testcase>
      <testcase name="Test Cases/Alert Manager Test Cases/AM_Merchant Search Home Screen/TC19_Validation of Enter MerchantNo" classname="Test Cases/Alert Manager Test Cases/AM_Merchant Search Home Screen/TC19_Validation of Enter MerchantNo" status="FAILED">
         <failure type="FAILED" message="com.kms.katalon.core.webui.exception.WebElementNotFoundException: Web element with id: 'Object Repository/TC_19_20 AM/Merchant_MobileNo_Validation' located by 'By.xpath: //html//div[4]/div[1]/div[2]' not found"/>
         <system-out><![CDATA[2018-07-06 14:21:16 - [TEST_CASE][FAILED] - Test Cases/Alert Manager Test Cases/AM_Merchant Search Home Screen/TC19_Validation of Enter MerchantNo: Test Cases/Alert Manager Test Cases/AM_Merchant Search Home Screen/TC19_Validation of Enter MerchantNo FAILED because (of) com.kms.katalon.core.webui.exception.WebElementNotFoundException: Web element with id: 'Object Repository/TC_19_20 AM/Merchant_MobileNo_Validation' located by 'By.xpath: //html//div[4]/div[1]/div[2]' not found

2018-07-06 14:21:17 - [TEST_STEP][PASSED] - click: Object: 'Object Repository/TC_19_20 AM/Merchant_icon' is clicked on

2018-07-06 14:21:17 - [MESSAGE][PASSED] - Object: 'Object Repository/TC_19_20 AM/Merchant_icon' is clicked on

2018-07-06 14:21:17 - [TEST_STEP][PASSED] - delay: Delayed 2 second(s)

2018-07-06 14:21:19 - [MESSAGE][PASSED] - Delayed 2 second(s)

2018-07-06 14:21:19 - [TEST_STEP][PASSED] - setText: Text '+918899550000' is set on object 'Object Repository/TC_19_20 AM/Merchant_Inputbox'

2018-07-06 14:21:20 - [MESSAGE][PASSED] - Text '+918899550000' is set on object 'Object Repository/TC_19_20 AM/Merchant_Inputbox'

2018-07-06 14:21:20 - [TEST_STEP][PASSED] - delay: Delayed 2 second(s)

2018-07-06 14:21:22 - [MESSAGE][PASSED] - Delayed 2 second(s)

2018-07-06 14:21:22 - [TEST_STEP][PASSED] - setText: Text 'ENTER + ' is set on object 'Object Repository/TC_19_20 AM/Merchant_Inputbox'

2018-07-06 14:21:22 - [MESSAGE][PASSED] - Text 'ENTER + ' is set on object 'Object Repository/TC_19_20 AM/Merchant_Inputbox'

2018-07-06 14:21:22 - [TEST_STEP][PASSED] - delay: Delayed 2 second(s)

2018-07-06 14:21:24 - [MESSAGE][PASSED] - Delayed 2 second(s)

2018-07-06 14:21:24 - [TEST_STEP][FAILED] - verifyElementText: com.kms.katalon.core.webui.exception.WebElementNotFoundException: Web element with id: 'Object Repository/TC_19_20 AM/Merchant_MobileNo_Validation' located by 'By.xpath: //html//div[4]/div[1]/div[2]' not found

2018-07-06 14:21:59 - [MESSAGE][FAILED] - com.kms.katalon.core.webui.exception.WebElementNotFoundException: Web element with id: 'Object Repository/TC_19_20 AM/Merchant_MobileNo_Validation' located by 'By.xpath: //html//div[4]/div[1]/div[2]' not found
[[ATTACHMENT|C:\\Users\\ankur.jain\\Katalon Studio\\Feedzai_Automation\\Reports\\AM_Test Suite\\20180706_141638\\1530867118645.png]]

2018-07-06 14:21:59 - [TEST_STEP][FAILED] - getText: Unable to get text of object 'Object Repository/TC_19_20 AM/Merchant_Details' (Root cause: com.kms.katalon.core.webui.exception.WebElementNotFoundException: Web element with id: 'Object Repository/TC_19_20 AM/Merchant_Details' located by 'By.xpath: //html//div[@class='col-lg-8 col-md-8 col-sm-8 col-xs-8 merchant-details']/div[1]/div[2]' not found)

2018-07-06 14:22:32 - [MESSAGE][FAILED] - Unable to get text of object 'Object Repository/TC_19_20 AM/Merchant_Details' (Root cause: com.kms.katalon.core.webui.exception.WebElementNotFoundException: Web element with id: 'Object Repository/TC_19_20 AM/Merchant_Details' located by 'By.xpath: //html//div[@class='col-lg-8 col-md-8 col-sm-8 col-xs-8 merchant-details']/div[1]/div[2]' not found)
[[ATTACHMENT|C:\\Users\\ankur.jain\\Katalon Studio\\Feedzai_Automation\\Reports\\AM_Test Suite\\20180706_141638\\1530867152142.png]]

2018-07-06 14:22:32 - [TEST_STEP][PASSED] - verifyElementPresent: Object 'Object Repository/TC_19_20 AM/Merchant_Location' is present

2018-07-06 14:22:32 - [MESSAGE][WARNING] - Timeout '0' is invalid. Using default page load timeout: '30'

2018-07-06 14:22:38 - [MESSAGE][PASSED] - Object 'Object Repository/TC_19_20 AM/Merchant_Location' is present

2018-07-06 14:22:38 - [TEST_STEP][PASSED] - getText: Text of object 'Object Repository/TC_19_20 AM/Merchant_Activity Period' is: 'From
13-02-2017 09:30:24
To
27-06-2018 20:27:30
Period
a year'

2018-07-06 14:22:38 - [MESSAGE][PASSED] - Text of object 'Object Repository/TC_19_20 AM/Merchant_Activity Period' is: 'From
13-02-2017 09:30:24
To
27-06-2018 20:27:30
Period
a year'

2018-07-06 14:22:38 - [TEST_STEP][PASSED] - getText: Text of object 'Object Repository/TC_19_20 AM/Merchant_Trans Details' is: 'Number of Transactions
195
Total Amount (₹)
1,472.00
Average Amount (₹)
7.55
Amount Std. Deviation (₹)
12.91'

2018-07-06 14:22:38 - [MESSAGE][PASSED] - Text of object 'Object Repository/TC_19_20 AM/Merchant_Trans Details' is: 'Number of Transactions
195
Total Amount (₹)
1,472.00
Average Amount (₹)
7.55
Amount Std. Deviation (₹)
12.91'

2018-07-06 14:22:38 - [TEST_STEP][PASSED] - getText: Text of object 'Object Repository/TC_19_20 AM/Merchnat_Fraud Details' is: 'Number of Transactions
2 (1.0%)
Amount (₹)
13.00 (0.9%)
Average Amount (₹)
6.50
Amount Std. Deviation (₹)
6.36'

2018-07-06 14:22:38 - [MESSAGE][PASSED] - Text of object 'Object Repository/TC_19_20 AM/Merchnat_Fraud Details' is: 'Number of Transactions
2 (1.0%)
Amount (₹)
13.00 (0.9%)
Average Amount (₹)
6.50
Amount Std. Deviation (₹)
6.36'

2018-07-06 14:22:38 - [TEST_STEP][PASSED] - getText: Text of object 'Object Repository/TC_19_20 AM/Merchant_Transation History' is: 'Date / Time PAN Amount (₹) Customer Beneficiary MCC CP Channel Type Response RT Queue Status
27-06-2018 20:27:30 2812 3206 0031 9822 5.00 1100058367 100001000022854 5511 no P2M 18 05 2 Merchant Pending
27-06-2018 20:23:20 2812 3206 0031 9822 1.00 1100058367 100001000022854 5511 no P2M 18 05 2 Merchant Pending
25-06-2018 12:53:58 2812 3206 0068 8820 5.00 1100231978 100001000022854 5511 no P2M 18 05 1 Merchant Pending
22-06-2018 17:38:39 2812 3206 0068 8820 5.00 1100231978 100001000022854 5511 no P2M 18 00 1 Customer Pending
22-06-2018 17:25:37 2812 3206 0068 8820 5.00 1100231978 100001000022854 5511 no P2M 18 05 3 Merchant Pending
18-06-2018 17:00:55 2812 3206 0068 8820 5.00 1100231978 100001000022854 5511 no P2M 18 05 1 Merchant Pending
18-06-2018 17:00:48 2812 3206 0068 8820 5.00 1100231978 100001000022854 5511 no P2M 18 05 1 Merchant Pending
15-06-2018 16:41:02 2812 3206 0068 8820 5.00 1100231978 100001000022854 5511 no P2M 18 05 2 Merchant Pending
15-06-2018 16:31:59 2812 3206 0068 8820 5.00 1100231978 100001000022854 5511 no P2M 18 05 2 Merchant Pending
15-06-2018 16:09:40 2812 3206 0068 8820 5.00 1100231978 100001000022854 5511 no P2M 18 05 2 Merchant Pending'

2018-07-06 14:22:39 - [MESSAGE][PASSED] - Text of object 'Object Repository/TC_19_20 AM/Merchant_Transation History' is: 'Date / Time PAN Amount (₹) Customer Beneficiary MCC CP Channel Type Response RT Queue Status
27-06-2018 20:27:30 2812 3206 0031 9822 5.00 1100058367 100001000022854 5511 no P2M 18 05 2 Merchant Pending
27-06-2018 20:23:20 2812 3206 0031 9822 1.00 1100058367 100001000022854 5511 no P2M 18 05 2 Merchant Pending
25-06-2018 12:53:58 2812 3206 0068 8820 5.00 1100231978 100001000022854 5511 no P2M 18 05 1 Merchant Pending
22-06-2018 17:38:39 2812 3206 0068 8820 5.00 1100231978 100001000022854 5511 no P2M 18 00 1 Customer Pending
22-06-2018 17:25:37 2812 3206 0068 8820 5.00 1100231978 100001000022854 5511 no P2M 18 05 3 Merchant Pending
18-06-2018 17:00:55 2812 3206 0068 8820 5.00 1100231978 100001000022854 5511 no P2M 18 05 1 Merchant Pending
18-06-2018 17:00:48 2812 3206 0068 8820 5.00 1100231978 100001000022854 5511 no P2M 18 05 1 Merchant Pending
15-06-2018 16:41:02 2812 3206 0068 8820 5.00 1100231978 100001000022854 5511 no P2M 18 05 2 Merchant Pending
15-06-2018 16:31:59 2812 3206 0068 8820 5.00 1100231978 100001000022854 5511 no P2M 18 05 2 Merchant Pending
15-06-2018 16:09:40 2812 3206 0068 8820 5.00 1100231978 100001000022854 5511 no P2M 18 05 2 Merchant Pending'

2018-07-06 14:22:39 - [TEST_STEP][PASSED] - verifyElementPresent: Object 'Object Repository/TC_19_20 AM/Merchant_Trans Statistics' is present

2018-07-06 14:22:39 - [MESSAGE][WARNING] - Timeout '0' is invalid. Using default page load timeout: '30'

2018-07-06 14:22:39 - [MESSAGE][PASSED] - Object 'Object Repository/TC_19_20 AM/Merchant_Trans Statistics' is present

2018-07-06 14:22:39 - [TEST_STEP][PASSED] - delay: Delayed 2 second(s)

2018-07-06 14:22:41 - [MESSAGE][PASSED] - Delayed 2 second(s)

2018-07-06 14:22:41 - [TEST_STEP][PASSED] - comment: Merchant Search through Mobile No is validated

2018-07-06 14:22:41 - [TEST_STEP][PASSED] - Statement - Merchant_Search_id = com.kms.katalon.core.webui.keyword.WebUiBuiltInKeywords.takeScreenshot(): Taking screenshot successfully

2018-07-06 14:22:42 - [MESSAGE][PASSED] - Taking screenshot successfully
[[ATTACHMENT|C:\\Users\\ankur.jain\\Katalon Studio\\Feedzai_Automation\\Reports\\AM_Test Suite\\20180706_141638\\1530867161822.png]]]]></system-out>
         <system-err><![CDATA[2018-07-06 14:21:16 - [TEST_CASE][FAILED] - Test Cases/Alert Manager Test Cases/AM_Merchant Search Home Screen/TC19_Validation of Enter MerchantNo: Test Cases/Alert Manager Test Cases/AM_Merchant Search Home Screen/TC19_Validation of Enter MerchantNo FAILED because (of) com.kms.katalon.core.webui.exception.WebElementNotFoundException: Web element with id: 'Object Repository/TC_19_20 AM/Merchant_MobileNo_Validation' located by 'By.xpath: //html//div[4]/div[1]/div[2]' not found]]></system-err>
      </testcase>
      <testcase name="Test Cases/Alert Manager Test Cases/AM_Merchant Search Home Screen/TC20_Validation of Enter Merchant MID" classname="Test Cases/Alert Manager Test Cases/AM_Merchant Search Home Screen/TC20_Validation of Enter Merchant MID" status="PASSED">
         <system-out><![CDATA[2018-07-06 14:22:42 - [TEST_CASE][PASSED] - Test Cases/Alert Manager Test Cases/AM_Merchant Search Home Screen/TC20_Validation of Enter Merchant MID: Test Cases/Alert Manager Test Cases/AM_Merchant Search Home Screen/TC20_Validation of Enter Merchant MID

2018-07-06 14:22:43 - [TEST_STEP][PASSED] - click: Object: 'Object Repository/TC_19_20 AM/Merchant_icon' is clicked on

2018-07-06 14:22:43 - [MESSAGE][PASSED] - Object: 'Object Repository/TC_19_20 AM/Merchant_icon' is clicked on

2018-07-06 14:22:43 - [TEST_STEP][PASSED] - delay: Delayed 2 second(s)

2018-07-06 14:22:45 - [MESSAGE][PASSED] - Delayed 2 second(s)

2018-07-06 14:22:45 - [TEST_STEP][PASSED] - setText: Text '100001000127962' is set on object 'Object Repository/TC_19_20 AM/Merchant_Inputbox'

2018-07-06 14:22:46 - [MESSAGE][PASSED] - Text '100001000127962' is set on object 'Object Repository/TC_19_20 AM/Merchant_Inputbox'

2018-07-06 14:22:46 - [TEST_STEP][PASSED] - delay: Delayed 2 second(s)

2018-07-06 14:22:48 - [MESSAGE][PASSED] - Delayed 2 second(s)

2018-07-06 14:22:48 - [TEST_STEP][PASSED] - setText: Text 'ENTER + ' is set on object 'Object Repository/TC_19_20 AM/Merchant_Inputbox'

2018-07-06 14:22:48 - [MESSAGE][PASSED] - Text 'ENTER + ' is set on object 'Object Repository/TC_19_20 AM/Merchant_Inputbox'

2018-07-06 14:22:48 - [TEST_STEP][PASSED] - delay: Delayed 2 second(s)

2018-07-06 14:22:50 - [MESSAGE][PASSED] - Delayed 2 second(s)

2018-07-06 14:22:50 - [TEST_STEP][PASSED] - verifyElementText: Actual text and expected text of test object 'Object Repository/TC_19_20 AM/Merchant_id_Validation' are matched.

2018-07-06 14:22:50 - [MESSAGE][PASSED] - Actual text and expected text of test object 'Object Repository/TC_19_20 AM/Merchant_id_Validation' are matched.

2018-07-06 14:22:50 - [TEST_STEP][PASSED] - comment: Merchant Search through id is validated

2018-07-06 14:22:50 - [TEST_STEP][PASSED] - Statement - Merchant_Search_id = com.kms.katalon.core.webui.keyword.WebUiBuiltInKeywords.takeScreenshot(): Taking screenshot successfully

2018-07-06 14:22:52 - [MESSAGE][PASSED] - Taking screenshot successfully
[[ATTACHMENT|C:\\Users\\ankur.jain\\Katalon Studio\\Feedzai_Automation\\Reports\\AM_Test Suite\\20180706_141638\\1530867170954.png]]]]></system-out>
         <system-err><![CDATA[]]></system-err>
      </testcase>
      <testcase name="Test Cases/Alert Manager Test Cases/AM_Agent Search/TC21_Validation of Agent Search" classname="Test Cases/Alert Manager Test Cases/AM_Agent Search/TC21_Validation of Agent Search" status="PASSED">
         <system-out><![CDATA[2018-07-06 14:22:52 - [TEST_CASE][PASSED] - Test Cases/Alert Manager Test Cases/AM_Agent Search/TC21_Validation of Agent Search: Test Cases/Alert Manager Test Cases/AM_Agent Search/TC21_Validation of Agent Search

2018-07-06 14:22:52 - [TEST_STEP][PASSED] - click: Object: 'Object Repository/TC_21_AM/Agent_Icon' is clicked on

2018-07-06 14:22:53 - [MESSAGE][PASSED] - Object: 'Object Repository/TC_21_AM/Agent_Icon' is clicked on

2018-07-06 14:22:53 - [TEST_STEP][PASSED] - delay: Delayed 2 second(s)

2018-07-06 14:22:55 - [MESSAGE][PASSED] - Delayed 2 second(s)

2018-07-06 14:22:55 - [TEST_STEP][PASSED] - setText: Text '1000002151' is set on object 'Object Repository/TC_21_AM/Agent_Search'

2018-07-06 14:22:55 - [MESSAGE][PASSED] - Text '1000002151' is set on object 'Object Repository/TC_21_AM/Agent_Search'

2018-07-06 14:22:55 - [TEST_STEP][PASSED] - delay: Delayed 9 second(s)

2018-07-06 14:23:04 - [MESSAGE][PASSED] - Delayed 9 second(s)

2018-07-06 14:23:04 - [TEST_STEP][PASSED] - setText: Text 'ENTER + ' is set on object 'Object Repository/TC_21_AM/Agent_Search'

2018-07-06 14:23:05 - [MESSAGE][PASSED] - Text 'ENTER + ' is set on object 'Object Repository/TC_21_AM/Agent_Search'

2018-07-06 14:23:05 - [TEST_STEP][PASSED] - delay: Delayed 2 second(s)

2018-07-06 14:23:07 - [MESSAGE][PASSED] - Delayed 2 second(s)

2018-07-06 14:23:07 - [TEST_STEP][PASSED] - verifyElementText: Actual text and expected text of test object 'Object Repository/TC_21_AM/Agent_id_Validation' are matched.

2018-07-06 14:23:07 - [MESSAGE][PASSED] - Actual text and expected text of test object 'Object Repository/TC_21_AM/Agent_id_Validation' are matched.

2018-07-06 14:23:07 - [TEST_STEP][PASSED] - getText: Text of object 'Object Repository/TC_21_AM/Agent_Details' is: 'Agent Name
VARA PP
Agent ID
1000002151
Status
Unknown
Account Date
16-12-2016 (2 years ago)
Shop
PRASADDD
Type
Distributor Sales
Phone Number
Unknown
Mobile Number
9769956830
Email
kanika.shetty@ril.com
Agent App ID
Unknown
Category
Zonal Distributor
Business Regional Number
Unknown
PIN Area (Zip Code)
400706
Address
asa sasa sas
400706 - asas, KA, IN'

2018-07-06 14:23:07 - [MESSAGE][PASSED] - Text of object 'Object Repository/TC_21_AM/Agent_Details' is: 'Agent Name
VARA PP
Agent ID
1000002151
Status
Unknown
Account Date
16-12-2016 (2 years ago)
Shop
PRASADDD
Type
Distributor Sales
Phone Number
Unknown
Mobile Number
9769956830
Email
kanika.shetty@ril.com
Agent App ID
Unknown
Category
Zonal Distributor
Business Regional Number
Unknown
PIN Area (Zip Code)
400706
Address
asa sasa sas
400706 - asas, KA, IN'

2018-07-06 14:23:07 - [TEST_STEP][PASSED] - verifyElementPresent: Object 'Object Repository/TC_21_AM/Agent_Location' is present

2018-07-06 14:23:07 - [MESSAGE][WARNING] - Timeout '0' is invalid. Using default page load timeout: '30'

2018-07-06 14:23:08 - [MESSAGE][PASSED] - Object 'Object Repository/TC_21_AM/Agent_Location' is present

2018-07-06 14:23:08 - [TEST_STEP][PASSED] - getText: Text of object 'Object Repository/TC_21_AM/Agent_Activity Period' is: 'From
16-12-2016 11:34:41
To
05-04-2018 13:14:31
Period
a year'

2018-07-06 14:23:08 - [MESSAGE][PASSED] - Text of object 'Object Repository/TC_21_AM/Agent_Activity Period' is: 'From
16-12-2016 11:34:41
To
05-04-2018 13:14:31
Period
a year'

2018-07-06 14:23:08 - [TEST_STEP][PASSED] - getText: Text of object 'Object Repository/TC_21_AM/Agent_Trans Details' is: 'Number of Transactions
23
Total Amount (₹)
122.00
Average Amount (₹)
5.30
Amount Std. Deviation (₹)
5.30'

2018-07-06 14:23:08 - [MESSAGE][PASSED] - Text of object 'Object Repository/TC_21_AM/Agent_Trans Details' is: 'Number of Transactions
23
Total Amount (₹)
122.00
Average Amount (₹)
5.30
Amount Std. Deviation (₹)
5.30'

2018-07-06 14:23:08 - [TEST_STEP][PASSED] - getText: Text of object 'Object Repository/TC_21_AM/Agent_Fraud Details' is: 'Number of Transactions
4 (17.39%)
Amount (₹)
54.00 (44.3%)
Average Amount (₹)
13.50
Amount Std. Deviation (₹)
1.73'

2018-07-06 14:23:08 - [MESSAGE][PASSED] - Text of object 'Object Repository/TC_21_AM/Agent_Fraud Details' is: 'Number of Transactions
4 (17.39%)
Amount (₹)
54.00 (44.3%)
Average Amount (₹)
13.50
Amount Std. Deviation (₹)
1.73'

2018-07-06 14:23:08 - [TEST_STEP][PASSED] - getText: Text of object 'Object Repository/TC_21_AM/Agent_Trans History' is: 'Date / Time PAN Amount (₹) Customer Beneficiary MCC CP Channel Type Response RT Queue Status
05-04-2018 13:14:31 Jio 2.00 Unknown teststststs N/A no BIA 14 05 0 Unassigned Not Fraud
05-04-2018 13:14:22 Jio 2.00 Unknown teststststs N/A no BIA 14 05 0 Unassigned Not Fraud
05-04-2018 13:05:53 Jio 10.00 Unknown TJAN240120208 N/A no 28-7171 28 00 0 Unassigned Not Fraud
29-12-2016 14:58:24 2812 3201 8089 0507 2.00 1100021222 1100021222 N/A no LMA 28 05 0 Unassigned Not Fraud
16-12-2016 12:20:38 2812 3201 0179 4630 12.00 1100021194 1100021194 N/A no LMA 28 05 1 Unassigned Fraud
16-12-2016 12:15:53 2812 3201 0179 4630 10.00 1100021194 1100021194 N/A no LMA 28 00 1 Unassigned Not Fraud
16-12-2016 12:15:37 2812 3201 8089 0507 10.00 1100021222 1100021222 N/A no LMA 28 05 0 Unassigned Not Fraud'

2018-07-06 14:23:09 - [MESSAGE][PASSED] - Text of object 'Object Repository/TC_21_AM/Agent_Trans History' is: 'Date / Time PAN Amount (₹) Customer Beneficiary MCC CP Channel Type Response RT Queue Status
05-04-2018 13:14:31 Jio 2.00 Unknown teststststs N/A no BIA 14 05 0 Unassigned Not Fraud
05-04-2018 13:14:22 Jio 2.00 Unknown teststststs N/A no BIA 14 05 0 Unassigned Not Fraud
05-04-2018 13:05:53 Jio 10.00 Unknown TJAN240120208 N/A no 28-7171 28 00 0 Unassigned Not Fraud
29-12-2016 14:58:24 2812 3201 8089 0507 2.00 1100021222 1100021222 N/A no LMA 28 05 0 Unassigned Not Fraud
16-12-2016 12:20:38 2812 3201 0179 4630 12.00 1100021194 1100021194 N/A no LMA 28 05 1 Unassigned Fraud
16-12-2016 12:15:53 2812 3201 0179 4630 10.00 1100021194 1100021194 N/A no LMA 28 00 1 Unassigned Not Fraud
16-12-2016 12:15:37 2812 3201 8089 0507 10.00 1100021222 1100021222 N/A no LMA 28 05 0 Unassigned Not Fraud'

2018-07-06 14:23:09 - [TEST_STEP][PASSED] - verifyElementPresent: Object 'Object Repository/TC_21_AM/Agent_Transcation Stats' is present

2018-07-06 14:23:09 - [MESSAGE][WARNING] - Timeout '0' is invalid. Using default page load timeout: '30'

2018-07-06 14:23:10 - [MESSAGE][PASSED] - Object 'Object Repository/TC_21_AM/Agent_Transcation Stats' is present

2018-07-06 14:23:10 - [TEST_STEP][PASSED] - delay: Delayed 2 second(s)

2018-07-06 14:23:12 - [MESSAGE][PASSED] - Delayed 2 second(s)

2018-07-06 14:23:12 - [TEST_STEP][PASSED] - comment: Agent Search through id is validated

2018-07-06 14:23:12 - [TEST_STEP][PASSED] - Statement - Agent_Search_id = com.kms.katalon.core.webui.keyword.WebUiBuiltInKeywords.takeScreenshot(): Taking screenshot successfully

2018-07-06 14:23:12 - [MESSAGE][PASSED] - Taking screenshot successfully
[[ATTACHMENT|C:\\Users\\ankur.jain\\Katalon Studio\\Feedzai_Automation\\Reports\\AM_Test Suite\\20180706_141638\\1530867192166.png]]]]></system-out>
         <system-err><![CDATA[]]></system-err>
      </testcase>
      <testcase name="Test Cases/Alert Manager Test Cases/Alert Manager_Reports/TC23_Validation of Reports" classname="Test Cases/Alert Manager Test Cases/Alert Manager_Reports/TC23_Validation of Reports" status="PASSED">
         <system-out><![CDATA[2018-07-06 14:23:12 - [TEST_CASE][PASSED] - Test Cases/Alert Manager Test Cases/Alert Manager_Reports/TC23_Validation of Reports: Test Cases/Alert Manager Test Cases/Alert Manager_Reports/TC23_Validation of Reports

2018-07-06 14:23:13 - [TEST_STEP][PASSED] - click: Object: 'Object Repository/TC_23_AM/Report_Icon' is clicked on

2018-07-06 14:23:13 - [MESSAGE][PASSED] - Object: 'Object Repository/TC_23_AM/Report_Icon' is clicked on

2018-07-06 14:23:13 - [TEST_STEP][PASSED] - delay: Delayed 2 second(s)

2018-07-06 14:23:15 - [MESSAGE][PASSED] - Delayed 2 second(s)

2018-07-06 14:23:15 - [TEST_STEP][PASSED] - click: Object: 'Object Repository/TC_23_AM/Click_excel' is clicked on

2018-07-06 14:23:15 - [MESSAGE][PASSED] - Object: 'Object Repository/TC_23_AM/Click_excel' is clicked on

2018-07-06 14:23:15 - [TEST_STEP][PASSED] - Statement - Report_Download = com.kms.katalon.core.webui.keyword.WebUiBuiltInKeywords.takeScreenshot(): Taking screenshot successfully

2018-07-06 14:23:17 - [MESSAGE][PASSED] - Taking screenshot successfully
[[ATTACHMENT|C:\\Users\\ankur.jain\\Katalon Studio\\Feedzai_Automation\\Reports\\AM_Test Suite\\20180706_141638\\1530867195866.png]]

2018-07-06 14:23:17 - [TEST_STEP][PASSED] - comment: Report downloaded sucesfully]]></system-out>
         <system-err><![CDATA[]]></system-err>
      </testcase>
      <testcase name="Test Cases/Alert Manager Test Cases/Alert Manager_Search Screen/TC24_Validate Advance search through customer id" classname="Test Cases/Alert Manager Test Cases/Alert Manager_Search Screen/TC24_Validate Advance search through customer id" status="PASSED">
         <system-out><![CDATA[2018-07-06 14:23:17 - [TEST_CASE][PASSED] - Test Cases/Alert Manager Test Cases/Alert Manager_Search Screen/TC24_Validate Advance search through customer id: Test Cases/Alert Manager Test Cases/Alert Manager_Search Screen/TC24_Validate Advance search through customer id

2018-07-06 14:23:18 - [TEST_STEP][NOT_RUN] - openBrowser: NOT_RUN: openBrowser

2018-07-06 14:23:18 - [MESSAGE][NOT_RUN] - NOT_RUN: openBrowser

2018-07-06 14:23:18 - [TEST_STEP][NOT_RUN] - navigateToUrl: NOT_RUN: navigateToUrl

2018-07-06 14:23:18 - [MESSAGE][NOT_RUN] - NOT_RUN: navigateToUrl

2018-07-06 14:23:18 - [TEST_STEP][NOT_RUN] - maximizeWindow: NOT_RUN: maximizeWindow

2018-07-06 14:23:18 - [MESSAGE][NOT_RUN] - NOT_RUN: maximizeWindow

2018-07-06 14:23:18 - [TEST_STEP][NOT_RUN] - setText: NOT_RUN: setText

2018-07-06 14:23:18 - [MESSAGE][NOT_RUN] - NOT_RUN: setText

2018-07-06 14:23:18 - [TEST_STEP][NOT_RUN] - setText: NOT_RUN: setText

2018-07-06 14:23:18 - [MESSAGE][NOT_RUN] - NOT_RUN: setText

2018-07-06 14:23:18 - [TEST_STEP][NOT_RUN] - sendKeys: NOT_RUN: sendKeys

2018-07-06 14:23:18 - [MESSAGE][NOT_RUN] - NOT_RUN: sendKeys

2018-07-06 14:23:18 - [TEST_STEP][PASSED] - click: Object: 'Object Repository/TC_24_36 AM/span_Search' is clicked on

2018-07-06 14:23:18 - [MESSAGE][PASSED] - Object: 'Object Repository/TC_24_36 AM/span_Search' is clicked on

2018-07-06 14:23:18 - [TEST_STEP][PASSED] - clearText: Text of object 'Object Repository/TC_24_36 AM/Date_input' is cleared

2018-07-06 14:23:19 - [MESSAGE][PASSED] - Text of object 'Object Repository/TC_24_36 AM/Date_input' is cleared

2018-07-06 14:23:19 - [TEST_STEP][PASSED] - click: Object: 'Object Repository/TC_24_36 AM/Done_Button' is clicked on

2018-07-06 14:23:19 - [MESSAGE][PASSED] - Object: 'Object Repository/TC_24_36 AM/Done_Button' is clicked on

2018-07-06 14:23:19 - [TEST_STEP][PASSED] - delay: Delayed 2 second(s)

2018-07-06 14:23:21 - [MESSAGE][PASSED] - Delayed 2 second(s)

2018-07-06 14:23:21 - [TEST_STEP][PASSED] - click: Object: 'Object Repository/TC_24_36 AM/button_Advanced Search' is clicked on

2018-07-06 14:23:21 - [MESSAGE][PASSED] - Object: 'Object Repository/TC_24_36 AM/button_Advanced Search' is clicked on

2018-07-06 14:23:21 - [TEST_STEP][PASSED] - click: Object: 'Object Repository/TC_24_36 AM/ul_Customer Id' is clicked on

2018-07-06 14:23:22 - [MESSAGE][PASSED] - Object: 'Object Repository/TC_24_36 AM/ul_Customer Id' is clicked on

2018-07-06 14:23:22 - [TEST_STEP][PASSED] - setText: Text '1100243850' is set on object 'Object Repository/TC_24_36 AM/input_s2id_autogen7'

2018-07-06 14:23:22 - [MESSAGE][PASSED] - Text '1100243850' is set on object 'Object Repository/TC_24_36 AM/input_s2id_autogen7'

2018-07-06 14:23:22 - [TEST_STEP][PASSED] - delay: Delayed 2 second(s)

2018-07-06 14:23:24 - [MESSAGE][PASSED] - Delayed 2 second(s)

2018-07-06 14:23:24 - [TEST_STEP][PASSED] - sendKeys: Keys 'ENTER + ' sent to object: 'Object Repository/TC_24_36 AM/input_s2id_autogen7'

2018-07-06 14:23:25 - [MESSAGE][PASSED] - Keys 'ENTER + ' sent to object: 'Object Repository/TC_24_36 AM/input_s2id_autogen7'

2018-07-06 14:23:25 - [TEST_STEP][PASSED] - delay: Delayed 2 second(s)

2018-07-06 14:23:27 - [MESSAGE][PASSED] - Delayed 2 second(s)

2018-07-06 14:23:27 - [TEST_STEP][PASSED] - click: Object: 'Object Repository/TC_24_36 AM/button_Search' is clicked on

2018-07-06 14:23:27 - [MESSAGE][PASSED] - Object: 'Object Repository/TC_24_36 AM/button_Search' is clicked on

2018-07-06 14:23:27 - [TEST_STEP][PASSED] - getText: Text of object 'Object Repository/TC_24_36 AM/Cust_Details' is: '15-05-2018 15:18:53 2812 3206 0077 6096 1,000.00 1100243850 1100243850 N/A no LMW 28 00 0 Unassigned Not Fraud
15-05-2018 15:21:59 2812 3206 0077 6096 5.00 1100243850 100001000020437 5999 no WPP 0 00 0 Unassigned Not Fraud
15-05-2018 15:23:34 2812 3206 0077 6096 6.00 1100243850 100001000020437 5999 no WPP 0 00 0 Unassigned Not Fraud
15-05-2018 15:24:40 2812 3206 0077 6096 4.00 1100243850 100001000020437 5999 no WPP 0 00 0 Unassigned Not Fraud
15-05-2018 15:25:57 2812 3200 0000 0000 1.00 1100243850 100001000020437 5999 no WPP 0 05 1 Customer Pending
15-05-2018 15:33:13 2812 3206 0077 6096 6.00 1100243850 1100243850 5999 no WRO 20 00 0 Unassigned Not Fraud
15-05-2018 15:35:00 2812 3206 0077 6096 6.00 1100243850 100001000020437 5999 no WPP 0 00 0 Unassigned Not Fraud
15-05-2018 15:36:21 2812 3200 0000 0000 1.00 1100243850 100001000020437 5999 no WPP 0 05 1 Customer Pending
15-06-2018 12:35:16 NA 2.00 1100243850 100001000014146 5999 no WPP 0 05 0 Unassigned Not Fraud
15-06-2018 12:38:04 1000 00XX XXXX 3645 2.00 1100243850 100001000014146 5999 no WPP 0 00 1 Unassigned Pending'

2018-07-06 14:23:29 - [MESSAGE][PASSED] - Text of object 'Object Repository/TC_24_36 AM/Cust_Details' is: '15-05-2018 15:18:53 2812 3206 0077 6096 1,000.00 1100243850 1100243850 N/A no LMW 28 00 0 Unassigned Not Fraud
15-05-2018 15:21:59 2812 3206 0077 6096 5.00 1100243850 100001000020437 5999 no WPP 0 00 0 Unassigned Not Fraud
15-05-2018 15:23:34 2812 3206 0077 6096 6.00 1100243850 100001000020437 5999 no WPP 0 00 0 Unassigned Not Fraud
15-05-2018 15:24:40 2812 3206 0077 6096 4.00 1100243850 100001000020437 5999 no WPP 0 00 0 Unassigned Not Fraud
15-05-2018 15:25:57 2812 3200 0000 0000 1.00 1100243850 100001000020437 5999 no WPP 0 05 1 Customer Pending
15-05-2018 15:33:13 2812 3206 0077 6096 6.00 1100243850 1100243850 5999 no WRO 20 00 0 Unassigned Not Fraud
15-05-2018 15:35:00 2812 3206 0077 6096 6.00 1100243850 100001000020437 5999 no WPP 0 00 0 Unassigned Not Fraud
15-05-2018 15:36:21 2812 3200 0000 0000 1.00 1100243850 100001000020437 5999 no WPP 0 05 1 Customer Pending
15-06-2018 12:35:16 NA 2.00 1100243850 100001000014146 5999 no WPP 0 05 0 Unassigned Not Fraud
15-06-2018 12:38:04 1000 00XX XXXX 3645 2.00 1100243850 100001000014146 5999 no WPP 0 00 1 Unassigned Pending'

2018-07-06 14:23:29 - [TEST_STEP][PASSED] - comment: Customer Details Displayed

2018-07-06 14:23:29 - [TEST_STEP][PASSED] - Statement - Customer_Details = com.kms.katalon.core.webui.keyword.WebUiBuiltInKeywords.takeScreenshot(): Taking screenshot successfully

2018-07-06 14:23:29 - [MESSAGE][PASSED] - Taking screenshot successfully
[[ATTACHMENT|C:\\Users\\ankur.jain\\Katalon Studio\\Feedzai_Automation\\Reports\\AM_Test Suite\\20180706_141638\\1530867209234.png]]

2018-07-06 14:23:29 - [TEST_STEP][PASSED] - verifyElementText: Actual text and expected text of test object 'Object Repository/TC_24_36 AM/Cust_id_Validation' are matched.

2018-07-06 14:23:29 - [MESSAGE][PASSED] - Actual text and expected text of test object 'Object Repository/TC_24_36 AM/Cust_id_Validation' are matched.

2018-07-06 14:23:29 - [TEST_STEP][PASSED] - refresh: Refresh successfully

2018-07-06 14:23:30 - [MESSAGE][PASSED] - Refresh successfully

2018-07-06 14:23:30 - [TEST_STEP][PASSED] - delay: Delayed 12 second(s)

2018-07-06 14:23:42 - [MESSAGE][PASSED] - Delayed 12 second(s)]]></system-out>
         <system-err><![CDATA[]]></system-err>
      </testcase>
      <testcase name="Test Cases/Alert Manager Test Cases/Alert Manager_Search Screen/TC25_Validate Advance search through Merchant id" classname="Test Cases/Alert Manager Test Cases/Alert Manager_Search Screen/TC25_Validate Advance search through Merchant id" status="PASSED">
         <system-out><![CDATA[2018-07-06 14:23:42 - [TEST_CASE][PASSED] - Test Cases/Alert Manager Test Cases/Alert Manager_Search Screen/TC25_Validate Advance search through Merchant id: Test Cases/Alert Manager Test Cases/Alert Manager_Search Screen/TC25_Validate Advance search through Merchant id

2018-07-06 14:23:42 - [TEST_STEP][PASSED] - clearText: Text of object 'Object Repository/TC_24_36 AM/Date_input' is cleared

2018-07-06 14:23:45 - [MESSAGE][PASSED] - Text of object 'Object Repository/TC_24_36 AM/Date_input' is cleared

2018-07-06 14:23:45 - [TEST_STEP][PASSED] - click: Object: 'Object Repository/TC_24_36 AM/Done_Button' is clicked on

2018-07-06 14:23:45 - [MESSAGE][PASSED] - Object: 'Object Repository/TC_24_36 AM/Done_Button' is clicked on

2018-07-06 14:23:45 - [TEST_STEP][PASSED] - delay: Delayed 5 second(s)

2018-07-06 14:23:50 - [MESSAGE][PASSED] - Delayed 5 second(s)

2018-07-06 14:23:51 - [TEST_STEP][PASSED] - click: Object: 'Object Repository/TC_24_36 AM/button_Advanced Search' is clicked on

2018-07-06 14:23:56 - [MESSAGE][PASSED] - Object: 'Object Repository/TC_24_36 AM/button_Advanced Search' is clicked on

2018-07-06 14:23:56 - [TEST_STEP][PASSED] - delay: Delayed 2 second(s)

2018-07-06 14:23:58 - [MESSAGE][PASSED] - Delayed 2 second(s)

2018-07-06 14:23:58 - [TEST_STEP][PASSED] - click: Object: 'Object Repository/TC_24_36 AM/Merchant_Input' is clicked on

2018-07-06 14:24:03 - [MESSAGE][PASSED] - Object: 'Object Repository/TC_24_36 AM/Merchant_Input' is clicked on

2018-07-06 14:24:03 - [TEST_STEP][PASSED] - setText: Text '100001000021019' is set on object 'Object Repository/TC_24_36 AM/Input_MerId'

2018-07-06 14:24:04 - [MESSAGE][PASSED] - Text '100001000021019' is set on object 'Object Repository/TC_24_36 AM/Input_MerId'

2018-07-06 14:24:04 - [TEST_STEP][PASSED] - delay: Delayed 5 second(s)

2018-07-06 14:24:09 - [MESSAGE][PASSED] - Delayed 5 second(s)

2018-07-06 14:24:09 - [TEST_STEP][PASSED] - sendKeys: Keys 'ENTER + ' sent to object: 'Object Repository/TC_24_36 AM/Input_MerId'

2018-07-06 14:24:09 - [MESSAGE][PASSED] - Keys 'ENTER + ' sent to object: 'Object Repository/TC_24_36 AM/Input_MerId'

2018-07-06 14:24:09 - [TEST_STEP][PASSED] - delay: Delayed 5 second(s)

2018-07-06 14:24:14 - [MESSAGE][PASSED] - Delayed 5 second(s)

2018-07-06 14:24:14 - [TEST_STEP][PASSED] - click: Object: 'Object Repository/TC_24_36 AM/button_Search' is clicked on

2018-07-06 14:24:20 - [MESSAGE][PASSED] - Object: 'Object Repository/TC_24_36 AM/button_Search' is clicked on

2018-07-06 14:24:20 - [TEST_STEP][PASSED] - getText: Text of object 'Object Repository/TC_24_36 AM/Cust_Details' is: '24-11-2016 15:07:18 2812 3201 2357 3731 10.00 1100022020 100001000021019 5532 no P2M 18 00 0 Unassigned Not Fraud
24-11-2016 16:14:59 2812 3201 6604 8336 10.00 1100022022 100001000021019 5532 no P2M 18 05 1 Unassigned Fraud
30-03-2017 15:47:38 2812 3201 4461 4845 1.00 1100005196 100001000021019 5532 no P2M 18 00 0 Unassigned Not Fraud
12-05-2017 12:59:15 2812 3201 4461 4845 10.00 1100005196 100001000021019 5532 no P2M 18 05 2 Customer Pending
12-05-2017 12:59:57 2812 3201 4461 4845 10.00 1100005196 100001000021019 5532 no P2M 18 05 2 Merchant Pending
23-05-2017 15:34:18 2812 3201 4461 4845 2.00 1100005196 100001000021019 5532 no P2M 18 00 0 Unassigned Not Fraud
06-06-2017 15:17:50 2812 3206 0032 9557 18.00 1100059679 100001000021019 5532 no P2M 18 05 1 Merchant Pending
13-06-2017 10:42:19 2812 3201 4461 4845 10.00 1100005196 100001000021019 5532 no P2M 18 05 1 Unassigned Not Fraud'

2018-07-06 14:24:21 - [MESSAGE][PASSED] - Text of object 'Object Repository/TC_24_36 AM/Cust_Details' is: '24-11-2016 15:07:18 2812 3201 2357 3731 10.00 1100022020 100001000021019 5532 no P2M 18 00 0 Unassigned Not Fraud
24-11-2016 16:14:59 2812 3201 6604 8336 10.00 1100022022 100001000021019 5532 no P2M 18 05 1 Unassigned Fraud
30-03-2017 15:47:38 2812 3201 4461 4845 1.00 1100005196 100001000021019 5532 no P2M 18 00 0 Unassigned Not Fraud
12-05-2017 12:59:15 2812 3201 4461 4845 10.00 1100005196 100001000021019 5532 no P2M 18 05 2 Customer Pending
12-05-2017 12:59:57 2812 3201 4461 4845 10.00 1100005196 100001000021019 5532 no P2M 18 05 2 Merchant Pending
23-05-2017 15:34:18 2812 3201 4461 4845 2.00 1100005196 100001000021019 5532 no P2M 18 00 0 Unassigned Not Fraud
06-06-2017 15:17:50 2812 3206 0032 9557 18.00 1100059679 100001000021019 5532 no P2M 18 05 1 Merchant Pending
13-06-2017 10:42:19 2812 3201 4461 4845 10.00 1100005196 100001000021019 5532 no P2M 18 05 1 Unassigned Not Fraud'

2018-07-06 14:24:21 - [TEST_STEP][PASSED] - comment: Merchant id Details Displayed

2018-07-06 14:24:21 - [TEST_STEP][PASSED] - verifyElementText: Actual text and expected text of test object 'Object Repository/TC_24_36 AM/Mer_id_Valid' are matched.

2018-07-06 14:24:22 - [MESSAGE][PASSED] - Actual text and expected text of test object 'Object Repository/TC_24_36 AM/Mer_id_Valid' are matched.

2018-07-06 14:24:22 - [TEST_STEP][PASSED] - Statement - Merchant_Details = com.kms.katalon.core.webui.keyword.WebUiBuiltInKeywords.takeScreenshot(): Taking screenshot successfully

2018-07-06 14:24:22 - [MESSAGE][PASSED] - Taking screenshot successfully
[[ATTACHMENT|C:\\Users\\ankur.jain\\Katalon Studio\\Feedzai_Automation\\Reports\\AM_Test Suite\\20180706_141638\\1530867262053.png]]

2018-07-06 14:24:22 - [TEST_STEP][PASSED] - refresh: Refresh successfully

2018-07-06 14:24:23 - [MESSAGE][PASSED] - Refresh successfully

2018-07-06 14:24:23 - [TEST_STEP][PASSED] - delay: Delayed 6 second(s)

2018-07-06 14:24:29 - [MESSAGE][PASSED] - Delayed 6 second(s)]]></system-out>
         <system-err><![CDATA[]]></system-err>
      </testcase>
      <testcase name="Test Cases/Alert Manager Test Cases/Alert Manager_Search Screen/TC26_Validate Advance search through channel" classname="Test Cases/Alert Manager Test Cases/Alert Manager_Search Screen/TC26_Validate Advance search through channel" status="PASSED">
         <system-out><![CDATA[2018-07-06 14:24:29 - [TEST_CASE][PASSED] - Test Cases/Alert Manager Test Cases/Alert Manager_Search Screen/TC26_Validate Advance search through channel: Test Cases/Alert Manager Test Cases/Alert Manager_Search Screen/TC26_Validate Advance search through channel

2018-07-06 14:24:29 - [TEST_STEP][PASSED] - clearText: Text of object 'Object Repository/TC_24_36 AM/Date_input' is cleared

2018-07-06 14:24:38 - [MESSAGE][PASSED] - Text of object 'Object Repository/TC_24_36 AM/Date_input' is cleared

2018-07-06 14:24:38 - [TEST_STEP][PASSED] - delay: Delayed 5 second(s)

2018-07-06 14:24:43 - [MESSAGE][PASSED] - Delayed 5 second(s)

2018-07-06 14:24:43 - [TEST_STEP][PASSED] - click: Object: 'Object Repository/TC_24_36 AM/Done_Button' is clicked on

2018-07-06 14:24:43 - [MESSAGE][PASSED] - Object: 'Object Repository/TC_24_36 AM/Done_Button' is clicked on

2018-07-06 14:24:43 - [TEST_STEP][PASSED] - delay: Delayed 5 second(s)

2018-07-06 14:24:48 - [MESSAGE][PASSED] - Delayed 5 second(s)

2018-07-06 14:24:48 - [TEST_STEP][PASSED] - click: Object: 'Object Repository/TC_24_36 AM/button_Advanced Search' is clicked on

2018-07-06 14:24:48 - [MESSAGE][PASSED] - Object: 'Object Repository/TC_24_36 AM/button_Advanced Search' is clicked on

2018-07-06 14:24:48 - [TEST_STEP][PASSED] - delay: Delayed 2 second(s)

2018-07-06 14:24:50 - [MESSAGE][PASSED] - Delayed 2 second(s)

2018-07-06 14:24:50 - [TEST_STEP][PASSED] - click: Object: 'Object Repository/TC_24_36 AM/Chaneel_Click' is clicked on

2018-07-06 14:24:51 - [MESSAGE][PASSED] - Object: 'Object Repository/TC_24_36 AM/Chaneel_Click' is clicked on

2018-07-06 14:24:51 - [TEST_STEP][PASSED] - setText: Text 'P2M' is set on object 'Object Repository/TC_24_36 AM/Channel_Input'

2018-07-06 14:24:51 - [MESSAGE][PASSED] - Text 'P2M' is set on object 'Object Repository/TC_24_36 AM/Channel_Input'

2018-07-06 14:24:51 - [TEST_STEP][PASSED] - delay: Delayed 5 second(s)

2018-07-06 14:24:56 - [MESSAGE][PASSED] - Delayed 5 second(s)

2018-07-06 14:24:56 - [TEST_STEP][PASSED] - sendKeys: Keys 'ENTER + ' sent to object: 'Object Repository/TC_24_36 AM/Channel_Input'

2018-07-06 14:24:57 - [MESSAGE][PASSED] - Keys 'ENTER + ' sent to object: 'Object Repository/TC_24_36 AM/Channel_Input'

2018-07-06 14:24:57 - [TEST_STEP][PASSED] - delay: Delayed 9 second(s)

2018-07-06 14:25:06 - [MESSAGE][PASSED] - Delayed 9 second(s)

2018-07-06 14:25:06 - [TEST_STEP][PASSED] - click: Object: 'Object Repository/TC_24_36 AM/button_Search' is clicked on

2018-07-06 14:25:06 - [MESSAGE][PASSED] - Object: 'Object Repository/TC_24_36 AM/button_Search' is clicked on

2018-07-06 14:25:06 - [TEST_STEP][PASSED] - getText: Text of object 'Object Repository/TC_24_36 AM/Cust_Details' is: '03-10-2016 12:44:39 2812 3202 5265 8477 10.00 1100006008 100001000016982 8999 no P2M 18 00 1 Unassigned Fraud
12-10-2016 11:26:56 2812 3202 2842 3378 50.00 1100005115 100001000015627 5691 no P2M 18 00 1 Unassigned Not Fraud
12-10-2016 11:57:41 2812 3204 4702 7109 1.00 1100000697 100001000017104 8241 no P2M 18 00 1 Unassigned Not Fraud
17-10-2016 11:19:34 2812 3202 3669 7120 100.00 1100006776 100001000015627 5691 no P2M 18 00 1 Unassigned Not Fraud
21-10-2016 16:49:28 2812 3201 4186 7792 1.00 C000201210 100001000014838 5944 no P2M 18 00 1 Unassigned Not Fraud'

2018-07-06 14:25:08 - [MESSAGE][PASSED] - Text of object 'Object Repository/TC_24_36 AM/Cust_Details' is: '03-10-2016 12:44:39 2812 3202 5265 8477 10.00 1100006008 100001000016982 8999 no P2M 18 00 1 Unassigned Fraud
12-10-2016 11:26:56 2812 3202 2842 3378 50.00 1100005115 100001000015627 5691 no P2M 18 00 1 Unassigned Not Fraud
12-10-2016 11:57:41 2812 3204 4702 7109 1.00 1100000697 100001000017104 8241 no P2M 18 00 1 Unassigned Not Fraud
17-10-2016 11:19:34 2812 3202 3669 7120 100.00 1100006776 100001000015627 5691 no P2M 18 00 1 Unassigned Not Fraud
21-10-2016 16:49:28 2812 3201 4186 7792 1.00 C000201210 100001000014838 5944 no P2M 18 00 1 Unassigned Not Fraud'

2018-07-06 14:25:08 - [TEST_STEP][PASSED] - comment: P2M Details Displayed

2018-07-06 14:25:08 - [TEST_STEP][PASSED] - verifyElementText: Actual text and expected text of test object 'Object Repository/TC_24_36 AM/Chaneel_id_Valid' are matched.

2018-07-06 14:25:08 - [MESSAGE][PASSED] - Actual text and expected text of test object 'Object Repository/TC_24_36 AM/Chaneel_id_Valid' are matched.

2018-07-06 14:25:08 - [TEST_STEP][PASSED] - Statement - Chaneel_Details = com.kms.katalon.core.webui.keyword.WebUiBuiltInKeywords.takeScreenshot(): Taking screenshot successfully

2018-07-06 14:25:08 - [MESSAGE][PASSED] - Taking screenshot successfully
[[ATTACHMENT|C:\\Users\\ankur.jain\\Katalon Studio\\Feedzai_Automation\\Reports\\AM_Test Suite\\20180706_141638\\1530867308479.png]]

2018-07-06 14:25:08 - [TEST_STEP][PASSED] - refresh: Refresh successfully

2018-07-06 14:25:09 - [MESSAGE][PASSED] - Refresh successfully

2018-07-06 14:25:09 - [TEST_STEP][PASSED] - delay: Delayed 6 second(s)

2018-07-06 14:25:15 - [MESSAGE][PASSED] - Delayed 6 second(s)]]></system-out>
         <system-err><![CDATA[]]></system-err>
      </testcase>
      <testcase name="Test Cases/Alert Manager Test Cases/Alert Manager_Search Screen/TC27_Validate Advance search through Agent Id" classname="Test Cases/Alert Manager Test Cases/Alert Manager_Search Screen/TC27_Validate Advance search through Agent Id" status="PASSED">
         <system-out><![CDATA[2018-07-06 14:25:15 - [TEST_CASE][PASSED] - Test Cases/Alert Manager Test Cases/Alert Manager_Search Screen/TC27_Validate Advance search through Agent Id: Test Cases/Alert Manager Test Cases/Alert Manager_Search Screen/TC27_Validate Advance search through Agent Id

2018-07-06 14:25:16 - [TEST_STEP][PASSED] - clearText: Text of object 'Object Repository/TC_24_36 AM/Date_input' is cleared

2018-07-06 14:25:26 - [MESSAGE][PASSED] - Text of object 'Object Repository/TC_24_36 AM/Date_input' is cleared

2018-07-06 14:25:26 - [TEST_STEP][PASSED] - click: Object: 'Object Repository/TC_24_36 AM/Done_Button' is clicked on

2018-07-06 14:25:27 - [MESSAGE][PASSED] - Object: 'Object Repository/TC_24_36 AM/Done_Button' is clicked on

2018-07-06 14:25:27 - [TEST_STEP][PASSED] - delay: Delayed 5 second(s)

2018-07-06 14:25:32 - [MESSAGE][PASSED] - Delayed 5 second(s)

2018-07-06 14:25:32 - [TEST_STEP][PASSED] - click: Object: 'Object Repository/TC_24_36 AM/button_Advanced Search' is clicked on

2018-07-06 14:25:32 - [MESSAGE][PASSED] - Object: 'Object Repository/TC_24_36 AM/button_Advanced Search' is clicked on

2018-07-06 14:25:32 - [TEST_STEP][PASSED] - delay: Delayed 2 second(s)

2018-07-06 14:25:34 - [MESSAGE][PASSED] - Delayed 2 second(s)

2018-07-06 14:25:34 - [TEST_STEP][PASSED] - click: Object: 'Object Repository/TC_24_36 AM/AgentId_Click' is clicked on

2018-07-06 14:25:34 - [MESSAGE][PASSED] - Object: 'Object Repository/TC_24_36 AM/AgentId_Click' is clicked on

2018-07-06 14:25:34 - [TEST_STEP][PASSED] - setText: Text '1000005844' is set on object 'Object Repository/TC_24_36 AM/AgentId_Input'

2018-07-06 14:25:35 - [MESSAGE][PASSED] - Text '1000005844' is set on object 'Object Repository/TC_24_36 AM/AgentId_Input'

2018-07-06 14:25:35 - [TEST_STEP][PASSED] - delay: Delayed 15 second(s)

2018-07-06 14:25:50 - [MESSAGE][PASSED] - Delayed 15 second(s)

2018-07-06 14:25:50 - [TEST_STEP][PASSED] - sendKeys: Keys 'ENTER + ' sent to object: 'Object Repository/TC_24_36 AM/AgentId_Input'

2018-07-06 14:25:51 - [MESSAGE][PASSED] - Keys 'ENTER + ' sent to object: 'Object Repository/TC_24_36 AM/AgentId_Input'

2018-07-06 14:25:51 - [TEST_STEP][PASSED] - delay: Delayed 10 second(s)

2018-07-06 14:26:01 - [MESSAGE][PASSED] - Delayed 10 second(s)

2018-07-06 14:26:01 - [TEST_STEP][PASSED] - click: Object: 'Object Repository/TC_24_36 AM/button_Search' is clicked on

2018-07-06 14:26:01 - [MESSAGE][PASSED] - Object: 'Object Repository/TC_24_36 AM/button_Search' is clicked on

2018-07-06 14:26:01 - [TEST_STEP][PASSED] - getText: Text of object 'Object Repository/TC_24_36 AM/Cust_Details' is: '31-05-2017 12:58:57 Jio 2.00 Unknown 9611075106 N/A no BIA 14 00 0 Unassigned Not Fraud
31-05-2017 14:03:57 Jio 2,250.00 Unknown 029476702486 N/A no BIA 14 00 2 Customer Pending
31-05-2017 14:05:13 Jio 5.00 Unknown Deepak Singh N/A no BIA 14 00 1 Agent Pending
31-05-2017 14:15:23 Jio 2.00 Unknown 9611075106 N/A no BIA 14 00 1 Agent Pending
31-05-2017 14:15:52 Jio 10.00 Unknown 9769517033 N/A no BIA 14 00 1 Agent Pending
02-06-2017 09:42:06 2812 3202 2900 2569 1.00 1111102400 1111102400 N/A no LMA 28 00 0 Unassigned Not Fraud
02-06-2017 09:42:06 2812 3202 2900 2569 1.00 1111102400 N/A N/A no NFA 41 00 0 Unassigned Not Fraud
06-06-2017 10:11:30 2812 3202 2900 2569 1.00 1111102400 1111102400 N/A no LMA 28 00 0 Unassigned Not Fraud
06-06-2017 10:11:31 2812 3202 2900 2569 1.00 1111102400 N/A N/A no NFA 41 00 1 Agent Pending
06-06-2017 10:47:15 2812 3206 0035 0165 1.00 1100091480 1100091480 N/A no LMA 28 00 0 Unassigned Not Fraud'

2018-07-06 14:26:03 - [MESSAGE][PASSED] - Text of object 'Object Repository/TC_24_36 AM/Cust_Details' is: '31-05-2017 12:58:57 Jio 2.00 Unknown 9611075106 N/A no BIA 14 00 0 Unassigned Not Fraud
31-05-2017 14:03:57 Jio 2,250.00 Unknown 029476702486 N/A no BIA 14 00 2 Customer Pending
31-05-2017 14:05:13 Jio 5.00 Unknown Deepak Singh N/A no BIA 14 00 1 Agent Pending
31-05-2017 14:15:23 Jio 2.00 Unknown 9611075106 N/A no BIA 14 00 1 Agent Pending
31-05-2017 14:15:52 Jio 10.00 Unknown 9769517033 N/A no BIA 14 00 1 Agent Pending
02-06-2017 09:42:06 2812 3202 2900 2569 1.00 1111102400 1111102400 N/A no LMA 28 00 0 Unassigned Not Fraud
02-06-2017 09:42:06 2812 3202 2900 2569 1.00 1111102400 N/A N/A no NFA 41 00 0 Unassigned Not Fraud
06-06-2017 10:11:30 2812 3202 2900 2569 1.00 1111102400 1111102400 N/A no LMA 28 00 0 Unassigned Not Fraud
06-06-2017 10:11:31 2812 3202 2900 2569 1.00 1111102400 N/A N/A no NFA 41 00 1 Agent Pending
06-06-2017 10:47:15 2812 3206 0035 0165 1.00 1100091480 1100091480 N/A no LMA 28 00 0 Unassigned Not Fraud'

2018-07-06 14:26:03 - [TEST_STEP][PASSED] - comment: Agent Details Displayed

2018-07-06 14:26:03 - [TEST_STEP][PASSED] - Statement - Agent_Details = com.kms.katalon.core.webui.keyword.WebUiBuiltInKeywords.takeScreenshot(): Taking screenshot successfully

2018-07-06 14:26:03 - [MESSAGE][PASSED] - Taking screenshot successfully
[[ATTACHMENT|C:\\Users\\ankur.jain\\Katalon Studio\\Feedzai_Automation\\Reports\\AM_Test Suite\\20180706_141638\\1530867363201.png]]

2018-07-06 14:26:03 - [TEST_STEP][PASSED] - refresh: Refresh successfully

2018-07-06 14:26:04 - [MESSAGE][PASSED] - Refresh successfully

2018-07-06 14:26:04 - [TEST_STEP][PASSED] - delay: Delayed 12 second(s)

2018-07-06 14:26:16 - [MESSAGE][PASSED] - Delayed 12 second(s)]]></system-out>
         <system-err><![CDATA[]]></system-err>
      </testcase>
      <testcase name="Test Cases/Alert Manager Test Cases/Alert Manager_Search Screen/TC28_Validate Advance search through customer phone number" classname="Test Cases/Alert Manager Test Cases/Alert Manager_Search Screen/TC28_Validate Advance search through customer phone number" status="PASSED">
         <system-out><![CDATA[2018-07-06 14:26:16 - [TEST_CASE][PASSED] - Test Cases/Alert Manager Test Cases/Alert Manager_Search Screen/TC28_Validate Advance search through customer phone number: Test Cases/Alert Manager Test Cases/Alert Manager_Search Screen/TC28_Validate Advance search through customer phone number

2018-07-06 14:26:16 - [TEST_STEP][PASSED] - clearText: Text of object 'Object Repository/TC_24_36 AM/Date_input' is cleared

2018-07-06 14:26:18 - [MESSAGE][PASSED] - Text of object 'Object Repository/TC_24_36 AM/Date_input' is cleared

2018-07-06 14:26:18 - [TEST_STEP][PASSED] - delay: Delayed 2 second(s)

2018-07-06 14:26:20 - [MESSAGE][PASSED] - Delayed 2 second(s)

2018-07-06 14:26:20 - [TEST_STEP][PASSED] - click: Object: 'Object Repository/TC_24_36 AM/Done_Button' is clicked on

2018-07-06 14:26:20 - [MESSAGE][PASSED] - Object: 'Object Repository/TC_24_36 AM/Done_Button' is clicked on

2018-07-06 14:26:20 - [TEST_STEP][PASSED] - delay: Delayed 2 second(s)

2018-07-06 14:26:22 - [MESSAGE][PASSED] - Delayed 2 second(s)

2018-07-06 14:26:22 - [TEST_STEP][PASSED] - click: Object: 'Object Repository/TC_24_36 AM/button_Advanced Search' is clicked on

2018-07-06 14:26:22 - [MESSAGE][PASSED] - Object: 'Object Repository/TC_24_36 AM/button_Advanced Search' is clicked on

2018-07-06 14:26:22 - [TEST_STEP][PASSED] - click: Object: 'Object Repository/TC_24_36 AM/ul_Customer Id' is clicked on

2018-07-06 14:26:23 - [MESSAGE][PASSED] - Object: 'Object Repository/TC_24_36 AM/ul_Customer Id' is clicked on

2018-07-06 14:26:23 - [TEST_STEP][PASSED] - setText: Text '+919967676767' is set on object 'Object Repository/TC_24_36 AM/input_s2id_autogen7'

2018-07-06 14:26:24 - [MESSAGE][PASSED] - Text '+919967676767' is set on object 'Object Repository/TC_24_36 AM/input_s2id_autogen7'

2018-07-06 14:26:24 - [TEST_STEP][PASSED] - delay: Delayed 2 second(s)

2018-07-06 14:26:26 - [MESSAGE][PASSED] - Delayed 2 second(s)

2018-07-06 14:26:26 - [TEST_STEP][PASSED] - sendKeys: Keys 'ENTER + ' sent to object: 'Object Repository/TC_24_36 AM/input_s2id_autogen7'

2018-07-06 14:26:26 - [MESSAGE][PASSED] - Keys 'ENTER + ' sent to object: 'Object Repository/TC_24_36 AM/input_s2id_autogen7'

2018-07-06 14:26:26 - [TEST_STEP][PASSED] - delay: Delayed 2 second(s)

2018-07-06 14:26:28 - [MESSAGE][PASSED] - Delayed 2 second(s)

2018-07-06 14:26:28 - [TEST_STEP][PASSED] - click: Object: 'Object Repository/TC_24_36 AM/button_Search' is clicked on

2018-07-06 14:26:28 - [MESSAGE][PASSED] - Object: 'Object Repository/TC_24_36 AM/button_Search' is clicked on

2018-07-06 14:26:28 - [TEST_STEP][PASSED] - getText: Text of object 'Object Repository/TC_24_36 AM/Cust_Details' is: '15-05-2018 15:18:53 2812 3206 0077 6096 1,000.00 1100243850 1100243850 N/A no LMW 28 00 0 Unassigned Not Fraud
15-05-2018 15:21:59 2812 3206 0077 6096 5.00 1100243850 100001000020437 5999 no WPP 0 00 0 Unassigned Not Fraud
15-05-2018 15:23:34 2812 3206 0077 6096 6.00 1100243850 100001000020437 5999 no WPP 0 00 0 Unassigned Not Fraud
15-05-2018 15:24:40 2812 3206 0077 6096 4.00 1100243850 100001000020437 5999 no WPP 0 00 0 Unassigned Not Fraud
15-05-2018 15:25:57 2812 3200 0000 0000 1.00 1100243850 100001000020437 5999 no WPP 0 05 1 Customer Pending
15-05-2018 15:33:13 2812 3206 0077 6096 6.00 1100243850 1100243850 5999 no WRO 20 00 0 Unassigned Not Fraud
15-05-2018 15:35:00 2812 3206 0077 6096 6.00 1100243850 100001000020437 5999 no WPP 0 00 0 Unassigned Not Fraud
15-05-2018 15:36:21 2812 3200 0000 0000 1.00 1100243850 100001000020437 5999 no WPP 0 05 1 Customer Pending
15-06-2018 12:35:16 NA 2.00 1100243850 100001000014146 5999 no WPP 0 05 0 Unassigned Not Fraud
15-06-2018 12:38:04 1000 00XX XXXX 3645 2.00 1100243850 100001000014146 5999 no WPP 0 00 1 Unassigned Pending'

2018-07-06 14:26:30 - [MESSAGE][PASSED] - Text of object 'Object Repository/TC_24_36 AM/Cust_Details' is: '15-05-2018 15:18:53 2812 3206 0077 6096 1,000.00 1100243850 1100243850 N/A no LMW 28 00 0 Unassigned Not Fraud
15-05-2018 15:21:59 2812 3206 0077 6096 5.00 1100243850 100001000020437 5999 no WPP 0 00 0 Unassigned Not Fraud
15-05-2018 15:23:34 2812 3206 0077 6096 6.00 1100243850 100001000020437 5999 no WPP 0 00 0 Unassigned Not Fraud
15-05-2018 15:24:40 2812 3206 0077 6096 4.00 1100243850 100001000020437 5999 no WPP 0 00 0 Unassigned Not Fraud
15-05-2018 15:25:57 2812 3200 0000 0000 1.00 1100243850 100001000020437 5999 no WPP 0 05 1 Customer Pending
15-05-2018 15:33:13 2812 3206 0077 6096 6.00 1100243850 1100243850 5999 no WRO 20 00 0 Unassigned Not Fraud
15-05-2018 15:35:00 2812 3206 0077 6096 6.00 1100243850 100001000020437 5999 no WPP 0 00 0 Unassigned Not Fraud
15-05-2018 15:36:21 2812 3200 0000 0000 1.00 1100243850 100001000020437 5999 no WPP 0 05 1 Customer Pending
15-06-2018 12:35:16 NA 2.00 1100243850 100001000014146 5999 no WPP 0 05 0 Unassigned Not Fraud
15-06-2018 12:38:04 1000 00XX XXXX 3645 2.00 1100243850 100001000014146 5999 no WPP 0 00 1 Unassigned Pending'

2018-07-06 14:26:30 - [TEST_STEP][PASSED] - comment: Customer Details through phone no is Displayed

2018-07-06 14:26:30 - [TEST_STEP][PASSED] - Statement - Customer_Details_phone = com.kms.katalon.core.webui.keyword.WebUiBuiltInKeywords.takeScreenshot(): Taking screenshot successfully

2018-07-06 14:26:30 - [MESSAGE][PASSED] - Taking screenshot successfully
[[ATTACHMENT|C:\\Users\\ankur.jain\\Katalon Studio\\Feedzai_Automation\\Reports\\AM_Test Suite\\20180706_141638\\1530867390343.png]]

2018-07-06 14:26:30 - [TEST_STEP][PASSED] - verifyElementText: Actual text and expected text of test object 'Object Repository/TC_24_36 AM/Cust_id_Validation' are matched.

2018-07-06 14:26:30 - [MESSAGE][PASSED] - Actual text and expected text of test object 'Object Repository/TC_24_36 AM/Cust_id_Validation' are matched.

2018-07-06 14:26:30 - [TEST_STEP][PASSED] - refresh: Refresh successfully

2018-07-06 14:26:31 - [MESSAGE][PASSED] - Refresh successfully

2018-07-06 14:26:31 - [TEST_STEP][PASSED] - delay: Delayed 12 second(s)

2018-07-06 14:26:43 - [MESSAGE][PASSED] - Delayed 12 second(s)]]></system-out>
         <system-err><![CDATA[]]></system-err>
      </testcase>
      <testcase name="Test Cases/Alert Manager Test Cases/Alert Manager_Search Screen/TC29_Validate Advance search through merchant phone number" classname="Test Cases/Alert Manager Test Cases/Alert Manager_Search Screen/TC29_Validate Advance search through merchant phone number" status="PASSED">
         <system-out><![CDATA[2018-07-06 14:26:43 - [TEST_CASE][PASSED] - Test Cases/Alert Manager Test Cases/Alert Manager_Search Screen/TC29_Validate Advance search through merchant phone number: Test Cases/Alert Manager Test Cases/Alert Manager_Search Screen/TC29_Validate Advance search through merchant phone number

2018-07-06 14:26:43 - [TEST_STEP][PASSED] - clearText: Text of object 'Object Repository/TC_24_36 AM/Date_input' is cleared

2018-07-06 14:26:44 - [MESSAGE][PASSED] - Text of object 'Object Repository/TC_24_36 AM/Date_input' is cleared

2018-07-06 14:26:44 - [TEST_STEP][PASSED] - click: Object: 'Object Repository/TC_24_36 AM/Done_Button' is clicked on

2018-07-06 14:26:44 - [MESSAGE][PASSED] - Object: 'Object Repository/TC_24_36 AM/Done_Button' is clicked on

2018-07-06 14:26:44 - [TEST_STEP][PASSED] - delay: Delayed 5 second(s)

2018-07-06 14:26:49 - [MESSAGE][PASSED] - Delayed 5 second(s)

2018-07-06 14:26:49 - [TEST_STEP][PASSED] - click: Object: 'Object Repository/TC_24_36 AM/button_Advanced Search' is clicked on

2018-07-06 14:26:49 - [MESSAGE][PASSED] - Object: 'Object Repository/TC_24_36 AM/button_Advanced Search' is clicked on

2018-07-06 14:26:49 - [TEST_STEP][PASSED] - delay: Delayed 2 second(s)

2018-07-06 14:26:51 - [MESSAGE][PASSED] - Delayed 2 second(s)

2018-07-06 14:26:51 - [TEST_STEP][PASSED] - click: Object: 'Object Repository/TC_24_36 AM/Merchant_Input' is clicked on

2018-07-06 14:26:52 - [MESSAGE][PASSED] - Object: 'Object Repository/TC_24_36 AM/Merchant_Input' is clicked on

2018-07-06 14:26:52 - [TEST_STEP][PASSED] - setText: Text '+919619658895' is set on object 'Object Repository/TC_24_36 AM/Input_MerId'

2018-07-06 14:26:53 - [MESSAGE][PASSED] - Text '+919619658895' is set on object 'Object Repository/TC_24_36 AM/Input_MerId'

2018-07-06 14:26:53 - [TEST_STEP][PASSED] - delay: Delayed 12 second(s)

2018-07-06 14:27:05 - [MESSAGE][PASSED] - Delayed 12 second(s)

2018-07-06 14:27:05 - [TEST_STEP][PASSED] - sendKeys: Keys 'ENTER + ' sent to object: 'Object Repository/TC_24_36 AM/Input_MerId'

2018-07-06 14:27:05 - [MESSAGE][PASSED] - Keys 'ENTER + ' sent to object: 'Object Repository/TC_24_36 AM/Input_MerId'

2018-07-06 14:27:05 - [TEST_STEP][PASSED] - delay: Delayed 5 second(s)

2018-07-06 14:27:10 - [MESSAGE][PASSED] - Delayed 5 second(s)

2018-07-06 14:27:10 - [TEST_STEP][PASSED] - click: Object: 'Object Repository/TC_24_36 AM/button_Search' is clicked on

2018-07-06 14:27:10 - [MESSAGE][PASSED] - Object: 'Object Repository/TC_24_36 AM/button_Search' is clicked on

2018-07-06 14:27:10 - [TEST_STEP][PASSED] - getText: Text of object 'Object Repository/TC_24_36 AM/Cust_Details' is: '20-07-2017 17:19:18 2812 3206 0000 0273 30.00 1100022994 100001000022526 4814 no P2M 18 00 1 Unassigned Not Fraud
20-07-2017 18:40:45 2812 3201 4461 4845 30.00 1100005196 100001000022526 4814 no P2M 18 00 0 Unassigned Not Fraud
20-07-2017 18:45:01 2812 3201 4461 4845 30.00 1100005196 100001000022526 4814 no P2M 18 00 0 Unassigned Not Fraud
20-07-2017 18:48:49 2812 3201 4461 4845 30.00 1100005196 100001000022526 4814 no P2M 18 05 2 Unassigned Not Fraud
08-08-2017 12:58:46 2812 3206 0036 6443 50.00 1100176179 100001000022526 4814 no P2M 18 05 2 Unassigned Not Fraud
06-02-2018 15:18:21 2812 3201 4475 4328 5.00 1100020756 100001000022526 4814 no P2M 18 05 2 Unassigned Not Fraud
06-02-2018 15:25:36 2812 3201 4475 4328 5.00 1100020756 100001000022526 4814 no P2M 18 00 0 Unassigned Not Fraud
06-02-2018 15:27:36 2812 3201 4475 4328 20.00 1100020756 100001000022526 4814 no P2M 18 05 1 Unassigned Not Fraud
06-02-2018 15:37:39 2812 3201 4475 4328 20.00 1100020756 100001000022526 4814 no P2M 18 05 2 Unassigned Not Fraud
06-02-2018 17:11:53 2812 3201 4475 4328 5.00 1100020756 100001000022526 4814 no P2M 18 05 1 Unassigned Not Fraud'

2018-07-06 14:27:12 - [MESSAGE][PASSED] - Text of object 'Object Repository/TC_24_36 AM/Cust_Details' is: '20-07-2017 17:19:18 2812 3206 0000 0273 30.00 1100022994 100001000022526 4814 no P2M 18 00 1 Unassigned Not Fraud
20-07-2017 18:40:45 2812 3201 4461 4845 30.00 1100005196 100001000022526 4814 no P2M 18 00 0 Unassigned Not Fraud
20-07-2017 18:45:01 2812 3201 4461 4845 30.00 1100005196 100001000022526 4814 no P2M 18 00 0 Unassigned Not Fraud
20-07-2017 18:48:49 2812 3201 4461 4845 30.00 1100005196 100001000022526 4814 no P2M 18 05 2 Unassigned Not Fraud
08-08-2017 12:58:46 2812 3206 0036 6443 50.00 1100176179 100001000022526 4814 no P2M 18 05 2 Unassigned Not Fraud
06-02-2018 15:18:21 2812 3201 4475 4328 5.00 1100020756 100001000022526 4814 no P2M 18 05 2 Unassigned Not Fraud
06-02-2018 15:25:36 2812 3201 4475 4328 5.00 1100020756 100001000022526 4814 no P2M 18 00 0 Unassigned Not Fraud
06-02-2018 15:27:36 2812 3201 4475 4328 20.00 1100020756 100001000022526 4814 no P2M 18 05 1 Unassigned Not Fraud
06-02-2018 15:37:39 2812 3201 4475 4328 20.00 1100020756 100001000022526 4814 no P2M 18 05 2 Unassigned Not Fraud
06-02-2018 17:11:53 2812 3201 4475 4328 5.00 1100020756 100001000022526 4814 no P2M 18 05 1 Unassigned Not Fraud'

2018-07-06 14:27:12 - [TEST_STEP][PASSED] - verifyElementText: Actual text and expected text of test object 'Object Repository/TC_24_36 AM/Mer_id_Valid' are matched.

2018-07-06 14:27:12 - [MESSAGE][PASSED] - Actual text and expected text of test object 'Object Repository/TC_24_36 AM/Mer_id_Valid' are matched.

2018-07-06 14:27:12 - [TEST_STEP][PASSED] - comment: Merchant  Details Displayed through phone number

2018-07-06 14:27:12 - [TEST_STEP][PASSED] - Statement - Merchant_Details_phoneNo = com.kms.katalon.core.webui.keyword.WebUiBuiltInKeywords.takeScreenshot(): Taking screenshot successfully

2018-07-06 14:27:13 - [MESSAGE][PASSED] - Taking screenshot successfully
[[ATTACHMENT|C:\\Users\\ankur.jain\\Katalon Studio\\Feedzai_Automation\\Reports\\AM_Test Suite\\20180706_141638\\1530867432651.png]]

2018-07-06 14:27:13 - [TEST_STEP][PASSED] - refresh: Refresh successfully

2018-07-06 14:27:13 - [MESSAGE][PASSED] - Refresh successfully

2018-07-06 14:27:13 - [TEST_STEP][PASSED] - delay: Delayed 6 second(s)

2018-07-06 14:27:19 - [MESSAGE][PASSED] - Delayed 6 second(s)]]></system-out>
         <system-err><![CDATA[]]></system-err>
      </testcase>
      <testcase name="Test Cases/Alert Manager Test Cases/Alert Manager_Search Screen/TC30_Validate Advance search through Source Institution ID" classname="Test Cases/Alert Manager Test Cases/Alert Manager_Search Screen/TC30_Validate Advance search through Source Institution ID" status="PASSED">
         <system-out><![CDATA[2018-07-06 14:27:19 - [TEST_CASE][PASSED] - Test Cases/Alert Manager Test Cases/Alert Manager_Search Screen/TC30_Validate Advance search through Source Institution ID: Test Cases/Alert Manager Test Cases/Alert Manager_Search Screen/TC30_Validate Advance search through Source Institution ID

2018-07-06 14:27:20 - [TEST_STEP][PASSED] - clearText: Text of object 'Object Repository/TC_24_36 AM/Date_input' is cleared

2018-07-06 14:27:28 - [MESSAGE][PASSED] - Text of object 'Object Repository/TC_24_36 AM/Date_input' is cleared

2018-07-06 14:27:28 - [TEST_STEP][PASSED] - click: Object: 'Object Repository/TC_24_36 AM/Done_Button' is clicked on

2018-07-06 14:27:28 - [MESSAGE][PASSED] - Object: 'Object Repository/TC_24_36 AM/Done_Button' is clicked on

2018-07-06 14:27:28 - [TEST_STEP][PASSED] - delay: Delayed 2 second(s)

2018-07-06 14:27:30 - [MESSAGE][PASSED] - Delayed 2 second(s)

2018-07-06 14:27:30 - [TEST_STEP][PASSED] - click: Object: 'Object Repository/TC_24_36 AM/button_Advanced Search' is clicked on

2018-07-06 14:27:30 - [MESSAGE][PASSED] - Object: 'Object Repository/TC_24_36 AM/button_Advanced Search' is clicked on

2018-07-06 14:27:30 - [TEST_STEP][PASSED] - click: Object: 'Object Repository/TC_24_36 AM/Click_ScrInstId' is clicked on

2018-07-06 14:27:31 - [MESSAGE][PASSED] - Object: 'Object Repository/TC_24_36 AM/Click_ScrInstId' is clicked on

2018-07-06 14:27:31 - [TEST_STEP][PASSED] - setText: Text '3132' is set on object 'Object Repository/TC_24_36 AM/Click_ScrInstId'

2018-07-06 14:27:31 - [MESSAGE][PASSED] - Text '3132' is set on object 'Object Repository/TC_24_36 AM/Click_ScrInstId'

2018-07-06 14:27:31 - [TEST_STEP][PASSED] - delay: Delayed 2 second(s)

2018-07-06 14:27:33 - [MESSAGE][PASSED] - Delayed 2 second(s)

2018-07-06 14:27:33 - [TEST_STEP][PASSED] - sendKeys: Keys 'ENTER + ' sent to object: 'Object Repository/TC_24_36 AM/Click_ScrInstId'

2018-07-06 14:27:33 - [MESSAGE][PASSED] - Keys 'ENTER + ' sent to object: 'Object Repository/TC_24_36 AM/Click_ScrInstId'

2018-07-06 14:27:33 - [TEST_STEP][PASSED] - delay: Delayed 2 second(s)

2018-07-06 14:27:35 - [MESSAGE][PASSED] - Delayed 2 second(s)

2018-07-06 14:27:35 - [TEST_STEP][PASSED] - click: Object: 'Object Repository/TC_24_36 AM/button_Search' is clicked on

2018-07-06 14:27:35 - [MESSAGE][PASSED] - Object: 'Object Repository/TC_24_36 AM/button_Search' is clicked on

2018-07-06 14:27:35 - [TEST_STEP][PASSED] - Statement - text = com.kms.katalon.core.webui.keyword.WebUiBuiltInKeywords.getText(com.kms.katalon.core.testobject.ObjectRepository.findTestObject(TC_24_36 AM/Src_id)): Text of object 'Object Repository/TC_24_36 AM/Src_id' is: '49-3132'

2018-07-06 14:27:39 - [MESSAGE][PASSED] - Text of object 'Object Repository/TC_24_36 AM/Src_id' is: '49-3132'

2018-07-06 14:27:39 - [TEST_STEP][PASSED] - Statement - If (text.contains("3132")): Source Institution id is Matched

2018-07-06 14:27:39 - [TEST_STEP][PASSED] - comment: Source Institution id is Matched

2018-07-06 14:27:39 - [TEST_STEP][PASSED] - Statement - Src_id = com.kms.katalon.core.webui.keyword.WebUiBuiltInKeywords.takeScreenshot(): Taking screenshot successfully

2018-07-06 14:27:39 - [MESSAGE][PASSED] - Taking screenshot successfully
[[ATTACHMENT|C:\\Users\\ankur.jain\\Katalon Studio\\Feedzai_Automation\\Reports\\AM_Test Suite\\20180706_141638\\1530867459207.png]]

2018-07-06 14:27:39 - [TEST_STEP][PASSED] - comment: Search through source institution id is displayed

2018-07-06 14:27:39 - [TEST_STEP][PASSED] - refresh: Refresh successfully

2018-07-06 14:27:39 - [MESSAGE][PASSED] - Refresh successfully

2018-07-06 14:27:39 - [TEST_STEP][PASSED] - delay: Delayed 12 second(s)

2018-07-06 14:27:51 - [MESSAGE][PASSED] - Delayed 12 second(s)]]></system-out>
         <system-err><![CDATA[]]></system-err>
      </testcase>
      <testcase name="Test Cases/Alert Manager Test Cases/Alert Manager_Search Screen/TC31_Validate Advance search through response code" classname="Test Cases/Alert Manager Test Cases/Alert Manager_Search Screen/TC31_Validate Advance search through response code" status="PASSED">
         <system-out><![CDATA[2018-07-06 14:27:52 - [TEST_CASE][PASSED] - Test Cases/Alert Manager Test Cases/Alert Manager_Search Screen/TC31_Validate Advance search through response code: Test Cases/Alert Manager Test Cases/Alert Manager_Search Screen/TC31_Validate Advance search through response code

2018-07-06 14:27:52 - [TEST_STEP][PASSED] - clearText: Text of object 'Object Repository/TC_24_36 AM/Date_input' is cleared

2018-07-06 14:27:52 - [MESSAGE][PASSED] - Text of object 'Object Repository/TC_24_36 AM/Date_input' is cleared

2018-07-06 14:27:52 - [TEST_STEP][PASSED] - click: Object: 'Object Repository/TC_24_36 AM/Done_Button' is clicked on

2018-07-06 14:27:53 - [MESSAGE][PASSED] - Object: 'Object Repository/TC_24_36 AM/Done_Button' is clicked on

2018-07-06 14:27:53 - [TEST_STEP][PASSED] - delay: Delayed 2 second(s)

2018-07-06 14:27:55 - [MESSAGE][PASSED] - Delayed 2 second(s)

2018-07-06 14:27:55 - [TEST_STEP][PASSED] - click: Object: 'Object Repository/TC_24_36 AM/button_Advanced Search' is clicked on

2018-07-06 14:27:55 - [MESSAGE][PASSED] - Object: 'Object Repository/TC_24_36 AM/button_Advanced Search' is clicked on

2018-07-06 14:27:55 - [TEST_STEP][PASSED] - click: Object: 'Object Repository/TC_24_36 AM/Click_ResponseCode' is clicked on

2018-07-06 14:27:55 - [MESSAGE][PASSED] - Object: 'Object Repository/TC_24_36 AM/Click_ResponseCode' is clicked on

2018-07-06 14:27:55 - [TEST_STEP][PASSED] - setText: Text '00' is set on object 'Object Repository/TC_24_36 AM/Input_Respcode'

2018-07-06 14:27:56 - [MESSAGE][PASSED] - Text '00' is set on object 'Object Repository/TC_24_36 AM/Input_Respcode'

2018-07-06 14:27:56 - [TEST_STEP][PASSED] - delay: Delayed 2 second(s)

2018-07-06 14:27:58 - [MESSAGE][PASSED] - Delayed 2 second(s)

2018-07-06 14:27:58 - [TEST_STEP][PASSED] - sendKeys: Keys 'ENTER + ' sent to object: 'Object Repository/TC_24_36 AM/Input_Respcode'

2018-07-06 14:27:58 - [MESSAGE][PASSED] - Keys 'ENTER + ' sent to object: 'Object Repository/TC_24_36 AM/Input_Respcode'

2018-07-06 14:27:58 - [TEST_STEP][PASSED] - delay: Delayed 2 second(s)

2018-07-06 14:28:00 - [MESSAGE][PASSED] - Delayed 2 second(s)

2018-07-06 14:28:00 - [TEST_STEP][PASSED] - click: Object: 'Object Repository/TC_24_36 AM/button_Search' is clicked on

2018-07-06 14:28:00 - [MESSAGE][PASSED] - Object: 'Object Repository/TC_24_36 AM/button_Search' is clicked on

2018-07-06 14:28:00 - [TEST_STEP][PASSED] - getText: Text of object 'Object Repository/TC_24_36 AM/Cust_Details' is: '29-09-2016 15:13:08 6377 6703 0581 9312 3.00 1100000619 N/A 5045 yes MPP 0 00 1 Unassigned Not Fraud
29-09-2016 15:13:09 2812 3200 2706 9398 1.00 1100006770 100001000013647 5999 no WPP 0 00 2 Unassigned Not Fraud
29-09-2016 15:13:26 2812 3203 4979 3840 0.01 1100020885 100001000020193 5045 no BPC 0 00 0 Unassigned Fraud
03-10-2016 12:38:04 NA 1.00 Unknown 100001000014146 5999 no WPP 0 00 0 Unassigned Not Fraud
03-10-2016 12:41:36 5551 53XX XXXX 8223 3.00 Unknown 100001000014146 5999 no WPP 0 00 0 Unassigned Not Fraud'

2018-07-06 14:28:03 - [MESSAGE][PASSED] - Text of object 'Object Repository/TC_24_36 AM/Cust_Details' is: '29-09-2016 15:13:08 6377 6703 0581 9312 3.00 1100000619 N/A 5045 yes MPP 0 00 1 Unassigned Not Fraud
29-09-2016 15:13:09 2812 3200 2706 9398 1.00 1100006770 100001000013647 5999 no WPP 0 00 2 Unassigned Not Fraud
29-09-2016 15:13:26 2812 3203 4979 3840 0.01 1100020885 100001000020193 5045 no BPC 0 00 0 Unassigned Fraud
03-10-2016 12:38:04 NA 1.00 Unknown 100001000014146 5999 no WPP 0 00 0 Unassigned Not Fraud
03-10-2016 12:41:36 5551 53XX XXXX 8223 3.00 Unknown 100001000014146 5999 no WPP 0 00 0 Unassigned Not Fraud'

2018-07-06 14:28:03 - [TEST_STEP][PASSED] - comment: Advance search through Response Code is sucesfull

2018-07-06 14:28:03 - [TEST_STEP][PASSED] - Statement - Response_Code = com.kms.katalon.core.webui.keyword.WebUiBuiltInKeywords.takeScreenshot(): Taking screenshot successfully

2018-07-06 14:28:04 - [MESSAGE][PASSED] - Taking screenshot successfully
[[ATTACHMENT|C:\\Users\\ankur.jain\\Katalon Studio\\Feedzai_Automation\\Reports\\AM_Test Suite\\20180706_141638\\1530867483660.png]]

2018-07-06 14:28:04 - [TEST_STEP][PASSED] - verifyElementText: Actual text and expected text of test object 'Object Repository/TC_24_36 AM/Response_Code_valid' are matched.

2018-07-06 14:28:04 - [MESSAGE][PASSED] - Actual text and expected text of test object 'Object Repository/TC_24_36 AM/Response_Code_valid' are matched.

2018-07-06 14:28:04 - [TEST_STEP][PASSED] - refresh: Refresh successfully

2018-07-06 14:28:04 - [MESSAGE][PASSED] - Refresh successfully

2018-07-06 14:28:04 - [TEST_STEP][PASSED] - delay: Delayed 12 second(s)

2018-07-06 14:28:16 - [MESSAGE][PASSED] - Delayed 12 second(s)]]></system-out>
         <system-err><![CDATA[]]></system-err>
      </testcase>
      <testcase name="Test Cases/Alert Manager Test Cases/Alert Manager_Search Screen/TC32_Validate Advance search through Processing code" classname="Test Cases/Alert Manager Test Cases/Alert Manager_Search Screen/TC32_Validate Advance search through Processing code" status="PASSED">
         <system-out><![CDATA[2018-07-06 14:28:16 - [TEST_CASE][PASSED] - Test Cases/Alert Manager Test Cases/Alert Manager_Search Screen/TC32_Validate Advance search through Processing code: Test Cases/Alert Manager Test Cases/Alert Manager_Search Screen/TC32_Validate Advance search through Processing code

2018-07-06 14:28:17 - [TEST_STEP][PASSED] - clearText: Text of object 'Object Repository/TC_24_36 AM/Date_input' is cleared

2018-07-06 14:28:19 - [MESSAGE][PASSED] - Text of object 'Object Repository/TC_24_36 AM/Date_input' is cleared

2018-07-06 14:28:19 - [TEST_STEP][PASSED] - click: Object: 'Object Repository/TC_24_36 AM/Done_Button' is clicked on

2018-07-06 14:28:19 - [MESSAGE][PASSED] - Object: 'Object Repository/TC_24_36 AM/Done_Button' is clicked on

2018-07-06 14:28:19 - [TEST_STEP][PASSED] - delay: Delayed 2 second(s)

2018-07-06 14:28:21 - [MESSAGE][PASSED] - Delayed 2 second(s)

2018-07-06 14:28:21 - [TEST_STEP][PASSED] - click: Object: 'Object Repository/TC_24_36 AM/button_Advanced Search' is clicked on

2018-07-06 14:28:21 - [MESSAGE][PASSED] - Object: 'Object Repository/TC_24_36 AM/button_Advanced Search' is clicked on

2018-07-06 14:28:21 - [TEST_STEP][PASSED] - click: Object: 'Object Repository/TC_24_36 AM/Click_ResponseCode' is clicked on

2018-07-06 14:28:22 - [MESSAGE][PASSED] - Object: 'Object Repository/TC_24_36 AM/Click_ResponseCode' is clicked on

2018-07-06 14:28:22 - [TEST_STEP][PASSED] - setText: Text '45' is set on object 'Object Repository/TC_24_36 AM/Input_Respcode'

2018-07-06 14:28:22 - [MESSAGE][PASSED] - Text '45' is set on object 'Object Repository/TC_24_36 AM/Input_Respcode'

2018-07-06 14:28:22 - [TEST_STEP][PASSED] - delay: Delayed 2 second(s)

2018-07-06 14:28:24 - [MESSAGE][PASSED] - Delayed 2 second(s)

2018-07-06 14:28:24 - [TEST_STEP][PASSED] - sendKeys: Keys 'ENTER + ' sent to object: 'Object Repository/TC_24_36 AM/Input_Respcode'

2018-07-06 14:28:24 - [MESSAGE][PASSED] - Keys 'ENTER + ' sent to object: 'Object Repository/TC_24_36 AM/Input_Respcode'

2018-07-06 14:28:24 - [TEST_STEP][PASSED] - delay: Delayed 5 second(s)

2018-07-06 14:28:29 - [MESSAGE][PASSED] - Delayed 5 second(s)

2018-07-06 14:28:29 - [TEST_STEP][PASSED] - click: Object: 'Object Repository/TC_24_36 AM/button_Search' is clicked on

2018-07-06 14:28:30 - [MESSAGE][PASSED] - Object: 'Object Repository/TC_24_36 AM/button_Search' is clicked on

2018-07-06 14:28:30 - [TEST_STEP][PASSED] - getText: Text of object 'Object Repository/TC_24_36 AM/Cust_Details' is: '11-11-2017 16:39:35 5011 0000 0023 90 1.00 Unknown N/A N/A no UNKNOWN 45 05 0 Unassigned Not Fraud
13-11-2017 13:39:21 5011 0000 0023 90 1.00 Unknown N/A N/A no UNKNOWN 45 05 0 Unassigned Not Fraud
13-11-2017 18:05:50 5011 0000 0023 90 1.00 Unknown N/A N/A no UNKNOWN 45 05 0 Unassigned Not Fraud
13-11-2017 18:30:30 5011 0000 0023 90 1.00 Unknown N/A N/A no UNKNOWN 45 05 0 Unassigned Not Fraud
14-11-2017 11:15:58 5011 0000 0023 90 1.00 Unknown N/A N/A no UNKNOWN 45 05 0 Unassigned Not Fraud
14-11-2017 19:25:58 5011 0000 0023 90 1.00 Unknown N/A N/A no UNKNOWN 45 05 0 Unassigned Not Fraud
15-11-2017 10:44:53 5011 0000 0023 90 1.00 Unknown N/A N/A no UNKNOWN 45 05 0 Unassigned Not Fraud
15-11-2017 15:30:14 5011 0000 0023 90 1.00 Unknown N/A N/A no UNKNOWN 45 05 0 Unassigned Not Fraud
16-11-2017 10:11:39 5011 0000 0023 90 1.00 Unknown N/A N/A no UNKNOWN 45 05 0 Unassigned Not Fraud
17-11-2017 10:56:42 5011 0000 0023 90 1.00 Unknown N/A N/A no UNKNOWN 45 05 0 Unassigned Not Fraud'

2018-07-06 14:28:33 - [MESSAGE][PASSED] - Text of object 'Object Repository/TC_24_36 AM/Cust_Details' is: '11-11-2017 16:39:35 5011 0000 0023 90 1.00 Unknown N/A N/A no UNKNOWN 45 05 0 Unassigned Not Fraud
13-11-2017 13:39:21 5011 0000 0023 90 1.00 Unknown N/A N/A no UNKNOWN 45 05 0 Unassigned Not Fraud
13-11-2017 18:05:50 5011 0000 0023 90 1.00 Unknown N/A N/A no UNKNOWN 45 05 0 Unassigned Not Fraud
13-11-2017 18:30:30 5011 0000 0023 90 1.00 Unknown N/A N/A no UNKNOWN 45 05 0 Unassigned Not Fraud
14-11-2017 11:15:58 5011 0000 0023 90 1.00 Unknown N/A N/A no UNKNOWN 45 05 0 Unassigned Not Fraud
14-11-2017 19:25:58 5011 0000 0023 90 1.00 Unknown N/A N/A no UNKNOWN 45 05 0 Unassigned Not Fraud
15-11-2017 10:44:53 5011 0000 0023 90 1.00 Unknown N/A N/A no UNKNOWN 45 05 0 Unassigned Not Fraud
15-11-2017 15:30:14 5011 0000 0023 90 1.00 Unknown N/A N/A no UNKNOWN 45 05 0 Unassigned Not Fraud
16-11-2017 10:11:39 5011 0000 0023 90 1.00 Unknown N/A N/A no UNKNOWN 45 05 0 Unassigned Not Fraud
17-11-2017 10:56:42 5011 0000 0023 90 1.00 Unknown N/A N/A no UNKNOWN 45 05 0 Unassigned Not Fraud'

2018-07-06 14:28:33 - [TEST_STEP][PASSED] - comment: Advance Search through Response Code is sucesfull

2018-07-06 14:28:33 - [TEST_STEP][PASSED] - Statement - Resp_code = com.kms.katalon.core.webui.keyword.WebUiBuiltInKeywords.takeScreenshot(): Taking screenshot successfully

2018-07-06 14:28:33 - [MESSAGE][PASSED] - Taking screenshot successfully
[[ATTACHMENT|C:\\Users\\ankur.jain\\Katalon Studio\\Feedzai_Automation\\Reports\\AM_Test Suite\\20180706_141638\\1530867513584.png]]

2018-07-06 14:28:33 - [TEST_STEP][PASSED] - verifyElementText: Actual text and expected text of test object 'Object Repository/TC_24_36 AM/RespCode_Valid' are matched.

2018-07-06 14:28:34 - [MESSAGE][PASSED] - Actual text and expected text of test object 'Object Repository/TC_24_36 AM/RespCode_Valid' are matched.

2018-07-06 14:28:34 - [TEST_STEP][PASSED] - refresh: Refresh successfully

2018-07-06 14:28:34 - [MESSAGE][PASSED] - Refresh successfully

2018-07-06 14:28:34 - [TEST_STEP][PASSED] - delay: Delayed 12 second(s)

2018-07-06 14:28:46 - [MESSAGE][PASSED] - Delayed 12 second(s)]]></system-out>
         <system-err><![CDATA[]]></system-err>
      </testcase>
      <testcase name="Test Cases/Alert Manager Test Cases/Alert Manager_Search Screen/TC33_Validate Advance search through Hashed card pan" classname="Test Cases/Alert Manager Test Cases/Alert Manager_Search Screen/TC33_Validate Advance search through Hashed card pan" status="PASSED">
         <system-out><![CDATA[2018-07-06 14:28:46 - [TEST_CASE][PASSED] - Test Cases/Alert Manager Test Cases/Alert Manager_Search Screen/TC33_Validate Advance search through Hashed card pan: Test Cases/Alert Manager Test Cases/Alert Manager_Search Screen/TC33_Validate Advance search through Hashed card pan

2018-07-06 14:28:47 - [TEST_STEP][PASSED] - clearText: Text of object 'Object Repository/TC_24_36 AM/Date_input' is cleared

2018-07-06 14:28:47 - [MESSAGE][PASSED] - Text of object 'Object Repository/TC_24_36 AM/Date_input' is cleared

2018-07-06 14:28:47 - [TEST_STEP][PASSED] - delay: Delayed 2 second(s)

2018-07-06 14:28:49 - [MESSAGE][PASSED] - Delayed 2 second(s)

2018-07-06 14:28:49 - [TEST_STEP][PASSED] - click: Object: 'Object Repository/TC_24_36 AM/Done_Button' is clicked on

2018-07-06 14:28:49 - [MESSAGE][PASSED] - Object: 'Object Repository/TC_24_36 AM/Done_Button' is clicked on

2018-07-06 14:28:49 - [TEST_STEP][PASSED] - delay: Delayed 4 second(s)

2018-07-06 14:28:53 - [MESSAGE][PASSED] - Delayed 4 second(s)

2018-07-06 14:28:53 - [TEST_STEP][PASSED] - click: Object: 'Object Repository/TC_24_36 AM/button_Advanced Search' is clicked on

2018-07-06 14:28:54 - [MESSAGE][PASSED] - Object: 'Object Repository/TC_24_36 AM/button_Advanced Search' is clicked on

2018-07-06 14:28:54 - [TEST_STEP][PASSED] - delay: Delayed 2 second(s)

2018-07-06 14:28:56 - [MESSAGE][PASSED] - Delayed 2 second(s)

2018-07-06 14:28:56 - [TEST_STEP][PASSED] - click: Object: 'Object Repository/TC_24_36 AM/Click_HashPan' is clicked on

2018-07-06 14:28:56 - [MESSAGE][PASSED] - Object: 'Object Repository/TC_24_36 AM/Click_HashPan' is clicked on

2018-07-06 14:28:56 - [TEST_STEP][PASSED] - setText: Text 'Vi7ef8PcDBbitHDUrIX1-UvUbOz5Fij1fLesdenEeMc' is set on object 'Object Repository/TC_24_36 AM/Input_hashpan'

2018-07-06 14:28:57 - [MESSAGE][PASSED] - Text 'Vi7ef8PcDBbitHDUrIX1-UvUbOz5Fij1fLesdenEeMc' is set on object 'Object Repository/TC_24_36 AM/Input_hashpan'

2018-07-06 14:28:57 - [TEST_STEP][PASSED] - delay: Delayed 2 second(s)

2018-07-06 14:28:59 - [MESSAGE][PASSED] - Delayed 2 second(s)

2018-07-06 14:28:59 - [TEST_STEP][PASSED] - sendKeys: Keys 'ENTER + ' sent to object: 'Object Repository/TC_24_36 AM/Input_hashpan'

2018-07-06 14:29:00 - [MESSAGE][PASSED] - Keys 'ENTER + ' sent to object: 'Object Repository/TC_24_36 AM/Input_hashpan'

2018-07-06 14:29:00 - [TEST_STEP][PASSED] - delay: Delayed 2 second(s)

2018-07-06 14:29:02 - [MESSAGE][PASSED] - Delayed 2 second(s)

2018-07-06 14:29:02 - [TEST_STEP][PASSED] - click: Object: 'Object Repository/TC_24_36 AM/button_Search' is clicked on

2018-07-06 14:29:02 - [MESSAGE][PASSED] - Object: 'Object Repository/TC_24_36 AM/button_Search' is clicked on

2018-07-06 14:29:02 - [TEST_STEP][PASSED] - getText: Text of object 'Object Repository/TC_24_36 AM/Cust_Details' is: '09-02-2018 12:23:39 4018 59XX XXXX 5712 100.00 1100021618 7000020248 N/A no BIW 14 00 1 Customer Pending
09-02-2018 12:33:20 2812 3202 0242 8609 1,000.00 1100021618 1100021618 N/A no LMW 28 00 0 Unassigned Not Fraud
09-02-2018 12:38:50 4018 59XX XXXX 5712 100.00 1100021618 7000020248 N/A no BIW 14 05 1 Customer Pending
13-02-2018 15:57:08 4018 59XX XXXX 5712 150.00 1100021618 7709323104 N/A no BIW 14 00 1 Customer Pending
14-02-2018 10:21:24 4018 59XX XXXX 5712 223.33 1100021618 BS/25791 N/A no BIW 14 00 1 Customer Pending
14-02-2018 12:54:18 4018 59XX XXXX 5712 100.00 1100021618 8805903562 N/A no BIW 14 05 1 Ignored Not Fraud
15-02-2018 10:21:48 4018 59XX XXXX 5712 100.00 1100021618 9702201417 N/A no BIW 14 00 1 Customer Pending
15-02-2018 10:25:17 4018 59XX XXXX 5712 10.00 1100021618 9960662535 N/A no BIW 14 00 1 Customer Pending
15-02-2018 10:28:21 4018 59XX XXXX 5712 150.00 1100021618 7709495495 N/A no BIW 14 00 1 Customer Pending
16-02-2018 14:40:06 4018 59XX XXXX 5712 100.00 1100021618 7387664698 N/A no BIW 14 00 1 Customer Pending'

2018-07-06 14:29:09 - [MESSAGE][PASSED] - Text of object 'Object Repository/TC_24_36 AM/Cust_Details' is: '09-02-2018 12:23:39 4018 59XX XXXX 5712 100.00 1100021618 7000020248 N/A no BIW 14 00 1 Customer Pending
09-02-2018 12:33:20 2812 3202 0242 8609 1,000.00 1100021618 1100021618 N/A no LMW 28 00 0 Unassigned Not Fraud
09-02-2018 12:38:50 4018 59XX XXXX 5712 100.00 1100021618 7000020248 N/A no BIW 14 05 1 Customer Pending
13-02-2018 15:57:08 4018 59XX XXXX 5712 150.00 1100021618 7709323104 N/A no BIW 14 00 1 Customer Pending
14-02-2018 10:21:24 4018 59XX XXXX 5712 223.33 1100021618 BS/25791 N/A no BIW 14 00 1 Customer Pending
14-02-2018 12:54:18 4018 59XX XXXX 5712 100.00 1100021618 8805903562 N/A no BIW 14 05 1 Ignored Not Fraud
15-02-2018 10:21:48 4018 59XX XXXX 5712 100.00 1100021618 9702201417 N/A no BIW 14 00 1 Customer Pending
15-02-2018 10:25:17 4018 59XX XXXX 5712 10.00 1100021618 9960662535 N/A no BIW 14 00 1 Customer Pending
15-02-2018 10:28:21 4018 59XX XXXX 5712 150.00 1100021618 7709495495 N/A no BIW 14 00 1 Customer Pending
16-02-2018 14:40:06 4018 59XX XXXX 5712 100.00 1100021618 7387664698 N/A no BIW 14 00 1 Customer Pending'

2018-07-06 14:29:09 - [TEST_STEP][PASSED] - comment: Advance search through Hash Card is sucesfull

2018-07-06 14:29:09 - [TEST_STEP][PASSED] - Statement - Hash_Card = com.kms.katalon.core.webui.keyword.WebUiBuiltInKeywords.takeScreenshot(): Taking screenshot successfully

2018-07-06 14:29:10 - [MESSAGE][PASSED] - Taking screenshot successfully
[[ATTACHMENT|C:\\Users\\ankur.jain\\Katalon Studio\\Feedzai_Automation\\Reports\\AM_Test Suite\\20180706_141638\\1530867549860.png]]

2018-07-06 14:29:10 - [TEST_STEP][PASSED] - click: Object: 'Object Repository/TC_24_36 AM/Trans_Details' is clicked on

2018-07-06 14:29:10 - [MESSAGE][PASSED] - Object: 'Object Repository/TC_24_36 AM/Trans_Details' is clicked on

2018-07-06 14:29:10 - [TEST_STEP][PASSED] - verifyElementText: Actual text and expected text of test object 'Object Repository/TC_24_36 AM/Hash_Cad_Valid' are matched.

2018-07-06 14:29:11 - [MESSAGE][PASSED] - Actual text and expected text of test object 'Object Repository/TC_24_36 AM/Hash_Cad_Valid' are matched.

2018-07-06 14:29:11 - [TEST_STEP][PASSED] - back: Navigate back successfully

2018-07-06 14:29:11 - [MESSAGE][PASSED] - Navigate back successfully

2018-07-06 14:29:11 - [TEST_STEP][PASSED] - delay: Delayed 12 second(s)

2018-07-06 14:29:23 - [MESSAGE][PASSED] - Delayed 12 second(s)]]></system-out>
         <system-err><![CDATA[]]></system-err>
      </testcase>
      <testcase name="Test Cases/Alert Manager Test Cases/Alert Manager_Search Screen/TC34_Validate Advance search through Customer App ID" classname="Test Cases/Alert Manager Test Cases/Alert Manager_Search Screen/TC34_Validate Advance search through Customer App ID" status="FAILED">
         <failure type="FAILED" message="Unable to click on object 'Object Repository/TC_24_36 AM/Done_Button' (Root cause: org.openqa.selenium.ElementNotVisibleException: element not visible
  (Session info: chrome=67.0.3396.99)
  (Driver info: chromedriver=2.35.528161 (5b82f2d2aae0ca24b877009200ced9065a772e73),platform=Windows NT 6.1.7601 SP1 x86_64) (WARNING: The server did not provide any stacktrace information)
Command duration or timeout: 0 milliseconds
Build info: version: '3.7.1', revision: '8a0099a', time: '2017-11-06T21:07:36.161Z'
System info: host: 'LT0021232', ip: '10.50.88.74', os.name: 'Windows 7', os.arch: 'amd64', os.version: '6.1', java.version: '1.8.0_102'
Driver info: com.kms.katalon.selenium.driver.CChromeDriver
Capabilities {acceptInsecureCerts: false, acceptSslCerts: false, applicationCacheEnabled: false, browserConnectionEnabled: false, browserName: chrome, chrome: {chromedriverVersion: 2.35.528161 (5b82f2d2aae0ca..., userDataDir: C:\Users\ANKUR~1.JAI\AppDat...}, cssSelectorsEnabled: true, databaseEnabled: false, handlesAlerts: true, hasTouchScreen: false, javascriptEnabled: true, locationContextEnabled: true, mobileEmulationEnabled: false, nativeEvents: true, networkConnectionEnabled: false, pageLoadStrategy: normal, platform: XP, platformName: XP, rotatable: false, setWindowRect: true, takesHeapSnapshot: true, takesScreenshot: true, unexpectedAlertBehaviour: , unhandledPromptBehavior: , version: 67.0.3396.99, webStorageEnabled: true}
Session ID: 2388917da7ad1787e5a3aac76b1a6a1e)"/>
         <system-out><![CDATA[2018-07-06 14:29:24 - [TEST_CASE][FAILED] - Test Cases/Alert Manager Test Cases/Alert Manager_Search Screen/TC34_Validate Advance search through Customer App ID: Test Cases/Alert Manager Test Cases/Alert Manager_Search Screen/TC34_Validate Advance search through Customer App ID FAILED because (of) Unable to click on object 'Object Repository/TC_24_36 AM/Done_Button' (Root cause: org.openqa.selenium.ElementNotVisibleException: element not visible
  (Session info: chrome=67.0.3396.99)
  (Driver info: chromedriver=2.35.528161 (5b82f2d2aae0ca24b877009200ced9065a772e73),platform=Windows NT 6.1.7601 SP1 x86_64) (WARNING: The server did not provide any stacktrace information)
Command duration or timeout: 0 milliseconds
Build info: version: '3.7.1', revision: '8a0099a', time: '2017-11-06T21:07:36.161Z'
System info: host: 'LT0021232', ip: '10.50.88.74', os.name: 'Windows 7', os.arch: 'amd64', os.version: '6.1', java.version: '1.8.0_102'
Driver info: com.kms.katalon.selenium.driver.CChromeDriver
Capabilities {acceptInsecureCerts: false, acceptSslCerts: false, applicationCacheEnabled: false, browserConnectionEnabled: false, browserName: chrome, chrome: {chromedriverVersion: 2.35.528161 (5b82f2d2aae0ca..., userDataDir: C:\Users\ANKUR~1.JAI\AppDat...}, cssSelectorsEnabled: true, databaseEnabled: false, handlesAlerts: true, hasTouchScreen: false, javascriptEnabled: true, locationContextEnabled: true, mobileEmulationEnabled: false, nativeEvents: true, networkConnectionEnabled: false, pageLoadStrategy: normal, platform: XP, platformName: XP, rotatable: false, setWindowRect: true, takesHeapSnapshot: true, takesScreenshot: true, unexpectedAlertBehaviour: , unhandledPromptBehavior: , version: 67.0.3396.99, webStorageEnabled: true}
Session ID: 2388917da7ad1787e5a3aac76b1a6a1e)

2018-07-06 14:29:24 - [TEST_STEP][PASSED] - clearText: Text of object 'Object Repository/TC_24_36 AM/Date_input' is cleared

2018-07-06 14:29:25 - [MESSAGE][PASSED] - Text of object 'Object Repository/TC_24_36 AM/Date_input' is cleared

2018-07-06 14:29:25 - [TEST_STEP][FAILED] - click: Unable to click on object 'Object Repository/TC_24_36 AM/Done_Button' (Root cause: org.openqa.selenium.ElementNotVisibleException: element not visible
  (Session info: chrome=67.0.3396.99)
  (Driver info: chromedriver=2.35.528161 (5b82f2d2aae0ca24b877009200ced9065a772e73),platform=Windows NT 6.1.7601 SP1 x86_64) (WARNING: The server did not provide any stacktrace information)
Command duration or timeout: 0 milliseconds
Build info: version: '3.7.1', revision: '8a0099a', time: '2017-11-06T21:07:36.161Z'
System info: host: 'LT0021232', ip: '10.50.88.74', os.name: 'Windows 7', os.arch: 'amd64', os.version: '6.1', java.version: '1.8.0_102'
Driver info: com.kms.katalon.selenium.driver.CChromeDriver
Capabilities {acceptInsecureCerts: false, acceptSslCerts: false, applicationCacheEnabled: false, browserConnectionEnabled: false, browserName: chrome, chrome: {chromedriverVersion: 2.35.528161 (5b82f2d2aae0ca..., userDataDir: C:\Users\ANKUR~1.JAI\AppDat...}, cssSelectorsEnabled: true, databaseEnabled: false, handlesAlerts: true, hasTouchScreen: false, javascriptEnabled: true, locationContextEnabled: true, mobileEmulationEnabled: false, nativeEvents: true, networkConnectionEnabled: false, pageLoadStrategy: normal, platform: XP, platformName: XP, rotatable: false, setWindowRect: true, takesHeapSnapshot: true, takesScreenshot: true, unexpectedAlertBehaviour: , unhandledPromptBehavior: , version: 67.0.3396.99, webStorageEnabled: true}
Session ID: 2388917da7ad1787e5a3aac76b1a6a1e)

2018-07-06 14:29:25 - [MESSAGE][FAILED] - Unable to click on object 'Object Repository/TC_24_36 AM/Done_Button' (Root cause: org.openqa.selenium.ElementNotVisibleException: element not visible
  (Session info: chrome=67.0.3396.99)
  (Driver info: chromedriver=2.35.528161 (5b82f2d2aae0ca24b877009200ced9065a772e73),platform=Windows NT 6.1.7601 SP1 x86_64) (WARNING: The server did not provide any stacktrace information)
Command duration or timeout: 0 milliseconds
Build info: version: '3.7.1', revision: '8a0099a', time: '2017-11-06T21:07:36.161Z'
System info: host: 'LT0021232', ip: '10.50.88.74', os.name: 'Windows 7', os.arch: 'amd64', os.version: '6.1', java.version: '1.8.0_102'
Driver info: com.kms.katalon.selenium.driver.CChromeDriver
Capabilities {acceptInsecureCerts: false, acceptSslCerts: false, applicationCacheEnabled: false, browserConnectionEnabled: false, browserName: chrome, chrome: {chromedriverVersion: 2.35.528161 (5b82f2d2aae0ca..., userDataDir: C:\Users\ANKUR~1.JAI\AppDat...}, cssSelectorsEnabled: true, databaseEnabled: false, handlesAlerts: true, hasTouchScreen: false, javascriptEnabled: true, locationContextEnabled: true, mobileEmulationEnabled: false, nativeEvents: true, networkConnectionEnabled: false, pageLoadStrategy: normal, platform: XP, platformName: XP, rotatable: false, setWindowRect: true, takesHeapSnapshot: true, takesScreenshot: true, unexpectedAlertBehaviour: , unhandledPromptBehavior: , version: 67.0.3396.99, webStorageEnabled: true}
Session ID: 2388917da7ad1787e5a3aac76b1a6a1e)
[[ATTACHMENT|C:\\Users\\ankur.jain\\Katalon Studio\\Feedzai_Automation\\Reports\\AM_Test Suite\\20180706_141638\\1530867565180.png]]

2018-07-06 14:29:25 - [TEST_STEP][PASSED] - delay: Delayed 2 second(s)

2018-07-06 14:29:27 - [MESSAGE][PASSED] - Delayed 2 second(s)

2018-07-06 14:29:27 - [TEST_STEP][FAILED] - click: Unable to click on object 'Object Repository/TC_24_36 AM/button_Advanced Search' (Root cause: org.openqa.selenium.WebDriverException: unknown error: Element <button type="button" class="button button-default fdz-js-toggle-advanced-search">...</button> is not clickable at point (184, 257). Other element would receive the click: <span class="ui-spinner ui-widget ui-widget-content ui-corner-all">...</span>
  (Session info: chrome=67.0.3396.99)
  (Driver info: chromedriver=2.35.528161 (5b82f2d2aae0ca24b877009200ced9065a772e73),platform=Windows NT 6.1.7601 SP1 x86_64) (WARNING: The server did not provide any stacktrace information)
Command duration or timeout: 0 milliseconds
Build info: version: '3.7.1', revision: '8a0099a', time: '2017-11-06T21:07:36.161Z'
System info: host: 'LT0021232', ip: '10.50.88.74', os.name: 'Windows 7', os.arch: 'amd64', os.version: '6.1', java.version: '1.8.0_102'
Driver info: com.kms.katalon.selenium.driver.CChromeDriver
Capabilities {acceptInsecureCerts: false, acceptSslCerts: false, applicationCacheEnabled: false, browserConnectionEnabled: false, browserName: chrome, chrome: {chromedriverVersion: 2.35.528161 (5b82f2d2aae0ca..., userDataDir: C:\Users\ANKUR~1.JAI\AppDat...}, cssSelectorsEnabled: true, databaseEnabled: false, handlesAlerts: true, hasTouchScreen: false, javascriptEnabled: true, locationContextEnabled: true, mobileEmulationEnabled: false, nativeEvents: true, networkConnectionEnabled: false, pageLoadStrategy: normal, platform: XP, platformName: XP, rotatable: false, setWindowRect: true, takesHeapSnapshot: true, takesScreenshot: true, unexpectedAlertBehaviour: , unhandledPromptBehavior: , version: 67.0.3396.99, webStorageEnabled: true}
Session ID: 2388917da7ad1787e5a3aac76b1a6a1e)

2018-07-06 14:29:28 - [MESSAGE][FAILED] - Unable to click on object 'Object Repository/TC_24_36 AM/button_Advanced Search' (Root cause: org.openqa.selenium.WebDriverException: unknown error: Element <button type="button" class="button button-default fdz-js-toggle-advanced-search">...</button> is not clickable at point (184, 257). Other element would receive the click: <span class="ui-spinner ui-widget ui-widget-content ui-corner-all">...</span>
  (Session info: chrome=67.0.3396.99)
  (Driver info: chromedriver=2.35.528161 (5b82f2d2aae0ca24b877009200ced9065a772e73),platform=Windows NT 6.1.7601 SP1 x86_64) (WARNING: The server did not provide any stacktrace information)
Command duration or timeout: 0 milliseconds
Build info: version: '3.7.1', revision: '8a0099a', time: '2017-11-06T21:07:36.161Z'
System info: host: 'LT0021232', ip: '10.50.88.74', os.name: 'Windows 7', os.arch: 'amd64', os.version: '6.1', java.version: '1.8.0_102'
Driver info: com.kms.katalon.selenium.driver.CChromeDriver
Capabilities {acceptInsecureCerts: false, acceptSslCerts: false, applicationCacheEnabled: false, browserConnectionEnabled: false, browserName: chrome, chrome: {chromedriverVersion: 2.35.528161 (5b82f2d2aae0ca..., userDataDir: C:\Users\ANKUR~1.JAI\AppDat...}, cssSelectorsEnabled: true, databaseEnabled: false, handlesAlerts: true, hasTouchScreen: false, javascriptEnabled: true, locationContextEnabled: true, mobileEmulationEnabled: false, nativeEvents: true, networkConnectionEnabled: false, pageLoadStrategy: normal, platform: XP, platformName: XP, rotatable: false, setWindowRect: true, takesHeapSnapshot: true, takesScreenshot: true, unexpectedAlertBehaviour: , unhandledPromptBehavior: , version: 67.0.3396.99, webStorageEnabled: true}
Session ID: 2388917da7ad1787e5a3aac76b1a6a1e)
[[ATTACHMENT|C:\\Users\\ankur.jain\\Katalon Studio\\Feedzai_Automation\\Reports\\AM_Test Suite\\20180706_141638\\1530867568253.png]]

2018-07-06 14:29:28 - [TEST_STEP][PASSED] - delay: Delayed 2 second(s)

2018-07-06 14:29:30 - [MESSAGE][PASSED] - Delayed 2 second(s)

2018-07-06 14:29:30 - [TEST_STEP][FAILED] - click: Unable to click on object 'Object Repository/TC_24_36 AM/Click_CustAppid' (Root cause: org.openqa.selenium.ElementNotVisibleException: element not visible
  (Session info: chrome=67.0.3396.99)
  (Driver info: chromedriver=2.35.528161 (5b82f2d2aae0ca24b877009200ced9065a772e73),platform=Windows NT 6.1.7601 SP1 x86_64) (WARNING: The server did not provide any stacktrace information)
Command duration or timeout: 0 milliseconds
Build info: version: '3.7.1', revision: '8a0099a', time: '2017-11-06T21:07:36.161Z'
System info: host: 'LT0021232', ip: '10.50.88.74', os.name: 'Windows 7', os.arch: 'amd64', os.version: '6.1', java.version: '1.8.0_102'
Driver info: com.kms.katalon.selenium.driver.CChromeDriver
Capabilities {acceptInsecureCerts: false, acceptSslCerts: false, applicationCacheEnabled: false, browserConnectionEnabled: false, browserName: chrome, chrome: {chromedriverVersion: 2.35.528161 (5b82f2d2aae0ca..., userDataDir: C:\Users\ANKUR~1.JAI\AppDat...}, cssSelectorsEnabled: true, databaseEnabled: false, handlesAlerts: true, hasTouchScreen: false, javascriptEnabled: true, locationContextEnabled: true, mobileEmulationEnabled: false, nativeEvents: true, networkConnectionEnabled: false, pageLoadStrategy: normal, platform: XP, platformName: XP, rotatable: false, setWindowRect: true, takesHeapSnapshot: true, takesScreenshot: true, unexpectedAlertBehaviour: , unhandledPromptBehavior: , version: 67.0.3396.99, webStorageEnabled: true}
Session ID: 2388917da7ad1787e5a3aac76b1a6a1e)

2018-07-06 14:29:31 - [MESSAGE][FAILED] - Unable to click on object 'Object Repository/TC_24_36 AM/Click_CustAppid' (Root cause: org.openqa.selenium.ElementNotVisibleException: element not visible
  (Session info: chrome=67.0.3396.99)
  (Driver info: chromedriver=2.35.528161 (5b82f2d2aae0ca24b877009200ced9065a772e73),platform=Windows NT 6.1.7601 SP1 x86_64) (WARNING: The server did not provide any stacktrace information)
Command duration or timeout: 0 milliseconds
Build info: version: '3.7.1', revision: '8a0099a', time: '2017-11-06T21:07:36.161Z'
System info: host: 'LT0021232', ip: '10.50.88.74', os.name: 'Windows 7', os.arch: 'amd64', os.version: '6.1', java.version: '1.8.0_102'
Driver info: com.kms.katalon.selenium.driver.CChromeDriver
Capabilities {acceptInsecureCerts: false, acceptSslCerts: false, applicationCacheEnabled: false, browserConnectionEnabled: false, browserName: chrome, chrome: {chromedriverVersion: 2.35.528161 (5b82f2d2aae0ca..., userDataDir: C:\Users\ANKUR~1.JAI\AppDat...}, cssSelectorsEnabled: true, databaseEnabled: false, handlesAlerts: true, hasTouchScreen: false, javascriptEnabled: true, locationContextEnabled: true, mobileEmulationEnabled: false, nativeEvents: true, networkConnectionEnabled: false, pageLoadStrategy: normal, platform: XP, platformName: XP, rotatable: false, setWindowRect: true, takesHeapSnapshot: true, takesScreenshot: true, unexpectedAlertBehaviour: , unhandledPromptBehavior: , version: 67.0.3396.99, webStorageEnabled: true}
Session ID: 2388917da7ad1787e5a3aac76b1a6a1e)
[[ATTACHMENT|C:\\Users\\ankur.jain\\Katalon Studio\\Feedzai_Automation\\Reports\\AM_Test Suite\\20180706_141638\\1530867570905.png]]

2018-07-06 14:29:31 - [TEST_STEP][FAILED] - setText: Unable to set text 'LS5501_LYF LS-5501' of object 'Object Repository/TC_24_36 AM/input_CustAppid' (Root cause: org.openqa.selenium.InvalidElementStateException: invalid element state: Element is not currently interactable and may not be manipulated
  (Session info: chrome=67.0.3396.99)
  (Driver info: chromedriver=2.35.528161 (5b82f2d2aae0ca24b877009200ced9065a772e73),platform=Windows NT 6.1.7601 SP1 x86_64) (WARNING: The server did not provide any stacktrace information)
Command duration or timeout: 0 milliseconds
Build info: version: '3.7.1', revision: '8a0099a', time: '2017-11-06T21:07:36.161Z'
System info: host: 'LT0021232', ip: '10.50.88.74', os.name: 'Windows 7', os.arch: 'amd64', os.version: '6.1', java.version: '1.8.0_102'
Driver info: com.kms.katalon.selenium.driver.CChromeDriver
Capabilities {acceptInsecureCerts: false, acceptSslCerts: false, applicationCacheEnabled: false, browserConnectionEnabled: false, browserName: chrome, chrome: {chromedriverVersion: 2.35.528161 (5b82f2d2aae0ca..., userDataDir: C:\Users\ANKUR~1.JAI\AppDat...}, cssSelectorsEnabled: true, databaseEnabled: false, handlesAlerts: true, hasTouchScreen: false, javascriptEnabled: true, locationContextEnabled: true, mobileEmulationEnabled: false, nativeEvents: true, networkConnectionEnabled: false, pageLoadStrategy: normal, platform: XP, platformName: XP, rotatable: false, setWindowRect: true, takesHeapSnapshot: true, takesScreenshot: true, unexpectedAlertBehaviour: , unhandledPromptBehavior: , version: 67.0.3396.99, webStorageEnabled: true}
Session ID: 2388917da7ad1787e5a3aac76b1a6a1e)

2018-07-06 14:29:32 - [MESSAGE][FAILED] - Unable to set text 'LS5501_LYF LS-5501' of object 'Object Repository/TC_24_36 AM/input_CustAppid' (Root cause: org.openqa.selenium.InvalidElementStateException: invalid element state: Element is not currently interactable and may not be manipulated
  (Session info: chrome=67.0.3396.99)
  (Driver info: chromedriver=2.35.528161 (5b82f2d2aae0ca24b877009200ced9065a772e73),platform=Windows NT 6.1.7601 SP1 x86_64) (WARNING: The server did not provide any stacktrace information)
Command duration or timeout: 0 milliseconds
Build info: version: '3.7.1', revision: '8a0099a', time: '2017-11-06T21:07:36.161Z'
System info: host: 'LT0021232', ip: '10.50.88.74', os.name: 'Windows 7', os.arch: 'amd64', os.version: '6.1', java.version: '1.8.0_102'
Driver info: com.kms.katalon.selenium.driver.CChromeDriver
Capabilities {acceptInsecureCerts: false, acceptSslCerts: false, applicationCacheEnabled: false, browserConnectionEnabled: false, browserName: chrome, chrome: {chromedriverVersion: 2.35.528161 (5b82f2d2aae0ca..., userDataDir: C:\Users\ANKUR~1.JAI\AppDat...}, cssSelectorsEnabled: true, databaseEnabled: false, handlesAlerts: true, hasTouchScreen: false, javascriptEnabled: true, locationContextEnabled: true, mobileEmulationEnabled: false, nativeEvents: true, networkConnectionEnabled: false, pageLoadStrategy: normal, platform: XP, platformName: XP, rotatable: false, setWindowRect: true, takesHeapSnapshot: true, takesScreenshot: true, unexpectedAlertBehaviour: , unhandledPromptBehavior: , version: 67.0.3396.99, webStorageEnabled: true}
Session ID: 2388917da7ad1787e5a3aac76b1a6a1e)
[[ATTACHMENT|C:\\Users\\ankur.jain\\Katalon Studio\\Feedzai_Automation\\Reports\\AM_Test Suite\\20180706_141638\\1530867571628.png]]

2018-07-06 14:29:32 - [TEST_STEP][PASSED] - delay: Delayed 2 second(s)

2018-07-06 14:29:34 - [MESSAGE][PASSED] - Delayed 2 second(s)

2018-07-06 14:29:34 - [TEST_STEP][FAILED] - sendKeys: Unable to send keys '' to object 'Object Repository/TC_24_36 AM/input_CustAppid' (Root cause: org.openqa.selenium.ElementNotVisibleException: element not visible
  (Session info: chrome=67.0.3396.99)
  (Driver info: chromedriver=2.35.528161 (5b82f2d2aae0ca24b877009200ced9065a772e73),platform=Windows NT 6.1.7601 SP1 x86_64) (WARNING: The server did not provide any stacktrace information)
Command duration or timeout: 0 milliseconds
Build info: version: '3.7.1', revision: '8a0099a', time: '2017-11-06T21:07:36.161Z'
System info: host: 'LT0021232', ip: '10.50.88.74', os.name: 'Windows 7', os.arch: 'amd64', os.version: '6.1', java.version: '1.8.0_102'
Driver info: com.kms.katalon.selenium.driver.CChromeDriver
Capabilities {acceptInsecureCerts: false, acceptSslCerts: false, applicationCacheEnabled: false, browserConnectionEnabled: false, browserName: chrome, chrome: {chromedriverVersion: 2.35.528161 (5b82f2d2aae0ca..., userDataDir: C:\Users\ANKUR~1.JAI\AppDat...}, cssSelectorsEnabled: true, databaseEnabled: false, handlesAlerts: true, hasTouchScreen: false, javascriptEnabled: true, locationContextEnabled: true, mobileEmulationEnabled: false, nativeEvents: true, networkConnectionEnabled: false, pageLoadStrategy: normal, platform: XP, platformName: XP, rotatable: false, setWindowRect: true, takesHeapSnapshot: true, takesScreenshot: true, unexpectedAlertBehaviour: , unhandledPromptBehavior: , version: 67.0.3396.99, webStorageEnabled: true}
Session ID: 2388917da7ad1787e5a3aac76b1a6a1e)

2018-07-06 14:29:34 - [MESSAGE][FAILED] - Unable to send keys '' to object 'Object Repository/TC_24_36 AM/input_CustAppid' (Root cause: org.openqa.selenium.ElementNotVisibleException: element not visible
  (Session info: chrome=67.0.3396.99)
  (Driver info: chromedriver=2.35.528161 (5b82f2d2aae0ca24b877009200ced9065a772e73),platform=Windows NT 6.1.7601 SP1 x86_64) (WARNING: The server did not provide any stacktrace information)
Command duration or timeout: 0 milliseconds
Build info: version: '3.7.1', revision: '8a0099a', time: '2017-11-06T21:07:36.161Z'
System info: host: 'LT0021232', ip: '10.50.88.74', os.name: 'Windows 7', os.arch: 'amd64', os.version: '6.1', java.version: '1.8.0_102'
Driver info: com.kms.katalon.selenium.driver.CChromeDriver
Capabilities {acceptInsecureCerts: false, acceptSslCerts: false, applicationCacheEnabled: false, browserConnectionEnabled: false, browserName: chrome, chrome: {chromedriverVersion: 2.35.528161 (5b82f2d2aae0ca..., userDataDir: C:\Users\ANKUR~1.JAI\AppDat...}, cssSelectorsEnabled: true, databaseEnabled: false, handlesAlerts: true, hasTouchScreen: false, javascriptEnabled: true, locationContextEnabled: true, mobileEmulationEnabled: false, nativeEvents: true, networkConnectionEnabled: false, pageLoadStrategy: normal, platform: XP, platformName: XP, rotatable: false, setWindowRect: true, takesHeapSnapshot: true, takesScreenshot: true, unexpectedAlertBehaviour: , unhandledPromptBehavior: , version: 67.0.3396.99, webStorageEnabled: true}
Session ID: 2388917da7ad1787e5a3aac76b1a6a1e)
[[ATTACHMENT|C:\\Users\\ankur.jain\\Katalon Studio\\Feedzai_Automation\\Reports\\AM_Test Suite\\20180706_141638\\1530867574244.png]]

2018-07-06 14:29:34 - [TEST_STEP][PASSED] - delay: Delayed 2 second(s)

2018-07-06 14:29:36 - [MESSAGE][PASSED] - Delayed 2 second(s)

2018-07-06 14:29:36 - [TEST_STEP][FAILED] - click: Unable to click on object 'Object Repository/TC_24_36 AM/button_Search' (Root cause: org.openqa.selenium.WebDriverException: unknown error: Element <button type="submit" class="button button-primary">...</button> is not clickable at point (71, 257). Other element would receive the click: <dt class="ui_tpicker_hour_label">...</dt>
  (Session info: chrome=67.0.3396.99)
  (Driver info: chromedriver=2.35.528161 (5b82f2d2aae0ca24b877009200ced9065a772e73),platform=Windows NT 6.1.7601 SP1 x86_64) (WARNING: The server did not provide any stacktrace information)
Command duration or timeout: 0 milliseconds
Build info: version: '3.7.1', revision: '8a0099a', time: '2017-11-06T21:07:36.161Z'
System info: host: 'LT0021232', ip: '10.50.88.74', os.name: 'Windows 7', os.arch: 'amd64', os.version: '6.1', java.version: '1.8.0_102'
Driver info: com.kms.katalon.selenium.driver.CChromeDriver
Capabilities {acceptInsecureCerts: false, acceptSslCerts: false, applicationCacheEnabled: false, browserConnectionEnabled: false, browserName: chrome, chrome: {chromedriverVersion: 2.35.528161 (5b82f2d2aae0ca..., userDataDir: C:\Users\ANKUR~1.JAI\AppDat...}, cssSelectorsEnabled: true, databaseEnabled: false, handlesAlerts: true, hasTouchScreen: false, javascriptEnabled: true, locationContextEnabled: true, mobileEmulationEnabled: false, nativeEvents: true, networkConnectionEnabled: false, pageLoadStrategy: normal, platform: XP, platformName: XP, rotatable: false, setWindowRect: true, takesHeapSnapshot: true, takesScreenshot: true, unexpectedAlertBehaviour: , unhandledPromptBehavior: , version: 67.0.3396.99, webStorageEnabled: true}
Session ID: 2388917da7ad1787e5a3aac76b1a6a1e)

2018-07-06 14:29:37 - [MESSAGE][FAILED] - Unable to click on object 'Object Repository/TC_24_36 AM/button_Search' (Root cause: org.openqa.selenium.WebDriverException: unknown error: Element <button type="submit" class="button button-primary">...</button> is not clickable at point (71, 257). Other element would receive the click: <dt class="ui_tpicker_hour_label">...</dt>
  (Session info: chrome=67.0.3396.99)
  (Driver info: chromedriver=2.35.528161 (5b82f2d2aae0ca24b877009200ced9065a772e73),platform=Windows NT 6.1.7601 SP1 x86_64) (WARNING: The server did not provide any stacktrace information)
Command duration or timeout: 0 milliseconds
Build info: version: '3.7.1', revision: '8a0099a', time: '2017-11-06T21:07:36.161Z'
System info: host: 'LT0021232', ip: '10.50.88.74', os.name: 'Windows 7', os.arch: 'amd64', os.version: '6.1', java.version: '1.8.0_102'
Driver info: com.kms.katalon.selenium.driver.CChromeDriver
Capabilities {acceptInsecureCerts: false, acceptSslCerts: false, applicationCacheEnabled: false, browserConnectionEnabled: false, browserName: chrome, chrome: {chromedriverVersion: 2.35.528161 (5b82f2d2aae0ca..., userDataDir: C:\Users\ANKUR~1.JAI\AppDat...}, cssSelectorsEnabled: true, databaseEnabled: false, handlesAlerts: true, hasTouchScreen: false, javascriptEnabled: true, locationContextEnabled: true, mobileEmulationEnabled: false, nativeEvents: true, networkConnectionEnabled: false, pageLoadStrategy: normal, platform: XP, platformName: XP, rotatable: false, setWindowRect: true, takesHeapSnapshot: true, takesScreenshot: true, unexpectedAlertBehaviour: , unhandledPromptBehavior: , version: 67.0.3396.99, webStorageEnabled: true}
Session ID: 2388917da7ad1787e5a3aac76b1a6a1e)
[[ATTACHMENT|C:\\Users\\ankur.jain\\Katalon Studio\\Feedzai_Automation\\Reports\\AM_Test Suite\\20180706_141638\\1530867576916.png]]

2018-07-06 14:29:37 - [TEST_STEP][FAILED] - getText: Unable to get text of object 'Object Repository/TC_24_36 AM/Cust_Details' (Root cause: com.kms.katalon.core.webui.exception.WebElementNotFoundException: Web element with id: 'Object Repository/TC_24_36 AM/Cust_Details' located by 'By.xpath: //tbody[@style='opacity: 1;']' not found)

2018-07-06 14:30:11 - [MESSAGE][FAILED] - Unable to get text of object 'Object Repository/TC_24_36 AM/Cust_Details' (Root cause: com.kms.katalon.core.webui.exception.WebElementNotFoundException: Web element with id: 'Object Repository/TC_24_36 AM/Cust_Details' located by 'By.xpath: //tbody[@style='opacity: 1;']' not found)
[[ATTACHMENT|C:\\Users\\ankur.jain\\Katalon Studio\\Feedzai_Automation\\Reports\\AM_Test Suite\\20180706_141638\\1530867610581.png]]

2018-07-06 14:30:11 - [TEST_STEP][PASSED] - comment: Advance search through Customer App id is sucesfull

2018-07-06 14:30:11 - [TEST_STEP][PASSED] - Statement - Customer_App_id = com.kms.katalon.core.webui.keyword.WebUiBuiltInKeywords.takeScreenshot(): Taking screenshot successfully

2018-07-06 14:30:11 - [MESSAGE][PASSED] - Taking screenshot successfully
[[ATTACHMENT|C:\\Users\\ankur.jain\\Katalon Studio\\Feedzai_Automation\\Reports\\AM_Test Suite\\20180706_141638\\1530867611036.png]]

2018-07-06 14:30:11 - [TEST_STEP][FAILED] - click: Unable to click on object 'Object Repository/TC_24_36 AM/Trans_Details' (Root cause: com.kms.katalon.core.webui.exception.WebElementNotFoundException: Web element with id: 'Object Repository/TC_24_36 AM/Trans_Details' located by 'By.xpath: /html/body/div[1]/div[1]/div[2]/div/div/div[2]/div[2]/div[2]/table/tbody/tr[1]/td[15]/a/span' not found)

2018-07-06 14:30:45 - [MESSAGE][FAILED] - Unable to click on object 'Object Repository/TC_24_36 AM/Trans_Details' (Root cause: com.kms.katalon.core.webui.exception.WebElementNotFoundException: Web element with id: 'Object Repository/TC_24_36 AM/Trans_Details' located by 'By.xpath: /html/body/div[1]/div[1]/div[2]/div/div/div[2]/div[2]/div[2]/table/tbody/tr[1]/td[15]/a/span' not found)
[[ATTACHMENT|C:\\Users\\ankur.jain\\Katalon Studio\\Feedzai_Automation\\Reports\\AM_Test Suite\\20180706_141638\\1530867644931.png]]

2018-07-06 14:30:45 - [TEST_STEP][FAILED] - verifyElementText: com.kms.katalon.core.webui.exception.WebElementNotFoundException: Web element with id: 'Object Repository/TC_24_36 AM/Cust_AppId_Valid' located by 'By.xpath: /html/body/div[1]/div[1]/div[2]/div[2]/div/div[2]/div[3]/div[3]/div[2]' not found

2018-07-06 14:31:21 - [MESSAGE][FAILED] - com.kms.katalon.core.webui.exception.WebElementNotFoundException: Web element with id: 'Object Repository/TC_24_36 AM/Cust_AppId_Valid' located by 'By.xpath: /html/body/div[1]/div[1]/div[2]/div[2]/div/div[2]/div[3]/div[3]/div[2]' not found
[[ATTACHMENT|C:\\Users\\ankur.jain\\Katalon Studio\\Feedzai_Automation\\Reports\\AM_Test Suite\\20180706_141638\\1530867680456.png]]

2018-07-06 14:31:21 - [TEST_STEP][PASSED] - back: Navigate back successfully

2018-07-06 14:31:21 - [MESSAGE][PASSED] - Navigate back successfully

2018-07-06 14:31:21 - [TEST_STEP][PASSED] - delay: Delayed 12 second(s)

2018-07-06 14:31:33 - [MESSAGE][PASSED] - Delayed 12 second(s)]]></system-out>
         <system-err><![CDATA[2018-07-06 14:29:24 - [TEST_CASE][FAILED] - Test Cases/Alert Manager Test Cases/Alert Manager_Search Screen/TC34_Validate Advance search through Customer App ID: Test Cases/Alert Manager Test Cases/Alert Manager_Search Screen/TC34_Validate Advance search through Customer App ID FAILED because (of) Unable to click on object 'Object Repository/TC_24_36 AM/Done_Button' (Root cause: org.openqa.selenium.ElementNotVisibleException: element not visible
  (Session info: chrome=67.0.3396.99)
  (Driver info: chromedriver=2.35.528161 (5b82f2d2aae0ca24b877009200ced9065a772e73),platform=Windows NT 6.1.7601 SP1 x86_64) (WARNING: The server did not provide any stacktrace information)
Command duration or timeout: 0 milliseconds
Build info: version: '3.7.1', revision: '8a0099a', time: '2017-11-06T21:07:36.161Z'
System info: host: 'LT0021232', ip: '10.50.88.74', os.name: 'Windows 7', os.arch: 'amd64', os.version: '6.1', java.version: '1.8.0_102'
Driver info: com.kms.katalon.selenium.driver.CChromeDriver
Capabilities {acceptInsecureCerts: false, acceptSslCerts: false, applicationCacheEnabled: false, browserConnectionEnabled: false, browserName: chrome, chrome: {chromedriverVersion: 2.35.528161 (5b82f2d2aae0ca..., userDataDir: C:\Users\ANKUR~1.JAI\AppDat...}, cssSelectorsEnabled: true, databaseEnabled: false, handlesAlerts: true, hasTouchScreen: false, javascriptEnabled: true, locationContextEnabled: true, mobileEmulationEnabled: false, nativeEvents: true, networkConnectionEnabled: false, pageLoadStrategy: normal, platform: XP, platformName: XP, rotatable: false, setWindowRect: true, takesHeapSnapshot: true, takesScreenshot: true, unexpectedAlertBehaviour: , unhandledPromptBehavior: , version: 67.0.3396.99, webStorageEnabled: true}
Session ID: 2388917da7ad1787e5a3aac76b1a6a1e)]]></system-err>
      </testcase>
      <testcase name="Test Cases/Alert Manager Test Cases/Alert Manager_Search Screen/TC35_Validate Advance search through Sender pan or Card pan" classname="Test Cases/Alert Manager Test Cases/Alert Manager_Search Screen/TC35_Validate Advance search through Sender pan or Card pan" status="FAILED">
         <failure type="FAILED" message="Unable to clear text of object 'Object Repository/TC_24_36 AM/Date_input' (Root cause: com.kms.katalon.core.webui.exception.WebElementNotFoundException: Web element with id: 'Object Repository/TC_24_36 AM/Date_input' located by 'By.xpath: //input[@id='fdz-form-date-time']' not found)"/>
         <system-out><![CDATA[2018-07-06 14:31:33 - [TEST_CASE][FAILED] - Test Cases/Alert Manager Test Cases/Alert Manager_Search Screen/TC35_Validate Advance search through Sender pan or Card pan: Test Cases/Alert Manager Test Cases/Alert Manager_Search Screen/TC35_Validate Advance search through Sender pan or Card pan FAILED because (of) Unable to clear text of object 'Object Repository/TC_24_36 AM/Date_input' (Root cause: com.kms.katalon.core.webui.exception.WebElementNotFoundException: Web element with id: 'Object Repository/TC_24_36 AM/Date_input' located by 'By.xpath: //input[@id='fdz-form-date-time']' not found)

2018-07-06 14:31:33 - [TEST_STEP][FAILED] - clearText: Unable to clear text of object 'Object Repository/TC_24_36 AM/Date_input' (Root cause: com.kms.katalon.core.webui.exception.WebElementNotFoundException: Web element with id: 'Object Repository/TC_24_36 AM/Date_input' located by 'By.xpath: //input[@id='fdz-form-date-time']' not found)

2018-07-06 14:32:08 - [MESSAGE][FAILED] - Unable to clear text of object 'Object Repository/TC_24_36 AM/Date_input' (Root cause: com.kms.katalon.core.webui.exception.WebElementNotFoundException: Web element with id: 'Object Repository/TC_24_36 AM/Date_input' located by 'By.xpath: //input[@id='fdz-form-date-time']' not found)
[[ATTACHMENT|C:\\Users\\ankur.jain\\Katalon Studio\\Feedzai_Automation\\Reports\\AM_Test Suite\\20180706_141638\\1530867727636.png]]

2018-07-06 14:32:08 - [TEST_STEP][PASSED] - click: Object: 'Object Repository/TC_24_36 AM/Done_Button' is clicked on

2018-07-06 14:32:08 - [MESSAGE][PASSED] - Object: 'Object Repository/TC_24_36 AM/Done_Button' is clicked on

2018-07-06 14:32:08 - [TEST_STEP][PASSED] - delay: Delayed 2 second(s)

2018-07-06 14:32:10 - [MESSAGE][PASSED] - Delayed 2 second(s)

2018-07-06 14:32:10 - [TEST_STEP][FAILED] - click: Unable to click on object 'Object Repository/TC_24_36 AM/button_Advanced Search' (Root cause: com.kms.katalon.core.webui.exception.WebElementNotFoundException: Web element with id: 'Object Repository/TC_24_36 AM/button_Advanced Search' located by 'By.xpath: //button[@type = 'button' and (text() = '
            
             Advanced Search
        ' or . = '
            
             Advanced Search
        ')]' not found)

2018-07-06 14:32:44 - [MESSAGE][FAILED] - Unable to click on object 'Object Repository/TC_24_36 AM/button_Advanced Search' (Root cause: com.kms.katalon.core.webui.exception.WebElementNotFoundException: Web element with id: 'Object Repository/TC_24_36 AM/button_Advanced Search' located by 'By.xpath: //button[@type = 'button' and (text() = '
            
             Advanced Search
        ' or . = '
            
             Advanced Search
        ')]' not found)
[[ATTACHMENT|C:\\Users\\ankur.jain\\Katalon Studio\\Feedzai_Automation\\Reports\\AM_Test Suite\\20180706_141638\\1530867764154.png]]

2018-07-06 14:32:44 - [TEST_STEP][PASSED] - delay: Delayed 2 second(s)

2018-07-06 14:32:46 - [MESSAGE][PASSED] - Delayed 2 second(s)

2018-07-06 14:32:46 - [TEST_STEP][FAILED] - click: Unable to click on object 'Object Repository/TC_24_36 AM/ClickSenderPAN' (Root cause: com.kms.katalon.core.webui.exception.WebElementNotFoundException: Web element with id: 'Object Repository/TC_24_36 AM/ClickSenderPAN' located by 'By.xpath: //*[@id='fdz-form-sender-pan']' not found)

2018-07-06 14:33:21 - [MESSAGE][FAILED] - Unable to click on object 'Object Repository/TC_24_36 AM/ClickSenderPAN' (Root cause: com.kms.katalon.core.webui.exception.WebElementNotFoundException: Web element with id: 'Object Repository/TC_24_36 AM/ClickSenderPAN' located by 'By.xpath: //*[@id='fdz-form-sender-pan']' not found)
[[ATTACHMENT|C:\\Users\\ankur.jain\\Katalon Studio\\Feedzai_Automation\\Reports\\AM_Test Suite\\20180706_141638\\1530867800814.png]]

2018-07-06 14:33:21 - [TEST_STEP][FAILED] - setText: Unable to set text '2812 3200 0885 0253' of object 'Object Repository/TC_24_36 AM/input_SenderPAN' (Root cause: com.kms.katalon.core.webui.exception.WebElementNotFoundException: Web element with id: 'Object Repository/TC_24_36 AM/input_SenderPAN' located by 'By.xpath: //input[@name='sender_pan']' not found)

2018-07-06 14:33:56 - [MESSAGE][FAILED] - Unable to set text '2812 3200 0885 0253' of object 'Object Repository/TC_24_36 AM/input_SenderPAN' (Root cause: com.kms.katalon.core.webui.exception.WebElementNotFoundException: Web element with id: 'Object Repository/TC_24_36 AM/input_SenderPAN' located by 'By.xpath: //input[@name='sender_pan']' not found)
[[ATTACHMENT|C:\\Users\\ankur.jain\\Katalon Studio\\Feedzai_Automation\\Reports\\AM_Test Suite\\20180706_141638\\1530867835974.png]]

2018-07-06 14:33:56 - [TEST_STEP][PASSED] - delay: Delayed 2 second(s)

2018-07-06 14:33:58 - [MESSAGE][PASSED] - Delayed 2 second(s)

2018-07-06 14:33:58 - [TEST_STEP][FAILED] - sendKeys: Unable to send keys '' to object 'Object Repository/TC_24_36 AM/input_SenderPAN' (Root cause: org.openqa.selenium.NoSuchWindowException: no such window: window was already closed
  (Session info: chrome=67.0.3396.99)
  (Driver info: chromedriver=2.35.528161 (5b82f2d2aae0ca24b877009200ced9065a772e73),platform=Windows NT 6.1.7601 SP1 x86_64) (WARNING: The server did not provide any stacktrace information)
Command duration or timeout: 0 milliseconds
Build info: version: '3.7.1', revision: '8a0099a', time: '2017-11-06T21:07:36.161Z'
System info: host: 'LT0021232', ip: '10.50.88.74', os.name: 'Windows 7', os.arch: 'amd64', os.version: '6.1', java.version: '1.8.0_102'
Driver info: com.kms.katalon.selenium.driver.CChromeDriver
Capabilities {acceptInsecureCerts: false, acceptSslCerts: false, applicationCacheEnabled: false, browserConnectionEnabled: false, browserName: chrome, chrome: {chromedriverVersion: 2.35.528161 (5b82f2d2aae0ca..., userDataDir: C:\Users\ANKUR~1.JAI\AppDat...}, cssSelectorsEnabled: true, databaseEnabled: false, handlesAlerts: true, hasTouchScreen: false, javascriptEnabled: true, locationContextEnabled: true, mobileEmulationEnabled: false, nativeEvents: true, networkConnectionEnabled: false, pageLoadStrategy: normal, platform: XP, platformName: XP, rotatable: false, setWindowRect: true, takesHeapSnapshot: true, takesScreenshot: true, unexpectedAlertBehaviour: , unhandledPromptBehavior: , version: 67.0.3396.99, webStorageEnabled: true}
Session ID: 2388917da7ad1787e5a3aac76b1a6a1e
*** Element info: {Using=xpath, value=//input[@name='sender_pan']})

2018-07-06 14:34:34 - [MESSAGE][WARNING] - Cannot take screenshot

2018-07-06 14:34:34 - [MESSAGE][FAILED] - Unable to send keys '' to object 'Object Repository/TC_24_36 AM/input_SenderPAN' (Root cause: org.openqa.selenium.NoSuchWindowException: no such window: window was already closed
  (Session info: chrome=67.0.3396.99)
  (Driver info: chromedriver=2.35.528161 (5b82f2d2aae0ca24b877009200ced9065a772e73),platform=Windows NT 6.1.7601 SP1 x86_64) (WARNING: The server did not provide any stacktrace information)
Command duration or timeout: 0 milliseconds
Build info: version: '3.7.1', revision: '8a0099a', time: '2017-11-06T21:07:36.161Z'
System info: host: 'LT0021232', ip: '10.50.88.74', os.name: 'Windows 7', os.arch: 'amd64', os.version: '6.1', java.version: '1.8.0_102'
Driver info: com.kms.katalon.selenium.driver.CChromeDriver
Capabilities {acceptInsecureCerts: false, acceptSslCerts: false, applicationCacheEnabled: false, browserConnectionEnabled: false, browserName: chrome, chrome: {chromedriverVersion: 2.35.528161 (5b82f2d2aae0ca..., userDataDir: C:\Users\ANKUR~1.JAI\AppDat...}, cssSelectorsEnabled: true, databaseEnabled: false, handlesAlerts: true, hasTouchScreen: false, javascriptEnabled: true, locationContextEnabled: true, mobileEmulationEnabled: false, nativeEvents: true, networkConnectionEnabled: false, pageLoadStrategy: normal, platform: XP, platformName: XP, rotatable: false, setWindowRect: true, takesHeapSnapshot: true, takesScreenshot: true, unexpectedAlertBehaviour: , unhandledPromptBehavior: , version: 67.0.3396.99, webStorageEnabled: true}
Session ID: 2388917da7ad1787e5a3aac76b1a6a1e
*** Element info: {Using=xpath, value=//input[@name='sender_pan']})

2018-07-06 14:34:34 - [TEST_STEP][PASSED] - delay: Delayed 2 second(s)

2018-07-06 14:34:36 - [MESSAGE][PASSED] - Delayed 2 second(s)

2018-07-06 14:34:36 - [TEST_STEP][FAILED] - click: Unable to click on object 'Object Repository/TC_24_36 AM/button_Search' (Root cause: org.openqa.selenium.WebDriverException: chrome not reachable
  (Session info: chrome=67.0.3396.99)
  (Driver info: chromedriver=2.35.528161 (5b82f2d2aae0ca24b877009200ced9065a772e73),platform=Windows NT 6.1.7601 SP1 x86_64) (WARNING: The server did not provide any stacktrace information)
Command duration or timeout: 0 milliseconds
Build info: version: '3.7.1', revision: '8a0099a', time: '2017-11-06T21:07:36.161Z'
System info: host: 'LT0021232', ip: '10.50.88.74', os.name: 'Windows 7', os.arch: 'amd64', os.version: '6.1', java.version: '1.8.0_102'
Driver info: com.kms.katalon.selenium.driver.CChromeDriver
Capabilities {acceptInsecureCerts: false, acceptSslCerts: false, applicationCacheEnabled: false, browserConnectionEnabled: false, browserName: chrome, chrome: {chromedriverVersion: 2.35.528161 (5b82f2d2aae0ca..., userDataDir: C:\Users\ANKUR~1.JAI\AppDat...}, cssSelectorsEnabled: true, databaseEnabled: false, handlesAlerts: true, hasTouchScreen: false, javascriptEnabled: true, locationContextEnabled: true, mobileEmulationEnabled: false, nativeEvents: true, networkConnectionEnabled: false, pageLoadStrategy: normal, platform: XP, platformName: XP, rotatable: false, setWindowRect: true, takesHeapSnapshot: true, takesScreenshot: true, unexpectedAlertBehaviour: , unhandledPromptBehavior: , version: 67.0.3396.99, webStorageEnabled: true}
Session ID: 2388917da7ad1787e5a3aac76b1a6a1e
*** Element info: {Using=xpath, value=//button[@type='submit']})

2018-07-06 14:34:44 - [MESSAGE][WARNING] - Cannot take screenshot

2018-07-06 14:34:44 - [MESSAGE][FAILED] - Unable to click on object 'Object Repository/TC_24_36 AM/button_Search' (Root cause: org.openqa.selenium.WebDriverException: chrome not reachable
  (Session info: chrome=67.0.3396.99)
  (Driver info: chromedriver=2.35.528161 (5b82f2d2aae0ca24b877009200ced9065a772e73),platform=Windows NT 6.1.7601 SP1 x86_64) (WARNING: The server did not provide any stacktrace information)
Command duration or timeout: 0 milliseconds
Build info: version: '3.7.1', revision: '8a0099a', time: '2017-11-06T21:07:36.161Z'
System info: host: 'LT0021232', ip: '10.50.88.74', os.name: 'Windows 7', os.arch: 'amd64', os.version: '6.1', java.version: '1.8.0_102'
Driver info: com.kms.katalon.selenium.driver.CChromeDriver
Capabilities {acceptInsecureCerts: false, acceptSslCerts: false, applicationCacheEnabled: false, browserConnectionEnabled: false, browserName: chrome, chrome: {chromedriverVersion: 2.35.528161 (5b82f2d2aae0ca..., userDataDir: C:\Users\ANKUR~1.JAI\AppDat...}, cssSelectorsEnabled: true, databaseEnabled: false, handlesAlerts: true, hasTouchScreen: false, javascriptEnabled: true, locationContextEnabled: true, mobileEmulationEnabled: false, nativeEvents: true, networkConnectionEnabled: false, pageLoadStrategy: normal, platform: XP, platformName: XP, rotatable: false, setWindowRect: true, takesHeapSnapshot: true, takesScreenshot: true, unexpectedAlertBehaviour: , unhandledPromptBehavior: , version: 67.0.3396.99, webStorageEnabled: true}
Session ID: 2388917da7ad1787e5a3aac76b1a6a1e
*** Element info: {Using=xpath, value=//button[@type='submit']})

2018-07-06 14:34:44 - [TEST_STEP][FAILED] - getText: Unable to get text of object 'Object Repository/TC_24_36 AM/Cust_Details' (Root cause: org.openqa.selenium.WebDriverException: chrome not reachable
  (Session info: chrome=67.0.3396.99)
  (Driver info: chromedriver=2.35.528161 (5b82f2d2aae0ca24b877009200ced9065a772e73),platform=Windows NT 6.1.7601 SP1 x86_64) (WARNING: The server did not provide any stacktrace information)
Command duration or timeout: 0 milliseconds
Build info: version: '3.7.1', revision: '8a0099a', time: '2017-11-06T21:07:36.161Z'
System info: host: 'LT0021232', ip: '10.50.88.74', os.name: 'Windows 7', os.arch: 'amd64', os.version: '6.1', java.version: '1.8.0_102'
Driver info: com.kms.katalon.selenium.driver.CChromeDriver
Capabilities {acceptInsecureCerts: false, acceptSslCerts: false, applicationCacheEnabled: false, browserConnectionEnabled: false, browserName: chrome, chrome: {chromedriverVersion: 2.35.528161 (5b82f2d2aae0ca..., userDataDir: C:\Users\ANKUR~1.JAI\AppDat...}, cssSelectorsEnabled: true, databaseEnabled: false, handlesAlerts: true, hasTouchScreen: false, javascriptEnabled: true, locationContextEnabled: true, mobileEmulationEnabled: false, nativeEvents: true, networkConnectionEnabled: false, pageLoadStrategy: normal, platform: XP, platformName: XP, rotatable: false, setWindowRect: true, takesHeapSnapshot: true, takesScreenshot: true, unexpectedAlertBehaviour: , unhandledPromptBehavior: , version: 67.0.3396.99, webStorageEnabled: true}
Session ID: 2388917da7ad1787e5a3aac76b1a6a1e
*** Element info: {Using=xpath, value=//tbody[@style='opacity: 1;']})

2018-07-06 14:34:52 - [MESSAGE][WARNING] - Cannot take screenshot

2018-07-06 14:34:52 - [MESSAGE][FAILED] - Unable to get text of object 'Object Repository/TC_24_36 AM/Cust_Details' (Root cause: org.openqa.selenium.WebDriverException: chrome not reachable
  (Session info: chrome=67.0.3396.99)
  (Driver info: chromedriver=2.35.528161 (5b82f2d2aae0ca24b877009200ced9065a772e73),platform=Windows NT 6.1.7601 SP1 x86_64) (WARNING: The server did not provide any stacktrace information)
Command duration or timeout: 0 milliseconds
Build info: version: '3.7.1', revision: '8a0099a', time: '2017-11-06T21:07:36.161Z'
System info: host: 'LT0021232', ip: '10.50.88.74', os.name: 'Windows 7', os.arch: 'amd64', os.version: '6.1', java.version: '1.8.0_102'
Driver info: com.kms.katalon.selenium.driver.CChromeDriver
Capabilities {acceptInsecureCerts: false, acceptSslCerts: false, applicationCacheEnabled: false, browserConnectionEnabled: false, browserName: chrome, chrome: {chromedriverVersion: 2.35.528161 (5b82f2d2aae0ca..., userDataDir: C:\Users\ANKUR~1.JAI\AppDat...}, cssSelectorsEnabled: true, databaseEnabled: false, handlesAlerts: true, hasTouchScreen: false, javascriptEnabled: true, locationContextEnabled: true, mobileEmulationEnabled: false, nativeEvents: true, networkConnectionEnabled: false, pageLoadStrategy: normal, platform: XP, platformName: XP, rotatable: false, setWindowRect: true, takesHeapSnapshot: true, takesScreenshot: true, unexpectedAlertBehaviour: , unhandledPromptBehavior: , version: 67.0.3396.99, webStorageEnabled: true}
Session ID: 2388917da7ad1787e5a3aac76b1a6a1e
*** Element info: {Using=xpath, value=//tbody[@style='opacity: 1;']})

2018-07-06 14:34:52 - [TEST_STEP][PASSED] - comment: Advance search through Sender PAN card is sucesfull

2018-07-06 14:34:52 - [TEST_STEP][FAILED] - Statement - Customer_App_id = com.kms.katalon.core.webui.keyword.WebUiBuiltInKeywords.takeScreenshot(): Cannot take screenshot (Root cause: org.openqa.selenium.WebDriverException: chrome not reachable
  (Session info: chrome=67.0.3396.99)
  (Driver info: chromedriver=2.35.528161 (5b82f2d2aae0ca24b877009200ced9065a772e73),platform=Windows NT 6.1.7601 SP1 x86_64) (WARNING: The server did not provide any stacktrace information)
Command duration or timeout: 0 milliseconds
Build info: version: '3.7.1', revision: '8a0099a', time: '2017-11-06T21:07:36.161Z'
System info: host: 'LT0021232', ip: '10.50.88.74', os.name: 'Windows 7', os.arch: 'amd64', os.version: '6.1', java.version: '1.8.0_102'
Driver info: com.kms.katalon.selenium.driver.CChromeDriver
Capabilities {acceptInsecureCerts: false, acceptSslCerts: false, applicationCacheEnabled: false, browserConnectionEnabled: false, browserName: chrome, chrome: {chromedriverVersion: 2.35.528161 (5b82f2d2aae0ca..., userDataDir: C:\Users\ANKUR~1.JAI\AppDat...}, cssSelectorsEnabled: true, databaseEnabled: false, handlesAlerts: true, hasTouchScreen: false, javascriptEnabled: true, locationContextEnabled: true, mobileEmulationEnabled: false, nativeEvents: true, networkConnectionEnabled: false, pageLoadStrategy: normal, platform: XP, platformName: XP, rotatable: false, setWindowRect: true, takesHeapSnapshot: true, takesScreenshot: true, unexpectedAlertBehaviour: , unhandledPromptBehavior: , version: 67.0.3396.99, webStorageEnabled: true}
Session ID: 2388917da7ad1787e5a3aac76b1a6a1e)

2018-07-06 14:35:00 - [MESSAGE][WARNING] - Cannot take screenshot

2018-07-06 14:35:00 - [MESSAGE][FAILED] - Cannot take screenshot (Root cause: org.openqa.selenium.WebDriverException: chrome not reachable
  (Session info: chrome=67.0.3396.99)
  (Driver info: chromedriver=2.35.528161 (5b82f2d2aae0ca24b877009200ced9065a772e73),platform=Windows NT 6.1.7601 SP1 x86_64) (WARNING: The server did not provide any stacktrace information)
Command duration or timeout: 0 milliseconds
Build info: version: '3.7.1', revision: '8a0099a', time: '2017-11-06T21:07:36.161Z'
System info: host: 'LT0021232', ip: '10.50.88.74', os.name: 'Windows 7', os.arch: 'amd64', os.version: '6.1', java.version: '1.8.0_102'
Driver info: com.kms.katalon.selenium.driver.CChromeDriver
Capabilities {acceptInsecureCerts: false, acceptSslCerts: false, applicationCacheEnabled: false, browserConnectionEnabled: false, browserName: chrome, chrome: {chromedriverVersion: 2.35.528161 (5b82f2d2aae0ca..., userDataDir: C:\Users\ANKUR~1.JAI\AppDat...}, cssSelectorsEnabled: true, databaseEnabled: false, handlesAlerts: true, hasTouchScreen: false, javascriptEnabled: true, locationContextEnabled: true, mobileEmulationEnabled: false, nativeEvents: true, networkConnectionEnabled: false, pageLoadStrategy: normal, platform: XP, platformName: XP, rotatable: false, setWindowRect: true, takesHeapSnapshot: true, takesScreenshot: true, unexpectedAlertBehaviour: , unhandledPromptBehavior: , version: 67.0.3396.99, webStorageEnabled: true}
Session ID: 2388917da7ad1787e5a3aac76b1a6a1e)

2018-07-06 14:35:00 - [TEST_STEP][FAILED] - click: Unable to click on object 'Object Repository/TC_24_36 AM/Trans_Details' (Root cause: org.openqa.selenium.WebDriverException: chrome not reachable
  (Session info: chrome=67.0.3396.99)
  (Driver info: chromedriver=2.35.528161 (5b82f2d2aae0ca24b877009200ced9065a772e73),platform=Windows NT 6.1.7601 SP1 x86_64) (WARNING: The server did not provide any stacktrace information)
Command duration or timeout: 0 milliseconds
Build info: version: '3.7.1', revision: '8a0099a', time: '2017-11-06T21:07:36.161Z'
System info: host: 'LT0021232', ip: '10.50.88.74', os.name: 'Windows 7', os.arch: 'amd64', os.version: '6.1', java.version: '1.8.0_102'
Driver info: com.kms.katalon.selenium.driver.CChromeDriver
Capabilities {acceptInsecureCerts: false, acceptSslCerts: false, applicationCacheEnabled: false, browserConnectionEnabled: false, browserName: chrome, chrome: {chromedriverVersion: 2.35.528161 (5b82f2d2aae0ca..., userDataDir: C:\Users\ANKUR~1.JAI\AppDat...}, cssSelectorsEnabled: true, databaseEnabled: false, handlesAlerts: true, hasTouchScreen: false, javascriptEnabled: true, locationContextEnabled: true, mobileEmulationEnabled: false, nativeEvents: true, networkConnectionEnabled: false, pageLoadStrategy: normal, platform: XP, platformName: XP, rotatable: false, setWindowRect: true, takesHeapSnapshot: true, takesScreenshot: true, unexpectedAlertBehaviour: , unhandledPromptBehavior: , version: 67.0.3396.99, webStorageEnabled: true}
Session ID: 2388917da7ad1787e5a3aac76b1a6a1e
*** Element info: {Using=xpath, value=/html/body/div[1]/div[1]/div[2]/div/div/div[2]/div[2]/div[2]/table/tbody/tr[1]/td[15]/a/span})

2018-07-06 14:35:09 - [MESSAGE][WARNING] - Cannot take screenshot

2018-07-06 14:35:09 - [MESSAGE][FAILED] - Unable to click on object 'Object Repository/TC_24_36 AM/Trans_Details' (Root cause: org.openqa.selenium.WebDriverException: chrome not reachable
  (Session info: chrome=67.0.3396.99)
  (Driver info: chromedriver=2.35.528161 (5b82f2d2aae0ca24b877009200ced9065a772e73),platform=Windows NT 6.1.7601 SP1 x86_64) (WARNING: The server did not provide any stacktrace information)
Command duration or timeout: 0 milliseconds
Build info: version: '3.7.1', revision: '8a0099a', time: '2017-11-06T21:07:36.161Z'
System info: host: 'LT0021232', ip: '10.50.88.74', os.name: 'Windows 7', os.arch: 'amd64', os.version: '6.1', java.version: '1.8.0_102'
Driver info: com.kms.katalon.selenium.driver.CChromeDriver
Capabilities {acceptInsecureCerts: false, acceptSslCerts: false, applicationCacheEnabled: false, browserConnectionEnabled: false, browserName: chrome, chrome: {chromedriverVersion: 2.35.528161 (5b82f2d2aae0ca..., userDataDir: C:\Users\ANKUR~1.JAI\AppDat...}, cssSelectorsEnabled: true, databaseEnabled: false, handlesAlerts: true, hasTouchScreen: false, javascriptEnabled: true, locationContextEnabled: true, mobileEmulationEnabled: false, nativeEvents: true, networkConnectionEnabled: false, pageLoadStrategy: normal, platform: XP, platformName: XP, rotatable: false, setWindowRect: true, takesHeapSnapshot: true, takesScreenshot: true, unexpectedAlertBehaviour: , unhandledPromptBehavior: , version: 67.0.3396.99, webStorageEnabled: true}
Session ID: 2388917da7ad1787e5a3aac76b1a6a1e
*** Element info: {Using=xpath, value=/html/body/div[1]/div[1]/div[2]/div/div/div[2]/div[2]/div[2]/table/tbody/tr[1]/td[15]/a/span})

2018-07-06 14:35:09 - [TEST_STEP][FAILED] - verifyElementText: Verify element text of test object 'Object Repository/TC_24_36 AM/Sender_Pan_Valid' FAILED. (Root cause: org.openqa.selenium.WebDriverException: chrome not reachable
  (Session info: chrome=67.0.3396.99)
  (Driver info: chromedriver=2.35.528161 (5b82f2d2aae0ca24b877009200ced9065a772e73),platform=Windows NT 6.1.7601 SP1 x86_64) (WARNING: The server did not provide any stacktrace information)
Command duration or timeout: 0 milliseconds
Build info: version: '3.7.1', revision: '8a0099a', time: '2017-11-06T21:07:36.161Z'
System info: host: 'LT0021232', ip: '10.50.88.74', os.name: 'Windows 7', os.arch: 'amd64', os.version: '6.1', java.version: '1.8.0_102'
Driver info: com.kms.katalon.selenium.driver.CChromeDriver
Capabilities {acceptInsecureCerts: false, acceptSslCerts: false, applicationCacheEnabled: false, browserConnectionEnabled: false, browserName: chrome, chrome: {chromedriverVersion: 2.35.528161 (5b82f2d2aae0ca..., userDataDir: C:\Users\ANKUR~1.JAI\AppDat...}, cssSelectorsEnabled: true, databaseEnabled: false, handlesAlerts: true, hasTouchScreen: false, javascriptEnabled: true, locationContextEnabled: true, mobileEmulationEnabled: false, nativeEvents: true, networkConnectionEnabled: false, pageLoadStrategy: normal, platform: XP, platformName: XP, rotatable: false, setWindowRect: true, takesHeapSnapshot: true, takesScreenshot: true, unexpectedAlertBehaviour: , unhandledPromptBehavior: , version: 67.0.3396.99, webStorageEnabled: true}
Session ID: 2388917da7ad1787e5a3aac76b1a6a1e
*** Element info: {Using=xpath, value=//html//div[@class='col-md-6 col-lg-6 col-sm-12 col-xs-12 fdz-css-flow-from pull-left']//div[2]/div[2]/div[1]/div[1]/div[2]})

2018-07-06 14:35:17 - [MESSAGE][WARNING] - Cannot take screenshot

2018-07-06 14:35:17 - [MESSAGE][FAILED] - Verify element text of test object 'Object Repository/TC_24_36 AM/Sender_Pan_Valid' FAILED. (Root cause: org.openqa.selenium.WebDriverException: chrome not reachable
  (Session info: chrome=67.0.3396.99)
  (Driver info: chromedriver=2.35.528161 (5b82f2d2aae0ca24b877009200ced9065a772e73),platform=Windows NT 6.1.7601 SP1 x86_64) (WARNING: The server did not provide any stacktrace information)
Command duration or timeout: 0 milliseconds
Build info: version: '3.7.1', revision: '8a0099a', time: '2017-11-06T21:07:36.161Z'
System info: host: 'LT0021232', ip: '10.50.88.74', os.name: 'Windows 7', os.arch: 'amd64', os.version: '6.1', java.version: '1.8.0_102'
Driver info: com.kms.katalon.selenium.driver.CChromeDriver
Capabilities {acceptInsecureCerts: false, acceptSslCerts: false, applicationCacheEnabled: false, browserConnectionEnabled: false, browserName: chrome, chrome: {chromedriverVersion: 2.35.528161 (5b82f2d2aae0ca..., userDataDir: C:\Users\ANKUR~1.JAI\AppDat...}, cssSelectorsEnabled: true, databaseEnabled: false, handlesAlerts: true, hasTouchScreen: false, javascriptEnabled: true, locationContextEnabled: true, mobileEmulationEnabled: false, nativeEvents: true, networkConnectionEnabled: false, pageLoadStrategy: normal, platform: XP, platformName: XP, rotatable: false, setWindowRect: true, takesHeapSnapshot: true, takesScreenshot: true, unexpectedAlertBehaviour: , unhandledPromptBehavior: , version: 67.0.3396.99, webStorageEnabled: true}
Session ID: 2388917da7ad1787e5a3aac76b1a6a1e
*** Element info: {Using=xpath, value=//html//div[@class='col-md-6 col-lg-6 col-sm-12 col-xs-12 fdz-css-flow-from pull-left']//div[2]/div[2]/div[1]/div[1]/div[2]})

2018-07-06 14:35:17 - [TEST_STEP][FAILED] - back: Unable to get browser back to previous page (Root cause: org.openqa.selenium.WebDriverException: chrome not reachable
  (Session info: chrome=67.0.3396.99)
  (Driver info: chromedriver=2.35.528161 (5b82f2d2aae0ca24b877009200ced9065a772e73),platform=Windows NT 6.1.7601 SP1 x86_64) (WARNING: The server did not provide any stacktrace information)
Command duration or timeout: 0 milliseconds
Build info: version: '3.7.1', revision: '8a0099a', time: '2017-11-06T21:07:36.161Z'
System info: host: 'LT0021232', ip: '10.50.88.74', os.name: 'Windows 7', os.arch: 'amd64', os.version: '6.1', java.version: '1.8.0_102'
Driver info: com.kms.katalon.selenium.driver.CChromeDriver
Capabilities {acceptInsecureCerts: false, acceptSslCerts: false, applicationCacheEnabled: false, browserConnectionEnabled: false, browserName: chrome, chrome: {chromedriverVersion: 2.35.528161 (5b82f2d2aae0ca..., userDataDir: C:\Users\ANKUR~1.JAI\AppDat...}, cssSelectorsEnabled: true, databaseEnabled: false, handlesAlerts: true, hasTouchScreen: false, javascriptEnabled: true, locationContextEnabled: true, mobileEmulationEnabled: false, nativeEvents: true, networkConnectionEnabled: false, pageLoadStrategy: normal, platform: XP, platformName: XP, rotatable: false, setWindowRect: true, takesHeapSnapshot: true, takesScreenshot: true, unexpectedAlertBehaviour: , unhandledPromptBehavior: , version: 67.0.3396.99, webStorageEnabled: true}
Session ID: 2388917da7ad1787e5a3aac76b1a6a1e)

2018-07-06 14:35:25 - [MESSAGE][WARNING] - Cannot take screenshot

2018-07-06 14:35:25 - [MESSAGE][FAILED] - Unable to get browser back to previous page (Root cause: org.openqa.selenium.WebDriverException: chrome not reachable
  (Session info: chrome=67.0.3396.99)
  (Driver info: chromedriver=2.35.528161 (5b82f2d2aae0ca24b877009200ced9065a772e73),platform=Windows NT 6.1.7601 SP1 x86_64) (WARNING: The server did not provide any stacktrace information)
Command duration or timeout: 0 milliseconds
Build info: version: '3.7.1', revision: '8a0099a', time: '2017-11-06T21:07:36.161Z'
System info: host: 'LT0021232', ip: '10.50.88.74', os.name: 'Windows 7', os.arch: 'amd64', os.version: '6.1', java.version: '1.8.0_102'
Driver info: com.kms.katalon.selenium.driver.CChromeDriver
Capabilities {acceptInsecureCerts: false, acceptSslCerts: false, applicationCacheEnabled: false, browserConnectionEnabled: false, browserName: chrome, chrome: {chromedriverVersion: 2.35.528161 (5b82f2d2aae0ca..., userDataDir: C:\Users\ANKUR~1.JAI\AppDat...}, cssSelectorsEnabled: true, databaseEnabled: false, handlesAlerts: true, hasTouchScreen: false, javascriptEnabled: true, locationContextEnabled: true, mobileEmulationEnabled: false, nativeEvents: true, networkConnectionEnabled: false, pageLoadStrategy: normal, platform: XP, platformName: XP, rotatable: false, setWindowRect: true, takesHeapSnapshot: true, takesScreenshot: true, unexpectedAlertBehaviour: , unhandledPromptBehavior: , version: 67.0.3396.99, webStorageEnabled: true}
Session ID: 2388917da7ad1787e5a3aac76b1a6a1e)

2018-07-06 14:35:25 - [TEST_STEP][PASSED] - delay: Delayed 12 second(s)

2018-07-06 14:35:37 - [MESSAGE][PASSED] - Delayed 12 second(s)]]></system-out>
         <system-err><![CDATA[2018-07-06 14:31:33 - [TEST_CASE][FAILED] - Test Cases/Alert Manager Test Cases/Alert Manager_Search Screen/TC35_Validate Advance search through Sender pan or Card pan: Test Cases/Alert Manager Test Cases/Alert Manager_Search Screen/TC35_Validate Advance search through Sender pan or Card pan FAILED because (of) Unable to clear text of object 'Object Repository/TC_24_36 AM/Date_input' (Root cause: com.kms.katalon.core.webui.exception.WebElementNotFoundException: Web element with id: 'Object Repository/TC_24_36 AM/Date_input' located by 'By.xpath: //input[@id='fdz-form-date-time']' not found)]]></system-err>
      </testcase>
      <testcase name="Test Cases/Alert Manager Test Cases/Alert Manager_Search Screen/TC36_Validate Advance search through Card bin" classname="Test Cases/Alert Manager Test Cases/Alert Manager_Search Screen/TC36_Validate Advance search through Card bin" status="FAILED">
         <failure type="FAILED" message="Unable to clear text of object 'Object Repository/TC_24_36 AM/Date_input' (Root cause: org.openqa.selenium.WebDriverException: chrome not reachable
  (Session info: chrome=67.0.3396.99)
  (Driver info: chromedriver=2.35.528161 (5b82f2d2aae0ca24b877009200ced9065a772e73),platform=Windows NT 6.1.7601 SP1 x86_64) (WARNING: The server did not provide any stacktrace information)
Command duration or timeout: 0 milliseconds
Build info: version: '3.7.1', revision: '8a0099a', time: '2017-11-06T21:07:36.161Z'
System info: host: 'LT0021232', ip: '10.50.88.74', os.name: 'Windows 7', os.arch: 'amd64', os.version: '6.1', java.version: '1.8.0_102'
Driver info: com.kms.katalon.selenium.driver.CChromeDriver
Capabilities {acceptInsecureCerts: false, acceptSslCerts: false, applicationCacheEnabled: false, browserConnectionEnabled: false, browserName: chrome, chrome: {chromedriverVersion: 2.35.528161 (5b82f2d2aae0ca..., userDataDir: C:\Users\ANKUR~1.JAI\AppDat...}, cssSelectorsEnabled: true, databaseEnabled: false, handlesAlerts: true, hasTouchScreen: false, javascriptEnabled: true, locationContextEnabled: true, mobileEmulationEnabled: false, nativeEvents: true, networkConnectionEnabled: false, pageLoadStrategy: normal, platform: XP, platformName: XP, rotatable: false, setWindowRect: true, takesHeapSnapshot: true, takesScreenshot: true, unexpectedAlertBehaviour: , unhandledPromptBehavior: , version: 67.0.3396.99, webStorageEnabled: true}
Session ID: 2388917da7ad1787e5a3aac76b1a6a1e
*** Element info: {Using=xpath, value=//input[@id='fdz-form-date-time']})"/>
         <system-out><![CDATA[2018-07-06 14:35:37 - [TEST_CASE][FAILED] - Test Cases/Alert Manager Test Cases/Alert Manager_Search Screen/TC36_Validate Advance search through Card bin: Test Cases/Alert Manager Test Cases/Alert Manager_Search Screen/TC36_Validate Advance search through Card bin FAILED because (of) Unable to clear text of object 'Object Repository/TC_24_36 AM/Date_input' (Root cause: org.openqa.selenium.WebDriverException: chrome not reachable
  (Session info: chrome=67.0.3396.99)
  (Driver info: chromedriver=2.35.528161 (5b82f2d2aae0ca24b877009200ced9065a772e73),platform=Windows NT 6.1.7601 SP1 x86_64) (WARNING: The server did not provide any stacktrace information)
Command duration or timeout: 0 milliseconds
Build info: version: '3.7.1', revision: '8a0099a', time: '2017-11-06T21:07:36.161Z'
System info: host: 'LT0021232', ip: '10.50.88.74', os.name: 'Windows 7', os.arch: 'amd64', os.version: '6.1', java.version: '1.8.0_102'
Driver info: com.kms.katalon.selenium.driver.CChromeDriver
Capabilities {acceptInsecureCerts: false, acceptSslCerts: false, applicationCacheEnabled: false, browserConnectionEnabled: false, browserName: chrome, chrome: {chromedriverVersion: 2.35.528161 (5b82f2d2aae0ca..., userDataDir: C:\Users\ANKUR~1.JAI\AppDat...}, cssSelectorsEnabled: true, databaseEnabled: false, handlesAlerts: true, hasTouchScreen: false, javascriptEnabled: true, locationContextEnabled: true, mobileEmulationEnabled: false, nativeEvents: true, networkConnectionEnabled: false, pageLoadStrategy: normal, platform: XP, platformName: XP, rotatable: false, setWindowRect: true, takesHeapSnapshot: true, takesScreenshot: true, unexpectedAlertBehaviour: , unhandledPromptBehavior: , version: 67.0.3396.99, webStorageEnabled: true}
Session ID: 2388917da7ad1787e5a3aac76b1a6a1e
*** Element info: {Using=xpath, value=//input[@id='fdz-form-date-time']})

2018-07-06 14:35:37 - [TEST_STEP][FAILED] - clearText: Unable to clear text of object 'Object Repository/TC_24_36 AM/Date_input' (Root cause: org.openqa.selenium.WebDriverException: chrome not reachable
  (Session info: chrome=67.0.3396.99)
  (Driver info: chromedriver=2.35.528161 (5b82f2d2aae0ca24b877009200ced9065a772e73),platform=Windows NT 6.1.7601 SP1 x86_64) (WARNING: The server did not provide any stacktrace information)
Command duration or timeout: 0 milliseconds
Build info: version: '3.7.1', revision: '8a0099a', time: '2017-11-06T21:07:36.161Z'
System info: host: 'LT0021232', ip: '10.50.88.74', os.name: 'Windows 7', os.arch: 'amd64', os.version: '6.1', java.version: '1.8.0_102'
Driver info: com.kms.katalon.selenium.driver.CChromeDriver
Capabilities {acceptInsecureCerts: false, acceptSslCerts: false, applicationCacheEnabled: false, browserConnectionEnabled: false, browserName: chrome, chrome: {chromedriverVersion: 2.35.528161 (5b82f2d2aae0ca..., userDataDir: C:\Users\ANKUR~1.JAI\AppDat...}, cssSelectorsEnabled: true, databaseEnabled: false, handlesAlerts: true, hasTouchScreen: false, javascriptEnabled: true, locationContextEnabled: true, mobileEmulationEnabled: false, nativeEvents: true, networkConnectionEnabled: false, pageLoadStrategy: normal, platform: XP, platformName: XP, rotatable: false, setWindowRect: true, takesHeapSnapshot: true, takesScreenshot: true, unexpectedAlertBehaviour: , unhandledPromptBehavior: , version: 67.0.3396.99, webStorageEnabled: true}
Session ID: 2388917da7ad1787e5a3aac76b1a6a1e
*** Element info: {Using=xpath, value=//input[@id='fdz-form-date-time']})

2018-07-06 14:35:46 - [MESSAGE][WARNING] - Cannot take screenshot

2018-07-06 14:35:46 - [MESSAGE][FAILED] - Unable to clear text of object 'Object Repository/TC_24_36 AM/Date_input' (Root cause: org.openqa.selenium.WebDriverException: chrome not reachable
  (Session info: chrome=67.0.3396.99)
  (Driver info: chromedriver=2.35.528161 (5b82f2d2aae0ca24b877009200ced9065a772e73),platform=Windows NT 6.1.7601 SP1 x86_64) (WARNING: The server did not provide any stacktrace information)
Command duration or timeout: 0 milliseconds
Build info: version: '3.7.1', revision: '8a0099a', time: '2017-11-06T21:07:36.161Z'
System info: host: 'LT0021232', ip: '10.50.88.74', os.name: 'Windows 7', os.arch: 'amd64', os.version: '6.1', java.version: '1.8.0_102'
Driver info: com.kms.katalon.selenium.driver.CChromeDriver
Capabilities {acceptInsecureCerts: false, acceptSslCerts: false, applicationCacheEnabled: false, browserConnectionEnabled: false, browserName: chrome, chrome: {chromedriverVersion: 2.35.528161 (5b82f2d2aae0ca..., userDataDir: C:\Users\ANKUR~1.JAI\AppDat...}, cssSelectorsEnabled: true, databaseEnabled: false, handlesAlerts: true, hasTouchScreen: false, javascriptEnabled: true, locationContextEnabled: true, mobileEmulationEnabled: false, nativeEvents: true, networkConnectionEnabled: false, pageLoadStrategy: normal, platform: XP, platformName: XP, rotatable: false, setWindowRect: true, takesHeapSnapshot: true, takesScreenshot: true, unexpectedAlertBehaviour: , unhandledPromptBehavior: , version: 67.0.3396.99, webStorageEnabled: true}
Session ID: 2388917da7ad1787e5a3aac76b1a6a1e
*** Element info: {Using=xpath, value=//input[@id='fdz-form-date-time']})

2018-07-06 14:35:46 - [TEST_STEP][FAILED] - click: Unable to click on object 'Object Repository/TC_24_36 AM/Done_Button' (Root cause: org.openqa.selenium.WebDriverException: chrome not reachable
  (Session info: chrome=67.0.3396.99)
  (Driver info: chromedriver=2.35.528161 (5b82f2d2aae0ca24b877009200ced9065a772e73),platform=Windows NT 6.1.7601 SP1 x86_64) (WARNING: The server did not provide any stacktrace information)
Command duration or timeout: 0 milliseconds
Build info: version: '3.7.1', revision: '8a0099a', time: '2017-11-06T21:07:36.161Z'
System info: host: 'LT0021232', ip: '10.50.88.74', os.name: 'Windows 7', os.arch: 'amd64', os.version: '6.1', java.version: '1.8.0_102'
Driver info: com.kms.katalon.selenium.driver.CChromeDriver
Capabilities {acceptInsecureCerts: false, acceptSslCerts: false, applicationCacheEnabled: false, browserConnectionEnabled: false, browserName: chrome, chrome: {chromedriverVersion: 2.35.528161 (5b82f2d2aae0ca..., userDataDir: C:\Users\ANKUR~1.JAI\AppDat...}, cssSelectorsEnabled: true, databaseEnabled: false, handlesAlerts: true, hasTouchScreen: false, javascriptEnabled: true, locationContextEnabled: true, mobileEmulationEnabled: false, nativeEvents: true, networkConnectionEnabled: false, pageLoadStrategy: normal, platform: XP, platformName: XP, rotatable: false, setWindowRect: true, takesHeapSnapshot: true, takesScreenshot: true, unexpectedAlertBehaviour: , unhandledPromptBehavior: , version: 67.0.3396.99, webStorageEnabled: true}
Session ID: 2388917da7ad1787e5a3aac76b1a6a1e
*** Element info: {Using=xpath, value=//button[@type='button'][contains(text(),'Done')]})

2018-07-06 14:35:54 - [MESSAGE][WARNING] - Cannot take screenshot

2018-07-06 14:35:54 - [MESSAGE][FAILED] - Unable to click on object 'Object Repository/TC_24_36 AM/Done_Button' (Root cause: org.openqa.selenium.WebDriverException: chrome not reachable
  (Session info: chrome=67.0.3396.99)
  (Driver info: chromedriver=2.35.528161 (5b82f2d2aae0ca24b877009200ced9065a772e73),platform=Windows NT 6.1.7601 SP1 x86_64) (WARNING: The server did not provide any stacktrace information)
Command duration or timeout: 0 milliseconds
Build info: version: '3.7.1', revision: '8a0099a', time: '2017-11-06T21:07:36.161Z'
System info: host: 'LT0021232', ip: '10.50.88.74', os.name: 'Windows 7', os.arch: 'amd64', os.version: '6.1', java.version: '1.8.0_102'
Driver info: com.kms.katalon.selenium.driver.CChromeDriver
Capabilities {acceptInsecureCerts: false, acceptSslCerts: false, applicationCacheEnabled: false, browserConnectionEnabled: false, browserName: chrome, chrome: {chromedriverVersion: 2.35.528161 (5b82f2d2aae0ca..., userDataDir: C:\Users\ANKUR~1.JAI\AppDat...}, cssSelectorsEnabled: true, databaseEnabled: false, handlesAlerts: true, hasTouchScreen: false, javascriptEnabled: true, locationContextEnabled: true, mobileEmulationEnabled: false, nativeEvents: true, networkConnectionEnabled: false, pageLoadStrategy: normal, platform: XP, platformName: XP, rotatable: false, setWindowRect: true, takesHeapSnapshot: true, takesScreenshot: true, unexpectedAlertBehaviour: , unhandledPromptBehavior: , version: 67.0.3396.99, webStorageEnabled: true}
Session ID: 2388917da7ad1787e5a3aac76b1a6a1e
*** Element info: {Using=xpath, value=//button[@type='button'][contains(text(),'Done')]})

2018-07-06 14:35:54 - [TEST_STEP][PASSED] - delay: Delayed 2 second(s)

2018-07-06 14:35:56 - [MESSAGE][PASSED] - Delayed 2 second(s)

2018-07-06 14:35:56 - [TEST_STEP][FAILED] - click: Unable to click on object 'Object Repository/TC_24_36 AM/button_Advanced Search' (Root cause: org.openqa.selenium.WebDriverException: chrome not reachable
  (Session info: chrome=67.0.3396.99)
  (Driver info: chromedriver=2.35.528161 (5b82f2d2aae0ca24b877009200ced9065a772e73),platform=Windows NT 6.1.7601 SP1 x86_64) (WARNING: The server did not provide any stacktrace information)
Command duration or timeout: 0 milliseconds
Build info: version: '3.7.1', revision: '8a0099a', time: '2017-11-06T21:07:36.161Z'
System info: host: 'LT0021232', ip: '10.50.88.74', os.name: 'Windows 7', os.arch: 'amd64', os.version: '6.1', java.version: '1.8.0_102'
Driver info: com.kms.katalon.selenium.driver.CChromeDriver
Capabilities {acceptInsecureCerts: false, acceptSslCerts: false, applicationCacheEnabled: false, browserConnectionEnabled: false, browserName: chrome, chrome: {chromedriverVersion: 2.35.528161 (5b82f2d2aae0ca..., userDataDir: C:\Users\ANKUR~1.JAI\AppDat...}, cssSelectorsEnabled: true, databaseEnabled: false, handlesAlerts: true, hasTouchScreen: false, javascriptEnabled: true, locationContextEnabled: true, mobileEmulationEnabled: false, nativeEvents: true, networkConnectionEnabled: false, pageLoadStrategy: normal, platform: XP, platformName: XP, rotatable: false, setWindowRect: true, takesHeapSnapshot: true, takesScreenshot: true, unexpectedAlertBehaviour: , unhandledPromptBehavior: , version: 67.0.3396.99, webStorageEnabled: true}
Session ID: 2388917da7ad1787e5a3aac76b1a6a1e
*** Element info: {Using=xpath, value=//button[@type = 'button' and (text() = '
            
             Advanced Search
        ' or . = '
            
             Advanced Search
        ')]})

2018-07-06 14:36:04 - [MESSAGE][WARNING] - Cannot take screenshot

2018-07-06 14:36:04 - [MESSAGE][FAILED] - Unable to click on object 'Object Repository/TC_24_36 AM/button_Advanced Search' (Root cause: org.openqa.selenium.WebDriverException: chrome not reachable
  (Session info: chrome=67.0.3396.99)
  (Driver info: chromedriver=2.35.528161 (5b82f2d2aae0ca24b877009200ced9065a772e73),platform=Windows NT 6.1.7601 SP1 x86_64) (WARNING: The server did not provide any stacktrace information)
Command duration or timeout: 0 milliseconds
Build info: version: '3.7.1', revision: '8a0099a', time: '2017-11-06T21:07:36.161Z'
System info: host: 'LT0021232', ip: '10.50.88.74', os.name: 'Windows 7', os.arch: 'amd64', os.version: '6.1', java.version: '1.8.0_102'
Driver info: com.kms.katalon.selenium.driver.CChromeDriver
Capabilities {acceptInsecureCerts: false, acceptSslCerts: false, applicationCacheEnabled: false, browserConnectionEnabled: false, browserName: chrome, chrome: {chromedriverVersion: 2.35.528161 (5b82f2d2aae0ca..., userDataDir: C:\Users\ANKUR~1.JAI\AppDat...}, cssSelectorsEnabled: true, databaseEnabled: false, handlesAlerts: true, hasTouchScreen: false, javascriptEnabled: true, locationContextEnabled: true, mobileEmulationEnabled: false, nativeEvents: true, networkConnectionEnabled: false, pageLoadStrategy: normal, platform: XP, platformName: XP, rotatable: false, setWindowRect: true, takesHeapSnapshot: true, takesScreenshot: true, unexpectedAlertBehaviour: , unhandledPromptBehavior: , version: 67.0.3396.99, webStorageEnabled: true}
Session ID: 2388917da7ad1787e5a3aac76b1a6a1e
*** Element info: {Using=xpath, value=//button[@type = 'button' and (text() = '
            
             Advanced Search
        ' or . = '
            
             Advanced Search
        ')]})

2018-07-06 14:36:04 - [TEST_STEP][PASSED] - delay: Delayed 2 second(s)

2018-07-06 14:36:06 - [MESSAGE][PASSED] - Delayed 2 second(s)

2018-07-06 14:36:06 - [TEST_STEP][FAILED] - click: Unable to click on object 'Object Repository/TC_24_36 AM/Click_CardBin' (Root cause: org.openqa.selenium.WebDriverException: chrome not reachable
  (Session info: chrome=67.0.3396.99)
  (Driver info: chromedriver=2.35.528161 (5b82f2d2aae0ca24b877009200ced9065a772e73),platform=Windows NT 6.1.7601 SP1 x86_64) (WARNING: The server did not provide any stacktrace information)
Command duration or timeout: 0 milliseconds
Build info: version: '3.7.1', revision: '8a0099a', time: '2017-11-06T21:07:36.161Z'
System info: host: 'LT0021232', ip: '10.50.88.74', os.name: 'Windows 7', os.arch: 'amd64', os.version: '6.1', java.version: '1.8.0_102'
Driver info: com.kms.katalon.selenium.driver.CChromeDriver
Capabilities {acceptInsecureCerts: false, acceptSslCerts: false, applicationCacheEnabled: false, browserConnectionEnabled: false, browserName: chrome, chrome: {chromedriverVersion: 2.35.528161 (5b82f2d2aae0ca..., userDataDir: C:\Users\ANKUR~1.JAI\AppDat...}, cssSelectorsEnabled: true, databaseEnabled: false, handlesAlerts: true, hasTouchScreen: false, javascriptEnabled: true, locationContextEnabled: true, mobileEmulationEnabled: false, nativeEvents: true, networkConnectionEnabled: false, pageLoadStrategy: normal, platform: XP, platformName: XP, rotatable: false, setWindowRect: true, takesHeapSnapshot: true, takesScreenshot: true, unexpectedAlertBehaviour: , unhandledPromptBehavior: , version: 67.0.3396.99, webStorageEnabled: true}
Session ID: 2388917da7ad1787e5a3aac76b1a6a1e
*** Element info: {Using=xpath, value=//div[@id='s2id_fdz-form-card-bin']})

2018-07-06 14:36:14 - [MESSAGE][WARNING] - Cannot take screenshot

2018-07-06 14:36:14 - [MESSAGE][FAILED] - Unable to click on object 'Object Repository/TC_24_36 AM/Click_CardBin' (Root cause: org.openqa.selenium.WebDriverException: chrome not reachable
  (Session info: chrome=67.0.3396.99)
  (Driver info: chromedriver=2.35.528161 (5b82f2d2aae0ca24b877009200ced9065a772e73),platform=Windows NT 6.1.7601 SP1 x86_64) (WARNING: The server did not provide any stacktrace information)
Command duration or timeout: 0 milliseconds
Build info: version: '3.7.1', revision: '8a0099a', time: '2017-11-06T21:07:36.161Z'
System info: host: 'LT0021232', ip: '10.50.88.74', os.name: 'Windows 7', os.arch: 'amd64', os.version: '6.1', java.version: '1.8.0_102'
Driver info: com.kms.katalon.selenium.driver.CChromeDriver
Capabilities {acceptInsecureCerts: false, acceptSslCerts: false, applicationCacheEnabled: false, browserConnectionEnabled: false, browserName: chrome, chrome: {chromedriverVersion: 2.35.528161 (5b82f2d2aae0ca..., userDataDir: C:\Users\ANKUR~1.JAI\AppDat...}, cssSelectorsEnabled: true, databaseEnabled: false, handlesAlerts: true, hasTouchScreen: false, javascriptEnabled: true, locationContextEnabled: true, mobileEmulationEnabled: false, nativeEvents: true, networkConnectionEnabled: false, pageLoadStrategy: normal, platform: XP, platformName: XP, rotatable: false, setWindowRect: true, takesHeapSnapshot: true, takesScreenshot: true, unexpectedAlertBehaviour: , unhandledPromptBehavior: , version: 67.0.3396.99, webStorageEnabled: true}
Session ID: 2388917da7ad1787e5a3aac76b1a6a1e
*** Element info: {Using=xpath, value=//div[@id='s2id_fdz-form-card-bin']})

2018-07-06 14:36:14 - [TEST_STEP][FAILED] - setText: Unable to set text '281232' of object 'Object Repository/TC_24_36 AM/Input_CardBin' (Root cause: org.openqa.selenium.WebDriverException: chrome not reachable
  (Session info: chrome=67.0.3396.99)
  (Driver info: chromedriver=2.35.528161 (5b82f2d2aae0ca24b877009200ced9065a772e73),platform=Windows NT 6.1.7601 SP1 x86_64) (WARNING: The server did not provide any stacktrace information)
Command duration or timeout: 0 milliseconds
Build info: version: '3.7.1', revision: '8a0099a', time: '2017-11-06T21:07:36.161Z'
System info: host: 'LT0021232', ip: '10.50.88.74', os.name: 'Windows 7', os.arch: 'amd64', os.version: '6.1', java.version: '1.8.0_102'
Driver info: com.kms.katalon.selenium.driver.CChromeDriver
Capabilities {acceptInsecureCerts: false, acceptSslCerts: false, applicationCacheEnabled: false, browserConnectionEnabled: false, browserName: chrome, chrome: {chromedriverVersion: 2.35.528161 (5b82f2d2aae0ca..., userDataDir: C:\Users\ANKUR~1.JAI\AppDat...}, cssSelectorsEnabled: true, databaseEnabled: false, handlesAlerts: true, hasTouchScreen: false, javascriptEnabled: true, locationContextEnabled: true, mobileEmulationEnabled: false, nativeEvents: true, networkConnectionEnabled: false, pageLoadStrategy: normal, platform: XP, platformName: XP, rotatable: false, setWindowRect: true, takesHeapSnapshot: true, takesScreenshot: true, unexpectedAlertBehaviour: , unhandledPromptBehavior: , version: 67.0.3396.99, webStorageEnabled: true}
Session ID: 2388917da7ad1787e5a3aac76b1a6a1e
*** Element info: {Using=xpath, value=//div[@id='s2id_fdz-form-card-bin']//input[1]})

2018-07-06 14:36:22 - [MESSAGE][WARNING] - Cannot take screenshot

2018-07-06 14:36:22 - [MESSAGE][FAILED] - Unable to set text '281232' of object 'Object Repository/TC_24_36 AM/Input_CardBin' (Root cause: org.openqa.selenium.WebDriverException: chrome not reachable
  (Session info: chrome=67.0.3396.99)
  (Driver info: chromedriver=2.35.528161 (5b82f2d2aae0ca24b877009200ced9065a772e73),platform=Windows NT 6.1.7601 SP1 x86_64) (WARNING: The server did not provide any stacktrace information)
Command duration or timeout: 0 milliseconds
Build info: version: '3.7.1', revision: '8a0099a', time: '2017-11-06T21:07:36.161Z'
System info: host: 'LT0021232', ip: '10.50.88.74', os.name: 'Windows 7', os.arch: 'amd64', os.version: '6.1', java.version: '1.8.0_102'
Driver info: com.kms.katalon.selenium.driver.CChromeDriver
Capabilities {acceptInsecureCerts: false, acceptSslCerts: false, applicationCacheEnabled: false, browserConnectionEnabled: false, browserName: chrome, chrome: {chromedriverVersion: 2.35.528161 (5b82f2d2aae0ca..., userDataDir: C:\Users\ANKUR~1.JAI\AppDat...}, cssSelectorsEnabled: true, databaseEnabled: false, handlesAlerts: true, hasTouchScreen: false, javascriptEnabled: true, locationContextEnabled: true, mobileEmulationEnabled: false, nativeEvents: true, networkConnectionEnabled: false, pageLoadStrategy: normal, platform: XP, platformName: XP, rotatable: false, setWindowRect: true, takesHeapSnapshot: true, takesScreenshot: true, unexpectedAlertBehaviour: , unhandledPromptBehavior: , version: 67.0.3396.99, webStorageEnabled: true}
Session ID: 2388917da7ad1787e5a3aac76b1a6a1e
*** Element info: {Using=xpath, value=//div[@id='s2id_fdz-form-card-bin']//input[1]})

2018-07-06 14:36:22 - [TEST_STEP][PASSED] - delay: Delayed 2 second(s)

2018-07-06 14:36:24 - [MESSAGE][PASSED] - Delayed 2 second(s)

2018-07-06 14:36:24 - [TEST_STEP][FAILED] - sendKeys: Unable to send keys '' to object 'Object Repository/TC_24_36 AM/Input_CardBin' (Root cause: org.openqa.selenium.WebDriverException: chrome not reachable
  (Session info: chrome=67.0.3396.99)
  (Driver info: chromedriver=2.35.528161 (5b82f2d2aae0ca24b877009200ced9065a772e73),platform=Windows NT 6.1.7601 SP1 x86_64) (WARNING: The server did not provide any stacktrace information)
Command duration or timeout: 0 milliseconds
Build info: version: '3.7.1', revision: '8a0099a', time: '2017-11-06T21:07:36.161Z'
System info: host: 'LT0021232', ip: '10.50.88.74', os.name: 'Windows 7', os.arch: 'amd64', os.version: '6.1', java.version: '1.8.0_102'
Driver info: com.kms.katalon.selenium.driver.CChromeDriver
Capabilities {acceptInsecureCerts: false, acceptSslCerts: false, applicationCacheEnabled: false, browserConnectionEnabled: false, browserName: chrome, chrome: {chromedriverVersion: 2.35.528161 (5b82f2d2aae0ca..., userDataDir: C:\Users\ANKUR~1.JAI\AppDat...}, cssSelectorsEnabled: true, databaseEnabled: false, handlesAlerts: true, hasTouchScreen: false, javascriptEnabled: true, locationContextEnabled: true, mobileEmulationEnabled: false, nativeEvents: true, networkConnectionEnabled: false, pageLoadStrategy: normal, platform: XP, platformName: XP, rotatable: false, setWindowRect: true, takesHeapSnapshot: true, takesScreenshot: true, unexpectedAlertBehaviour: , unhandledPromptBehavior: , version: 67.0.3396.99, webStorageEnabled: true}
Session ID: 2388917da7ad1787e5a3aac76b1a6a1e
*** Element info: {Using=xpath, value=//div[@id='s2id_fdz-form-card-bin']//input[1]})

2018-07-06 14:36:33 - [MESSAGE][WARNING] - Cannot take screenshot

2018-07-06 14:36:33 - [MESSAGE][FAILED] - Unable to send keys '' to object 'Object Repository/TC_24_36 AM/Input_CardBin' (Root cause: org.openqa.selenium.WebDriverException: chrome not reachable
  (Session info: chrome=67.0.3396.99)
  (Driver info: chromedriver=2.35.528161 (5b82f2d2aae0ca24b877009200ced9065a772e73),platform=Windows NT 6.1.7601 SP1 x86_64) (WARNING: The server did not provide any stacktrace information)
Command duration or timeout: 0 milliseconds
Build info: version: '3.7.1', revision: '8a0099a', time: '2017-11-06T21:07:36.161Z'
System info: host: 'LT0021232', ip: '10.50.88.74', os.name: 'Windows 7', os.arch: 'amd64', os.version: '6.1', java.version: '1.8.0_102'
Driver info: com.kms.katalon.selenium.driver.CChromeDriver
Capabilities {acceptInsecureCerts: false, acceptSslCerts: false, applicationCacheEnabled: false, browserConnectionEnabled: false, browserName: chrome, chrome: {chromedriverVersion: 2.35.528161 (5b82f2d2aae0ca..., userDataDir: C:\Users\ANKUR~1.JAI\AppDat...}, cssSelectorsEnabled: true, databaseEnabled: false, handlesAlerts: true, hasTouchScreen: false, javascriptEnabled: true, locationContextEnabled: true, mobileEmulationEnabled: false, nativeEvents: true, networkConnectionEnabled: false, pageLoadStrategy: normal, platform: XP, platformName: XP, rotatable: false, setWindowRect: true, takesHeapSnapshot: true, takesScreenshot: true, unexpectedAlertBehaviour: , unhandledPromptBehavior: , version: 67.0.3396.99, webStorageEnabled: true}
Session ID: 2388917da7ad1787e5a3aac76b1a6a1e
*** Element info: {Using=xpath, value=//div[@id='s2id_fdz-form-card-bin']//input[1]})

2018-07-06 14:36:33 - [TEST_STEP][PASSED] - delay: Delayed 2 second(s)

2018-07-06 14:36:35 - [MESSAGE][PASSED] - Delayed 2 second(s)

2018-07-06 14:36:35 - [TEST_STEP][FAILED] - click: Unable to click on object 'Object Repository/TC_24_36 AM/button_Search' (Root cause: org.openqa.selenium.WebDriverException: chrome not reachable
  (Session info: chrome=67.0.3396.99)
  (Driver info: chromedriver=2.35.528161 (5b82f2d2aae0ca24b877009200ced9065a772e73),platform=Windows NT 6.1.7601 SP1 x86_64) (WARNING: The server did not provide any stacktrace information)
Command duration or timeout: 0 milliseconds
Build info: version: '3.7.1', revision: '8a0099a', time: '2017-11-06T21:07:36.161Z'
System info: host: 'LT0021232', ip: '10.50.88.74', os.name: 'Windows 7', os.arch: 'amd64', os.version: '6.1', java.version: '1.8.0_102'
Driver info: com.kms.katalon.selenium.driver.CChromeDriver
Capabilities {acceptInsecureCerts: false, acceptSslCerts: false, applicationCacheEnabled: false, browserConnectionEnabled: false, browserName: chrome, chrome: {chromedriverVersion: 2.35.528161 (5b82f2d2aae0ca..., userDataDir: C:\Users\ANKUR~1.JAI\AppDat...}, cssSelectorsEnabled: true, databaseEnabled: false, handlesAlerts: true, hasTouchScreen: false, javascriptEnabled: true, locationContextEnabled: true, mobileEmulationEnabled: false, nativeEvents: true, networkConnectionEnabled: false, pageLoadStrategy: normal, platform: XP, platformName: XP, rotatable: false, setWindowRect: true, takesHeapSnapshot: true, takesScreenshot: true, unexpectedAlertBehaviour: , unhandledPromptBehavior: , version: 67.0.3396.99, webStorageEnabled: true}
Session ID: 2388917da7ad1787e5a3aac76b1a6a1e
*** Element info: {Using=xpath, value=//button[@type='submit']})

2018-07-06 14:36:43 - [MESSAGE][WARNING] - Cannot take screenshot

2018-07-06 14:36:43 - [MESSAGE][FAILED] - Unable to click on object 'Object Repository/TC_24_36 AM/button_Search' (Root cause: org.openqa.selenium.WebDriverException: chrome not reachable
  (Session info: chrome=67.0.3396.99)
  (Driver info: chromedriver=2.35.528161 (5b82f2d2aae0ca24b877009200ced9065a772e73),platform=Windows NT 6.1.7601 SP1 x86_64) (WARNING: The server did not provide any stacktrace information)
Command duration or timeout: 0 milliseconds
Build info: version: '3.7.1', revision: '8a0099a', time: '2017-11-06T21:07:36.161Z'
System info: host: 'LT0021232', ip: '10.50.88.74', os.name: 'Windows 7', os.arch: 'amd64', os.version: '6.1', java.version: '1.8.0_102'
Driver info: com.kms.katalon.selenium.driver.CChromeDriver
Capabilities {acceptInsecureCerts: false, acceptSslCerts: false, applicationCacheEnabled: false, browserConnectionEnabled: false, browserName: chrome, chrome: {chromedriverVersion: 2.35.528161 (5b82f2d2aae0ca..., userDataDir: C:\Users\ANKUR~1.JAI\AppDat...}, cssSelectorsEnabled: true, databaseEnabled: false, handlesAlerts: true, hasTouchScreen: false, javascriptEnabled: true, locationContextEnabled: true, mobileEmulationEnabled: false, nativeEvents: true, networkConnectionEnabled: false, pageLoadStrategy: normal, platform: XP, platformName: XP, rotatable: false, setWindowRect: true, takesHeapSnapshot: true, takesScreenshot: true, unexpectedAlertBehaviour: , unhandledPromptBehavior: , version: 67.0.3396.99, webStorageEnabled: true}
Session ID: 2388917da7ad1787e5a3aac76b1a6a1e
*** Element info: {Using=xpath, value=//button[@type='submit']})

2018-07-06 14:36:43 - [TEST_STEP][FAILED] - getText: Unable to get text of object 'Object Repository/TC_24_36 AM/Cust_Details' (Root cause: org.openqa.selenium.WebDriverException: chrome not reachable
  (Session info: chrome=67.0.3396.99)
  (Driver info: chromedriver=2.35.528161 (5b82f2d2aae0ca24b877009200ced9065a772e73),platform=Windows NT 6.1.7601 SP1 x86_64) (WARNING: The server did not provide any stacktrace information)
Command duration or timeout: 0 milliseconds
Build info: version: '3.7.1', revision: '8a0099a', time: '2017-11-06T21:07:36.161Z'
System info: host: 'LT0021232', ip: '10.50.88.74', os.name: 'Windows 7', os.arch: 'amd64', os.version: '6.1', java.version: '1.8.0_102'
Driver info: com.kms.katalon.selenium.driver.CChromeDriver
Capabilities {acceptInsecureCerts: false, acceptSslCerts: false, applicationCacheEnabled: false, browserConnectionEnabled: false, browserName: chrome, chrome: {chromedriverVersion: 2.35.528161 (5b82f2d2aae0ca..., userDataDir: C:\Users\ANKUR~1.JAI\AppDat...}, cssSelectorsEnabled: true, databaseEnabled: false, handlesAlerts: true, hasTouchScreen: false, javascriptEnabled: true, locationContextEnabled: true, mobileEmulationEnabled: false, nativeEvents: true, networkConnectionEnabled: false, pageLoadStrategy: normal, platform: XP, platformName: XP, rotatable: false, setWindowRect: true, takesHeapSnapshot: true, takesScreenshot: true, unexpectedAlertBehaviour: , unhandledPromptBehavior: , version: 67.0.3396.99, webStorageEnabled: true}
Session ID: 2388917da7ad1787e5a3aac76b1a6a1e
*** Element info: {Using=xpath, value=//tbody[@style='opacity: 1;']})

2018-07-06 14:36:51 - [MESSAGE][WARNING] - Cannot take screenshot

2018-07-06 14:36:51 - [MESSAGE][FAILED] - Unable to get text of object 'Object Repository/TC_24_36 AM/Cust_Details' (Root cause: org.openqa.selenium.WebDriverException: chrome not reachable
  (Session info: chrome=67.0.3396.99)
  (Driver info: chromedriver=2.35.528161 (5b82f2d2aae0ca24b877009200ced9065a772e73),platform=Windows NT 6.1.7601 SP1 x86_64) (WARNING: The server did not provide any stacktrace information)
Command duration or timeout: 0 milliseconds
Build info: version: '3.7.1', revision: '8a0099a', time: '2017-11-06T21:07:36.161Z'
System info: host: 'LT0021232', ip: '10.50.88.74', os.name: 'Windows 7', os.arch: 'amd64', os.version: '6.1', java.version: '1.8.0_102'
Driver info: com.kms.katalon.selenium.driver.CChromeDriver
Capabilities {acceptInsecureCerts: false, acceptSslCerts: false, applicationCacheEnabled: false, browserConnectionEnabled: false, browserName: chrome, chrome: {chromedriverVersion: 2.35.528161 (5b82f2d2aae0ca..., userDataDir: C:\Users\ANKUR~1.JAI\AppDat...}, cssSelectorsEnabled: true, databaseEnabled: false, handlesAlerts: true, hasTouchScreen: false, javascriptEnabled: true, locationContextEnabled: true, mobileEmulationEnabled: false, nativeEvents: true, networkConnectionEnabled: false, pageLoadStrategy: normal, platform: XP, platformName: XP, rotatable: false, setWindowRect: true, takesHeapSnapshot: true, takesScreenshot: true, unexpectedAlertBehaviour: , unhandledPromptBehavior: , version: 67.0.3396.99, webStorageEnabled: true}
Session ID: 2388917da7ad1787e5a3aac76b1a6a1e
*** Element info: {Using=xpath, value=//tbody[@style='opacity: 1;']})

2018-07-06 14:36:51 - [TEST_STEP][PASSED] - comment: Advance search through Card Bin is sucesfull

2018-07-06 14:36:51 - [TEST_STEP][FAILED] - Statement - Card_Bin_Search = com.kms.katalon.core.webui.keyword.WebUiBuiltInKeywords.takeScreenshot(): Cannot take screenshot (Root cause: org.openqa.selenium.WebDriverException: chrome not reachable
  (Session info: chrome=67.0.3396.99)
  (Driver info: chromedriver=2.35.528161 (5b82f2d2aae0ca24b877009200ced9065a772e73),platform=Windows NT 6.1.7601 SP1 x86_64) (WARNING: The server did not provide any stacktrace information)
Command duration or timeout: 0 milliseconds
Build info: version: '3.7.1', revision: '8a0099a', time: '2017-11-06T21:07:36.161Z'
System info: host: 'LT0021232', ip: '10.50.88.74', os.name: 'Windows 7', os.arch: 'amd64', os.version: '6.1', java.version: '1.8.0_102'
Driver info: com.kms.katalon.selenium.driver.CChromeDriver
Capabilities {acceptInsecureCerts: false, acceptSslCerts: false, applicationCacheEnabled: false, browserConnectionEnabled: false, browserName: chrome, chrome: {chromedriverVersion: 2.35.528161 (5b82f2d2aae0ca..., userDataDir: C:\Users\ANKUR~1.JAI\AppDat...}, cssSelectorsEnabled: true, databaseEnabled: false, handlesAlerts: true, hasTouchScreen: false, javascriptEnabled: true, locationContextEnabled: true, mobileEmulationEnabled: false, nativeEvents: true, networkConnectionEnabled: false, pageLoadStrategy: normal, platform: XP, platformName: XP, rotatable: false, setWindowRect: true, takesHeapSnapshot: true, takesScreenshot: true, unexpectedAlertBehaviour: , unhandledPromptBehavior: , version: 67.0.3396.99, webStorageEnabled: true}
Session ID: 2388917da7ad1787e5a3aac76b1a6a1e)

2018-07-06 14:36:59 - [MESSAGE][WARNING] - Cannot take screenshot

2018-07-06 14:36:59 - [MESSAGE][FAILED] - Cannot take screenshot (Root cause: org.openqa.selenium.WebDriverException: chrome not reachable
  (Session info: chrome=67.0.3396.99)
  (Driver info: chromedriver=2.35.528161 (5b82f2d2aae0ca24b877009200ced9065a772e73),platform=Windows NT 6.1.7601 SP1 x86_64) (WARNING: The server did not provide any stacktrace information)
Command duration or timeout: 0 milliseconds
Build info: version: '3.7.1', revision: '8a0099a', time: '2017-11-06T21:07:36.161Z'
System info: host: 'LT0021232', ip: '10.50.88.74', os.name: 'Windows 7', os.arch: 'amd64', os.version: '6.1', java.version: '1.8.0_102'
Driver info: com.kms.katalon.selenium.driver.CChromeDriver
Capabilities {acceptInsecureCerts: false, acceptSslCerts: false, applicationCacheEnabled: false, browserConnectionEnabled: false, browserName: chrome, chrome: {chromedriverVersion: 2.35.528161 (5b82f2d2aae0ca..., userDataDir: C:\Users\ANKUR~1.JAI\AppDat...}, cssSelectorsEnabled: true, databaseEnabled: false, handlesAlerts: true, hasTouchScreen: false, javascriptEnabled: true, locationContextEnabled: true, mobileEmulationEnabled: false, nativeEvents: true, networkConnectionEnabled: false, pageLoadStrategy: normal, platform: XP, platformName: XP, rotatable: false, setWindowRect: true, takesHeapSnapshot: true, takesScreenshot: true, unexpectedAlertBehaviour: , unhandledPromptBehavior: , version: 67.0.3396.99, webStorageEnabled: true}
Session ID: 2388917da7ad1787e5a3aac76b1a6a1e)

2018-07-06 14:36:59 - [TEST_STEP][FAILED] - click: Unable to click on object 'Object Repository/TC_24_36 AM/Trans_Details' (Root cause: org.openqa.selenium.WebDriverException: chrome not reachable
  (Session info: chrome=67.0.3396.99)
  (Driver info: chromedriver=2.35.528161 (5b82f2d2aae0ca24b877009200ced9065a772e73),platform=Windows NT 6.1.7601 SP1 x86_64) (WARNING: The server did not provide any stacktrace information)
Command duration or timeout: 0 milliseconds
Build info: version: '3.7.1', revision: '8a0099a', time: '2017-11-06T21:07:36.161Z'
System info: host: 'LT0021232', ip: '10.50.88.74', os.name: 'Windows 7', os.arch: 'amd64', os.version: '6.1', java.version: '1.8.0_102'
Driver info: com.kms.katalon.selenium.driver.CChromeDriver
Capabilities {acceptInsecureCerts: false, acceptSslCerts: false, applicationCacheEnabled: false, browserConnectionEnabled: false, browserName: chrome, chrome: {chromedriverVersion: 2.35.528161 (5b82f2d2aae0ca..., userDataDir: C:\Users\ANKUR~1.JAI\AppDat...}, cssSelectorsEnabled: true, databaseEnabled: false, handlesAlerts: true, hasTouchScreen: false, javascriptEnabled: true, locationContextEnabled: true, mobileEmulationEnabled: false, nativeEvents: true, networkConnectionEnabled: false, pageLoadStrategy: normal, platform: XP, platformName: XP, rotatable: false, setWindowRect: true, takesHeapSnapshot: true, takesScreenshot: true, unexpectedAlertBehaviour: , unhandledPromptBehavior: , version: 67.0.3396.99, webStorageEnabled: true}
Session ID: 2388917da7ad1787e5a3aac76b1a6a1e
*** Element info: {Using=xpath, value=/html/body/div[1]/div[1]/div[2]/div/div/div[2]/div[2]/div[2]/table/tbody/tr[1]/td[15]/a/span})

2018-07-06 14:37:07 - [MESSAGE][WARNING] - Cannot take screenshot

2018-07-06 14:37:07 - [MESSAGE][FAILED] - Unable to click on object 'Object Repository/TC_24_36 AM/Trans_Details' (Root cause: org.openqa.selenium.WebDriverException: chrome not reachable
  (Session info: chrome=67.0.3396.99)
  (Driver info: chromedriver=2.35.528161 (5b82f2d2aae0ca24b877009200ced9065a772e73),platform=Windows NT 6.1.7601 SP1 x86_64) (WARNING: The server did not provide any stacktrace information)
Command duration or timeout: 0 milliseconds
Build info: version: '3.7.1', revision: '8a0099a', time: '2017-11-06T21:07:36.161Z'
System info: host: 'LT0021232', ip: '10.50.88.74', os.name: 'Windows 7', os.arch: 'amd64', os.version: '6.1', java.version: '1.8.0_102'
Driver info: com.kms.katalon.selenium.driver.CChromeDriver
Capabilities {acceptInsecureCerts: false, acceptSslCerts: false, applicationCacheEnabled: false, browserConnectionEnabled: false, browserName: chrome, chrome: {chromedriverVersion: 2.35.528161 (5b82f2d2aae0ca..., userDataDir: C:\Users\ANKUR~1.JAI\AppDat...}, cssSelectorsEnabled: true, databaseEnabled: false, handlesAlerts: true, hasTouchScreen: false, javascriptEnabled: true, locationContextEnabled: true, mobileEmulationEnabled: false, nativeEvents: true, networkConnectionEnabled: false, pageLoadStrategy: normal, platform: XP, platformName: XP, rotatable: false, setWindowRect: true, takesHeapSnapshot: true, takesScreenshot: true, unexpectedAlertBehaviour: , unhandledPromptBehavior: , version: 67.0.3396.99, webStorageEnabled: true}
Session ID: 2388917da7ad1787e5a3aac76b1a6a1e
*** Element info: {Using=xpath, value=/html/body/div[1]/div[1]/div[2]/div/div/div[2]/div[2]/div[2]/table/tbody/tr[1]/td[15]/a/span})

2018-07-06 14:37:07 - [TEST_STEP][FAILED] - verifyElementText: Verify element text of test object 'Object Repository/TC_24_36 AM/CardBin_Validation' FAILED. (Root cause: org.openqa.selenium.WebDriverException: chrome not reachable
  (Session info: chrome=67.0.3396.99)
  (Driver info: chromedriver=2.35.528161 (5b82f2d2aae0ca24b877009200ced9065a772e73),platform=Windows NT 6.1.7601 SP1 x86_64) (WARNING: The server did not provide any stacktrace information)
Command duration or timeout: 0 milliseconds
Build info: version: '3.7.1', revision: '8a0099a', time: '2017-11-06T21:07:36.161Z'
System info: host: 'LT0021232', ip: '10.50.88.74', os.name: 'Windows 7', os.arch: 'amd64', os.version: '6.1', java.version: '1.8.0_102'
Driver info: com.kms.katalon.selenium.driver.CChromeDriver
Capabilities {acceptInsecureCerts: false, acceptSslCerts: false, applicationCacheEnabled: false, browserConnectionEnabled: false, browserName: chrome, chrome: {chromedriverVersion: 2.35.528161 (5b82f2d2aae0ca..., userDataDir: C:\Users\ANKUR~1.JAI\AppDat...}, cssSelectorsEnabled: true, databaseEnabled: false, handlesAlerts: true, hasTouchScreen: false, javascriptEnabled: true, locationContextEnabled: true, mobileEmulationEnabled: false, nativeEvents: true, networkConnectionEnabled: false, pageLoadStrategy: normal, platform: XP, platformName: XP, rotatable: false, setWindowRect: true, takesHeapSnapshot: true, takesScreenshot: true, unexpectedAlertBehaviour: , unhandledPromptBehavior: , version: 67.0.3396.99, webStorageEnabled: true}
Session ID: 2388917da7ad1787e5a3aac76b1a6a1e
*** Element info: {Using=xpath, value=/html/body/div[1]/div[1]/div[2]/div[3]/div/div[1]/div[2]/div[2]/div[2]/div[2]/div[2]/div[2]})

2018-07-06 14:37:15 - [MESSAGE][WARNING] - Cannot take screenshot

2018-07-06 14:37:15 - [MESSAGE][FAILED] - Verify element text of test object 'Object Repository/TC_24_36 AM/CardBin_Validation' FAILED. (Root cause: org.openqa.selenium.WebDriverException: chrome not reachable
  (Session info: chrome=67.0.3396.99)
  (Driver info: chromedriver=2.35.528161 (5b82f2d2aae0ca24b877009200ced9065a772e73),platform=Windows NT 6.1.7601 SP1 x86_64) (WARNING: The server did not provide any stacktrace information)
Command duration or timeout: 0 milliseconds
Build info: version: '3.7.1', revision: '8a0099a', time: '2017-11-06T21:07:36.161Z'
System info: host: 'LT0021232', ip: '10.50.88.74', os.name: 'Windows 7', os.arch: 'amd64', os.version: '6.1', java.version: '1.8.0_102'
Driver info: com.kms.katalon.selenium.driver.CChromeDriver
Capabilities {acceptInsecureCerts: false, acceptSslCerts: false, applicationCacheEnabled: false, browserConnectionEnabled: false, browserName: chrome, chrome: {chromedriverVersion: 2.35.528161 (5b82f2d2aae0ca..., userDataDir: C:\Users\ANKUR~1.JAI\AppDat...}, cssSelectorsEnabled: true, databaseEnabled: false, handlesAlerts: true, hasTouchScreen: false, javascriptEnabled: true, locationContextEnabled: true, mobileEmulationEnabled: false, nativeEvents: true, networkConnectionEnabled: false, pageLoadStrategy: normal, platform: XP, platformName: XP, rotatable: false, setWindowRect: true, takesHeapSnapshot: true, takesScreenshot: true, unexpectedAlertBehaviour: , unhandledPromptBehavior: , version: 67.0.3396.99, webStorageEnabled: true}
Session ID: 2388917da7ad1787e5a3aac76b1a6a1e
*** Element info: {Using=xpath, value=/html/body/div[1]/div[1]/div[2]/div[3]/div/div[1]/div[2]/div[2]/div[2]/div[2]/div[2]/div[2]})

2018-07-06 14:37:15 - [TEST_STEP][PASSED] - delay: Delayed 12 second(s)

2018-07-06 14:37:27 - [MESSAGE][PASSED] - Delayed 12 second(s)]]></system-out>
         <system-err><![CDATA[2018-07-06 14:35:37 - [TEST_CASE][FAILED] - Test Cases/Alert Manager Test Cases/Alert Manager_Search Screen/TC36_Validate Advance search through Card bin: Test Cases/Alert Manager Test Cases/Alert Manager_Search Screen/TC36_Validate Advance search through Card bin FAILED because (of) Unable to clear text of object 'Object Repository/TC_24_36 AM/Date_input' (Root cause: org.openqa.selenium.WebDriverException: chrome not reachable
  (Session info: chrome=67.0.3396.99)
  (Driver info: chromedriver=2.35.528161 (5b82f2d2aae0ca24b877009200ced9065a772e73),platform=Windows NT 6.1.7601 SP1 x86_64) (WARNING: The server did not provide any stacktrace information)
Command duration or timeout: 0 milliseconds
Build info: version: '3.7.1', revision: '8a0099a', time: '2017-11-06T21:07:36.161Z'
System info: host: 'LT0021232', ip: '10.50.88.74', os.name: 'Windows 7', os.arch: 'amd64', os.version: '6.1', java.version: '1.8.0_102'
Driver info: com.kms.katalon.selenium.driver.CChromeDriver
Capabilities {acceptInsecureCerts: false, acceptSslCerts: false, applicationCacheEnabled: false, browserConnectionEnabled: false, browserName: chrome, chrome: {chromedriverVersion: 2.35.528161 (5b82f2d2aae0ca..., userDataDir: C:\Users\ANKUR~1.JAI\AppDat...}, cssSelectorsEnabled: true, databaseEnabled: false, handlesAlerts: true, hasTouchScreen: false, javascriptEnabled: true, locationContextEnabled: true, mobileEmulationEnabled: false, nativeEvents: true, networkConnectionEnabled: false, pageLoadStrategy: normal, platform: XP, platformName: XP, rotatable: false, setWindowRect: true, takesHeapSnapshot: true, takesScreenshot: true, unexpectedAlertBehaviour: , unhandledPromptBehavior: , version: 67.0.3396.99, webStorageEnabled: true}
Session ID: 2388917da7ad1787e5a3aac76b1a6a1e
*** Element info: {Using=xpath, value=//input[@id='fdz-form-date-time']})]]></system-err>
      </testcase>
      <system-out><![CDATA[2018-07-06 14:16:46 - [TEST_SUITE][FAILED] - AM_Test Suite: Test Cases/Alert Manager Test Cases/Alert Manager_View Alert/TC02_Mark Alert Fraud FAILED because (of) Unable to click on object 'Object Repository/TC_01-03_AM/i_glyphicon glyphicon-remove' (Root cause: org.openqa.selenium.StaleElementReferenceException: stale element reference: element is not attached to the page document
  (Session info: chrome=67.0.3396.99)
  (Driver info: chromedriver=2.35.528161 (5b82f2d2aae0ca24b877009200ced9065a772e73),platform=Windows NT 6.1.7601 SP1 x86_64) (WARNING: The server did not provide any stacktrace information)
Command duration or timeout: 0 milliseconds
For documentation on this error, please visit: http://seleniumhq.org/exceptions/stale_element_reference.html
Build info: version: '3.7.1', revision: '8a0099a', time: '2017-11-06T21:07:36.161Z'
System info: host: 'LT0021232', ip: '10.50.88.74', os.name: 'Windows 7', os.arch: 'amd64', os.version: '6.1', java.version: '1.8.0_102'
Driver info: com.kms.katalon.selenium.driver.CChromeDriver
Capabilities {acceptInsecureCerts: false, acceptSslCerts: false, applicationCacheEnabled: false, browserConnectionEnabled: false, browserName: chrome, chrome: {chromedriverVersion: 2.35.528161 (5b82f2d2aae0ca..., userDataDir: C:\Users\ANKUR~1.JAI\AppDat...}, cssSelectorsEnabled: true, databaseEnabled: false, handlesAlerts: true, hasTouchScreen: false, javascriptEnabled: true, locationContextEnabled: true, mobileEmulationEnabled: false, nativeEvents: true, networkConnectionEnabled: false, pageLoadStrategy: normal, platform: XP, platformName: XP, rotatable: false, setWindowRect: true, takesHeapSnapshot: true, takesScreenshot: true, unexpectedAlertBehaviour: , unhandledPromptBehavior: , version: 67.0.3396.99, webStorageEnabled: true}
Session ID: 2388917da7ad1787e5a3aac76b1a6a1e)]]></system-out>
      <system-err><![CDATA[2018-07-06 14:16:46 - [TEST_SUITE][FAILED] - AM_Test Suite: Test Cases/Alert Manager Test Cases/Alert Manager_View Alert/TC02_Mark Alert Fraud FAILED because (of) Unable to click on object 'Object Repository/TC_01-03_AM/i_glyphicon glyphicon-remove' (Root cause: org.openqa.selenium.StaleElementReferenceException: stale element reference: element is not attached to the page document
  (Session info: chrome=67.0.3396.99)
  (Driver info: chromedriver=2.35.528161 (5b82f2d2aae0ca24b877009200ced9065a772e73),platform=Windows NT 6.1.7601 SP1 x86_64) (WARNING: The server did not provide any stacktrace information)
Command duration or timeout: 0 milliseconds
For documentation on this error, please visit: http://seleniumhq.org/exceptions/stale_element_reference.html
Build info: version: '3.7.1', revision: '8a0099a', time: '2017-11-06T21:07:36.161Z'
System info: host: 'LT0021232', ip: '10.50.88.74', os.name: 'Windows 7', os.arch: 'amd64', os.version: '6.1', java.version: '1.8.0_102'
Driver info: com.kms.katalon.selenium.driver.CChromeDriver
Capabilities {acceptInsecureCerts: false, acceptSslCerts: false, applicationCacheEnabled: false, browserConnectionEnabled: false, browserName: chrome, chrome: {chromedriverVersion: 2.35.528161 (5b82f2d2aae0ca..., userDataDir: C:\Users\ANKUR~1.JAI\AppDat...}, cssSelectorsEnabled: true, databaseEnabled: false, handlesAlerts: true, hasTouchScreen: false, javascriptEnabled: true, locationContextEnabled: true, mobileEmulationEnabled: false, nativeEvents: true, networkConnectionEnabled: false, pageLoadStrategy: normal, platform: XP, platformName: XP, rotatable: false, setWindowRect: true, takesHeapSnapshot: true, takesScreenshot: true, unexpectedAlertBehaviour: , unhandledPromptBehavior: , version: 67.0.3396.99, webStorageEnabled: true}
Session ID: 2388917da7ad1787e5a3aac76b1a6a1e)]]></system-err>
   </testsuite>
</testsuites>
