{"devicePlatform":"","logFolder":"C:\\Users\\ankur.jain\\Katalon Studio\\Feedzai_Automation\\Reports\\AM_Test Suite\\20180704_162917","runData":{"hostName":"Ankur.Jain - LT0021232","os":"Windows 7 64bit","katalonVersion":"5.4.2.1","browser":"Chrome 67.0.3396.99","hostAddress":"10.50.88.74","sessionId":"db2f926abb920305b6db5996a9163e5c","seleniumVersion":"3.7.1","proxyInformation":"ProxyInformation{proxyOption\u003dNO_PROXY, proxyServerType\u003dHTTP, password\u003d, proxyServerAddress\u003d, proxyServerPort\u003d0}","platform":"Windows 7"},"type":"TEST_SUITE","name":"AM_Test Suite","id":"Test Suites/AM_Test Suite","source":"","message":"Test Cases/Alert Manager Test Cases/AM_Agent Search/TC21_Validation of Agent Search FAILED because (of) Variable \u0027Keys\u0027 is not defined for test case.","description":"","startTime":1530701972512,"endTime":1530702082107,"childRecords":[{"isOptional":false,"type":"TEST_CASE","name":"Test Cases/Alert Manager Test Cases/Alert Manager_Login","id":"Test Cases/Alert Manager Test Cases/Alert Manager_Login","source":"C:\\\\Users\\\\ankur.jain\\\\Katalon Studio\\\\Feedzai_Automation\\\\Test Cases\\\\Alert Manager Test Cases\\\\Alert Manager_Login.tc","message":"Test Cases/Alert Manager Test Cases/Alert Manager_Login","description":"","startTime":1530701976898,"endTime":1530702073397,"childRecords":[{"testStatus":{"stackTrace":"","statusValue":"INFO"},"type":"MESSAGE","name":"","message":"Evaluating variables for test case","startTime":1530701977082,"endTime":0,"childRecords":[],"interuppted":false},{"index":1,"isIgnoredIfFailed":false,"type":"TEST_STEP","name":"openBrowser","message":"Browser is opened with url: \u0027\u0027","description":"","startTime":1530701978634,"endTime":1530702034165,"childRecords":[{"testStatus":{"stackTrace":"","statusValue":"PASSED"},"type":"MESSAGE","name":"","message":"Browser is opened with url: \u0027\u0027","startTime":1530702034163,"endTime":0,"childRecords":[],"interuppted":false}],"interuppted":false},{"index":2,"isIgnoredIfFailed":false,"type":"TEST_STEP","name":"maximizeWindow","message":"Current window maximized","description":"","startTime":1530702034167,"endTime":1530702035306,"childRecords":[{"testStatus":{"stackTrace":"","statusValue":"PASSED"},"type":"MESSAGE","name":"","message":"Current window maximized","startTime":1530702035297,"endTime":0,"childRecords":[],"interuppted":false}],"interuppted":false},{"index":3,"isIgnoredIfFailed":false,"type":"TEST_STEP","name":"navigateToUrl","message":"Navigate to \u0027https://10.130.236.51/#login\u0027 successfully","description":"","startTime":1530702035310,"endTime":1530702044212,"childRecords":[{"testStatus":{"stackTrace":"","statusValue":"PASSED"},"type":"MESSAGE","name":"","message":"Navigate to \u0027https://10.130.236.51/#login\u0027 successfully","startTime":1530702044208,"endTime":0,"childRecords":[],"interuppted":false}],"interuppted":false},{"index":4,"isIgnoredIfFailed":false,"type":"TEST_STEP","name":"delay","message":"Delayed 20 second(s)","description":"","startTime":1530702044214,"endTime":1530702064337,"childRecords":[{"testStatus":{"stackTrace":"","statusValue":"PASSED"},"type":"MESSAGE","name":"","message":"Delayed 20 second(s)","startTime":1530702064335,"endTime":0,"childRecords":[],"interuppted":false}],"interuppted":false},{"index":5,"isIgnoredIfFailed":false,"type":"TEST_STEP","name":"setText","message":"Text \u0027Ankur.Jain\u0027 is set on object \u0027Object Repository/TC_01-03_AM/input\u0027","description":"","startTime":1530702064342,"endTime":1530702070139,"childRecords":[{"testStatus":{"stackTrace":"","statusValue":"PASSED"},"type":"MESSAGE","name":"","message":"Text \u0027Ankur.Jain\u0027 is set on object \u0027Object Repository/TC_01-03_AM/input\u0027","startTime":1530702070137,"endTime":0,"childRecords":[],"interuppted":false}],"interuppted":false},{"index":6,"isIgnoredIfFailed":false,"type":"TEST_STEP","name":"setText","message":"Text \u0027Word02Pass\u0027 is set on object \u0027Object Repository/TC_01-03_AM/input_1\u0027","description":"","startTime":1530702070140,"endTime":1530702070810,"childRecords":[{"testStatus":{"stackTrace":"","statusValue":"PASSED"},"type":"MESSAGE","name":"","message":"Text \u0027Word02Pass\u0027 is set on object \u0027Object Repository/TC_01-03_AM/input_1\u0027","startTime":1530702070808,"endTime":0,"childRecords":[],"interuppted":false}],"interuppted":false},{"index":7,"isIgnoredIfFailed":false,"type":"TEST_STEP","name":"click","message":"Object: \u0027Object Repository/TC_01-03_AM/button_Sign In\u0027 is clicked on","description":"","startTime":1530702070813,"endTime":1530702071306,"childRecords":[{"testStatus":{"stackTrace":"","statusValue":"PASSED"},"type":"MESSAGE","name":"","message":"Object: \u0027Object Repository/TC_01-03_AM/button_Sign In\u0027 is clicked on","startTime":1530702071304,"endTime":0,"childRecords":[],"interuppted":false}],"interuppted":false},{"index":8,"isIgnoredIfFailed":false,"type":"TEST_STEP","name":"delay","message":"Delayed 2 second(s)","description":"","startTime":1530702071310,"endTime":1530702073365,"childRecords":[{"testStatus":{"stackTrace":"","statusValue":"PASSED"},"type":"MESSAGE","name":"","message":"Delayed 2 second(s)","startTime":1530702073347,"endTime":0,"childRecords":[],"interuppted":false}],"interuppted":false},{"index":9,"isIgnoredIfFailed":false,"type":"TEST_STEP","name":"comment","message":"Alert Manager Login Sucesfully","description":"","startTime":1530702073381,"endTime":1530702073397,"childRecords":[],"interuppted":false},{"testStatus":{"stackTrace":"","statusValue":"PASSED"},"type":"MESSAGE","name":"","message":"Test Cases/Alert Manager Test Cases/Alert Manager_Login","startTime":1530702073397,"endTime":0,"childRecords":[],"interuppted":false}],"interuppted":false},{"isOptional":false,"type":"TEST_CASE","name":"Test Cases/Alert Manager Test Cases/AM_Agent Search/TC21_Validation of Agent Search","id":"Test Cases/Alert Manager Test Cases/AM_Agent Search/TC21_Validation of Agent Search","source":"C:\\\\Users\\\\ankur.jain\\\\Katalon Studio\\\\Feedzai_Automation\\\\Test Cases\\\\Alert Manager Test Cases\\\\AM_Agent Search\\\\TC21_Validation of Agent Search.tc","message":"Test Cases/Alert Manager Test Cases/AM_Agent Search/TC21_Validation of Agent Search FAILED because (of) Variable \u0027Keys\u0027 is not defined for test case.","description":"","startTime":1530702073428,"endTime":1530702079849,"childRecords":[{"testStatus":{"stackTrace":"","statusValue":"INFO"},"type":"MESSAGE","name":"","message":"Evaluating variables for test case","startTime":1530702073492,"endTime":0,"childRecords":[],"interuppted":false},{"index":1,"isIgnoredIfFailed":false,"type":"TEST_STEP","name":"click","message":"Object: \u0027Object Repository/TC21_AM/Agent_Icon\u0027 is clicked on","description":"","startTime":1530702074263,"endTime":1530702074874,"childRecords":[{"testStatus":{"stackTrace":"","statusValue":"PASSED"},"type":"MESSAGE","name":"","message":"Object: \u0027Object Repository/TC21_AM/Agent_Icon\u0027 is clicked on","startTime":1530702074871,"endTime":0,"childRecords":[],"interuppted":false}],"interuppted":false},{"index":2,"isIgnoredIfFailed":false,"type":"TEST_STEP","name":"delay","message":"Delayed 2 second(s)","description":"","startTime":1530702074876,"endTime":1530702076909,"childRecords":[{"testStatus":{"stackTrace":"","statusValue":"PASSED"},"type":"MESSAGE","name":"","message":"Delayed 2 second(s)","startTime":1530702076888,"endTime":0,"childRecords":[],"interuppted":false}],"interuppted":false},{"index":3,"isIgnoredIfFailed":false,"type":"TEST_STEP","name":"setText","message":"Text \u00271000002151\u0027 is set on object \u0027Object Repository/TC21_AM/Agent_Search\u0027","description":"","startTime":1530702076924,"endTime":1530702077742,"childRecords":[{"testStatus":{"stackTrace":"","statusValue":"PASSED"},"type":"MESSAGE","name":"","message":"Text \u00271000002151\u0027 is set on object \u0027Object Repository/TC21_AM/Agent_Search\u0027","startTime":1530702077740,"endTime":0,"childRecords":[],"interuppted":false}],"interuppted":false},{"index":4,"isIgnoredIfFailed":false,"type":"TEST_STEP","name":"delay","message":"Delayed 2 second(s)","description":"","startTime":1530702077743,"endTime":1530702079756,"childRecords":[{"testStatus":{"stackTrace":"","statusValue":"PASSED"},"type":"MESSAGE","name":"","message":"Delayed 2 second(s)","startTime":1530702079751,"endTime":0,"childRecords":[],"interuppted":false}],"interuppted":false},{"index":5,"isIgnoredIfFailed":false,"type":"TEST_STEP","name":"setText","message":"Finding Test Object with id \u0027Object Repository/TC21_AM/Agent_Search\u0027","description":"","startTime":1530702079780,"endTime":1530702079807,"childRecords":[],"interuppted":false},{"testStatus":{"stackTrace":"","statusValue":"ERROR"},"type":"MESSAGE","name":"","message":"Test Cases/Alert Manager Test Cases/AM_Agent Search/TC21_Validation of Agent Search FAILED because (of) Variable \u0027Keys\u0027 is not defined for test case.","startTime":1530702079813,"endTime":0,"childRecords":[],"interuppted":false}],"interuppted":false}],"interuppted":false}