<?xml version="1.0" encoding="UTF-8"?>
<testsuites name="New Suite" time="142" tests="4" failures="1" errors="0">
   <testsuite name="New Suite" tests="4" failures="1" errors="0" time="142" timestamp="2018-07-09 15:51:28" hostname="Ankur.Jain - LT0021232.in.ril.com" id="Test Suites/New Suite">
      <properties>
         <property name="deviceName" value=""/>
         <property name="devicePlatform" value=""/>
         <property name="logFolder" value="C:\\Users\\ankur.jain\\Katalon Studio\\Feedzai_Automation\\Reports\\New Suite\\20180709_155117"/>
         <property name="logFiles" value="C:\\Users\\ankur.jain\\Katalon Studio\\Feedzai_Automation\\Reports\\New Suite\\20180709_155117\\execution0.log"/>
         <property name="attachments" value="C:\\Users\\ankur.jain\\Katalon Studio\\Feedzai_Automation\\Reports\\New Suite\\20180709_155117\\1531131810080.png, C:\\Users\\ankur.jain\\Katalon Studio\\Feedzai_Automation\\Reports\\New Suite\\20180709_155117\\1531131822546.png, C:\\Users\\ankur.jain\\Katalon Studio\\Feedzai_Automation\\Reports\\New Suite\\20180709_155117\\1531131823826.png"/>
         <property name="hostName" value="Ankur.Jain - LT0021232.in.ril.com"/>
         <property name="os" value="Windows 7 64bit"/>
         <property name="katalonVersion" value="5.4.2.1"/>
         <property name="browser" value="Chrome 67.0.3396.99"/>
         <property name="hostAddress" value="10.50.88.85"/>
         <property name="sessionId" value="cab0b57c7331331dd27d5d403154d1cc"/>
         <property name="seleniumVersion" value="3.7.1"/>
         <property name="proxyInformation" value="ProxyInformation{proxyOption=NO_PROXY, proxyServerType=HTTP, password=, proxyServerAddress=, proxyServerPort=0}"/>
         <property name="platform" value="Windows 7"/>
      </properties>
      <testcase name="Test Cases/Alert Manager Test Cases/Alert Manager_Login" classname="Test Cases/Alert Manager Test Cases/Alert Manager_Login" status="PASSED">
         <system-out><![CDATA[2018-07-09 15:51:30 - [TEST_CASE][PASSED] - Test Cases/Alert Manager Test Cases/Alert Manager_Login: Test Cases/Alert Manager Test Cases/Alert Manager_Login

2018-07-09 15:51:31 - [TEST_STEP][PASSED] - openBrowser: Browser is opened with url: ''

2018-07-09 15:52:20 - [MESSAGE][PASSED] - Browser is opened with url: ''

2018-07-09 15:52:20 - [TEST_STEP][PASSED] - maximizeWindow: Current window maximized

2018-07-09 15:52:22 - [MESSAGE][PASSED] - Current window maximized

2018-07-09 15:52:22 - [TEST_STEP][PASSED] - navigateToUrl: Navigate to 'https://10.130.236.51/#login' successfully

2018-07-09 15:52:48 - [MESSAGE][PASSED] - Navigate to 'https://10.130.236.51/#login' successfully

2018-07-09 15:52:48 - [TEST_STEP][PASSED] - delay: Delayed 20 second(s)

2018-07-09 15:53:08 - [MESSAGE][PASSED] - Delayed 20 second(s)

2018-07-09 15:53:08 - [TEST_STEP][PASSED] - setText: Text 'Ankur.Jain' is set on object 'Object Repository/TC_01-03_AM/input'

2018-07-09 15:53:14 - [MESSAGE][PASSED] - Text 'Ankur.Jain' is set on object 'Object Repository/TC_01-03_AM/input'

2018-07-09 15:53:14 - [TEST_STEP][PASSED] - setText: Text 'Word03Pass' is set on object 'Object Repository/TC_01-03_AM/input_1'

2018-07-09 15:53:15 - [MESSAGE][PASSED] - Text 'Word03Pass' is set on object 'Object Repository/TC_01-03_AM/input_1'

2018-07-09 15:53:15 - [TEST_STEP][PASSED] - click: Object: 'Object Repository/TC_01-03_AM/button_Sign In' is clicked on

2018-07-09 15:53:15 - [MESSAGE][PASSED] - Object: 'Object Repository/TC_01-03_AM/button_Sign In' is clicked on

2018-07-09 15:53:15 - [TEST_STEP][PASSED] - delay: Delayed 2 second(s)

2018-07-09 15:53:17 - [MESSAGE][PASSED] - Delayed 2 second(s)

2018-07-09 15:53:18 - [TEST_STEP][PASSED] - comment: Alert Manager Login Sucesfully]]></system-out>
         <system-err><![CDATA[]]></system-err>
      </testcase>
      <testcase name="Test Cases/Alert Manager Test Cases/Alert Manager_JPB Customer Advance Search/TC47_JPB Profile Search with Customer_number" classname="Test Cases/Alert Manager Test Cases/Alert Manager_JPB Customer Advance Search/TC47_JPB Profile Search with Customer_number" status="PASSED">
         <system-out><![CDATA[2018-07-09 15:53:18 - [TEST_CASE][PASSED] - Test Cases/Alert Manager Test Cases/Alert Manager_JPB Customer Advance Search/TC47_JPB Profile Search with Customer_number: Test Cases/Alert Manager Test Cases/Alert Manager_JPB Customer Advance Search/TC47_JPB Profile Search with Customer_number

2018-07-09 15:53:20 - [TEST_STEP][PASSED] - click: Object: 'Object Repository/TC47_AM/Cust_Tab' is clicked on

2018-07-09 15:53:21 - [MESSAGE][PASSED] - Object: 'Object Repository/TC47_AM/Cust_Tab' is clicked on

2018-07-09 15:53:21 - [TEST_STEP][PASSED] - click: Object: 'Object Repository/TC47_AM/JPB_ComboBox' is clicked on

2018-07-09 15:53:22 - [MESSAGE][PASSED] - Object: 'Object Repository/TC47_AM/JPB_ComboBox' is clicked on

2018-07-09 15:53:22 - [TEST_STEP][PASSED] - setText: Text '4000000451' is set on object 'Object Repository/TC47_AM/Customer_input'

2018-07-09 15:53:23 - [MESSAGE][PASSED] - Text '4000000451' is set on object 'Object Repository/TC47_AM/Customer_input'

2018-07-09 15:53:23 - [TEST_STEP][PASSED] - delay: Delayed 3 second(s)

2018-07-09 15:53:26 - [MESSAGE][PASSED] - Delayed 3 second(s)

2018-07-09 15:53:26 - [TEST_STEP][PASSED] - sendKeys: Keys 'ENTER + ' sent to object: 'Object Repository/TC47_AM/Customer_input'

2018-07-09 15:53:26 - [MESSAGE][PASSED] - Keys 'ENTER + ' sent to object: 'Object Repository/TC47_AM/Customer_input'

2018-07-09 15:53:26 - [TEST_STEP][PASSED] - comment: JPB Customer Details Displayed]]></system-out>
         <system-err><![CDATA[]]></system-err>
      </testcase>
      <testcase name="Test Cases/Alert Manager Test Cases/Alert Manager_JPB Customer Advance Search/TC48_JPB Customer Details" classname="Test Cases/Alert Manager Test Cases/Alert Manager_JPB Customer Advance Search/TC48_JPB Customer Details" status="PASSED">
         <system-out><![CDATA[2018-07-09 15:53:26 - [TEST_CASE][PASSED] - Test Cases/Alert Manager Test Cases/Alert Manager_JPB Customer Advance Search/TC48_JPB Customer Details: Test Cases/Alert Manager Test Cases/Alert Manager_JPB Customer Advance Search/TC48_JPB Customer Details

2018-07-09 15:53:27 - [TEST_STEP][PASSED] - verifyElementText: Actual text and expected text of test object 'Object Repository/TC47_AM/Cust_Name' are matched.

2018-07-09 15:53:28 - [MESSAGE][PASSED] - Actual text and expected text of test object 'Object Repository/TC47_AM/Cust_Name' are matched.

2018-07-09 15:53:28 - [TEST_STEP][PASSED] - verifyElementText: Actual text and expected text of test object 'Object Repository/TC47_AM/Cust-id' are matched.

2018-07-09 15:53:29 - [MESSAGE][PASSED] - Actual text and expected text of test object 'Object Repository/TC47_AM/Cust-id' are matched.

2018-07-09 15:53:29 - [TEST_STEP][PASSED] - verifyElementText: Actual text and expected text of test object 'Object Repository/TC47_AM/Risk_Details' are matched.

2018-07-09 15:53:29 - [MESSAGE][PASSED] - Actual text and expected text of test object 'Object Repository/TC47_AM/Risk_Details' are matched.

2018-07-09 15:53:29 - [TEST_STEP][PASSED] - comment: JPB Customer Detail Validated Sucesfully

2018-07-09 15:53:29 - [TEST_STEP][PASSED] - Statement - JPB_CustDetails = com.kms.katalon.core.webui.keyword.WebUiBuiltInKeywords.takeScreenshot(): Taking screenshot successfully

2018-07-09 15:53:34 - [MESSAGE][PASSED] - Taking screenshot successfully
[[ATTACHMENT|C:\\Users\\ankur.jain\\Katalon Studio\\Feedzai_Automation\\Reports\\New Suite\\20180709_155117\\1531131810080.png]]]]></system-out>
         <system-err><![CDATA[]]></system-err>
      </testcase>
      <testcase name="Test Cases/Alert Manager Test Cases/Alert Manager_JPB Customer Advance Search/TC49_JPB Profile Search with Account_number" classname="Test Cases/Alert Manager Test Cases/Alert Manager_JPB Customer Advance Search/TC49_JPB Profile Search with Account_number" status="PASSED">
         <system-out><![CDATA[2018-07-09 15:53:34 - [TEST_CASE][PASSED] - Test Cases/Alert Manager Test Cases/Alert Manager_JPB Customer Advance Search/TC49_JPB Profile Search with Account_number: Test Cases/Alert Manager Test Cases/Alert Manager_JPB Customer Advance Search/TC49_JPB Profile Search with Account_number

2018-07-09 15:53:35 - [TEST_STEP][PASSED] - click: Object: 'Object Repository/TC47_AM/Cust_Tab' is clicked on

2018-07-09 15:53:36 - [MESSAGE][PASSED] - Object: 'Object Repository/TC47_AM/Cust_Tab' is clicked on

2018-07-09 15:53:36 - [TEST_STEP][PASSED] - click: Object: 'Object Repository/TC47_AM/JPB_ComboBox' is clicked on

2018-07-09 15:53:36 - [MESSAGE][PASSED] - Object: 'Object Repository/TC47_AM/JPB_ComboBox' is clicked on

2018-07-09 15:53:36 - [TEST_STEP][PASSED] - setText: Text '30000001021502' is set on object 'Object Repository/TC47_AM/Customer_input'

2018-07-09 15:53:37 - [MESSAGE][PASSED] - Text '30000001021502' is set on object 'Object Repository/TC47_AM/Customer_input'

2018-07-09 15:53:37 - [TEST_STEP][PASSED] - delay: Delayed 3 second(s)

2018-07-09 15:53:40 - [MESSAGE][PASSED] - Delayed 3 second(s)

2018-07-09 15:53:40 - [TEST_STEP][PASSED] - sendKeys: Keys 'ENTER + ' sent to object: 'Object Repository/TC47_AM/Customer_input'

2018-07-09 15:53:40 - [MESSAGE][PASSED] - Keys 'ENTER + ' sent to object: 'Object Repository/TC47_AM/Customer_input'

2018-07-09 15:53:40 - [TEST_STEP][PASSED] - comment: JPB Customer Details through id is Displayed]]></system-out>
         <system-err><![CDATA[]]></system-err>
      </testcase>
      <testcase name="Test Cases/Alert Manager Test Cases/Alert Manager_JPB Customer Advance Search/TC50_JPB Account Details" classname="Test Cases/Alert Manager Test Cases/Alert Manager_JPB Customer Advance Search/TC50_JPB Account Details" status="FAILED">
         <failure type="FAILED" message="Actual text 'CDMZK6620B' and expected text '146172627164' of test object 'Object Repository/TC47_AM/POI_Id' are NOT matched."/>
         <system-out><![CDATA[2018-07-09 15:53:40 - [TEST_CASE][FAILED] - Test Cases/Alert Manager Test Cases/Alert Manager_JPB Customer Advance Search/TC50_JPB Account Details: Test Cases/Alert Manager Test Cases/Alert Manager_JPB Customer Advance Search/TC50_JPB Account Details FAILED because (of) Actual text 'CDMZK6620B' and expected text '146172627164' of test object 'Object Repository/TC47_AM/POI_Id' are NOT matched.

2018-07-09 15:53:41 - [TEST_STEP][PASSED] - verifyElementText: Actual text and expected text of test object 'Object Repository/TC47_AM/POA_id' are matched.

2018-07-09 15:53:42 - [MESSAGE][PASSED] - Actual text and expected text of test object 'Object Repository/TC47_AM/POA_id' are matched.

2018-07-09 15:53:42 - [TEST_STEP][FAILED] - verifyElementText: Actual text 'CDMZK6620B' and expected text '146172627164' of test object 'Object Repository/TC47_AM/POI_Id' are NOT matched.

2018-07-09 15:53:43 - [MESSAGE][FAILED] - Actual text 'CDMZK6620B' and expected text '146172627164' of test object 'Object Repository/TC47_AM/POI_Id' are NOT matched.
[[ATTACHMENT|C:\\Users\\ankur.jain\\Katalon Studio\\Feedzai_Automation\\Reports\\New Suite\\20180709_155117\\1531131822546.png]]

2018-07-09 15:53:43 - [TEST_STEP][PASSED] - comment: JPB Customer Detail trhough account no is Validated Sucesfully

2018-07-09 15:53:43 - [TEST_STEP][PASSED] - Statement - JPB_CustDetails_Id = com.kms.katalon.core.webui.keyword.WebUiBuiltInKeywords.takeScreenshot(): Taking screenshot successfully

2018-07-09 15:53:44 - [MESSAGE][PASSED] - Taking screenshot successfully
[[ATTACHMENT|C:\\Users\\ankur.jain\\Katalon Studio\\Feedzai_Automation\\Reports\\New Suite\\20180709_155117\\1531131823826.png]]]]></system-out>
         <system-err><![CDATA[2018-07-09 15:53:40 - [TEST_CASE][FAILED] - Test Cases/Alert Manager Test Cases/Alert Manager_JPB Customer Advance Search/TC50_JPB Account Details: Test Cases/Alert Manager Test Cases/Alert Manager_JPB Customer Advance Search/TC50_JPB Account Details FAILED because (of) Actual text 'CDMZK6620B' and expected text '146172627164' of test object 'Object Repository/TC47_AM/POI_Id' are NOT matched.]]></system-err>
      </testcase>
      <system-out><![CDATA[2018-07-09 15:51:28 - [TEST_SUITE][FAILED] - New Suite: Test Cases/Alert Manager Test Cases/Alert Manager_JPB Customer Advance Search/TC50_JPB Account Details FAILED because (of) Actual text 'CDMZK6620B' and expected text '146172627164' of test object 'Object Repository/TC47_AM/POI_Id' are NOT matched.]]></system-out>
      <system-err><![CDATA[2018-07-09 15:51:28 - [TEST_SUITE][FAILED] - New Suite: Test Cases/Alert Manager Test Cases/Alert Manager_JPB Customer Advance Search/TC50_JPB Account Details FAILED because (of) Actual text 'CDMZK6620B' and expected text '146172627164' of test object 'Object Repository/TC47_AM/POI_Id' are NOT matched.]]></system-err>
   </testsuite>
</testsuites>
