<?xml version="1.0" encoding="UTF-8"?>
<testsuites name="AM_Test Suite" time="938" tests="45" failures="1" errors="0">
   <testsuite name="AM_Test Suite" tests="45" failures="1" errors="0" time="938" timestamp="2018-07-11 10:10:02" hostname="Ankur.Jain - LT0021232.in.ril.com" id="Test Suites/AM_Test Suite">
      <properties>
         <property name="deviceName" value=""/>
         <property name="devicePlatform" value=""/>
         <property name="logFolder" value="C:\\Users\\ankur.jain\\Katalon Studio\\Feedzai_Automation\\Reports\\AM_Test Suite\\20180711_100950"/>
         <property name="logFiles" value="C:\\Users\\ankur.jain\\Katalon Studio\\Feedzai_Automation\\Reports\\AM_Test Suite\\20180711_100950\\execution0.log"/>
         <property name="attachments" value="C:\\Users\\ankur.jain\\Katalon Studio\\Feedzai_Automation\\Reports\\AM_Test Suite\\20180711_100950\\1531284132344.png, C:\\Users\\ankur.jain\\Katalon Studio\\Feedzai_Automation\\Reports\\AM_Test Suite\\20180711_100950\\1531284145879.png, C:\\Users\\ankur.jain\\Katalon Studio\\Feedzai_Automation\\Reports\\AM_Test Suite\\20180711_100950\\1531284172839.png, C:\\Users\\ankur.jain\\Katalon Studio\\Feedzai_Automation\\Reports\\AM_Test Suite\\20180711_100950\\1531284194960.png, C:\\Users\\ankur.jain\\Katalon Studio\\Feedzai_Automation\\Reports\\AM_Test Suite\\20180711_100950\\1531284247852.png, C:\\Users\\ankur.jain\\Katalon Studio\\Feedzai_Automation\\Reports\\AM_Test Suite\\20180711_100950\\1531284265213.png, C:\\Users\\ankur.jain\\Katalon Studio\\Feedzai_Automation\\Reports\\AM_Test Suite\\20180711_100950\\1531284293461.png, C:\\Users\\ankur.jain\\Katalon Studio\\Feedzai_Automation\\Reports\\AM_Test Suite\\20180711_100950\\1531284308933.png, C:\\Users\\ankur.jain\\Katalon Studio\\Feedzai_Automation\\Reports\\AM_Test Suite\\20180711_100950\\1531284318530.png, C:\\Users\\ankur.jain\\Katalon Studio\\Feedzai_Automation\\Reports\\AM_Test Suite\\20180711_100950\\1531284340400.png, C:\\Users\\ankur.jain\\Katalon Studio\\Feedzai_Automation\\Reports\\AM_Test Suite\\20180711_100950\\1531284345418.png, C:\\Users\\ankur.jain\\Katalon Studio\\Feedzai_Automation\\Reports\\AM_Test Suite\\20180711_100950\\1531284361052.png, C:\\Users\\ankur.jain\\Katalon Studio\\Feedzai_Automation\\Reports\\AM_Test Suite\\20180711_100950\\1531284397650.png, C:\\Users\\ankur.jain\\Katalon Studio\\Feedzai_Automation\\Reports\\AM_Test Suite\\20180711_100950\\1531284440865.png, C:\\Users\\ankur.jain\\Katalon Studio\\Feedzai_Automation\\Reports\\AM_Test Suite\\20180711_100950\\1531284496497.png, C:\\Users\\ankur.jain\\Katalon Studio\\Feedzai_Automation\\Reports\\AM_Test Suite\\20180711_100950\\1531284528324.png, C:\\Users\\ankur.jain\\Katalon Studio\\Feedzai_Automation\\Reports\\AM_Test Suite\\20180711_100950\\1531284576309.png, C:\\Users\\ankur.jain\\Katalon Studio\\Feedzai_Automation\\Reports\\AM_Test Suite\\20180711_100950\\1531284605017.png, C:\\Users\\ankur.jain\\Katalon Studio\\Feedzai_Automation\\Reports\\AM_Test Suite\\20180711_100950\\1531284634430.png, C:\\Users\\ankur.jain\\Katalon Studio\\Feedzai_Automation\\Reports\\AM_Test Suite\\20180711_100950\\1531284683575.png, C:\\Users\\ankur.jain\\Katalon Studio\\Feedzai_Automation\\Reports\\AM_Test Suite\\20180711_100950\\1531284686858.png, C:\\Users\\ankur.jain\\Katalon Studio\\Feedzai_Automation\\Reports\\AM_Test Suite\\20180711_100950\\1531284687503.png, C:\\Users\\ankur.jain\\Katalon Studio\\Feedzai_Automation\\Reports\\AM_Test Suite\\20180711_100950\\1531284688168.png, C:\\Users\\ankur.jain\\Katalon Studio\\Feedzai_Automation\\Reports\\AM_Test Suite\\20180711_100950\\1531284690834.png, C:\\Users\\ankur.jain\\Katalon Studio\\Feedzai_Automation\\Reports\\AM_Test Suite\\20180711_100950\\1531284696547.png, C:\\Users\\ankur.jain\\Katalon Studio\\Feedzai_Automation\\Reports\\AM_Test Suite\\20180711_100950\\1531284729060.png, C:\\Users\\ankur.jain\\Katalon Studio\\Feedzai_Automation\\Reports\\AM_Test Suite\\20180711_100950\\1531284729706.png, C:\\Users\\ankur.jain\\Katalon Studio\\Feedzai_Automation\\Reports\\AM_Test Suite\\20180711_100950\\1531284762172.png, C:\\Users\\ankur.jain\\Katalon Studio\\Feedzai_Automation\\Reports\\AM_Test Suite\\20180711_100950\\1531284799951.png, C:\\Users\\ankur.jain\\Katalon Studio\\Feedzai_Automation\\Reports\\AM_Test Suite\\20180711_100950\\1531284828985.png, C:\\Users\\ankur.jain\\Katalon Studio\\Feedzai_Automation\\Reports\\AM_Test Suite\\20180711_100950\\1531284856351.png, C:\\Users\\ankur.jain\\Katalon Studio\\Feedzai_Automation\\Reports\\AM_Test Suite\\20180711_100950\\1531284885333.png, C:\\Users\\ankur.jain\\Katalon Studio\\Feedzai_Automation\\Reports\\AM_Test Suite\\20180711_100950\\1531284914177.png, C:\\Users\\ankur.jain\\Katalon Studio\\Feedzai_Automation\\Reports\\AM_Test Suite\\20180711_100950\\1531284922485.png, C:\\Users\\ankur.jain\\Katalon Studio\\Feedzai_Automation\\Reports\\AM_Test Suite\\20180711_100950\\1531284924617.png"/>
         <property name="hostName" value="Ankur.Jain - LT0021232.in.ril.com"/>
         <property name="os" value="Windows 7 64bit"/>
         <property name="katalonVersion" value="5.4.2.1"/>
         <property name="browser" value="Chrome 67.0.3396.99"/>
         <property name="hostAddress" value="10.50.88.85"/>
         <property name="sessionId" value="2ed710475ff636b4b1754fa2dd10e8f4"/>
         <property name="seleniumVersion" value="3.7.1"/>
         <property name="proxyInformation" value="ProxyInformation{proxyOption=NO_PROXY, proxyServerType=HTTP, password=, proxyServerAddress=, proxyServerPort=0}"/>
         <property name="platform" value="Windows 7"/>
      </properties>
      <testcase name="Test Cases/Alert Manager Test Cases/Alert Manager_Login" classname="Test Cases/Alert Manager Test Cases/Alert Manager_Login" status="PASSED">
         <system-out><![CDATA[2018-07-11 10:10:05 - [TEST_CASE][PASSED] - Test Cases/Alert Manager Test Cases/Alert Manager_Login: Test Cases/Alert Manager Test Cases/Alert Manager_Login

2018-07-11 10:10:06 - [TEST_STEP][PASSED] - openBrowser: Browser is opened with url: ''

2018-07-11 10:11:11 - [MESSAGE][PASSED] - Browser is opened with url: ''

2018-07-11 10:11:11 - [TEST_STEP][PASSED] - maximizeWindow: Current window maximized

2018-07-11 10:11:12 - [MESSAGE][PASSED] - Current window maximized

2018-07-11 10:11:12 - [TEST_STEP][PASSED] - navigateToUrl: Navigate to 'https://10.130.236.51/#login' successfully

2018-07-11 10:11:30 - [MESSAGE][PASSED] - Navigate to 'https://10.130.236.51/#login' successfully

2018-07-11 10:11:30 - [TEST_STEP][PASSED] - delay: Delayed 20 second(s)

2018-07-11 10:11:50 - [MESSAGE][PASSED] - Delayed 20 second(s)

2018-07-11 10:11:51 - [TEST_STEP][PASSED] - setText: Text 'Ankur.Jain' is set on object 'Object Repository/TC_01-03_AM/input'

2018-07-11 10:11:52 - [MESSAGE][PASSED] - Text 'Ankur.Jain' is set on object 'Object Repository/TC_01-03_AM/input'

2018-07-11 10:11:52 - [TEST_STEP][PASSED] - setText: Text 'Word03Pass' is set on object 'Object Repository/TC_01-03_AM/input_1'

2018-07-11 10:11:53 - [MESSAGE][PASSED] - Text 'Word03Pass' is set on object 'Object Repository/TC_01-03_AM/input_1'

2018-07-11 10:11:53 - [TEST_STEP][PASSED] - click: Object: 'Object Repository/TC_01-03_AM/button_Sign In' is clicked on

2018-07-11 10:11:54 - [MESSAGE][PASSED] - Object: 'Object Repository/TC_01-03_AM/button_Sign In' is clicked on

2018-07-11 10:11:54 - [TEST_STEP][PASSED] - delay: Delayed 2 second(s)

2018-07-11 10:11:56 - [MESSAGE][PASSED] - Delayed 2 second(s)

2018-07-11 10:11:56 - [TEST_STEP][PASSED] - comment: Alert Manager Login Sucesfully]]></system-out>
         <system-err><![CDATA[]]></system-err>
      </testcase>
      <testcase name="Test Cases/Alert Manager Test Cases/Alert Manager_View Alert/TC01_Mark Alert Not Fraud" classname="Test Cases/Alert Manager Test Cases/Alert Manager_View Alert/TC01_Mark Alert Not Fraud" status="PASSED">
         <system-out><![CDATA[2018-07-11 10:11:56 - [TEST_CASE][PASSED] - Test Cases/Alert Manager Test Cases/Alert Manager_View Alert/TC01_Mark Alert Not Fraud: Test Cases/Alert Manager Test Cases/Alert Manager_View Alert/TC01_Mark Alert Not Fraud

2018-07-11 10:11:57 - [TEST_STEP][PASSED] - click: Object: 'Object Repository/TC_01-03_AM/a_Merchant' is clicked on

2018-07-11 10:11:58 - [MESSAGE][PASSED] - Object: 'Object Repository/TC_01-03_AM/a_Merchant' is clicked on

2018-07-11 10:11:58 - [TEST_STEP][PASSED] - click: Object: 'Object Repository/TC_01-03_AM/a_Alerts' is clicked on

2018-07-11 10:11:58 - [MESSAGE][PASSED] - Object: 'Object Repository/TC_01-03_AM/a_Alerts' is clicked on

2018-07-11 10:11:58 - [TEST_STEP][PASSED] - click: Object: 'Object Repository/TC_01-03_AM/i_glyphicon glyphicon-ok' is clicked on

2018-07-11 10:12:10 - [MESSAGE][PASSED] - Object: 'Object Repository/TC_01-03_AM/i_glyphicon glyphicon-ok' is clicked on

2018-07-11 10:12:10 - [TEST_STEP][PASSED] - setText: Text 'Not Fraud' is set on object 'Object Repository/TC_01-03_AM/textarea_observation'

2018-07-11 10:12:11 - [MESSAGE][PASSED] - Text 'Not Fraud' is set on object 'Object Repository/TC_01-03_AM/textarea_observation'

2018-07-11 10:12:11 - [TEST_STEP][PASSED] - click: Object: 'Object Repository/TC_01-03_AM/button_Not Fraud' is clicked on

2018-07-11 10:12:12 - [MESSAGE][PASSED] - Object: 'Object Repository/TC_01-03_AM/button_Not Fraud' is clicked on

2018-07-11 10:12:12 - [TEST_STEP][PASSED] - comment: Alert is Marked as Not Fraud

2018-07-11 10:12:12 - [TEST_STEP][PASSED] - takeScreenshot: Taking screenshot successfully

2018-07-11 10:12:13 - [MESSAGE][PASSED] - Taking screenshot successfully
[[ATTACHMENT|C:\\Users\\ankur.jain\\Katalon Studio\\Feedzai_Automation\\Reports\\AM_Test Suite\\20180711_100950\\1531284132344.png]]

2018-07-11 10:12:13 - [TEST_STEP][PASSED] - delay: Delayed 10 second(s)

2018-07-11 10:12:23 - [MESSAGE][PASSED] - Delayed 10 second(s)]]></system-out>
         <system-err><![CDATA[]]></system-err>
      </testcase>
      <testcase name="Test Cases/Alert Manager Test Cases/Alert Manager_View Alert/TC02_Mark Alert Fraud" classname="Test Cases/Alert Manager Test Cases/Alert Manager_View Alert/TC02_Mark Alert Fraud" status="PASSED">
         <system-out><![CDATA[2018-07-11 10:12:23 - [TEST_CASE][PASSED] - Test Cases/Alert Manager Test Cases/Alert Manager_View Alert/TC02_Mark Alert Fraud: Test Cases/Alert Manager Test Cases/Alert Manager_View Alert/TC02_Mark Alert Fraud

2018-07-11 10:12:23 - [TEST_STEP][PASSED] - click: Object: 'Object Repository/TC_01-03_AM/i_glyphicon glyphicon-remove' is clicked on

2018-07-11 10:12:24 - [MESSAGE][PASSED] - Object: 'Object Repository/TC_01-03_AM/i_glyphicon glyphicon-remove' is clicked on

2018-07-11 10:12:24 - [TEST_STEP][PASSED] - setText: Text 'fraud' is set on object 'Object Repository/TC_01-03_AM/textarea_observation'

2018-07-11 10:12:25 - [MESSAGE][PASSED] - Text 'fraud' is set on object 'Object Repository/TC_01-03_AM/textarea_observation'

2018-07-11 10:12:25 - [TEST_STEP][PASSED] - click: Object: 'Object Repository/TC_01-03_AM/button_Fraud' is clicked on

2018-07-11 10:12:25 - [MESSAGE][PASSED] - Object: 'Object Repository/TC_01-03_AM/button_Fraud' is clicked on

2018-07-11 10:12:25 - [TEST_STEP][PASSED] - Statement - Fraud = com.kms.katalon.core.webui.keyword.WebUiBuiltInKeywords.takeScreenshot(): Taking screenshot successfully

2018-07-11 10:12:27 - [MESSAGE][PASSED] - Taking screenshot successfully
[[ATTACHMENT|C:\\Users\\ankur.jain\\Katalon Studio\\Feedzai_Automation\\Reports\\AM_Test Suite\\20180711_100950\\1531284145879.png]]

2018-07-11 10:12:27 - [TEST_STEP][PASSED] - comment: Alert Marked as Fraud

2018-07-11 10:12:27 - [TEST_STEP][PASSED] - delay: Delayed 15 second(s)

2018-07-11 10:12:42 - [MESSAGE][PASSED] - Delayed 15 second(s)]]></system-out>
         <system-err><![CDATA[]]></system-err>
      </testcase>
      <testcase name="Test Cases/Alert Manager Test Cases/Alert Manager_View Alert/TC03_Mark Alert Suspicious" classname="Test Cases/Alert Manager Test Cases/Alert Manager_View Alert/TC03_Mark Alert Suspicious" status="PASSED">
         <system-out><![CDATA[2018-07-11 10:12:42 - [TEST_CASE][PASSED] - Test Cases/Alert Manager Test Cases/Alert Manager_View Alert/TC03_Mark Alert Suspicious: Test Cases/Alert Manager Test Cases/Alert Manager_View Alert/TC03_Mark Alert Suspicious

2018-07-11 10:12:43 - [TEST_STEP][PASSED] - click: Object: 'Object Repository/TC_01-03_AM/i_glyphicon glyphicon-fire' is clicked on

2018-07-11 10:12:43 - [MESSAGE][PASSED] - Object: 'Object Repository/TC_01-03_AM/i_glyphicon glyphicon-fire' is clicked on

2018-07-11 10:12:43 - [TEST_STEP][PASSED] - setText: Text 'suspious' is set on object 'Object Repository/TC_01-03_AM/textarea_observation'

2018-07-11 10:12:44 - [MESSAGE][PASSED] - Text 'suspious' is set on object 'Object Repository/TC_01-03_AM/textarea_observation'

2018-07-11 10:12:44 - [TEST_STEP][PASSED] - delay: Delayed 3 second(s)

2018-07-11 10:12:47 - [MESSAGE][PASSED] - Delayed 3 second(s)

2018-07-11 10:12:47 - [TEST_STEP][PASSED] - click: Object: 'Object Repository/TC_04_Pulse/div_select2-drop-mask' is clicked on

2018-07-11 10:12:47 - [MESSAGE][PASSED] - Object: 'Object Repository/TC_04_Pulse/div_select2-drop-mask' is clicked on

2018-07-11 10:12:47 - [TEST_STEP][PASSED] - setText: Text 'Testing' is set on object 'Object Repository/TC_04_Pulse/Obj1'

2018-07-11 10:12:49 - [MESSAGE][PASSED] - Text 'Testing' is set on object 'Object Repository/TC_04_Pulse/Obj1'

2018-07-11 10:12:49 - [TEST_STEP][PASSED] - delay: Delayed 3 second(s)

2018-07-11 10:12:52 - [MESSAGE][PASSED] - Delayed 3 second(s)

2018-07-11 10:12:52 - [TEST_STEP][PASSED] - sendKeys: Keys 'ENTER + ' sent to object: 'Object Repository/TC_04_Pulse/Obj1'

2018-07-11 10:12:52 - [MESSAGE][PASSED] - Keys 'ENTER + ' sent to object: 'Object Repository/TC_04_Pulse/Obj1'

2018-07-11 10:12:52 - [TEST_STEP][PASSED] - click: Object: 'Object Repository/TC_04_Pulse/button_Suspicious' is clicked on

2018-07-11 10:12:52 - [MESSAGE][PASSED] - Object: 'Object Repository/TC_04_Pulse/button_Suspicious' is clicked on

2018-07-11 10:12:52 - [TEST_STEP][PASSED] - Statement - Alert_Suspious = com.kms.katalon.core.webui.keyword.WebUiBuiltInKeywords.takeScreenshot(): Taking screenshot successfully

2018-07-11 10:12:53 - [MESSAGE][PASSED] - Taking screenshot successfully
[[ATTACHMENT|C:\\Users\\ankur.jain\\Katalon Studio\\Feedzai_Automation\\Reports\\AM_Test Suite\\20180711_100950\\1531284172839.png]]

2018-07-11 10:12:53 - [TEST_STEP][PASSED] - comment: Alert Marked as Suspious

2018-07-11 10:12:53 - [TEST_STEP][PASSED] - delay: Delayed 3 second(s)

2018-07-11 10:12:56 - [MESSAGE][PASSED] - Delayed 3 second(s)]]></system-out>
         <system-err><![CDATA[]]></system-err>
      </testcase>
      <testcase name="Test Cases/Alert Manager Test Cases/Alert Manager_View Trans Details/TC05_MARK Transaction  FRAUD" classname="Test Cases/Alert Manager Test Cases/Alert Manager_View Trans Details/TC05_MARK Transaction  FRAUD" status="PASSED">
         <system-out><![CDATA[2018-07-11 10:12:56 - [TEST_CASE][PASSED] - Test Cases/Alert Manager Test Cases/Alert Manager_View Trans Details/TC05_MARK Transaction  FRAUD: Test Cases/Alert Manager Test Cases/Alert Manager_View Trans Details/TC05_MARK Transaction  FRAUD

2018-07-11 10:12:57 - [TEST_STEP][PASSED] - click: Object: 'Object Repository/TC05-07_AM/a_Merchant' is clicked on

2018-07-11 10:12:58 - [MESSAGE][PASSED] - Object: 'Object Repository/TC05-07_AM/a_Merchant' is clicked on

2018-07-11 10:12:58 - [TEST_STEP][PASSED] - click: Object: 'Object Repository/TC05-07_AM/span_Alerts' is clicked on

2018-07-11 10:12:58 - [MESSAGE][PASSED] - Object: 'Object Repository/TC05-07_AM/span_Alerts' is clicked on

2018-07-11 10:12:58 - [TEST_STEP][PASSED] - click: Object: 'Object Repository/TC05-07_AM/i_glyphicon glyphicon-eye-open' is clicked on

2018-07-11 10:13:08 - [MESSAGE][PASSED] - Object: 'Object Repository/TC05-07_AM/i_glyphicon glyphicon-eye-open' is clicked on

2018-07-11 10:13:08 - [TEST_STEP][PASSED] - delay: Delayed 2 second(s)

2018-07-11 10:13:10 - [MESSAGE][PASSED] - Delayed 2 second(s)

2018-07-11 10:13:10 - [TEST_STEP][PASSED] - click: Object: 'Object Repository/TC05-07_AM/button_Fraud' is clicked on

2018-07-11 10:13:10 - [MESSAGE][PASSED] - Object: 'Object Repository/TC05-07_AM/button_Fraud' is clicked on

2018-07-11 10:13:10 - [TEST_STEP][PASSED] - delay: Delayed 3 second(s)

2018-07-11 10:13:13 - [MESSAGE][PASSED] - Delayed 3 second(s)

2018-07-11 10:13:13 - [TEST_STEP][PASSED] - setText: Text 'Fraud' is set on object 'Object Repository/TC05-07_AM/textarea_observation'

2018-07-11 10:13:14 - [MESSAGE][PASSED] - Text 'Fraud' is set on object 'Object Repository/TC05-07_AM/textarea_observation'

2018-07-11 10:13:14 - [TEST_STEP][PASSED] - click: Object: 'Object Repository/TC05-07_AM/button_Fraud_1' is clicked on

2018-07-11 10:13:14 - [MESSAGE][PASSED] - Object: 'Object Repository/TC05-07_AM/button_Fraud_1' is clicked on

2018-07-11 10:13:14 - [TEST_STEP][PASSED] - Statement - Transcation_Fraud = com.kms.katalon.core.webui.keyword.WebUiBuiltInKeywords.takeScreenshot(): Taking screenshot successfully

2018-07-11 10:13:15 - [MESSAGE][PASSED] - Taking screenshot successfully
[[ATTACHMENT|C:\\Users\\ankur.jain\\Katalon Studio\\Feedzai_Automation\\Reports\\AM_Test Suite\\20180711_100950\\1531284194960.png]]

2018-07-11 10:13:15 - [TEST_STEP][PASSED] - comment: Transcation is Marked as Fraud

2018-07-11 10:13:15 - [TEST_STEP][PASSED] - delay: Delayed 3 second(s)

2018-07-11 10:13:18 - [MESSAGE][PASSED] - Delayed 3 second(s)

2018-07-11 10:13:18 - [TEST_STEP][PASSED] - verifyElementText: Actual text and expected text of test object 'Object Repository/TC05-07_AM/Status_Fraud' are matched.

2018-07-11 10:13:19 - [MESSAGE][PASSED] - Actual text and expected text of test object 'Object Repository/TC05-07_AM/Status_Fraud' are matched.

2018-07-11 10:13:19 - [TEST_STEP][PASSED] - comment: Transcation Status Verifed

2018-07-11 10:13:19 - [TEST_STEP][PASSED] - delay: Delayed 2 second(s)

2018-07-11 10:13:21 - [MESSAGE][PASSED] - Delayed 2 second(s)]]></system-out>
         <system-err><![CDATA[]]></system-err>
      </testcase>
      <testcase name="Test Cases/Alert Manager Test Cases/Alert Manager_View Trans Details/TC06_Mark Transaction as NOT Fraud" classname="Test Cases/Alert Manager Test Cases/Alert Manager_View Trans Details/TC06_Mark Transaction as NOT Fraud" status="PASSED">
         <system-out><![CDATA[2018-07-11 10:13:23 - [TEST_CASE][PASSED] - Test Cases/Alert Manager Test Cases/Alert Manager_View Trans Details/TC06_Mark Transaction as NOT Fraud: Test Cases/Alert Manager Test Cases/Alert Manager_View Trans Details/TC06_Mark Transaction as NOT Fraud

2018-07-11 10:13:24 - [TEST_STEP][PASSED] - click: Object: 'Object Repository/TC05-07_AM/a_Merchant' is clicked on

2018-07-11 10:13:24 - [MESSAGE][PASSED] - Object: 'Object Repository/TC05-07_AM/a_Merchant' is clicked on

2018-07-11 10:13:24 - [TEST_STEP][PASSED] - click: Object: 'Object Repository/TC05-07_AM/span_Alerts' is clicked on

2018-07-11 10:13:25 - [MESSAGE][PASSED] - Object: 'Object Repository/TC05-07_AM/span_Alerts' is clicked on

2018-07-11 10:13:25 - [TEST_STEP][PASSED] - delay: Delayed 2 second(s)

2018-07-11 10:13:27 - [MESSAGE][PASSED] - Delayed 2 second(s)

2018-07-11 10:13:27 - [TEST_STEP][PASSED] - click: Object: 'Object Repository/TC05-07_AM/i_glyphicon glyphicon-eye-open' is clicked on

2018-07-11 10:13:36 - [MESSAGE][PASSED] - Object: 'Object Repository/TC05-07_AM/i_glyphicon glyphicon-eye-open' is clicked on

2018-07-11 10:13:36 - [TEST_STEP][PASSED] - delay: Delayed 2 second(s)

2018-07-11 10:13:38 - [MESSAGE][PASSED] - Delayed 2 second(s)

2018-07-11 10:13:38 - [TEST_STEP][PASSED] - click: Object: 'Object Repository/TC05-07_AM/button_Not Fraud' is clicked on

2018-07-11 10:13:38 - [MESSAGE][PASSED] - Object: 'Object Repository/TC05-07_AM/button_Not Fraud' is clicked on

2018-07-11 10:13:38 - [TEST_STEP][PASSED] - delay: Delayed 3 second(s)

2018-07-11 10:13:41 - [MESSAGE][PASSED] - Delayed 3 second(s)

2018-07-11 10:13:41 - [TEST_STEP][PASSED] - setText: Text 'Not Fraud' is set on object 'Object Repository/TC05-07_AM/textarea_observation'

2018-07-11 10:13:42 - [MESSAGE][PASSED] - Text 'Not Fraud' is set on object 'Object Repository/TC05-07_AM/textarea_observation'

2018-07-11 10:13:42 - [TEST_STEP][PASSED] - delay: Delayed 2 second(s)

2018-07-11 10:13:44 - [MESSAGE][PASSED] - Delayed 2 second(s)

2018-07-11 10:13:44 - [TEST_STEP][PASSED] - click: Object: 'Object Repository/TC05-07_AM/button_Not Fraud_1' is clicked on

2018-07-11 10:13:44 - [MESSAGE][PASSED] - Object: 'Object Repository/TC05-07_AM/button_Not Fraud_1' is clicked on

2018-07-11 10:13:44 - [TEST_STEP][PASSED] - comment: Transcation is Marked as Not Fraud

2018-07-11 10:13:44 - [TEST_STEP][PASSED] - delay: Delayed 2 second(s)

2018-07-11 10:13:46 - [MESSAGE][PASSED] - Delayed 2 second(s)

2018-07-11 10:13:46 - [TEST_STEP][PASSED] - verifyElementText: Actual text and expected text of test object 'Object Repository/TC05-07_AM/Status_Not Fraud' are matched.

2018-07-11 10:13:47 - [MESSAGE][PASSED] - Actual text and expected text of test object 'Object Repository/TC05-07_AM/Status_Not Fraud' are matched.

2018-07-11 10:13:47 - [TEST_STEP][PASSED] - comment: Transcation status is verifed]]></system-out>
         <system-err><![CDATA[]]></system-err>
      </testcase>
      <testcase name="Test Cases/Alert Manager Test Cases/Alert Manager_View Trans Details/TC07_Mark Transaction Suspious" classname="Test Cases/Alert Manager Test Cases/Alert Manager_View Trans Details/TC07_Mark Transaction Suspious" status="PASSED">
         <system-out><![CDATA[2018-07-11 10:13:47 - [TEST_CASE][PASSED] - Test Cases/Alert Manager Test Cases/Alert Manager_View Trans Details/TC07_Mark Transaction Suspious: Test Cases/Alert Manager Test Cases/Alert Manager_View Trans Details/TC07_Mark Transaction Suspious

2018-07-11 10:13:47 - [TEST_STEP][PASSED] - click: Object: 'Object Repository/TC05-07_AM/a_Merchant' is clicked on

2018-07-11 10:13:48 - [MESSAGE][PASSED] - Object: 'Object Repository/TC05-07_AM/a_Merchant' is clicked on

2018-07-11 10:13:48 - [TEST_STEP][PASSED] - click: Object: 'Object Repository/TC05-07_AM/span_Alerts' is clicked on

2018-07-11 10:13:48 - [MESSAGE][PASSED] - Object: 'Object Repository/TC05-07_AM/span_Alerts' is clicked on

2018-07-11 10:13:48 - [TEST_STEP][PASSED] - click: Object: 'Object Repository/TC05-07_AM/i_glyphicon glyphicon-eye-open' is clicked on

2018-07-11 10:14:00 - [MESSAGE][PASSED] - Object: 'Object Repository/TC05-07_AM/i_glyphicon glyphicon-eye-open' is clicked on

2018-07-11 10:14:00 - [TEST_STEP][PASSED] - delay: Delayed 2 second(s)

2018-07-11 10:14:02 - [MESSAGE][PASSED] - Delayed 2 second(s)

2018-07-11 10:14:02 - [TEST_STEP][PASSED] - click: Object: 'Object Repository/TC05-07_AM/button_Suspicious' is clicked on

2018-07-11 10:14:02 - [MESSAGE][PASSED] - Object: 'Object Repository/TC05-07_AM/button_Suspicious' is clicked on

2018-07-11 10:14:02 - [TEST_STEP][PASSED] - delay: Delayed 2 second(s)

2018-07-11 10:14:04 - [MESSAGE][PASSED] - Delayed 2 second(s)

2018-07-11 10:14:04 - [TEST_STEP][PASSED] - setText: Text 'Suspious' is set on object 'Object Repository/TC05-07_AM/textarea_observation'

2018-07-11 10:14:05 - [MESSAGE][PASSED] - Text 'Suspious' is set on object 'Object Repository/TC05-07_AM/textarea_observation'

2018-07-11 10:14:05 - [TEST_STEP][PASSED] - delay: Delayed 2 second(s)

2018-07-11 10:14:07 - [MESSAGE][PASSED] - Delayed 2 second(s)

2018-07-11 10:14:07 - [TEST_STEP][PASSED] - click: Object: 'Object Repository/TC_04_Pulse/button_Suspicious' is clicked on

2018-07-11 10:14:07 - [MESSAGE][PASSED] - Object: 'Object Repository/TC_04_Pulse/button_Suspicious' is clicked on

2018-07-11 10:14:07 - [TEST_STEP][PASSED] - Statement - Transcation_Suspious = com.kms.katalon.core.webui.keyword.WebUiBuiltInKeywords.takeScreenshot(): Taking screenshot successfully

2018-07-11 10:14:08 - [MESSAGE][PASSED] - Taking screenshot successfully
[[ATTACHMENT|C:\\Users\\ankur.jain\\Katalon Studio\\Feedzai_Automation\\Reports\\AM_Test Suite\\20180711_100950\\1531284247852.png]]

2018-07-11 10:14:08 - [TEST_STEP][PASSED] - comment: Transcation is Marked as Suspious

2018-07-11 10:14:08 - [TEST_STEP][PASSED] - delay: Delayed 2 second(s)

2018-07-11 10:14:10 - [MESSAGE][PASSED] - Delayed 2 second(s)

2018-07-11 10:14:10 - [TEST_STEP][PASSED] - verifyElementText: Actual text and expected text of test object 'Object Repository/TC05-07_AM/Status_Suspious' are matched.

2018-07-11 10:14:10 - [MESSAGE][PASSED] - Actual text and expected text of test object 'Object Repository/TC05-07_AM/Status_Suspious' are matched.

2018-07-11 10:14:10 - [TEST_STEP][PASSED] - comment: Transation status is verifed

2018-07-11 10:14:10 - [TEST_STEP][PASSED] - delay: Delayed 2 second(s)

2018-07-11 10:14:12 - [MESSAGE][PASSED] - Delayed 2 second(s)]]></system-out>
         <system-err><![CDATA[]]></system-err>
      </testcase>
      <testcase name="Test Cases/Alert Manager Test Cases/AM_Customer Search Home Screen/TC08_Customer Search through mobile number" classname="Test Cases/Alert Manager Test Cases/AM_Customer Search Home Screen/TC08_Customer Search through mobile number" status="PASSED">
         <system-out><![CDATA[2018-07-11 10:14:12 - [TEST_CASE][PASSED] - Test Cases/Alert Manager Test Cases/AM_Customer Search Home Screen/TC08_Customer Search through mobile number: Test Cases/Alert Manager Test Cases/AM_Customer Search Home Screen/TC08_Customer Search through mobile number

2018-07-11 10:14:13 - [TEST_STEP][PASSED] - click: Object: 'Object Repository/TC08_18 AM/a_Customer' is clicked on

2018-07-11 10:14:14 - [MESSAGE][PASSED] - Object: 'Object Repository/TC08_18 AM/a_Customer' is clicked on

2018-07-11 10:14:14 - [TEST_STEP][PASSED] - delay: Delayed 2 second(s)

2018-07-11 10:14:16 - [MESSAGE][PASSED] - Delayed 2 second(s)

2018-07-11 10:14:16 - [TEST_STEP][PASSED] - setText: Text '+919860606030' is set on object 'Object Repository/TC08_18 AM/span_Customer'

2018-07-11 10:14:17 - [MESSAGE][PASSED] - Text '+919860606030' is set on object 'Object Repository/TC08_18 AM/span_Customer'

2018-07-11 10:14:17 - [TEST_STEP][PASSED] - delay: Delayed 2 second(s)

2018-07-11 10:14:19 - [MESSAGE][PASSED] - Delayed 2 second(s)

2018-07-11 10:14:19 - [TEST_STEP][PASSED] - setText: Text 'ENTER + ' is set on object 'Object Repository/TC08_18 AM/span_Customer'

2018-07-11 10:14:19 - [MESSAGE][PASSED] - Text 'ENTER + ' is set on object 'Object Repository/TC08_18 AM/span_Customer'

2018-07-11 10:14:19 - [TEST_STEP][PASSED] - delay: Delayed 5 second(s)

2018-07-11 10:14:24 - [MESSAGE][PASSED] - Delayed 5 second(s)

2018-07-11 10:14:25 - [TEST_STEP][PASSED] - verifyElementText: Actual text and expected text of test object 'Object Repository/TC08_18 AM/div_919860606030' are matched.

2018-07-11 10:14:25 - [MESSAGE][PASSED] - Actual text and expected text of test object 'Object Repository/TC08_18 AM/div_919860606030' are matched.

2018-07-11 10:14:25 - [TEST_STEP][PASSED] - comment: Customer Search through Mobile no is sucesfull

2018-07-11 10:14:25 - [TEST_STEP][PASSED] - Statement - CustomerSerach_MobileNo = com.kms.katalon.core.webui.keyword.WebUiBuiltInKeywords.takeScreenshot(): Taking screenshot successfully

2018-07-11 10:14:25 - [MESSAGE][PASSED] - Taking screenshot successfully
[[ATTACHMENT|C:\\Users\\ankur.jain\\Katalon Studio\\Feedzai_Automation\\Reports\\AM_Test Suite\\20180711_100950\\1531284265213.png]]

2018-07-11 10:14:25 - [TEST_STEP][PASSED] - delay: Delayed 2 second(s)

2018-07-11 10:14:27 - [MESSAGE][PASSED] - Delayed 2 second(s)]]></system-out>
         <system-err><![CDATA[]]></system-err>
      </testcase>
      <testcase name="Test Cases/Alert Manager Test Cases/AM_Customer Search Home Screen/TC09_Customer Search through Customer ID" classname="Test Cases/Alert Manager Test Cases/AM_Customer Search Home Screen/TC09_Customer Search through Customer ID" status="PASSED">
         <system-out><![CDATA[2018-07-11 10:14:27 - [TEST_CASE][PASSED] - Test Cases/Alert Manager Test Cases/AM_Customer Search Home Screen/TC09_Customer Search through Customer ID: Test Cases/Alert Manager Test Cases/AM_Customer Search Home Screen/TC09_Customer Search through Customer ID

2018-07-11 10:14:28 - [TEST_STEP][PASSED] - click: Object: 'Object Repository/TC08_18 AM/a_Customer' is clicked on

2018-07-11 10:14:28 - [MESSAGE][PASSED] - Object: 'Object Repository/TC08_18 AM/a_Customer' is clicked on

2018-07-11 10:14:28 - [TEST_STEP][PASSED] - delay: Delayed 2 second(s)

2018-07-11 10:14:30 - [MESSAGE][PASSED] - Delayed 2 second(s)

2018-07-11 10:14:31 - [TEST_STEP][PASSED] - setText: Text '1100231482' is set on object 'Object Repository/TC08_18 AM/span_Customer'

2018-07-11 10:14:31 - [MESSAGE][PASSED] - Text '1100231482' is set on object 'Object Repository/TC08_18 AM/span_Customer'

2018-07-11 10:14:31 - [TEST_STEP][PASSED] - delay: Delayed 2 second(s)

2018-07-11 10:14:33 - [MESSAGE][PASSED] - Delayed 2 second(s)

2018-07-11 10:14:33 - [TEST_STEP][PASSED] - setText: Text 'ENTER + ' is set on object 'Object Repository/TC08_18 AM/span_Customer'

2018-07-11 10:14:34 - [MESSAGE][PASSED] - Text 'ENTER + ' is set on object 'Object Repository/TC08_18 AM/span_Customer'

2018-07-11 10:14:34 - [TEST_STEP][PASSED] - delay: Delayed 5 second(s)

2018-07-11 10:14:39 - [MESSAGE][PASSED] - Delayed 5 second(s)

2018-07-11 10:14:39 - [TEST_STEP][PASSED] - verifyElementText: Actual text and expected text of test object 'Object Repository/TC08_18 AM/div_1100231482' are matched.

2018-07-11 10:14:39 - [MESSAGE][PASSED] - Actual text and expected text of test object 'Object Repository/TC08_18 AM/div_1100231482' are matched.

2018-07-11 10:14:39 - [TEST_STEP][PASSED] - comment: Customer Serach through id is sucesfull

2018-07-11 10:14:39 - [TEST_STEP][PASSED] - delay: Delayed 2 second(s)

2018-07-11 10:14:41 - [MESSAGE][PASSED] - Delayed 2 second(s)]]></system-out>
         <system-err><![CDATA[]]></system-err>
      </testcase>
      <testcase name="Test Cases/Alert Manager Test Cases/AM_Customer Search Home Screen/TC10_Customer Detail Validation" classname="Test Cases/Alert Manager Test Cases/AM_Customer Search Home Screen/TC10_Customer Detail Validation" status="PASSED">
         <system-out><![CDATA[2018-07-11 10:14:41 - [TEST_CASE][PASSED] - Test Cases/Alert Manager Test Cases/AM_Customer Search Home Screen/TC10_Customer Detail Validation: Test Cases/Alert Manager Test Cases/AM_Customer Search Home Screen/TC10_Customer Detail Validation

2018-07-11 10:14:42 - [TEST_STEP][PASSED] - click: Object: 'Object Repository/TC08_18 AM/Cust_Detail' is clicked on

2018-07-11 10:14:43 - [MESSAGE][PASSED] - Object: 'Object Repository/TC08_18 AM/Cust_Detail' is clicked on

2018-07-11 10:14:43 - [TEST_STEP][PASSED] - Statement - text = com.kms.katalon.core.webui.keyword.WebUiBuiltInKeywords.getText(com.kms.katalon.core.testobject.ObjectRepository.findTestObject(TC08_18 AM/Cust_Detail)): Text of object 'Object Repository/TC08_18 AM/Cust_Detail' is: 'Customer Name
XXX RESHMA SHETTY
Customer ID
1100231482
Status
Active
Account Date
19-02-2018 (5 months ago)
Account Number
1000000000281488
KYC
Low
Account Upgrade Date
Unknown
Mobile Number
+919821370176
Email
Unknown
Customer App ID
420346fbb4ab3200_Samsung SM-G355H
Customer Jio Money ID
Unknown
Customer Risk
Unknown
PIN Area (Zip Code)
Unknown
Address'

2018-07-11 10:14:43 - [MESSAGE][PASSED] - Text of object 'Object Repository/TC08_18 AM/Cust_Detail' is: 'Customer Name
XXX RESHMA SHETTY
Customer ID
1100231482
Status
Active
Account Date
19-02-2018 (5 months ago)
Account Number
1000000000281488
KYC
Low
Account Upgrade Date
Unknown
Mobile Number
+919821370176
Email
Unknown
Customer App ID
420346fbb4ab3200_Samsung SM-G355H
Customer Jio Money ID
Unknown
Customer Risk
Unknown
PIN Area (Zip Code)
Unknown
Address'

2018-07-11 10:14:43 - [TEST_STEP][PASSED] - Statement - If (text.contains("1100231482")): Customer Details Matched

2018-07-11 10:14:43 - [TEST_STEP][PASSED] - comment: Customer Details Matched]]></system-out>
         <system-err><![CDATA[]]></system-err>
      </testcase>
      <testcase name="Test Cases/Alert Manager Test Cases/AM_Customer Search Home Screen/TC11_Transaction Density Validation" classname="Test Cases/Alert Manager Test Cases/AM_Customer Search Home Screen/TC11_Transaction Density Validation" status="PASSED">
         <system-out><![CDATA[2018-07-11 10:14:43 - [TEST_CASE][PASSED] - Test Cases/Alert Manager Test Cases/AM_Customer Search Home Screen/TC11_Transaction Density Validation: Test Cases/Alert Manager Test Cases/AM_Customer Search Home Screen/TC11_Transaction Density Validation

2018-07-11 10:14:44 - [TEST_STEP][PASSED] - click: Object: 'Object Repository/TC08_18 AM/Transcation Details' is clicked on

2018-07-11 10:14:44 - [MESSAGE][PASSED] - Object: 'Object Repository/TC08_18 AM/Transcation Details' is clicked on

2018-07-11 10:14:44 - [TEST_STEP][PASSED] - verifyElementPresent: Object 'Object Repository/TC08_18 AM/Transcation Details' is present

2018-07-11 10:14:44 - [MESSAGE][WARNING] - Timeout '0' is invalid. Using default page load timeout: '30'

2018-07-11 10:14:44 - [MESSAGE][PASSED] - Object 'Object Repository/TC08_18 AM/Transcation Details' is present

2018-07-11 10:14:44 - [TEST_STEP][PASSED] - getText: Text of object 'Object Repository/TC08_18 AM/Transcation Details' is: 'Number of Transactions
18
Total Amount (₹)
2,107.00
Average Amount (₹)
117.06
Amount Std. Deviation (₹)
321.24'

2018-07-11 10:14:44 - [MESSAGE][PASSED] - Text of object 'Object Repository/TC08_18 AM/Transcation Details' is: 'Number of Transactions
18
Total Amount (₹)
2,107.00
Average Amount (₹)
117.06
Amount Std. Deviation (₹)
321.24']]></system-out>
         <system-err><![CDATA[]]></system-err>
      </testcase>
      <testcase name="Test Cases/Alert Manager Test Cases/AM_Customer Search Home Screen/TC12_Activity Period Validation" classname="Test Cases/Alert Manager Test Cases/AM_Customer Search Home Screen/TC12_Activity Period Validation" status="PASSED">
         <system-out><![CDATA[2018-07-11 10:14:44 - [TEST_CASE][PASSED] - Test Cases/Alert Manager Test Cases/AM_Customer Search Home Screen/TC12_Activity Period Validation: Test Cases/Alert Manager Test Cases/AM_Customer Search Home Screen/TC12_Activity Period Validation

2018-07-11 10:14:45 - [TEST_STEP][PASSED] - click: Object: 'Object Repository/TC08_18 AM/Activity_Period' is clicked on

2018-07-11 10:14:46 - [MESSAGE][PASSED] - Object: 'Object Repository/TC08_18 AM/Activity_Period' is clicked on

2018-07-11 10:14:46 - [TEST_STEP][PASSED] - verifyElementPresent: Object 'Object Repository/TC08_18 AM/Activity_Period' is present

2018-07-11 10:14:46 - [MESSAGE][WARNING] - Timeout '0' is invalid. Using default page load timeout: '30'

2018-07-11 10:14:46 - [MESSAGE][PASSED] - Object 'Object Repository/TC08_18 AM/Activity_Period' is present

2018-07-11 10:14:46 - [TEST_STEP][PASSED] - getText: Text of object 'Object Repository/TC08_18 AM/Activity_Period' is: 'From
19-02-2018 11:25:40
To
01-03-2018 22:30:53
Period
10 days'

2018-07-11 10:14:46 - [MESSAGE][PASSED] - Text of object 'Object Repository/TC08_18 AM/Activity_Period' is: 'From
19-02-2018 11:25:40
To
01-03-2018 22:30:53
Period
10 days']]></system-out>
         <system-err><![CDATA[]]></system-err>
      </testcase>
      <testcase name="Test Cases/Alert Manager Test Cases/AM_Customer Search Home Screen/TC13_ Transactions Details Validation" classname="Test Cases/Alert Manager Test Cases/AM_Customer Search Home Screen/TC13_ Transactions Details Validation" status="PASSED">
         <system-out><![CDATA[2018-07-11 10:14:46 - [TEST_CASE][PASSED] - Test Cases/Alert Manager Test Cases/AM_Customer Search Home Screen/TC13_ Transactions Details Validation: Test Cases/Alert Manager Test Cases/AM_Customer Search Home Screen/TC13_ Transactions Details Validation

2018-07-11 10:14:46 - [TEST_STEP][PASSED] - click: Object: 'Object Repository/TC08_18 AM/Transcation Details' is clicked on

2018-07-11 10:14:47 - [MESSAGE][PASSED] - Object: 'Object Repository/TC08_18 AM/Transcation Details' is clicked on

2018-07-11 10:14:47 - [TEST_STEP][PASSED] - verifyElementPresent: Object 'Object Repository/TC08_18 AM/Transcation Details' is present

2018-07-11 10:14:47 - [MESSAGE][WARNING] - Timeout '0' is invalid. Using default page load timeout: '30'

2018-07-11 10:14:47 - [MESSAGE][PASSED] - Object 'Object Repository/TC08_18 AM/Transcation Details' is present

2018-07-11 10:14:47 - [TEST_STEP][PASSED] - getText: Text of object 'Object Repository/TC08_18 AM/Transcation Details' is: 'Number of Transactions
18
Total Amount (₹)
2,107.00
Average Amount (₹)
117.06
Amount Std. Deviation (₹)
321.24'

2018-07-11 10:14:47 - [MESSAGE][PASSED] - Text of object 'Object Repository/TC08_18 AM/Transcation Details' is: 'Number of Transactions
18
Total Amount (₹)
2,107.00
Average Amount (₹)
117.06
Amount Std. Deviation (₹)
321.24']]></system-out>
         <system-err><![CDATA[]]></system-err>
      </testcase>
      <testcase name="Test Cases/Alert Manager Test Cases/AM_Customer Search Home Screen/TC14_Fraud Details Validation" classname="Test Cases/Alert Manager Test Cases/AM_Customer Search Home Screen/TC14_Fraud Details Validation" status="PASSED">
         <system-out><![CDATA[2018-07-11 10:14:47 - [TEST_CASE][PASSED] - Test Cases/Alert Manager Test Cases/AM_Customer Search Home Screen/TC14_Fraud Details Validation: Test Cases/Alert Manager Test Cases/AM_Customer Search Home Screen/TC14_Fraud Details Validation

2018-07-11 10:14:47 - [TEST_STEP][PASSED] - click: Object: 'Object Repository/TC08_18 AM/Fraud Details' is clicked on

2018-07-11 10:14:48 - [MESSAGE][PASSED] - Object: 'Object Repository/TC08_18 AM/Fraud Details' is clicked on

2018-07-11 10:14:48 - [TEST_STEP][PASSED] - verifyElementPresent: Object 'Object Repository/TC08_18 AM/Fraud Details' is present

2018-07-11 10:14:48 - [MESSAGE][WARNING] - Timeout '0' is invalid. Using default page load timeout: '30'

2018-07-11 10:14:48 - [MESSAGE][PASSED] - Object 'Object Repository/TC08_18 AM/Fraud Details' is present

2018-07-11 10:14:48 - [TEST_STEP][PASSED] - getText: Text of object 'Object Repository/TC08_18 AM/Fraud Details' is: 'Number of Transactions
0
Amount (₹)
0.00
Average Amount (₹)
0.00
Amount Std. Deviation (₹)
0.00'

2018-07-11 10:14:48 - [MESSAGE][PASSED] - Text of object 'Object Repository/TC08_18 AM/Fraud Details' is: 'Number of Transactions
0
Amount (₹)
0.00
Average Amount (₹)
0.00
Amount Std. Deviation (₹)
0.00']]></system-out>
         <system-err><![CDATA[]]></system-err>
      </testcase>
      <testcase name="Test Cases/Alert Manager Test Cases/AM_Customer Search Home Screen/TC15_Customer Transaction History" classname="Test Cases/Alert Manager Test Cases/AM_Customer Search Home Screen/TC15_Customer Transaction History" status="PASSED">
         <system-out><![CDATA[2018-07-11 10:14:48 - [TEST_CASE][PASSED] - Test Cases/Alert Manager Test Cases/AM_Customer Search Home Screen/TC15_Customer Transaction History: Test Cases/Alert Manager Test Cases/AM_Customer Search Home Screen/TC15_Customer Transaction History

2018-07-11 10:14:49 - [TEST_STEP][PASSED] - click: Object: 'Object Repository/TC08_18 AM/Transcation history' is clicked on

2018-07-11 10:14:49 - [MESSAGE][PASSED] - Object: 'Object Repository/TC08_18 AM/Transcation history' is clicked on

2018-07-11 10:14:49 - [TEST_STEP][PASSED] - verifyElementPresent: Object 'Object Repository/TC08_18 AM/Transcation history' is present

2018-07-11 10:14:49 - [MESSAGE][WARNING] - Timeout '0' is invalid. Using default page load timeout: '30'

2018-07-11 10:14:49 - [MESSAGE][PASSED] - Object 'Object Repository/TC08_18 AM/Transcation history' is present

2018-07-11 10:14:49 - [TEST_STEP][PASSED] - getText: Text of object 'Object Repository/TC08_18 AM/Transcation history' is: 'Date / Time PAN Amount (₹) Customer Beneficiary MCC CP Channel Type Response RT Queue Status
01-03-2018 22:30:53 2812 3206 0068 4985 5.00 1100231482 +919800000001 N/A no UDW 10 00 0 Unassigned Not Fraud
26-02-2018 22:30:15 2812 3206 0068 4985 5.00 1100231482 +919800000003 N/A no UDW 10 00 0 Unassigned Not Fraud
20-02-2018 12:53:12 2812 3206 0068 4985 2.00 1100231482 100001000021019 5940 no P2M 18 05 3 Unassigned Not Fraud
19-02-2018 21:02:53 2812 3206 0068 4985 15.00 1100231482 tedt N/A no IBW 42 05 1 Merchant Pending
19-02-2018 20:59:57 2812 3206 0068 4985 15.00 1100231482 tedt N/A no IBW 42 05 3 Customer Pending
19-02-2018 11:52:09 2812 3206 0068 4985 5.00 1100231482 569842238566 N/A no NFW 41 00 0 Unassigned Not Fraud
19-02-2018 11:50:57 2812 3206 0068 4985 10.00 1100231482 598426998755 N/A no NFW 41 05 1 Customer Pending
19-02-2018 11:50:03 2812 3206 0068 4985 5.00 1100231482 1100231495 N/A no PDW 47 05 2 Customer Pending
19-02-2018 11:49:13 2812 3206 0068 4985 5.00 1100231482 1100231495 N/A no PDW 47 00 0 Unassigned Not Fraud
19-02-2018 11:46:39 2812 3206 0068 4985 5.00 1100231482 9800000003 N/A no UDW 10 00 0 Unassigned Not Fraud'

2018-07-11 10:14:50 - [MESSAGE][PASSED] - Text of object 'Object Repository/TC08_18 AM/Transcation history' is: 'Date / Time PAN Amount (₹) Customer Beneficiary MCC CP Channel Type Response RT Queue Status
01-03-2018 22:30:53 2812 3206 0068 4985 5.00 1100231482 +919800000001 N/A no UDW 10 00 0 Unassigned Not Fraud
26-02-2018 22:30:15 2812 3206 0068 4985 5.00 1100231482 +919800000003 N/A no UDW 10 00 0 Unassigned Not Fraud
20-02-2018 12:53:12 2812 3206 0068 4985 2.00 1100231482 100001000021019 5940 no P2M 18 05 3 Unassigned Not Fraud
19-02-2018 21:02:53 2812 3206 0068 4985 15.00 1100231482 tedt N/A no IBW 42 05 1 Merchant Pending
19-02-2018 20:59:57 2812 3206 0068 4985 15.00 1100231482 tedt N/A no IBW 42 05 3 Customer Pending
19-02-2018 11:52:09 2812 3206 0068 4985 5.00 1100231482 569842238566 N/A no NFW 41 00 0 Unassigned Not Fraud
19-02-2018 11:50:57 2812 3206 0068 4985 10.00 1100231482 598426998755 N/A no NFW 41 05 1 Customer Pending
19-02-2018 11:50:03 2812 3206 0068 4985 5.00 1100231482 1100231495 N/A no PDW 47 05 2 Customer Pending
19-02-2018 11:49:13 2812 3206 0068 4985 5.00 1100231482 1100231495 N/A no PDW 47 00 0 Unassigned Not Fraud
19-02-2018 11:46:39 2812 3206 0068 4985 5.00 1100231482 9800000003 N/A no UDW 10 00 0 Unassigned Not Fraud']]></system-out>
         <system-err><![CDATA[]]></system-err>
      </testcase>
      <testcase name="Test Cases/Alert Manager Test Cases/AM_Customer Search Home Screen/TC17_Customer Transaction Statistics" classname="Test Cases/Alert Manager Test Cases/AM_Customer Search Home Screen/TC17_Customer Transaction Statistics" status="PASSED">
         <system-out><![CDATA[2018-07-11 10:14:50 - [TEST_CASE][PASSED] - Test Cases/Alert Manager Test Cases/AM_Customer Search Home Screen/TC17_Customer Transaction Statistics: Test Cases/Alert Manager Test Cases/AM_Customer Search Home Screen/TC17_Customer Transaction Statistics

2018-07-11 10:14:51 - [TEST_STEP][PASSED] - click: Object: 'Object Repository/TC08_18 AM/Transcation Statics' is clicked on

2018-07-11 10:14:51 - [MESSAGE][PASSED] - Object: 'Object Repository/TC08_18 AM/Transcation Statics' is clicked on

2018-07-11 10:14:51 - [TEST_STEP][PASSED] - verifyElementPresent: Object 'Object Repository/TC08_18 AM/Transcation Statics' is present

2018-07-11 10:14:51 - [MESSAGE][WARNING] - Timeout '0' is invalid. Using default page load timeout: '30'

2018-07-11 10:14:51 - [MESSAGE][PASSED] - Object 'Object Repository/TC08_18 AM/Transcation Statics' is present

2018-07-11 10:14:51 - [TEST_STEP][PASSED] - getText: Text of object 'Object Repository/TC08_18 AM/Transcation Statics' is: '0
1
2
3
4
5
6
7
8
9
10
11
12
13
14
15
16
17
18
19
20
21
22
23
Hour
0
1
2
3
4
5
6
7
8
9
10
11
12
13
14
15
16
17
18
19
20
21
22
23
0
1
2
3
4
5
6
7
8
9
10
11
12
13
Number of Transactions
0
1
2
3
4
5
6
7
8
9
10
11
12
13
13 (72.2%)
11'

2018-07-11 10:14:52 - [MESSAGE][PASSED] - Text of object 'Object Repository/TC08_18 AM/Transcation Statics' is: '0
1
2
3
4
5
6
7
8
9
10
11
12
13
14
15
16
17
18
19
20
21
22
23
Hour
0
1
2
3
4
5
6
7
8
9
10
11
12
13
14
15
16
17
18
19
20
21
22
23
0
1
2
3
4
5
6
7
8
9
10
11
12
13
Number of Transactions
0
1
2
3
4
5
6
7
8
9
10
11
12
13
13 (72.2%)
11']]></system-out>
         <system-err><![CDATA[]]></system-err>
      </testcase>
      <testcase name="Test Cases/Alert Manager Test Cases/AM_Customer Search Home Screen/TC18_Merchant Statistics in Customer tab Validation" classname="Test Cases/Alert Manager Test Cases/AM_Customer Search Home Screen/TC18_Merchant Statistics in Customer tab Validation" status="PASSED">
         <system-out><![CDATA[2018-07-11 10:14:52 - [TEST_CASE][PASSED] - Test Cases/Alert Manager Test Cases/AM_Customer Search Home Screen/TC18_Merchant Statistics in Customer tab Validation: Test Cases/Alert Manager Test Cases/AM_Customer Search Home Screen/TC18_Merchant Statistics in Customer tab Validation

2018-07-11 10:14:53 - [TEST_STEP][PASSED] - click: Object: 'Object Repository/TC08_18 AM/Transcation Statics' is clicked on

2018-07-11 10:14:53 - [MESSAGE][PASSED] - Object: 'Object Repository/TC08_18 AM/Transcation Statics' is clicked on

2018-07-11 10:14:53 - [TEST_STEP][PASSED] - verifyElementVisible: Object 'Object Repository/TC08_18 AM/Transcation Statics' is visible

2018-07-11 10:14:53 - [MESSAGE][PASSED] - Object 'Object Repository/TC08_18 AM/Transcation Statics' is visible

2018-07-11 10:14:53 - [TEST_STEP][PASSED] - Statement - Customer_Search_id = com.kms.katalon.core.webui.keyword.WebUiBuiltInKeywords.takeScreenshot(): Taking screenshot successfully

2018-07-11 10:14:53 - [MESSAGE][PASSED] - Taking screenshot successfully
[[ATTACHMENT|C:\\Users\\ankur.jain\\Katalon Studio\\Feedzai_Automation\\Reports\\AM_Test Suite\\20180711_100950\\1531284293461.png]]]]></system-out>
         <system-err><![CDATA[]]></system-err>
      </testcase>
      <testcase name="Test Cases/Alert Manager Test Cases/AM_Merchant Search Home Screen/TC19_Validation of Enter MerchantNo" classname="Test Cases/Alert Manager Test Cases/AM_Merchant Search Home Screen/TC19_Validation of Enter MerchantNo" status="PASSED">
         <system-out><![CDATA[2018-07-11 10:14:53 - [TEST_CASE][PASSED] - Test Cases/Alert Manager Test Cases/AM_Merchant Search Home Screen/TC19_Validation of Enter MerchantNo: Test Cases/Alert Manager Test Cases/AM_Merchant Search Home Screen/TC19_Validation of Enter MerchantNo

2018-07-11 10:14:54 - [TEST_STEP][PASSED] - click: Object: 'Object Repository/TC_19_20 AM/Merchant_icon' is clicked on

2018-07-11 10:14:55 - [MESSAGE][PASSED] - Object: 'Object Repository/TC_19_20 AM/Merchant_icon' is clicked on

2018-07-11 10:14:55 - [TEST_STEP][PASSED] - delay: Delayed 2 second(s)

2018-07-11 10:14:57 - [MESSAGE][PASSED] - Delayed 2 second(s)

2018-07-11 10:14:57 - [TEST_STEP][PASSED] - setText: Text '+918899550000' is set on object 'Object Repository/TC_19_20 AM/Merchant_Inputbox'

2018-07-11 10:14:58 - [MESSAGE][PASSED] - Text '+918899550000' is set on object 'Object Repository/TC_19_20 AM/Merchant_Inputbox'

2018-07-11 10:14:58 - [TEST_STEP][PASSED] - delay: Delayed 2 second(s)

2018-07-11 10:15:00 - [MESSAGE][PASSED] - Delayed 2 second(s)

2018-07-11 10:15:00 - [TEST_STEP][PASSED] - setText: Text 'ENTER + ' is set on object 'Object Repository/TC_19_20 AM/Merchant_Inputbox'

2018-07-11 10:15:01 - [MESSAGE][PASSED] - Text 'ENTER + ' is set on object 'Object Repository/TC_19_20 AM/Merchant_Inputbox'

2018-07-11 10:15:01 - [TEST_STEP][PASSED] - delay: Delayed 2 second(s)

2018-07-11 10:15:03 - [MESSAGE][PASSED] - Delayed 2 second(s)

2018-07-11 10:15:03 - [TEST_STEP][PASSED] - verifyElementText: Actual text and expected text of test object 'Object Repository/TC_19_20 AM/Merchant_MobileNo_Validation' are matched.

2018-07-11 10:15:04 - [MESSAGE][PASSED] - Actual text and expected text of test object 'Object Repository/TC_19_20 AM/Merchant_MobileNo_Validation' are matched.

2018-07-11 10:15:04 - [TEST_STEP][PASSED] - getText: Text of object 'Object Repository/TC_19_20 AM/Merchant_Details' is: 'Merchant Name
swa
Merchant ID
100001000022854
Status
Active
Account Date
10-01-2017 (2 years ago)
MCC
5511 (AUTO & TRUCK DLRS-SALES,SVC, REPRS,PRTS, & LEASING)
Onboarding Score
60
Express MAF
Yes
Merchant App ID
10.130.244.10_+918899550000
Phone Number
Unknown
Mobile Number
+918899550000
Email
Unknown
PIN Area (Zip Code)
123456
Is API Based Merchant
No
Address
AAAA
AAAA
Jio Money Daily Exit Limit (₹)
20,000.00
Jio Money Daily Limit (#)
200
Jio Money Daily Limit (₹)
40,000.00
Open Loop Daily Exit Limit (₹)
0.00
Open Loop Daily Limit (#)
0
Open Loop Daily Limit (₹)
0.00
Jio Money Refund limit (₹)
2,000.00
Open Loop Refund limit (₹)
0.00'

2018-07-11 10:15:04 - [MESSAGE][PASSED] - Text of object 'Object Repository/TC_19_20 AM/Merchant_Details' is: 'Merchant Name
swa
Merchant ID
100001000022854
Status
Active
Account Date
10-01-2017 (2 years ago)
MCC
5511 (AUTO & TRUCK DLRS-SALES,SVC, REPRS,PRTS, & LEASING)
Onboarding Score
60
Express MAF
Yes
Merchant App ID
10.130.244.10_+918899550000
Phone Number
Unknown
Mobile Number
+918899550000
Email
Unknown
PIN Area (Zip Code)
123456
Is API Based Merchant
No
Address
AAAA
AAAA
Jio Money Daily Exit Limit (₹)
20,000.00
Jio Money Daily Limit (#)
200
Jio Money Daily Limit (₹)
40,000.00
Open Loop Daily Exit Limit (₹)
0.00
Open Loop Daily Limit (#)
0
Open Loop Daily Limit (₹)
0.00
Jio Money Refund limit (₹)
2,000.00
Open Loop Refund limit (₹)
0.00'

2018-07-11 10:15:04 - [TEST_STEP][PASSED] - verifyElementPresent: Object 'Object Repository/TC_19_20 AM/Merchant_Location' is present

2018-07-11 10:15:04 - [MESSAGE][WARNING] - Timeout '0' is invalid. Using default page load timeout: '30'

2018-07-11 10:15:04 - [MESSAGE][PASSED] - Object 'Object Repository/TC_19_20 AM/Merchant_Location' is present

2018-07-11 10:15:04 - [TEST_STEP][PASSED] - getText: Text of object 'Object Repository/TC_19_20 AM/Merchant_Activity Period' is: 'From
13-02-2017 09:30:24
To
27-06-2018 20:27:30
Period
a year'

2018-07-11 10:15:05 - [MESSAGE][PASSED] - Text of object 'Object Repository/TC_19_20 AM/Merchant_Activity Period' is: 'From
13-02-2017 09:30:24
To
27-06-2018 20:27:30
Period
a year'

2018-07-11 10:15:05 - [TEST_STEP][PASSED] - getText: Text of object 'Object Repository/TC_19_20 AM/Merchant_Trans Details' is: 'Number of Transactions
195
Total Amount (₹)
1,472.00
Average Amount (₹)
7.55
Amount Std. Deviation (₹)
12.91'

2018-07-11 10:15:05 - [MESSAGE][PASSED] - Text of object 'Object Repository/TC_19_20 AM/Merchant_Trans Details' is: 'Number of Transactions
195
Total Amount (₹)
1,472.00
Average Amount (₹)
7.55
Amount Std. Deviation (₹)
12.91'

2018-07-11 10:15:05 - [TEST_STEP][PASSED] - getText: Text of object 'Object Repository/TC_19_20 AM/Merchnat_Fraud Details' is: 'Number of Transactions
2 (1.0%)
Amount (₹)
13.00 (0.9%)
Average Amount (₹)
6.50
Amount Std. Deviation (₹)
6.36'

2018-07-11 10:15:05 - [MESSAGE][PASSED] - Text of object 'Object Repository/TC_19_20 AM/Merchnat_Fraud Details' is: 'Number of Transactions
2 (1.0%)
Amount (₹)
13.00 (0.9%)
Average Amount (₹)
6.50
Amount Std. Deviation (₹)
6.36'

2018-07-11 10:15:05 - [TEST_STEP][PASSED] - getText: Text of object 'Object Repository/TC_19_20 AM/Merchant_Transation History' is: 'Date / Time PAN Amount (₹) Customer Beneficiary MCC CP Channel Type Response RT Queue Status
27-06-2018 20:27:30 2812 3206 0031 9822 5.00 1100058367 100001000022854 5511 no P2M 18 05 2 Merchant Pending
27-06-2018 20:23:20 2812 3206 0031 9822 1.00 1100058367 100001000022854 5511 no P2M 18 05 2 Merchant Pending
25-06-2018 12:53:58 2812 3206 0068 8820 5.00 1100231978 100001000022854 5511 no P2M 18 05 1 Merchant Pending
22-06-2018 17:38:39 2812 3206 0068 8820 5.00 1100231978 100001000022854 5511 no P2M 18 00 1 Customer Pending
22-06-2018 17:25:37 2812 3206 0068 8820 5.00 1100231978 100001000022854 5511 no P2M 18 05 3 Merchant Pending
18-06-2018 17:00:55 2812 3206 0068 8820 5.00 1100231978 100001000022854 5511 no P2M 18 05 1 Merchant Pending
18-06-2018 17:00:48 2812 3206 0068 8820 5.00 1100231978 100001000022854 5511 no P2M 18 05 1 Merchant Pending
15-06-2018 16:41:02 2812 3206 0068 8820 5.00 1100231978 100001000022854 5511 no P2M 18 05 2 Merchant Pending
15-06-2018 16:31:59 2812 3206 0068 8820 5.00 1100231978 100001000022854 5511 no P2M 18 05 2 Merchant Pending
15-06-2018 16:09:40 2812 3206 0068 8820 5.00 1100231978 100001000022854 5511 no P2M 18 05 2 Merchant Pending'

2018-07-11 10:15:06 - [MESSAGE][PASSED] - Text of object 'Object Repository/TC_19_20 AM/Merchant_Transation History' is: 'Date / Time PAN Amount (₹) Customer Beneficiary MCC CP Channel Type Response RT Queue Status
27-06-2018 20:27:30 2812 3206 0031 9822 5.00 1100058367 100001000022854 5511 no P2M 18 05 2 Merchant Pending
27-06-2018 20:23:20 2812 3206 0031 9822 1.00 1100058367 100001000022854 5511 no P2M 18 05 2 Merchant Pending
25-06-2018 12:53:58 2812 3206 0068 8820 5.00 1100231978 100001000022854 5511 no P2M 18 05 1 Merchant Pending
22-06-2018 17:38:39 2812 3206 0068 8820 5.00 1100231978 100001000022854 5511 no P2M 18 00 1 Customer Pending
22-06-2018 17:25:37 2812 3206 0068 8820 5.00 1100231978 100001000022854 5511 no P2M 18 05 3 Merchant Pending
18-06-2018 17:00:55 2812 3206 0068 8820 5.00 1100231978 100001000022854 5511 no P2M 18 05 1 Merchant Pending
18-06-2018 17:00:48 2812 3206 0068 8820 5.00 1100231978 100001000022854 5511 no P2M 18 05 1 Merchant Pending
15-06-2018 16:41:02 2812 3206 0068 8820 5.00 1100231978 100001000022854 5511 no P2M 18 05 2 Merchant Pending
15-06-2018 16:31:59 2812 3206 0068 8820 5.00 1100231978 100001000022854 5511 no P2M 18 05 2 Merchant Pending
15-06-2018 16:09:40 2812 3206 0068 8820 5.00 1100231978 100001000022854 5511 no P2M 18 05 2 Merchant Pending'

2018-07-11 10:15:06 - [TEST_STEP][PASSED] - verifyElementPresent: Object 'Object Repository/TC_19_20 AM/Merchant_Trans Statistics' is present

2018-07-11 10:15:06 - [MESSAGE][WARNING] - Timeout '0' is invalid. Using default page load timeout: '30'

2018-07-11 10:15:06 - [MESSAGE][PASSED] - Object 'Object Repository/TC_19_20 AM/Merchant_Trans Statistics' is present

2018-07-11 10:15:06 - [TEST_STEP][PASSED] - delay: Delayed 2 second(s)

2018-07-11 10:15:08 - [MESSAGE][PASSED] - Delayed 2 second(s)

2018-07-11 10:15:08 - [TEST_STEP][PASSED] - comment: Merchant Search through Mobile No is validated

2018-07-11 10:15:08 - [TEST_STEP][PASSED] - Statement - Merchant_Search_id = com.kms.katalon.core.webui.keyword.WebUiBuiltInKeywords.takeScreenshot(): Taking screenshot successfully

2018-07-11 10:15:09 - [MESSAGE][PASSED] - Taking screenshot successfully
[[ATTACHMENT|C:\\Users\\ankur.jain\\Katalon Studio\\Feedzai_Automation\\Reports\\AM_Test Suite\\20180711_100950\\1531284308933.png]]]]></system-out>
         <system-err><![CDATA[]]></system-err>
      </testcase>
      <testcase name="Test Cases/Alert Manager Test Cases/AM_Merchant Search Home Screen/TC20_Validation of Enter Merchant MID" classname="Test Cases/Alert Manager Test Cases/AM_Merchant Search Home Screen/TC20_Validation of Enter Merchant MID" status="PASSED">
         <system-out><![CDATA[2018-07-11 10:15:09 - [TEST_CASE][PASSED] - Test Cases/Alert Manager Test Cases/AM_Merchant Search Home Screen/TC20_Validation of Enter Merchant MID: Test Cases/Alert Manager Test Cases/AM_Merchant Search Home Screen/TC20_Validation of Enter Merchant MID

2018-07-11 10:15:10 - [TEST_STEP][PASSED] - click: Object: 'Object Repository/TC_19_20 AM/Merchant_icon' is clicked on

2018-07-11 10:15:10 - [MESSAGE][PASSED] - Object: 'Object Repository/TC_19_20 AM/Merchant_icon' is clicked on

2018-07-11 10:15:10 - [TEST_STEP][PASSED] - delay: Delayed 2 second(s)

2018-07-11 10:15:12 - [MESSAGE][PASSED] - Delayed 2 second(s)

2018-07-11 10:15:12 - [TEST_STEP][PASSED] - setText: Text '100001000127962' is set on object 'Object Repository/TC_19_20 AM/Merchant_Inputbox'

2018-07-11 10:15:13 - [MESSAGE][PASSED] - Text '100001000127962' is set on object 'Object Repository/TC_19_20 AM/Merchant_Inputbox'

2018-07-11 10:15:13 - [TEST_STEP][PASSED] - delay: Delayed 2 second(s)

2018-07-11 10:15:15 - [MESSAGE][PASSED] - Delayed 2 second(s)

2018-07-11 10:15:15 - [TEST_STEP][PASSED] - setText: Text 'ENTER + ' is set on object 'Object Repository/TC_19_20 AM/Merchant_Inputbox'

2018-07-11 10:15:15 - [MESSAGE][PASSED] - Text 'ENTER + ' is set on object 'Object Repository/TC_19_20 AM/Merchant_Inputbox'

2018-07-11 10:15:15 - [TEST_STEP][PASSED] - delay: Delayed 2 second(s)

2018-07-11 10:15:17 - [MESSAGE][PASSED] - Delayed 2 second(s)

2018-07-11 10:15:17 - [TEST_STEP][PASSED] - verifyElementText: Actual text and expected text of test object 'Object Repository/TC_19_20 AM/Merchant_id_Validation' are matched.

2018-07-11 10:15:18 - [MESSAGE][PASSED] - Actual text and expected text of test object 'Object Repository/TC_19_20 AM/Merchant_id_Validation' are matched.

2018-07-11 10:15:18 - [TEST_STEP][PASSED] - comment: Merchant Search through id is validated

2018-07-11 10:15:18 - [TEST_STEP][PASSED] - Statement - Merchant_Search_id = com.kms.katalon.core.webui.keyword.WebUiBuiltInKeywords.takeScreenshot(): Taking screenshot successfully

2018-07-11 10:15:19 - [MESSAGE][PASSED] - Taking screenshot successfully
[[ATTACHMENT|C:\\Users\\ankur.jain\\Katalon Studio\\Feedzai_Automation\\Reports\\AM_Test Suite\\20180711_100950\\1531284318530.png]]]]></system-out>
         <system-err><![CDATA[]]></system-err>
      </testcase>
      <testcase name="Test Cases/Alert Manager Test Cases/AM_Agent Search/TC21_Validation of Agent Search" classname="Test Cases/Alert Manager Test Cases/AM_Agent Search/TC21_Validation of Agent Search" status="PASSED">
         <system-out><![CDATA[2018-07-11 10:15:19 - [TEST_CASE][PASSED] - Test Cases/Alert Manager Test Cases/AM_Agent Search/TC21_Validation of Agent Search: Test Cases/Alert Manager Test Cases/AM_Agent Search/TC21_Validation of Agent Search

2018-07-11 10:15:19 - [TEST_STEP][PASSED] - click: Object: 'Object Repository/TC_21_AM/Agent_Icon' is clicked on

2018-07-11 10:15:20 - [MESSAGE][PASSED] - Object: 'Object Repository/TC_21_AM/Agent_Icon' is clicked on

2018-07-11 10:15:20 - [TEST_STEP][PASSED] - delay: Delayed 2 second(s)

2018-07-11 10:15:22 - [MESSAGE][PASSED] - Delayed 2 second(s)

2018-07-11 10:15:22 - [TEST_STEP][PASSED] - setText: Text '1000002151' is set on object 'Object Repository/TC_21_AM/Agent_Search'

2018-07-11 10:15:23 - [MESSAGE][PASSED] - Text '1000002151' is set on object 'Object Repository/TC_21_AM/Agent_Search'

2018-07-11 10:15:23 - [TEST_STEP][PASSED] - delay: Delayed 9 second(s)

2018-07-11 10:15:32 - [MESSAGE][PASSED] - Delayed 9 second(s)

2018-07-11 10:15:32 - [TEST_STEP][PASSED] - setText: Text 'ENTER + ' is set on object 'Object Repository/TC_21_AM/Agent_Search'

2018-07-11 10:15:32 - [MESSAGE][PASSED] - Text 'ENTER + ' is set on object 'Object Repository/TC_21_AM/Agent_Search'

2018-07-11 10:15:32 - [TEST_STEP][PASSED] - delay: Delayed 2 second(s)

2018-07-11 10:15:34 - [MESSAGE][PASSED] - Delayed 2 second(s)

2018-07-11 10:15:34 - [TEST_STEP][PASSED] - verifyElementText: Actual text and expected text of test object 'Object Repository/TC_21_AM/Agent_id_Validation' are matched.

2018-07-11 10:15:35 - [MESSAGE][PASSED] - Actual text and expected text of test object 'Object Repository/TC_21_AM/Agent_id_Validation' are matched.

2018-07-11 10:15:35 - [TEST_STEP][PASSED] - getText: Text of object 'Object Repository/TC_21_AM/Agent_Details' is: 'Agent Name
VARA PP
Agent ID
1000002151
Status
Unknown
Account Date
16-12-2016 (2 years ago)
Shop
PRASADDD
Type
Distributor Sales
Phone Number
Unknown
Mobile Number
9769956830
Email
kanika.shetty@ril.com
Agent App ID
Unknown
Category
Zonal Distributor
Business Regional Number
Unknown
PIN Area (Zip Code)
400706
Address
asa sasa sas
400706 - asas, KA, IN'

2018-07-11 10:15:35 - [MESSAGE][PASSED] - Text of object 'Object Repository/TC_21_AM/Agent_Details' is: 'Agent Name
VARA PP
Agent ID
1000002151
Status
Unknown
Account Date
16-12-2016 (2 years ago)
Shop
PRASADDD
Type
Distributor Sales
Phone Number
Unknown
Mobile Number
9769956830
Email
kanika.shetty@ril.com
Agent App ID
Unknown
Category
Zonal Distributor
Business Regional Number
Unknown
PIN Area (Zip Code)
400706
Address
asa sasa sas
400706 - asas, KA, IN'

2018-07-11 10:15:35 - [TEST_STEP][PASSED] - verifyElementPresent: Object 'Object Repository/TC_21_AM/Agent_Location' is present

2018-07-11 10:15:35 - [MESSAGE][WARNING] - Timeout '0' is invalid. Using default page load timeout: '30'

2018-07-11 10:15:35 - [MESSAGE][PASSED] - Object 'Object Repository/TC_21_AM/Agent_Location' is present

2018-07-11 10:15:35 - [TEST_STEP][PASSED] - getText: Text of object 'Object Repository/TC_21_AM/Agent_Activity Period' is: 'From
16-12-2016 11:34:41
To
05-04-2018 13:14:31
Period
a year'

2018-07-11 10:15:35 - [MESSAGE][PASSED] - Text of object 'Object Repository/TC_21_AM/Agent_Activity Period' is: 'From
16-12-2016 11:34:41
To
05-04-2018 13:14:31
Period
a year'

2018-07-11 10:15:35 - [TEST_STEP][PASSED] - getText: Text of object 'Object Repository/TC_21_AM/Agent_Trans Details' is: 'Number of Transactions
23
Total Amount (₹)
122.00
Average Amount (₹)
5.30
Amount Std. Deviation (₹)
5.30'

2018-07-11 10:15:36 - [MESSAGE][PASSED] - Text of object 'Object Repository/TC_21_AM/Agent_Trans Details' is: 'Number of Transactions
23
Total Amount (₹)
122.00
Average Amount (₹)
5.30
Amount Std. Deviation (₹)
5.30'

2018-07-11 10:15:36 - [TEST_STEP][PASSED] - getText: Text of object 'Object Repository/TC_21_AM/Agent_Fraud Details' is: 'Number of Transactions
4 (17.39%)
Amount (₹)
54.00 (44.3%)
Average Amount (₹)
13.50
Amount Std. Deviation (₹)
1.73'

2018-07-11 10:15:36 - [MESSAGE][PASSED] - Text of object 'Object Repository/TC_21_AM/Agent_Fraud Details' is: 'Number of Transactions
4 (17.39%)
Amount (₹)
54.00 (44.3%)
Average Amount (₹)
13.50
Amount Std. Deviation (₹)
1.73'

2018-07-11 10:15:36 - [TEST_STEP][PASSED] - getText: Text of object 'Object Repository/TC_21_AM/Agent_Trans History' is: 'Date / Time PAN Amount (₹) Customer Beneficiary MCC CP Channel Type Response RT Queue Status
05-04-2018 13:14:31 Jio 2.00 Unknown teststststs N/A no BIA 14 05 0 Unassigned Not Fraud
05-04-2018 13:14:22 Jio 2.00 Unknown teststststs N/A no BIA 14 05 0 Unassigned Not Fraud
05-04-2018 13:05:53 Jio 10.00 Unknown TJAN240120208 N/A no 28-7171 28 00 0 Unassigned Not Fraud
29-12-2016 14:58:24 2812 3201 8089 0507 2.00 1100021222 1100021222 N/A no LMA 28 05 0 Unassigned Not Fraud
16-12-2016 12:20:38 2812 3201 0179 4630 12.00 1100021194 1100021194 N/A no LMA 28 05 1 Unassigned Fraud
16-12-2016 12:15:53 2812 3201 0179 4630 10.00 1100021194 1100021194 N/A no LMA 28 00 1 Unassigned Not Fraud
16-12-2016 12:15:37 2812 3201 8089 0507 10.00 1100021222 1100021222 N/A no LMA 28 05 0 Unassigned Not Fraud'

2018-07-11 10:15:37 - [MESSAGE][PASSED] - Text of object 'Object Repository/TC_21_AM/Agent_Trans History' is: 'Date / Time PAN Amount (₹) Customer Beneficiary MCC CP Channel Type Response RT Queue Status
05-04-2018 13:14:31 Jio 2.00 Unknown teststststs N/A no BIA 14 05 0 Unassigned Not Fraud
05-04-2018 13:14:22 Jio 2.00 Unknown teststststs N/A no BIA 14 05 0 Unassigned Not Fraud
05-04-2018 13:05:53 Jio 10.00 Unknown TJAN240120208 N/A no 28-7171 28 00 0 Unassigned Not Fraud
29-12-2016 14:58:24 2812 3201 8089 0507 2.00 1100021222 1100021222 N/A no LMA 28 05 0 Unassigned Not Fraud
16-12-2016 12:20:38 2812 3201 0179 4630 12.00 1100021194 1100021194 N/A no LMA 28 05 1 Unassigned Fraud
16-12-2016 12:15:53 2812 3201 0179 4630 10.00 1100021194 1100021194 N/A no LMA 28 00 1 Unassigned Not Fraud
16-12-2016 12:15:37 2812 3201 8089 0507 10.00 1100021222 1100021222 N/A no LMA 28 05 0 Unassigned Not Fraud'

2018-07-11 10:15:37 - [TEST_STEP][PASSED] - verifyElementPresent: Object 'Object Repository/TC_21_AM/Agent_Transcation Stats' is present

2018-07-11 10:15:37 - [MESSAGE][WARNING] - Timeout '0' is invalid. Using default page load timeout: '30'

2018-07-11 10:15:38 - [MESSAGE][PASSED] - Object 'Object Repository/TC_21_AM/Agent_Transcation Stats' is present

2018-07-11 10:15:38 - [TEST_STEP][PASSED] - delay: Delayed 2 second(s)

2018-07-11 10:15:40 - [MESSAGE][PASSED] - Delayed 2 second(s)

2018-07-11 10:15:40 - [TEST_STEP][PASSED] - comment: Agent Search through id is validated

2018-07-11 10:15:40 - [TEST_STEP][PASSED] - Statement - Agent_Search_id = com.kms.katalon.core.webui.keyword.WebUiBuiltInKeywords.takeScreenshot(): Taking screenshot successfully

2018-07-11 10:15:40 - [MESSAGE][PASSED] - Taking screenshot successfully
[[ATTACHMENT|C:\\Users\\ankur.jain\\Katalon Studio\\Feedzai_Automation\\Reports\\AM_Test Suite\\20180711_100950\\1531284340400.png]]]]></system-out>
         <system-err><![CDATA[]]></system-err>
      </testcase>
      <testcase name="Test Cases/Alert Manager Test Cases/Alert Manager_Reports/TC23_Validation of Reports" classname="Test Cases/Alert Manager Test Cases/Alert Manager_Reports/TC23_Validation of Reports" status="PASSED">
         <system-out><![CDATA[2018-07-11 10:15:41 - [TEST_CASE][PASSED] - Test Cases/Alert Manager Test Cases/Alert Manager_Reports/TC23_Validation of Reports: Test Cases/Alert Manager Test Cases/Alert Manager_Reports/TC23_Validation of Reports

2018-07-11 10:15:41 - [TEST_STEP][PASSED] - click: Object: 'Object Repository/TC_23_AM/Report_Icon' is clicked on

2018-07-11 10:15:42 - [MESSAGE][PASSED] - Object: 'Object Repository/TC_23_AM/Report_Icon' is clicked on

2018-07-11 10:15:42 - [TEST_STEP][PASSED] - delay: Delayed 2 second(s)

2018-07-11 10:15:44 - [MESSAGE][PASSED] - Delayed 2 second(s)

2018-07-11 10:15:44 - [TEST_STEP][PASSED] - click: Object: 'Object Repository/TC_23_AM/Click_excel' is clicked on

2018-07-11 10:15:45 - [MESSAGE][PASSED] - Object: 'Object Repository/TC_23_AM/Click_excel' is clicked on

2018-07-11 10:15:45 - [TEST_STEP][PASSED] - Statement - Report_Download = com.kms.katalon.core.webui.keyword.WebUiBuiltInKeywords.takeScreenshot(): Taking screenshot successfully

2018-07-11 10:15:46 - [MESSAGE][PASSED] - Taking screenshot successfully
[[ATTACHMENT|C:\\Users\\ankur.jain\\Katalon Studio\\Feedzai_Automation\\Reports\\AM_Test Suite\\20180711_100950\\1531284345418.png]]

2018-07-11 10:15:46 - [TEST_STEP][PASSED] - comment: Report downloaded sucesfully]]></system-out>
         <system-err><![CDATA[]]></system-err>
      </testcase>
      <testcase name="Test Cases/Alert Manager Test Cases/Alert Manager_Search Screen/TC24_Validate Advance search through customer id" classname="Test Cases/Alert Manager Test Cases/Alert Manager_Search Screen/TC24_Validate Advance search through customer id" status="PASSED">
         <system-out><![CDATA[2018-07-11 10:15:46 - [TEST_CASE][PASSED] - Test Cases/Alert Manager Test Cases/Alert Manager_Search Screen/TC24_Validate Advance search through customer id: Test Cases/Alert Manager Test Cases/Alert Manager_Search Screen/TC24_Validate Advance search through customer id

2018-07-11 10:15:47 - [TEST_STEP][NOT_RUN] - openBrowser: NOT_RUN: openBrowser

2018-07-11 10:15:47 - [MESSAGE][NOT_RUN] - NOT_RUN: openBrowser

2018-07-11 10:15:47 - [TEST_STEP][NOT_RUN] - navigateToUrl: NOT_RUN: navigateToUrl

2018-07-11 10:15:47 - [MESSAGE][NOT_RUN] - NOT_RUN: navigateToUrl

2018-07-11 10:15:47 - [TEST_STEP][NOT_RUN] - maximizeWindow: NOT_RUN: maximizeWindow

2018-07-11 10:15:47 - [MESSAGE][NOT_RUN] - NOT_RUN: maximizeWindow

2018-07-11 10:15:47 - [TEST_STEP][NOT_RUN] - setText: NOT_RUN: setText

2018-07-11 10:15:47 - [MESSAGE][NOT_RUN] - NOT_RUN: setText

2018-07-11 10:15:47 - [TEST_STEP][NOT_RUN] - setText: NOT_RUN: setText

2018-07-11 10:15:47 - [MESSAGE][NOT_RUN] - NOT_RUN: setText

2018-07-11 10:15:47 - [TEST_STEP][NOT_RUN] - sendKeys: NOT_RUN: sendKeys

2018-07-11 10:15:47 - [MESSAGE][NOT_RUN] - NOT_RUN: sendKeys

2018-07-11 10:15:47 - [TEST_STEP][PASSED] - click: Object: 'Object Repository/TC_24_36 AM/span_Search' is clicked on

2018-07-11 10:15:47 - [MESSAGE][PASSED] - Object: 'Object Repository/TC_24_36 AM/span_Search' is clicked on

2018-07-11 10:15:48 - [TEST_STEP][PASSED] - clearText: Text of object 'Object Repository/TC_24_36 AM/Date_input' is cleared

2018-07-11 10:15:49 - [MESSAGE][PASSED] - Text of object 'Object Repository/TC_24_36 AM/Date_input' is cleared

2018-07-11 10:15:49 - [TEST_STEP][PASSED] - click: Object: 'Object Repository/TC_24_36 AM/Done_Button' is clicked on

2018-07-11 10:15:50 - [MESSAGE][PASSED] - Object: 'Object Repository/TC_24_36 AM/Done_Button' is clicked on

2018-07-11 10:15:50 - [TEST_STEP][PASSED] - delay: Delayed 2 second(s)

2018-07-11 10:15:52 - [MESSAGE][PASSED] - Delayed 2 second(s)

2018-07-11 10:15:52 - [TEST_STEP][PASSED] - click: Object: 'Object Repository/TC_24_36 AM/button_Advanced Search' is clicked on

2018-07-11 10:15:52 - [MESSAGE][PASSED] - Object: 'Object Repository/TC_24_36 AM/button_Advanced Search' is clicked on

2018-07-11 10:15:52 - [TEST_STEP][PASSED] - click: Object: 'Object Repository/TC_24_36 AM/ul_Customer Id' is clicked on

2018-07-11 10:15:53 - [MESSAGE][PASSED] - Object: 'Object Repository/TC_24_36 AM/ul_Customer Id' is clicked on

2018-07-11 10:15:53 - [TEST_STEP][PASSED] - setText: Text '1100243850' is set on object 'Object Repository/TC_24_36 AM/input_s2id_autogen7'

2018-07-11 10:15:54 - [MESSAGE][PASSED] - Text '1100243850' is set on object 'Object Repository/TC_24_36 AM/input_s2id_autogen7'

2018-07-11 10:15:54 - [TEST_STEP][PASSED] - delay: Delayed 2 second(s)

2018-07-11 10:15:56 - [MESSAGE][PASSED] - Delayed 2 second(s)

2018-07-11 10:15:56 - [TEST_STEP][PASSED] - sendKeys: Keys 'ENTER + ' sent to object: 'Object Repository/TC_24_36 AM/input_s2id_autogen7'

2018-07-11 10:15:56 - [MESSAGE][PASSED] - Keys 'ENTER + ' sent to object: 'Object Repository/TC_24_36 AM/input_s2id_autogen7'

2018-07-11 10:15:56 - [TEST_STEP][PASSED] - delay: Delayed 2 second(s)

2018-07-11 10:15:58 - [MESSAGE][PASSED] - Delayed 2 second(s)

2018-07-11 10:15:58 - [TEST_STEP][PASSED] - click: Object: 'Object Repository/TC_24_36 AM/button_Search' is clicked on

2018-07-11 10:15:59 - [MESSAGE][PASSED] - Object: 'Object Repository/TC_24_36 AM/button_Search' is clicked on

2018-07-11 10:15:59 - [TEST_STEP][PASSED] - getText: Text of object 'Object Repository/TC_24_36 AM/Cust_Details' is: '15-05-2018 15:18:53 2812 3206 0077 6096 1,000.00 1100243850 1100243850 N/A no LMW 28 00 0 Unassigned Not Fraud
15-05-2018 15:21:59 2812 3206 0077 6096 5.00 1100243850 100001000020437 5999 no WPP 0 00 0 Unassigned Not Fraud
15-05-2018 15:23:34 2812 3206 0077 6096 6.00 1100243850 100001000020437 5999 no WPP 0 00 0 Unassigned Not Fraud
15-05-2018 15:24:40 2812 3206 0077 6096 4.00 1100243850 100001000020437 5999 no WPP 0 00 0 Unassigned Not Fraud
15-05-2018 15:25:57 2812 3200 0000 0000 1.00 1100243850 100001000020437 5999 no WPP 0 05 1 Customer Pending
15-05-2018 15:33:13 2812 3206 0077 6096 6.00 1100243850 1100243850 5999 no WRO 20 00 0 Unassigned Not Fraud
15-05-2018 15:35:00 2812 3206 0077 6096 6.00 1100243850 100001000020437 5999 no WPP 0 00 0 Unassigned Not Fraud
15-05-2018 15:36:21 2812 3200 0000 0000 1.00 1100243850 100001000020437 5999 no WPP 0 05 1 Customer Pending
15-06-2018 12:35:16 NA 2.00 1100243850 100001000014146 5999 no WPP 0 05 0 Unassigned Not Fraud
15-06-2018 12:38:04 1000 00XX XXXX 3645 2.00 1100243850 100001000014146 5999 no WPP 0 00 1 Unassigned Pending'

2018-07-11 10:16:01 - [MESSAGE][PASSED] - Text of object 'Object Repository/TC_24_36 AM/Cust_Details' is: '15-05-2018 15:18:53 2812 3206 0077 6096 1,000.00 1100243850 1100243850 N/A no LMW 28 00 0 Unassigned Not Fraud
15-05-2018 15:21:59 2812 3206 0077 6096 5.00 1100243850 100001000020437 5999 no WPP 0 00 0 Unassigned Not Fraud
15-05-2018 15:23:34 2812 3206 0077 6096 6.00 1100243850 100001000020437 5999 no WPP 0 00 0 Unassigned Not Fraud
15-05-2018 15:24:40 2812 3206 0077 6096 4.00 1100243850 100001000020437 5999 no WPP 0 00 0 Unassigned Not Fraud
15-05-2018 15:25:57 2812 3200 0000 0000 1.00 1100243850 100001000020437 5999 no WPP 0 05 1 Customer Pending
15-05-2018 15:33:13 2812 3206 0077 6096 6.00 1100243850 1100243850 5999 no WRO 20 00 0 Unassigned Not Fraud
15-05-2018 15:35:00 2812 3206 0077 6096 6.00 1100243850 100001000020437 5999 no WPP 0 00 0 Unassigned Not Fraud
15-05-2018 15:36:21 2812 3200 0000 0000 1.00 1100243850 100001000020437 5999 no WPP 0 05 1 Customer Pending
15-06-2018 12:35:16 NA 2.00 1100243850 100001000014146 5999 no WPP 0 05 0 Unassigned Not Fraud
15-06-2018 12:38:04 1000 00XX XXXX 3645 2.00 1100243850 100001000014146 5999 no WPP 0 00 1 Unassigned Pending'

2018-07-11 10:16:01 - [TEST_STEP][PASSED] - comment: Customer Details Displayed

2018-07-11 10:16:01 - [TEST_STEP][PASSED] - Statement - Customer_Details = com.kms.katalon.core.webui.keyword.WebUiBuiltInKeywords.takeScreenshot(): Taking screenshot successfully

2018-07-11 10:16:01 - [MESSAGE][PASSED] - Taking screenshot successfully
[[ATTACHMENT|C:\\Users\\ankur.jain\\Katalon Studio\\Feedzai_Automation\\Reports\\AM_Test Suite\\20180711_100950\\1531284361052.png]]

2018-07-11 10:16:01 - [TEST_STEP][PASSED] - verifyElementText: Actual text and expected text of test object 'Object Repository/TC_24_36 AM/Cust_id_Validation' are matched.

2018-07-11 10:16:01 - [MESSAGE][PASSED] - Actual text and expected text of test object 'Object Repository/TC_24_36 AM/Cust_id_Validation' are matched.

2018-07-11 10:16:01 - [TEST_STEP][PASSED] - refresh: Refresh successfully

2018-07-11 10:16:02 - [MESSAGE][PASSED] - Refresh successfully

2018-07-11 10:16:02 - [TEST_STEP][PASSED] - delay: Delayed 12 second(s)

2018-07-11 10:16:14 - [MESSAGE][PASSED] - Delayed 12 second(s)]]></system-out>
         <system-err><![CDATA[]]></system-err>
      </testcase>
      <testcase name="Test Cases/Alert Manager Test Cases/Alert Manager_Search Screen/TC25_Validate Advance search through Merchant id" classname="Test Cases/Alert Manager Test Cases/Alert Manager_Search Screen/TC25_Validate Advance search through Merchant id" status="PASSED">
         <system-out><![CDATA[2018-07-11 10:16:14 - [TEST_CASE][PASSED] - Test Cases/Alert Manager Test Cases/Alert Manager_Search Screen/TC25_Validate Advance search through Merchant id: Test Cases/Alert Manager Test Cases/Alert Manager_Search Screen/TC25_Validate Advance search through Merchant id

2018-07-11 10:16:14 - [TEST_STEP][PASSED] - clearText: Text of object 'Object Repository/TC_24_36 AM/Date_input' is cleared

2018-07-11 10:16:15 - [MESSAGE][PASSED] - Text of object 'Object Repository/TC_24_36 AM/Date_input' is cleared

2018-07-11 10:16:15 - [TEST_STEP][PASSED] - click: Object: 'Object Repository/TC_24_36 AM/Done_Button' is clicked on

2018-07-11 10:16:15 - [MESSAGE][PASSED] - Object: 'Object Repository/TC_24_36 AM/Done_Button' is clicked on

2018-07-11 10:16:15 - [TEST_STEP][PASSED] - delay: Delayed 5 second(s)

2018-07-11 10:16:20 - [MESSAGE][PASSED] - Delayed 5 second(s)

2018-07-11 10:16:20 - [TEST_STEP][PASSED] - click: Object: 'Object Repository/TC_24_36 AM/button_Advanced Search' is clicked on

2018-07-11 10:16:21 - [MESSAGE][PASSED] - Object: 'Object Repository/TC_24_36 AM/button_Advanced Search' is clicked on

2018-07-11 10:16:21 - [TEST_STEP][PASSED] - delay: Delayed 2 second(s)

2018-07-11 10:16:23 - [MESSAGE][PASSED] - Delayed 2 second(s)

2018-07-11 10:16:23 - [TEST_STEP][PASSED] - click: Object: 'Object Repository/TC_24_36 AM/Merchant_Input' is clicked on

2018-07-11 10:16:23 - [MESSAGE][PASSED] - Object: 'Object Repository/TC_24_36 AM/Merchant_Input' is clicked on

2018-07-11 10:16:23 - [TEST_STEP][PASSED] - setText: Text '100001000021019' is set on object 'Object Repository/TC_24_36 AM/Input_MerId'

2018-07-11 10:16:24 - [MESSAGE][PASSED] - Text '100001000021019' is set on object 'Object Repository/TC_24_36 AM/Input_MerId'

2018-07-11 10:16:24 - [TEST_STEP][PASSED] - delay: Delayed 5 second(s)

2018-07-11 10:16:29 - [MESSAGE][PASSED] - Delayed 5 second(s)

2018-07-11 10:16:29 - [TEST_STEP][PASSED] - sendKeys: Keys 'ENTER + ' sent to object: 'Object Repository/TC_24_36 AM/Input_MerId'

2018-07-11 10:16:30 - [MESSAGE][PASSED] - Keys 'ENTER + ' sent to object: 'Object Repository/TC_24_36 AM/Input_MerId'

2018-07-11 10:16:30 - [TEST_STEP][PASSED] - delay: Delayed 5 second(s)

2018-07-11 10:16:35 - [MESSAGE][PASSED] - Delayed 5 second(s)

2018-07-11 10:16:35 - [TEST_STEP][PASSED] - click: Object: 'Object Repository/TC_24_36 AM/button_Search' is clicked on

2018-07-11 10:16:35 - [MESSAGE][PASSED] - Object: 'Object Repository/TC_24_36 AM/button_Search' is clicked on

2018-07-11 10:16:35 - [TEST_STEP][PASSED] - getText: Text of object 'Object Repository/TC_24_36 AM/Cust_Details' is: '24-11-2016 15:07:18 2812 3201 2357 3731 10.00 1100022020 100001000021019 5532 no P2M 18 00 0 Unassigned Not Fraud
24-11-2016 16:14:59 2812 3201 6604 8336 10.00 1100022022 100001000021019 5532 no P2M 18 05 1 Unassigned Fraud
30-03-2017 15:47:38 2812 3201 4461 4845 1.00 1100005196 100001000021019 5532 no P2M 18 00 0 Unassigned Not Fraud
12-05-2017 12:59:15 2812 3201 4461 4845 10.00 1100005196 100001000021019 5532 no P2M 18 05 2 Customer Pending
12-05-2017 12:59:57 2812 3201 4461 4845 10.00 1100005196 100001000021019 5532 no P2M 18 05 2 Merchant Pending
23-05-2017 15:34:18 2812 3201 4461 4845 2.00 1100005196 100001000021019 5532 no P2M 18 00 0 Unassigned Not Fraud
06-06-2017 15:17:50 2812 3206 0032 9557 18.00 1100059679 100001000021019 5532 no P2M 18 05 1 Merchant Pending
13-06-2017 10:42:19 2812 3201 4461 4845 10.00 1100005196 100001000021019 5532 no P2M 18 05 1 Unassigned Not Fraud'

2018-07-11 10:16:37 - [MESSAGE][PASSED] - Text of object 'Object Repository/TC_24_36 AM/Cust_Details' is: '24-11-2016 15:07:18 2812 3201 2357 3731 10.00 1100022020 100001000021019 5532 no P2M 18 00 0 Unassigned Not Fraud
24-11-2016 16:14:59 2812 3201 6604 8336 10.00 1100022022 100001000021019 5532 no P2M 18 05 1 Unassigned Fraud
30-03-2017 15:47:38 2812 3201 4461 4845 1.00 1100005196 100001000021019 5532 no P2M 18 00 0 Unassigned Not Fraud
12-05-2017 12:59:15 2812 3201 4461 4845 10.00 1100005196 100001000021019 5532 no P2M 18 05 2 Customer Pending
12-05-2017 12:59:57 2812 3201 4461 4845 10.00 1100005196 100001000021019 5532 no P2M 18 05 2 Merchant Pending
23-05-2017 15:34:18 2812 3201 4461 4845 2.00 1100005196 100001000021019 5532 no P2M 18 00 0 Unassigned Not Fraud
06-06-2017 15:17:50 2812 3206 0032 9557 18.00 1100059679 100001000021019 5532 no P2M 18 05 1 Merchant Pending
13-06-2017 10:42:19 2812 3201 4461 4845 10.00 1100005196 100001000021019 5532 no P2M 18 05 1 Unassigned Not Fraud'

2018-07-11 10:16:37 - [TEST_STEP][PASSED] - comment: Merchant id Details Displayed

2018-07-11 10:16:37 - [TEST_STEP][PASSED] - verifyElementText: Actual text and expected text of test object 'Object Repository/TC_24_36 AM/Mer_id_Valid' are matched.

2018-07-11 10:16:37 - [MESSAGE][PASSED] - Actual text and expected text of test object 'Object Repository/TC_24_36 AM/Mer_id_Valid' are matched.

2018-07-11 10:16:37 - [TEST_STEP][PASSED] - Statement - Merchant_Details = com.kms.katalon.core.webui.keyword.WebUiBuiltInKeywords.takeScreenshot(): Taking screenshot successfully

2018-07-11 10:16:38 - [MESSAGE][PASSED] - Taking screenshot successfully
[[ATTACHMENT|C:\\Users\\ankur.jain\\Katalon Studio\\Feedzai_Automation\\Reports\\AM_Test Suite\\20180711_100950\\1531284397650.png]]

2018-07-11 10:16:38 - [TEST_STEP][PASSED] - refresh: Refresh successfully

2018-07-11 10:16:38 - [MESSAGE][PASSED] - Refresh successfully

2018-07-11 10:16:38 - [TEST_STEP][PASSED] - delay: Delayed 6 second(s)

2018-07-11 10:16:44 - [MESSAGE][PASSED] - Delayed 6 second(s)]]></system-out>
         <system-err><![CDATA[]]></system-err>
      </testcase>
      <testcase name="Test Cases/Alert Manager Test Cases/Alert Manager_Search Screen/TC26_Validate Advance search through channel" classname="Test Cases/Alert Manager Test Cases/Alert Manager_Search Screen/TC26_Validate Advance search through channel" status="PASSED">
         <system-out><![CDATA[2018-07-11 10:16:44 - [TEST_CASE][PASSED] - Test Cases/Alert Manager Test Cases/Alert Manager_Search Screen/TC26_Validate Advance search through channel: Test Cases/Alert Manager Test Cases/Alert Manager_Search Screen/TC26_Validate Advance search through channel

2018-07-11 10:16:45 - [TEST_STEP][PASSED] - clearText: Text of object 'Object Repository/TC_24_36 AM/Date_input' is cleared

2018-07-11 10:16:50 - [MESSAGE][PASSED] - Text of object 'Object Repository/TC_24_36 AM/Date_input' is cleared

2018-07-11 10:16:50 - [TEST_STEP][PASSED] - delay: Delayed 5 second(s)

2018-07-11 10:16:55 - [MESSAGE][PASSED] - Delayed 5 second(s)

2018-07-11 10:16:55 - [TEST_STEP][PASSED] - click: Object: 'Object Repository/TC_24_36 AM/Done_Button' is clicked on

2018-07-11 10:16:55 - [MESSAGE][PASSED] - Object: 'Object Repository/TC_24_36 AM/Done_Button' is clicked on

2018-07-11 10:16:55 - [TEST_STEP][PASSED] - delay: Delayed 5 second(s)

2018-07-11 10:17:00 - [MESSAGE][PASSED] - Delayed 5 second(s)

2018-07-11 10:17:00 - [TEST_STEP][PASSED] - click: Object: 'Object Repository/TC_24_36 AM/button_Advanced Search' is clicked on

2018-07-11 10:17:00 - [MESSAGE][PASSED] - Object: 'Object Repository/TC_24_36 AM/button_Advanced Search' is clicked on

2018-07-11 10:17:00 - [TEST_STEP][PASSED] - delay: Delayed 2 second(s)

2018-07-11 10:17:02 - [MESSAGE][PASSED] - Delayed 2 second(s)

2018-07-11 10:17:02 - [TEST_STEP][PASSED] - click: Object: 'Object Repository/TC_24_36 AM/Chaneel_Click' is clicked on

2018-07-11 10:17:03 - [MESSAGE][PASSED] - Object: 'Object Repository/TC_24_36 AM/Chaneel_Click' is clicked on

2018-07-11 10:17:03 - [TEST_STEP][PASSED] - setText: Text 'P2M' is set on object 'Object Repository/TC_24_36 AM/Channel_Input'

2018-07-11 10:17:04 - [MESSAGE][PASSED] - Text 'P2M' is set on object 'Object Repository/TC_24_36 AM/Channel_Input'

2018-07-11 10:17:04 - [TEST_STEP][PASSED] - delay: Delayed 5 second(s)

2018-07-11 10:17:09 - [MESSAGE][PASSED] - Delayed 5 second(s)

2018-07-11 10:17:09 - [TEST_STEP][PASSED] - sendKeys: Keys 'ENTER + ' sent to object: 'Object Repository/TC_24_36 AM/Channel_Input'

2018-07-11 10:17:09 - [MESSAGE][PASSED] - Keys 'ENTER + ' sent to object: 'Object Repository/TC_24_36 AM/Channel_Input'

2018-07-11 10:17:09 - [TEST_STEP][PASSED] - delay: Delayed 9 second(s)

2018-07-11 10:17:18 - [MESSAGE][PASSED] - Delayed 9 second(s)

2018-07-11 10:17:18 - [TEST_STEP][PASSED] - click: Object: 'Object Repository/TC_24_36 AM/button_Search' is clicked on

2018-07-11 10:17:19 - [MESSAGE][PASSED] - Object: 'Object Repository/TC_24_36 AM/button_Search' is clicked on

2018-07-11 10:17:19 - [TEST_STEP][PASSED] - getText: Text of object 'Object Repository/TC_24_36 AM/Cust_Details' is: '03-10-2016 12:44:39 2812 3202 5265 8477 10.00 1100006008 100001000016982 8999 no P2M 18 00 1 Unassigned Fraud
12-10-2016 11:26:56 2812 3202 2842 3378 50.00 1100005115 100001000015627 5691 no P2M 18 00 1 Unassigned Not Fraud
12-10-2016 11:57:41 2812 3204 4702 7109 1.00 1100000697 100001000017104 8241 no P2M 18 00 1 Unassigned Not Fraud
17-10-2016 11:19:34 2812 3202 3669 7120 100.00 1100006776 100001000015627 5691 no P2M 18 00 1 Unassigned Not Fraud
21-10-2016 16:49:28 2812 3201 4186 7792 1.00 C000201210 100001000014838 5944 no P2M 18 00 1 Unassigned Not Fraud'

2018-07-11 10:17:20 - [MESSAGE][PASSED] - Text of object 'Object Repository/TC_24_36 AM/Cust_Details' is: '03-10-2016 12:44:39 2812 3202 5265 8477 10.00 1100006008 100001000016982 8999 no P2M 18 00 1 Unassigned Fraud
12-10-2016 11:26:56 2812 3202 2842 3378 50.00 1100005115 100001000015627 5691 no P2M 18 00 1 Unassigned Not Fraud
12-10-2016 11:57:41 2812 3204 4702 7109 1.00 1100000697 100001000017104 8241 no P2M 18 00 1 Unassigned Not Fraud
17-10-2016 11:19:34 2812 3202 3669 7120 100.00 1100006776 100001000015627 5691 no P2M 18 00 1 Unassigned Not Fraud
21-10-2016 16:49:28 2812 3201 4186 7792 1.00 C000201210 100001000014838 5944 no P2M 18 00 1 Unassigned Not Fraud'

2018-07-11 10:17:20 - [TEST_STEP][PASSED] - comment: P2M Details Displayed

2018-07-11 10:17:20 - [TEST_STEP][PASSED] - verifyElementText: Actual text and expected text of test object 'Object Repository/TC_24_36 AM/Chaneel_id_Valid' are matched.

2018-07-11 10:17:20 - [MESSAGE][PASSED] - Actual text and expected text of test object 'Object Repository/TC_24_36 AM/Chaneel_id_Valid' are matched.

2018-07-11 10:17:20 - [TEST_STEP][PASSED] - Statement - Chaneel_Details = com.kms.katalon.core.webui.keyword.WebUiBuiltInKeywords.takeScreenshot(): Taking screenshot successfully

2018-07-11 10:17:21 - [MESSAGE][PASSED] - Taking screenshot successfully
[[ATTACHMENT|C:\\Users\\ankur.jain\\Katalon Studio\\Feedzai_Automation\\Reports\\AM_Test Suite\\20180711_100950\\1531284440865.png]]

2018-07-11 10:17:21 - [TEST_STEP][PASSED] - refresh: Refresh successfully

2018-07-11 10:17:22 - [MESSAGE][PASSED] - Refresh successfully

2018-07-11 10:17:22 - [TEST_STEP][PASSED] - delay: Delayed 6 second(s)

2018-07-11 10:17:28 - [MESSAGE][PASSED] - Delayed 6 second(s)]]></system-out>
         <system-err><![CDATA[]]></system-err>
      </testcase>
      <testcase name="Test Cases/Alert Manager Test Cases/Alert Manager_Search Screen/TC27_Validate Advance search through Agent Id" classname="Test Cases/Alert Manager Test Cases/Alert Manager_Search Screen/TC27_Validate Advance search through Agent Id" status="PASSED">
         <system-out><![CDATA[2018-07-11 10:17:28 - [TEST_CASE][PASSED] - Test Cases/Alert Manager Test Cases/Alert Manager_Search Screen/TC27_Validate Advance search through Agent Id: Test Cases/Alert Manager Test Cases/Alert Manager_Search Screen/TC27_Validate Advance search through Agent Id

2018-07-11 10:17:29 - [TEST_STEP][PASSED] - clearText: Text of object 'Object Repository/TC_24_36 AM/Date_input' is cleared

2018-07-11 10:17:38 - [MESSAGE][PASSED] - Text of object 'Object Repository/TC_24_36 AM/Date_input' is cleared

2018-07-11 10:17:38 - [TEST_STEP][PASSED] - click: Object: 'Object Repository/TC_24_36 AM/Done_Button' is clicked on

2018-07-11 10:17:39 - [MESSAGE][PASSED] - Object: 'Object Repository/TC_24_36 AM/Done_Button' is clicked on

2018-07-11 10:17:39 - [TEST_STEP][PASSED] - delay: Delayed 5 second(s)

2018-07-11 10:17:44 - [MESSAGE][PASSED] - Delayed 5 second(s)

2018-07-11 10:17:44 - [TEST_STEP][PASSED] - click: Object: 'Object Repository/TC_24_36 AM/button_Advanced Search' is clicked on

2018-07-11 10:17:44 - [MESSAGE][PASSED] - Object: 'Object Repository/TC_24_36 AM/button_Advanced Search' is clicked on

2018-07-11 10:17:44 - [TEST_STEP][PASSED] - delay: Delayed 2 second(s)

2018-07-11 10:17:46 - [MESSAGE][PASSED] - Delayed 2 second(s)

2018-07-11 10:17:46 - [TEST_STEP][PASSED] - click: Object: 'Object Repository/TC_24_36 AM/AgentId_Click' is clicked on

2018-07-11 10:17:47 - [MESSAGE][PASSED] - Object: 'Object Repository/TC_24_36 AM/AgentId_Click' is clicked on

2018-07-11 10:17:47 - [TEST_STEP][PASSED] - setText: Text '1000005844' is set on object 'Object Repository/TC_24_36 AM/AgentId_Input'

2018-07-11 10:17:48 - [MESSAGE][PASSED] - Text '1000005844' is set on object 'Object Repository/TC_24_36 AM/AgentId_Input'

2018-07-11 10:17:48 - [TEST_STEP][PASSED] - delay: Delayed 15 second(s)

2018-07-11 10:18:03 - [MESSAGE][PASSED] - Delayed 15 second(s)

2018-07-11 10:18:03 - [TEST_STEP][PASSED] - sendKeys: Keys 'ENTER + ' sent to object: 'Object Repository/TC_24_36 AM/AgentId_Input'

2018-07-11 10:18:03 - [MESSAGE][PASSED] - Keys 'ENTER + ' sent to object: 'Object Repository/TC_24_36 AM/AgentId_Input'

2018-07-11 10:18:03 - [TEST_STEP][PASSED] - delay: Delayed 10 second(s)

2018-07-11 10:18:13 - [MESSAGE][PASSED] - Delayed 10 second(s)

2018-07-11 10:18:13 - [TEST_STEP][PASSED] - click: Object: 'Object Repository/TC_24_36 AM/button_Search' is clicked on

2018-07-11 10:18:14 - [MESSAGE][PASSED] - Object: 'Object Repository/TC_24_36 AM/button_Search' is clicked on

2018-07-11 10:18:14 - [TEST_STEP][PASSED] - getText: Text of object 'Object Repository/TC_24_36 AM/Cust_Details' is: '31-05-2017 12:58:57 Jio 2.00 Unknown 9611075106 N/A no BIA 14 00 0 Unassigned Not Fraud
31-05-2017 14:03:57 Jio 2,250.00 Unknown 029476702486 N/A no BIA 14 00 2 Customer Pending
31-05-2017 14:05:13 Jio 5.00 Unknown Deepak Singh N/A no BIA 14 00 1 Agent Pending
31-05-2017 14:15:23 Jio 2.00 Unknown 9611075106 N/A no BIA 14 00 1 Agent Pending
31-05-2017 14:15:52 Jio 10.00 Unknown 9769517033 N/A no BIA 14 00 1 Agent Pending
02-06-2017 09:42:06 2812 3202 2900 2569 1.00 1111102400 1111102400 N/A no LMA 28 00 0 Unassigned Not Fraud
02-06-2017 09:42:06 2812 3202 2900 2569 1.00 1111102400 N/A N/A no NFA 41 00 0 Unassigned Not Fraud
06-06-2017 10:11:30 2812 3202 2900 2569 1.00 1111102400 1111102400 N/A no LMA 28 00 0 Unassigned Not Fraud
06-06-2017 10:11:31 2812 3202 2900 2569 1.00 1111102400 N/A N/A no NFA 41 00 1 Agent Pending
06-06-2017 10:47:15 2812 3206 0035 0165 1.00 1100091480 1100091480 N/A no LMA 28 00 0 Unassigned Not Fraud'

2018-07-11 10:18:16 - [MESSAGE][PASSED] - Text of object 'Object Repository/TC_24_36 AM/Cust_Details' is: '31-05-2017 12:58:57 Jio 2.00 Unknown 9611075106 N/A no BIA 14 00 0 Unassigned Not Fraud
31-05-2017 14:03:57 Jio 2,250.00 Unknown 029476702486 N/A no BIA 14 00 2 Customer Pending
31-05-2017 14:05:13 Jio 5.00 Unknown Deepak Singh N/A no BIA 14 00 1 Agent Pending
31-05-2017 14:15:23 Jio 2.00 Unknown 9611075106 N/A no BIA 14 00 1 Agent Pending
31-05-2017 14:15:52 Jio 10.00 Unknown 9769517033 N/A no BIA 14 00 1 Agent Pending
02-06-2017 09:42:06 2812 3202 2900 2569 1.00 1111102400 1111102400 N/A no LMA 28 00 0 Unassigned Not Fraud
02-06-2017 09:42:06 2812 3202 2900 2569 1.00 1111102400 N/A N/A no NFA 41 00 0 Unassigned Not Fraud
06-06-2017 10:11:30 2812 3202 2900 2569 1.00 1111102400 1111102400 N/A no LMA 28 00 0 Unassigned Not Fraud
06-06-2017 10:11:31 2812 3202 2900 2569 1.00 1111102400 N/A N/A no NFA 41 00 1 Agent Pending
06-06-2017 10:47:15 2812 3206 0035 0165 1.00 1100091480 1100091480 N/A no LMA 28 00 0 Unassigned Not Fraud'

2018-07-11 10:18:16 - [TEST_STEP][PASSED] - comment: Agent Details Displayed

2018-07-11 10:18:16 - [TEST_STEP][PASSED] - Statement - Agent_Details = com.kms.katalon.core.webui.keyword.WebUiBuiltInKeywords.takeScreenshot(): Taking screenshot successfully

2018-07-11 10:18:17 - [MESSAGE][PASSED] - Taking screenshot successfully
[[ATTACHMENT|C:\\Users\\ankur.jain\\Katalon Studio\\Feedzai_Automation\\Reports\\AM_Test Suite\\20180711_100950\\1531284496497.png]]

2018-07-11 10:18:17 - [TEST_STEP][PASSED] - refresh: Refresh successfully

2018-07-11 10:18:17 - [MESSAGE][PASSED] - Refresh successfully

2018-07-11 10:18:17 - [TEST_STEP][PASSED] - delay: Delayed 12 second(s)

2018-07-11 10:18:29 - [MESSAGE][PASSED] - Delayed 12 second(s)]]></system-out>
         <system-err><![CDATA[]]></system-err>
      </testcase>
      <testcase name="Test Cases/Alert Manager Test Cases/Alert Manager_Search Screen/TC28_Validate Advance search through customer phone number" classname="Test Cases/Alert Manager Test Cases/Alert Manager_Search Screen/TC28_Validate Advance search through customer phone number" status="PASSED">
         <system-out><![CDATA[2018-07-11 10:18:29 - [TEST_CASE][PASSED] - Test Cases/Alert Manager Test Cases/Alert Manager_Search Screen/TC28_Validate Advance search through customer phone number: Test Cases/Alert Manager Test Cases/Alert Manager_Search Screen/TC28_Validate Advance search through customer phone number

2018-07-11 10:18:30 - [TEST_STEP][PASSED] - clearText: Text of object 'Object Repository/TC_24_36 AM/Date_input' is cleared

2018-07-11 10:18:34 - [MESSAGE][PASSED] - Text of object 'Object Repository/TC_24_36 AM/Date_input' is cleared

2018-07-11 10:18:34 - [TEST_STEP][PASSED] - delay: Delayed 2 second(s)

2018-07-11 10:18:36 - [MESSAGE][PASSED] - Delayed 2 second(s)

2018-07-11 10:18:36 - [TEST_STEP][PASSED] - click: Object: 'Object Repository/TC_24_36 AM/Done_Button' is clicked on

2018-07-11 10:18:36 - [MESSAGE][PASSED] - Object: 'Object Repository/TC_24_36 AM/Done_Button' is clicked on

2018-07-11 10:18:36 - [TEST_STEP][PASSED] - delay: Delayed 2 second(s)

2018-07-11 10:18:38 - [MESSAGE][PASSED] - Delayed 2 second(s)

2018-07-11 10:18:38 - [TEST_STEP][PASSED] - click: Object: 'Object Repository/TC_24_36 AM/button_Advanced Search' is clicked on

2018-07-11 10:18:39 - [MESSAGE][PASSED] - Object: 'Object Repository/TC_24_36 AM/button_Advanced Search' is clicked on

2018-07-11 10:18:39 - [TEST_STEP][PASSED] - click: Object: 'Object Repository/TC_24_36 AM/ul_Customer Id' is clicked on

2018-07-11 10:18:39 - [MESSAGE][PASSED] - Object: 'Object Repository/TC_24_36 AM/ul_Customer Id' is clicked on

2018-07-11 10:18:39 - [TEST_STEP][PASSED] - setText: Text '+919967676767' is set on object 'Object Repository/TC_24_36 AM/input_s2id_autogen7'

2018-07-11 10:18:41 - [MESSAGE][PASSED] - Text '+919967676767' is set on object 'Object Repository/TC_24_36 AM/input_s2id_autogen7'

2018-07-11 10:18:41 - [TEST_STEP][PASSED] - delay: Delayed 2 second(s)

2018-07-11 10:18:43 - [MESSAGE][PASSED] - Delayed 2 second(s)

2018-07-11 10:18:43 - [TEST_STEP][PASSED] - sendKeys: Keys 'ENTER + ' sent to object: 'Object Repository/TC_24_36 AM/input_s2id_autogen7'

2018-07-11 10:18:43 - [MESSAGE][PASSED] - Keys 'ENTER + ' sent to object: 'Object Repository/TC_24_36 AM/input_s2id_autogen7'

2018-07-11 10:18:43 - [TEST_STEP][PASSED] - delay: Delayed 2 second(s)

2018-07-11 10:18:45 - [MESSAGE][PASSED] - Delayed 2 second(s)

2018-07-11 10:18:45 - [TEST_STEP][PASSED] - click: Object: 'Object Repository/TC_24_36 AM/button_Search' is clicked on

2018-07-11 10:18:46 - [MESSAGE][PASSED] - Object: 'Object Repository/TC_24_36 AM/button_Search' is clicked on

2018-07-11 10:18:46 - [TEST_STEP][PASSED] - getText: Text of object 'Object Repository/TC_24_36 AM/Cust_Details' is: '15-05-2018 15:18:53 2812 3206 0077 6096 1,000.00 1100243850 1100243850 N/A no LMW 28 00 0 Unassigned Not Fraud
15-05-2018 15:21:59 2812 3206 0077 6096 5.00 1100243850 100001000020437 5999 no WPP 0 00 0 Unassigned Not Fraud
15-05-2018 15:23:34 2812 3206 0077 6096 6.00 1100243850 100001000020437 5999 no WPP 0 00 0 Unassigned Not Fraud
15-05-2018 15:24:40 2812 3206 0077 6096 4.00 1100243850 100001000020437 5999 no WPP 0 00 0 Unassigned Not Fraud
15-05-2018 15:25:57 2812 3200 0000 0000 1.00 1100243850 100001000020437 5999 no WPP 0 05 1 Customer Pending
15-05-2018 15:33:13 2812 3206 0077 6096 6.00 1100243850 1100243850 5999 no WRO 20 00 0 Unassigned Not Fraud
15-05-2018 15:35:00 2812 3206 0077 6096 6.00 1100243850 100001000020437 5999 no WPP 0 00 0 Unassigned Not Fraud
15-05-2018 15:36:21 2812 3200 0000 0000 1.00 1100243850 100001000020437 5999 no WPP 0 05 1 Customer Pending
15-06-2018 12:35:16 NA 2.00 1100243850 100001000014146 5999 no WPP 0 05 0 Unassigned Not Fraud
15-06-2018 12:38:04 1000 00XX XXXX 3645 2.00 1100243850 100001000014146 5999 no WPP 0 00 1 Unassigned Pending'

2018-07-11 10:18:48 - [MESSAGE][PASSED] - Text of object 'Object Repository/TC_24_36 AM/Cust_Details' is: '15-05-2018 15:18:53 2812 3206 0077 6096 1,000.00 1100243850 1100243850 N/A no LMW 28 00 0 Unassigned Not Fraud
15-05-2018 15:21:59 2812 3206 0077 6096 5.00 1100243850 100001000020437 5999 no WPP 0 00 0 Unassigned Not Fraud
15-05-2018 15:23:34 2812 3206 0077 6096 6.00 1100243850 100001000020437 5999 no WPP 0 00 0 Unassigned Not Fraud
15-05-2018 15:24:40 2812 3206 0077 6096 4.00 1100243850 100001000020437 5999 no WPP 0 00 0 Unassigned Not Fraud
15-05-2018 15:25:57 2812 3200 0000 0000 1.00 1100243850 100001000020437 5999 no WPP 0 05 1 Customer Pending
15-05-2018 15:33:13 2812 3206 0077 6096 6.00 1100243850 1100243850 5999 no WRO 20 00 0 Unassigned Not Fraud
15-05-2018 15:35:00 2812 3206 0077 6096 6.00 1100243850 100001000020437 5999 no WPP 0 00 0 Unassigned Not Fraud
15-05-2018 15:36:21 2812 3200 0000 0000 1.00 1100243850 100001000020437 5999 no WPP 0 05 1 Customer Pending
15-06-2018 12:35:16 NA 2.00 1100243850 100001000014146 5999 no WPP 0 05 0 Unassigned Not Fraud
15-06-2018 12:38:04 1000 00XX XXXX 3645 2.00 1100243850 100001000014146 5999 no WPP 0 00 1 Unassigned Pending'

2018-07-11 10:18:48 - [TEST_STEP][PASSED] - comment: Customer Details through phone no is Displayed

2018-07-11 10:18:48 - [TEST_STEP][PASSED] - Statement - Customer_Details_phone = com.kms.katalon.core.webui.keyword.WebUiBuiltInKeywords.takeScreenshot(): Taking screenshot successfully

2018-07-11 10:18:48 - [MESSAGE][PASSED] - Taking screenshot successfully
[[ATTACHMENT|C:\\Users\\ankur.jain\\Katalon Studio\\Feedzai_Automation\\Reports\\AM_Test Suite\\20180711_100950\\1531284528324.png]]

2018-07-11 10:18:48 - [TEST_STEP][PASSED] - verifyElementText: Actual text and expected text of test object 'Object Repository/TC_24_36 AM/Cust_id_Validation' are matched.

2018-07-11 10:18:49 - [MESSAGE][PASSED] - Actual text and expected text of test object 'Object Repository/TC_24_36 AM/Cust_id_Validation' are matched.

2018-07-11 10:18:49 - [TEST_STEP][PASSED] - refresh: Refresh successfully

2018-07-11 10:18:49 - [MESSAGE][PASSED] - Refresh successfully

2018-07-11 10:18:49 - [TEST_STEP][PASSED] - delay: Delayed 12 second(s)

2018-07-11 10:19:01 - [MESSAGE][PASSED] - Delayed 12 second(s)]]></system-out>
         <system-err><![CDATA[]]></system-err>
      </testcase>
      <testcase name="Test Cases/Alert Manager Test Cases/Alert Manager_Search Screen/TC29_Validate Advance search through merchant phone number" classname="Test Cases/Alert Manager Test Cases/Alert Manager_Search Screen/TC29_Validate Advance search through merchant phone number" status="PASSED">
         <system-out><![CDATA[2018-07-11 10:19:01 - [TEST_CASE][PASSED] - Test Cases/Alert Manager Test Cases/Alert Manager_Search Screen/TC29_Validate Advance search through merchant phone number: Test Cases/Alert Manager Test Cases/Alert Manager_Search Screen/TC29_Validate Advance search through merchant phone number

2018-07-11 10:19:02 - [TEST_STEP][PASSED] - clearText: Text of object 'Object Repository/TC_24_36 AM/Date_input' is cleared

2018-07-11 10:19:06 - [MESSAGE][PASSED] - Text of object 'Object Repository/TC_24_36 AM/Date_input' is cleared

2018-07-11 10:19:06 - [TEST_STEP][PASSED] - click: Object: 'Object Repository/TC_24_36 AM/Done_Button' is clicked on

2018-07-11 10:19:07 - [MESSAGE][PASSED] - Object: 'Object Repository/TC_24_36 AM/Done_Button' is clicked on

2018-07-11 10:19:07 - [TEST_STEP][PASSED] - delay: Delayed 5 second(s)

2018-07-11 10:19:12 - [MESSAGE][PASSED] - Delayed 5 second(s)

2018-07-11 10:19:12 - [TEST_STEP][PASSED] - click: Object: 'Object Repository/TC_24_36 AM/button_Advanced Search' is clicked on

2018-07-11 10:19:12 - [MESSAGE][PASSED] - Object: 'Object Repository/TC_24_36 AM/button_Advanced Search' is clicked on

2018-07-11 10:19:12 - [TEST_STEP][PASSED] - delay: Delayed 2 second(s)

2018-07-11 10:19:14 - [MESSAGE][PASSED] - Delayed 2 second(s)

2018-07-11 10:19:14 - [TEST_STEP][PASSED] - click: Object: 'Object Repository/TC_24_36 AM/Merchant_Input' is clicked on

2018-07-11 10:19:14 - [MESSAGE][PASSED] - Object: 'Object Repository/TC_24_36 AM/Merchant_Input' is clicked on

2018-07-11 10:19:15 - [TEST_STEP][PASSED] - setText: Text '+919619658895' is set on object 'Object Repository/TC_24_36 AM/Input_MerId'

2018-07-11 10:19:16 - [MESSAGE][PASSED] - Text '+919619658895' is set on object 'Object Repository/TC_24_36 AM/Input_MerId'

2018-07-11 10:19:16 - [TEST_STEP][PASSED] - delay: Delayed 12 second(s)

2018-07-11 10:19:28 - [MESSAGE][PASSED] - Delayed 12 second(s)

2018-07-11 10:19:28 - [TEST_STEP][PASSED] - sendKeys: Keys 'ENTER + ' sent to object: 'Object Repository/TC_24_36 AM/Input_MerId'

2018-07-11 10:19:28 - [MESSAGE][PASSED] - Keys 'ENTER + ' sent to object: 'Object Repository/TC_24_36 AM/Input_MerId'

2018-07-11 10:19:28 - [TEST_STEP][PASSED] - delay: Delayed 5 second(s)

2018-07-11 10:19:33 - [MESSAGE][PASSED] - Delayed 5 second(s)

2018-07-11 10:19:33 - [TEST_STEP][PASSED] - click: Object: 'Object Repository/TC_24_36 AM/button_Search' is clicked on

2018-07-11 10:19:34 - [MESSAGE][PASSED] - Object: 'Object Repository/TC_24_36 AM/button_Search' is clicked on

2018-07-11 10:19:34 - [TEST_STEP][PASSED] - getText: Text of object 'Object Repository/TC_24_36 AM/Cust_Details' is: '20-07-2017 17:19:18 2812 3206 0000 0273 30.00 1100022994 100001000022526 4814 no P2M 18 00 1 Unassigned Not Fraud
20-07-2017 18:40:45 2812 3201 4461 4845 30.00 1100005196 100001000022526 4814 no P2M 18 00 0 Unassigned Not Fraud
20-07-2017 18:45:01 2812 3201 4461 4845 30.00 1100005196 100001000022526 4814 no P2M 18 00 0 Unassigned Not Fraud
20-07-2017 18:48:49 2812 3201 4461 4845 30.00 1100005196 100001000022526 4814 no P2M 18 05 2 Unassigned Not Fraud
08-08-2017 12:58:46 2812 3206 0036 6443 50.00 1100176179 100001000022526 4814 no P2M 18 05 2 Unassigned Not Fraud
06-02-2018 15:18:21 2812 3201 4475 4328 5.00 1100020756 100001000022526 4814 no P2M 18 05 2 Unassigned Not Fraud
06-02-2018 15:25:36 2812 3201 4475 4328 5.00 1100020756 100001000022526 4814 no P2M 18 00 0 Unassigned Not Fraud
06-02-2018 15:27:36 2812 3201 4475 4328 20.00 1100020756 100001000022526 4814 no P2M 18 05 1 Unassigned Not Fraud
06-02-2018 15:37:39 2812 3201 4475 4328 20.00 1100020756 100001000022526 4814 no P2M 18 05 2 Unassigned Not Fraud
06-02-2018 17:11:53 2812 3201 4475 4328 5.00 1100020756 100001000022526 4814 no P2M 18 05 1 Unassigned Not Fraud'

2018-07-11 10:19:36 - [MESSAGE][PASSED] - Text of object 'Object Repository/TC_24_36 AM/Cust_Details' is: '20-07-2017 17:19:18 2812 3206 0000 0273 30.00 1100022994 100001000022526 4814 no P2M 18 00 1 Unassigned Not Fraud
20-07-2017 18:40:45 2812 3201 4461 4845 30.00 1100005196 100001000022526 4814 no P2M 18 00 0 Unassigned Not Fraud
20-07-2017 18:45:01 2812 3201 4461 4845 30.00 1100005196 100001000022526 4814 no P2M 18 00 0 Unassigned Not Fraud
20-07-2017 18:48:49 2812 3201 4461 4845 30.00 1100005196 100001000022526 4814 no P2M 18 05 2 Unassigned Not Fraud
08-08-2017 12:58:46 2812 3206 0036 6443 50.00 1100176179 100001000022526 4814 no P2M 18 05 2 Unassigned Not Fraud
06-02-2018 15:18:21 2812 3201 4475 4328 5.00 1100020756 100001000022526 4814 no P2M 18 05 2 Unassigned Not Fraud
06-02-2018 15:25:36 2812 3201 4475 4328 5.00 1100020756 100001000022526 4814 no P2M 18 00 0 Unassigned Not Fraud
06-02-2018 15:27:36 2812 3201 4475 4328 20.00 1100020756 100001000022526 4814 no P2M 18 05 1 Unassigned Not Fraud
06-02-2018 15:37:39 2812 3201 4475 4328 20.00 1100020756 100001000022526 4814 no P2M 18 05 2 Unassigned Not Fraud
06-02-2018 17:11:53 2812 3201 4475 4328 5.00 1100020756 100001000022526 4814 no P2M 18 05 1 Unassigned Not Fraud'

2018-07-11 10:19:36 - [TEST_STEP][PASSED] - verifyElementText: Actual text and expected text of test object 'Object Repository/TC_24_36 AM/Mer_id_Valid' are matched.

2018-07-11 10:19:36 - [MESSAGE][PASSED] - Actual text and expected text of test object 'Object Repository/TC_24_36 AM/Mer_id_Valid' are matched.

2018-07-11 10:19:36 - [TEST_STEP][PASSED] - comment: Merchant  Details Displayed through phone number

2018-07-11 10:19:36 - [TEST_STEP][PASSED] - Statement - Merchant_Details_phoneNo = com.kms.katalon.core.webui.keyword.WebUiBuiltInKeywords.takeScreenshot(): Taking screenshot successfully

2018-07-11 10:19:36 - [MESSAGE][PASSED] - Taking screenshot successfully
[[ATTACHMENT|C:\\Users\\ankur.jain\\Katalon Studio\\Feedzai_Automation\\Reports\\AM_Test Suite\\20180711_100950\\1531284576309.png]]

2018-07-11 10:19:36 - [TEST_STEP][PASSED] - refresh: Refresh successfully

2018-07-11 10:19:37 - [MESSAGE][PASSED] - Refresh successfully

2018-07-11 10:19:37 - [TEST_STEP][PASSED] - delay: Delayed 6 second(s)

2018-07-11 10:19:43 - [MESSAGE][PASSED] - Delayed 6 second(s)]]></system-out>
         <system-err><![CDATA[]]></system-err>
      </testcase>
      <testcase name="Test Cases/Alert Manager Test Cases/Alert Manager_Search Screen/TC30_Validate Advance search through Source Institution ID" classname="Test Cases/Alert Manager Test Cases/Alert Manager_Search Screen/TC30_Validate Advance search through Source Institution ID" status="PASSED">
         <system-out><![CDATA[2018-07-11 10:19:43 - [TEST_CASE][PASSED] - Test Cases/Alert Manager Test Cases/Alert Manager_Search Screen/TC30_Validate Advance search through Source Institution ID: Test Cases/Alert Manager Test Cases/Alert Manager_Search Screen/TC30_Validate Advance search through Source Institution ID

2018-07-11 10:19:44 - [TEST_STEP][PASSED] - clearText: Text of object 'Object Repository/TC_24_36 AM/Date_input' is cleared

2018-07-11 10:19:53 - [MESSAGE][PASSED] - Text of object 'Object Repository/TC_24_36 AM/Date_input' is cleared

2018-07-11 10:19:53 - [TEST_STEP][PASSED] - click: Object: 'Object Repository/TC_24_36 AM/Done_Button' is clicked on

2018-07-11 10:19:54 - [MESSAGE][PASSED] - Object: 'Object Repository/TC_24_36 AM/Done_Button' is clicked on

2018-07-11 10:19:54 - [TEST_STEP][PASSED] - delay: Delayed 2 second(s)

2018-07-11 10:19:56 - [MESSAGE][PASSED] - Delayed 2 second(s)

2018-07-11 10:19:56 - [TEST_STEP][PASSED] - click: Object: 'Object Repository/TC_24_36 AM/button_Advanced Search' is clicked on

2018-07-11 10:19:56 - [MESSAGE][PASSED] - Object: 'Object Repository/TC_24_36 AM/button_Advanced Search' is clicked on

2018-07-11 10:19:56 - [TEST_STEP][PASSED] - click: Object: 'Object Repository/TC_24_36 AM/Click_ScrInstId' is clicked on

2018-07-11 10:19:57 - [MESSAGE][PASSED] - Object: 'Object Repository/TC_24_36 AM/Click_ScrInstId' is clicked on

2018-07-11 10:19:57 - [TEST_STEP][PASSED] - setText: Text '3132' is set on object 'Object Repository/TC_24_36 AM/Click_ScrInstId'

2018-07-11 10:19:57 - [MESSAGE][PASSED] - Text '3132' is set on object 'Object Repository/TC_24_36 AM/Click_ScrInstId'

2018-07-11 10:19:57 - [TEST_STEP][PASSED] - delay: Delayed 2 second(s)

2018-07-11 10:19:59 - [MESSAGE][PASSED] - Delayed 2 second(s)

2018-07-11 10:19:59 - [TEST_STEP][PASSED] - sendKeys: Keys 'ENTER + ' sent to object: 'Object Repository/TC_24_36 AM/Click_ScrInstId'

2018-07-11 10:20:00 - [MESSAGE][PASSED] - Keys 'ENTER + ' sent to object: 'Object Repository/TC_24_36 AM/Click_ScrInstId'

2018-07-11 10:20:00 - [TEST_STEP][PASSED] - delay: Delayed 2 second(s)

2018-07-11 10:20:02 - [MESSAGE][PASSED] - Delayed 2 second(s)

2018-07-11 10:20:02 - [TEST_STEP][PASSED] - click: Object: 'Object Repository/TC_24_36 AM/button_Search' is clicked on

2018-07-11 10:20:02 - [MESSAGE][PASSED] - Object: 'Object Repository/TC_24_36 AM/button_Search' is clicked on

2018-07-11 10:20:02 - [TEST_STEP][PASSED] - Statement - text = com.kms.katalon.core.webui.keyword.WebUiBuiltInKeywords.getText(com.kms.katalon.core.testobject.ObjectRepository.findTestObject(TC_24_36 AM/Src_id)): Text of object 'Object Repository/TC_24_36 AM/Src_id' is: '49-3132'

2018-07-11 10:20:04 - [MESSAGE][PASSED] - Text of object 'Object Repository/TC_24_36 AM/Src_id' is: '49-3132'

2018-07-11 10:20:04 - [TEST_STEP][PASSED] - Statement - If (text.contains("3132")): Source Institution id is Matched

2018-07-11 10:20:05 - [TEST_STEP][PASSED] - comment: Source Institution id is Matched

2018-07-11 10:20:05 - [TEST_STEP][PASSED] - Statement - Src_id = com.kms.katalon.core.webui.keyword.WebUiBuiltInKeywords.takeScreenshot(): Taking screenshot successfully

2018-07-11 10:20:05 - [MESSAGE][PASSED] - Taking screenshot successfully
[[ATTACHMENT|C:\\Users\\ankur.jain\\Katalon Studio\\Feedzai_Automation\\Reports\\AM_Test Suite\\20180711_100950\\1531284605017.png]]

2018-07-11 10:20:05 - [TEST_STEP][PASSED] - comment: Search through source institution id is displayed

2018-07-11 10:20:05 - [TEST_STEP][PASSED] - refresh: Refresh successfully

2018-07-11 10:20:05 - [MESSAGE][PASSED] - Refresh successfully

2018-07-11 10:20:05 - [TEST_STEP][PASSED] - delay: Delayed 12 second(s)

2018-07-11 10:20:17 - [MESSAGE][PASSED] - Delayed 12 second(s)]]></system-out>
         <system-err><![CDATA[]]></system-err>
      </testcase>
      <testcase name="Test Cases/Alert Manager Test Cases/Alert Manager_Search Screen/TC31_Validate Advance search through response code" classname="Test Cases/Alert Manager Test Cases/Alert Manager_Search Screen/TC31_Validate Advance search through response code" status="PASSED">
         <system-out><![CDATA[2018-07-11 10:20:17 - [TEST_CASE][PASSED] - Test Cases/Alert Manager Test Cases/Alert Manager_Search Screen/TC31_Validate Advance search through response code: Test Cases/Alert Manager Test Cases/Alert Manager_Search Screen/TC31_Validate Advance search through response code

2018-07-11 10:20:18 - [TEST_STEP][PASSED] - clearText: Text of object 'Object Repository/TC_24_36 AM/Date_input' is cleared

2018-07-11 10:20:22 - [MESSAGE][PASSED] - Text of object 'Object Repository/TC_24_36 AM/Date_input' is cleared

2018-07-11 10:20:22 - [TEST_STEP][PASSED] - click: Object: 'Object Repository/TC_24_36 AM/Done_Button' is clicked on

2018-07-11 10:20:23 - [MESSAGE][PASSED] - Object: 'Object Repository/TC_24_36 AM/Done_Button' is clicked on

2018-07-11 10:20:23 - [TEST_STEP][PASSED] - delay: Delayed 2 second(s)

2018-07-11 10:20:25 - [MESSAGE][PASSED] - Delayed 2 second(s)

2018-07-11 10:20:25 - [TEST_STEP][PASSED] - click: Object: 'Object Repository/TC_24_36 AM/button_Advanced Search' is clicked on

2018-07-11 10:20:25 - [MESSAGE][PASSED] - Object: 'Object Repository/TC_24_36 AM/button_Advanced Search' is clicked on

2018-07-11 10:20:25 - [TEST_STEP][PASSED] - click: Object: 'Object Repository/TC_24_36 AM/Click_ResponseCode' is clicked on

2018-07-11 10:20:26 - [MESSAGE][PASSED] - Object: 'Object Repository/TC_24_36 AM/Click_ResponseCode' is clicked on

2018-07-11 10:20:26 - [TEST_STEP][PASSED] - setText: Text '00' is set on object 'Object Repository/TC_24_36 AM/Input_Respcode'

2018-07-11 10:20:27 - [MESSAGE][PASSED] - Text '00' is set on object 'Object Repository/TC_24_36 AM/Input_Respcode'

2018-07-11 10:20:27 - [TEST_STEP][PASSED] - delay: Delayed 2 second(s)

2018-07-11 10:20:29 - [MESSAGE][PASSED] - Delayed 2 second(s)

2018-07-11 10:20:29 - [TEST_STEP][PASSED] - sendKeys: Keys 'ENTER + ' sent to object: 'Object Repository/TC_24_36 AM/Input_Respcode'

2018-07-11 10:20:29 - [MESSAGE][PASSED] - Keys 'ENTER + ' sent to object: 'Object Repository/TC_24_36 AM/Input_Respcode'

2018-07-11 10:20:29 - [TEST_STEP][PASSED] - delay: Delayed 2 second(s)

2018-07-11 10:20:31 - [MESSAGE][PASSED] - Delayed 2 second(s)

2018-07-11 10:20:31 - [TEST_STEP][PASSED] - click: Object: 'Object Repository/TC_24_36 AM/button_Search' is clicked on

2018-07-11 10:20:31 - [MESSAGE][PASSED] - Object: 'Object Repository/TC_24_36 AM/button_Search' is clicked on

2018-07-11 10:20:31 - [TEST_STEP][PASSED] - getText: Text of object 'Object Repository/TC_24_36 AM/Cust_Details' is: '29-09-2016 15:13:08 6377 6703 0581 9312 3.00 1100000619 N/A 5045 yes MPP 0 00 1 Unassigned Not Fraud
29-09-2016 15:13:09 2812 3200 2706 9398 1.00 1100006770 100001000013647 5999 no WPP 0 00 2 Unassigned Not Fraud
29-09-2016 15:13:26 2812 3203 4979 3840 0.01 1100020885 100001000020193 5045 no BPC 0 00 0 Unassigned Fraud
03-10-2016 12:38:04 NA 1.00 Unknown 100001000014146 5999 no WPP 0 00 0 Unassigned Not Fraud
03-10-2016 12:41:36 5551 53XX XXXX 8223 3.00 Unknown 100001000014146 5999 no WPP 0 00 0 Unassigned Not Fraud'

2018-07-11 10:20:34 - [MESSAGE][PASSED] - Text of object 'Object Repository/TC_24_36 AM/Cust_Details' is: '29-09-2016 15:13:08 6377 6703 0581 9312 3.00 1100000619 N/A 5045 yes MPP 0 00 1 Unassigned Not Fraud
29-09-2016 15:13:09 2812 3200 2706 9398 1.00 1100006770 100001000013647 5999 no WPP 0 00 2 Unassigned Not Fraud
29-09-2016 15:13:26 2812 3203 4979 3840 0.01 1100020885 100001000020193 5045 no BPC 0 00 0 Unassigned Fraud
03-10-2016 12:38:04 NA 1.00 Unknown 100001000014146 5999 no WPP 0 00 0 Unassigned Not Fraud
03-10-2016 12:41:36 5551 53XX XXXX 8223 3.00 Unknown 100001000014146 5999 no WPP 0 00 0 Unassigned Not Fraud'

2018-07-11 10:20:34 - [TEST_STEP][PASSED] - comment: Advance search through Response Code is sucesfull

2018-07-11 10:20:34 - [TEST_STEP][PASSED] - Statement - Response_Code = com.kms.katalon.core.webui.keyword.WebUiBuiltInKeywords.takeScreenshot(): Taking screenshot successfully

2018-07-11 10:20:34 - [MESSAGE][PASSED] - Taking screenshot successfully
[[ATTACHMENT|C:\\Users\\ankur.jain\\Katalon Studio\\Feedzai_Automation\\Reports\\AM_Test Suite\\20180711_100950\\1531284634430.png]]

2018-07-11 10:20:34 - [TEST_STEP][PASSED] - verifyElementText: Actual text and expected text of test object 'Object Repository/TC_24_36 AM/Response_Code_valid' are matched.

2018-07-11 10:20:35 - [MESSAGE][PASSED] - Actual text and expected text of test object 'Object Repository/TC_24_36 AM/Response_Code_valid' are matched.

2018-07-11 10:20:35 - [TEST_STEP][PASSED] - refresh: Refresh successfully

2018-07-11 10:20:35 - [MESSAGE][PASSED] - Refresh successfully

2018-07-11 10:20:35 - [TEST_STEP][PASSED] - delay: Delayed 12 second(s)

2018-07-11 10:20:47 - [MESSAGE][PASSED] - Delayed 12 second(s)]]></system-out>
         <system-err><![CDATA[]]></system-err>
      </testcase>
      <testcase name="Test Cases/Alert Manager Test Cases/Alert Manager_Search Screen/TC32_Validate Advance search through Processing code" classname="Test Cases/Alert Manager Test Cases/Alert Manager_Search Screen/TC32_Validate Advance search through Processing code" status="FAILED">
         <failure type="FAILED" message="Unable to click on object 'Object Repository/TC_24_36 AM/Done_Button' (Root cause: com.kms.katalon.core.webui.exception.WebElementNotFoundException: Web element with id: 'Object Repository/TC_24_36 AM/Done_Button' located by 'By.xpath: //button[@type='button'][contains(text(),'Done')]' not found)"/>
         <system-out><![CDATA[2018-07-11 10:20:47 - [TEST_CASE][FAILED] - Test Cases/Alert Manager Test Cases/Alert Manager_Search Screen/TC32_Validate Advance search through Processing code: Test Cases/Alert Manager Test Cases/Alert Manager_Search Screen/TC32_Validate Advance search through Processing code FAILED because (of) Unable to click on object 'Object Repository/TC_24_36 AM/Done_Button' (Root cause: com.kms.katalon.core.webui.exception.WebElementNotFoundException: Web element with id: 'Object Repository/TC_24_36 AM/Done_Button' located by 'By.xpath: //button[@type='button'][contains(text(),'Done')]' not found)

2018-07-11 10:20:48 - [TEST_STEP][PASSED] - clearText: Text of object 'Object Repository/TC_24_36 AM/Date_input' is cleared

2018-07-11 10:20:51 - [MESSAGE][PASSED] - Text of object 'Object Repository/TC_24_36 AM/Date_input' is cleared

2018-07-11 10:20:51 - [TEST_STEP][FAILED] - click: Unable to click on object 'Object Repository/TC_24_36 AM/Done_Button' (Root cause: com.kms.katalon.core.webui.exception.WebElementNotFoundException: Web element with id: 'Object Repository/TC_24_36 AM/Done_Button' located by 'By.xpath: //button[@type='button'][contains(text(),'Done')]' not found)

2018-07-11 10:21:24 - [MESSAGE][FAILED] - Unable to click on object 'Object Repository/TC_24_36 AM/Done_Button' (Root cause: com.kms.katalon.core.webui.exception.WebElementNotFoundException: Web element with id: 'Object Repository/TC_24_36 AM/Done_Button' located by 'By.xpath: //button[@type='button'][contains(text(),'Done')]' not found)
[[ATTACHMENT|C:\\Users\\ankur.jain\\Katalon Studio\\Feedzai_Automation\\Reports\\AM_Test Suite\\20180711_100950\\1531284683575.png]]

2018-07-11 10:21:24 - [TEST_STEP][PASSED] - delay: Delayed 2 second(s)

2018-07-11 10:21:26 - [MESSAGE][PASSED] - Delayed 2 second(s)

2018-07-11 10:21:26 - [TEST_STEP][FAILED] - click: Unable to click on object 'Object Repository/TC_24_36 AM/button_Advanced Search' (Root cause: org.openqa.selenium.WebDriverException: unknown error: Element <button type="button" class="button button-default fdz-js-toggle-advanced-search">...</button> is not clickable at point (184, 257). Other element would receive the click: <span class="ui-spinner ui-widget ui-widget-content ui-corner-all">...</span>
  (Session info: chrome=67.0.3396.99)
  (Driver info: chromedriver=2.35.528161 (5b82f2d2aae0ca24b877009200ced9065a772e73),platform=Windows NT 6.1.7601 SP1 x86_64) (WARNING: The server did not provide any stacktrace information)
Command duration or timeout: 0 milliseconds
Build info: version: '3.7.1', revision: '8a0099a', time: '2017-11-06T21:07:36.161Z'
System info: host: 'LT0021232', ip: '10.50.88.85', os.name: 'Windows 7', os.arch: 'amd64', os.version: '6.1', java.version: '1.8.0_102'
Driver info: com.kms.katalon.selenium.driver.CChromeDriver
Capabilities {acceptInsecureCerts: false, acceptSslCerts: false, applicationCacheEnabled: false, browserConnectionEnabled: false, browserName: chrome, chrome: {chromedriverVersion: 2.35.528161 (5b82f2d2aae0ca..., userDataDir: C:\Users\ANKUR~1.JAI\AppDat...}, cssSelectorsEnabled: true, databaseEnabled: false, handlesAlerts: true, hasTouchScreen: false, javascriptEnabled: true, locationContextEnabled: true, mobileEmulationEnabled: false, nativeEvents: true, networkConnectionEnabled: false, pageLoadStrategy: normal, platform: XP, platformName: XP, rotatable: false, setWindowRect: true, takesHeapSnapshot: true, takesScreenshot: true, unexpectedAlertBehaviour: , unhandledPromptBehavior: , version: 67.0.3396.99, webStorageEnabled: true}
Session ID: 2ed710475ff636b4b1754fa2dd10e8f4)

2018-07-11 10:21:27 - [MESSAGE][FAILED] - Unable to click on object 'Object Repository/TC_24_36 AM/button_Advanced Search' (Root cause: org.openqa.selenium.WebDriverException: unknown error: Element <button type="button" class="button button-default fdz-js-toggle-advanced-search">...</button> is not clickable at point (184, 257). Other element would receive the click: <span class="ui-spinner ui-widget ui-widget-content ui-corner-all">...</span>
  (Session info: chrome=67.0.3396.99)
  (Driver info: chromedriver=2.35.528161 (5b82f2d2aae0ca24b877009200ced9065a772e73),platform=Windows NT 6.1.7601 SP1 x86_64) (WARNING: The server did not provide any stacktrace information)
Command duration or timeout: 0 milliseconds
Build info: version: '3.7.1', revision: '8a0099a', time: '2017-11-06T21:07:36.161Z'
System info: host: 'LT0021232', ip: '10.50.88.85', os.name: 'Windows 7', os.arch: 'amd64', os.version: '6.1', java.version: '1.8.0_102'
Driver info: com.kms.katalon.selenium.driver.CChromeDriver
Capabilities {acceptInsecureCerts: false, acceptSslCerts: false, applicationCacheEnabled: false, browserConnectionEnabled: false, browserName: chrome, chrome: {chromedriverVersion: 2.35.528161 (5b82f2d2aae0ca..., userDataDir: C:\Users\ANKUR~1.JAI\AppDat...}, cssSelectorsEnabled: true, databaseEnabled: false, handlesAlerts: true, hasTouchScreen: false, javascriptEnabled: true, locationContextEnabled: true, mobileEmulationEnabled: false, nativeEvents: true, networkConnectionEnabled: false, pageLoadStrategy: normal, platform: XP, platformName: XP, rotatable: false, setWindowRect: true, takesHeapSnapshot: true, takesScreenshot: true, unexpectedAlertBehaviour: , unhandledPromptBehavior: , version: 67.0.3396.99, webStorageEnabled: true}
Session ID: 2ed710475ff636b4b1754fa2dd10e8f4)
[[ATTACHMENT|C:\\Users\\ankur.jain\\Katalon Studio\\Feedzai_Automation\\Reports\\AM_Test Suite\\20180711_100950\\1531284686858.png]]

2018-07-11 10:21:27 - [TEST_STEP][FAILED] - click: Unable to click on object 'Object Repository/TC_24_36 AM/Click_ResponseCode' (Root cause: org.openqa.selenium.ElementNotVisibleException: element not visible
  (Session info: chrome=67.0.3396.99)
  (Driver info: chromedriver=2.35.528161 (5b82f2d2aae0ca24b877009200ced9065a772e73),platform=Windows NT 6.1.7601 SP1 x86_64) (WARNING: The server did not provide any stacktrace information)
Command duration or timeout: 0 milliseconds
Build info: version: '3.7.1', revision: '8a0099a', time: '2017-11-06T21:07:36.161Z'
System info: host: 'LT0021232', ip: '10.50.88.85', os.name: 'Windows 7', os.arch: 'amd64', os.version: '6.1', java.version: '1.8.0_102'
Driver info: com.kms.katalon.selenium.driver.CChromeDriver
Capabilities {acceptInsecureCerts: false, acceptSslCerts: false, applicationCacheEnabled: false, browserConnectionEnabled: false, browserName: chrome, chrome: {chromedriverVersion: 2.35.528161 (5b82f2d2aae0ca..., userDataDir: C:\Users\ANKUR~1.JAI\AppDat...}, cssSelectorsEnabled: true, databaseEnabled: false, handlesAlerts: true, hasTouchScreen: false, javascriptEnabled: true, locationContextEnabled: true, mobileEmulationEnabled: false, nativeEvents: true, networkConnectionEnabled: false, pageLoadStrategy: normal, platform: XP, platformName: XP, rotatable: false, setWindowRect: true, takesHeapSnapshot: true, takesScreenshot: true, unexpectedAlertBehaviour: , unhandledPromptBehavior: , version: 67.0.3396.99, webStorageEnabled: true}
Session ID: 2ed710475ff636b4b1754fa2dd10e8f4)

2018-07-11 10:21:27 - [MESSAGE][FAILED] - Unable to click on object 'Object Repository/TC_24_36 AM/Click_ResponseCode' (Root cause: org.openqa.selenium.ElementNotVisibleException: element not visible
  (Session info: chrome=67.0.3396.99)
  (Driver info: chromedriver=2.35.528161 (5b82f2d2aae0ca24b877009200ced9065a772e73),platform=Windows NT 6.1.7601 SP1 x86_64) (WARNING: The server did not provide any stacktrace information)
Command duration or timeout: 0 milliseconds
Build info: version: '3.7.1', revision: '8a0099a', time: '2017-11-06T21:07:36.161Z'
System info: host: 'LT0021232', ip: '10.50.88.85', os.name: 'Windows 7', os.arch: 'amd64', os.version: '6.1', java.version: '1.8.0_102'
Driver info: com.kms.katalon.selenium.driver.CChromeDriver
Capabilities {acceptInsecureCerts: false, acceptSslCerts: false, applicationCacheEnabled: false, browserConnectionEnabled: false, browserName: chrome, chrome: {chromedriverVersion: 2.35.528161 (5b82f2d2aae0ca..., userDataDir: C:\Users\ANKUR~1.JAI\AppDat...}, cssSelectorsEnabled: true, databaseEnabled: false, handlesAlerts: true, hasTouchScreen: false, javascriptEnabled: true, locationContextEnabled: true, mobileEmulationEnabled: false, nativeEvents: true, networkConnectionEnabled: false, pageLoadStrategy: normal, platform: XP, platformName: XP, rotatable: false, setWindowRect: true, takesHeapSnapshot: true, takesScreenshot: true, unexpectedAlertBehaviour: , unhandledPromptBehavior: , version: 67.0.3396.99, webStorageEnabled: true}
Session ID: 2ed710475ff636b4b1754fa2dd10e8f4)
[[ATTACHMENT|C:\\Users\\ankur.jain\\Katalon Studio\\Feedzai_Automation\\Reports\\AM_Test Suite\\20180711_100950\\1531284687503.png]]

2018-07-11 10:21:27 - [TEST_STEP][FAILED] - setText: Unable to set text '45' of object 'Object Repository/TC_24_36 AM/Input_Respcode' (Root cause: org.openqa.selenium.InvalidElementStateException: invalid element state: Element is not currently interactable and may not be manipulated
  (Session info: chrome=67.0.3396.99)
  (Driver info: chromedriver=2.35.528161 (5b82f2d2aae0ca24b877009200ced9065a772e73),platform=Windows NT 6.1.7601 SP1 x86_64) (WARNING: The server did not provide any stacktrace information)
Command duration or timeout: 0 milliseconds
Build info: version: '3.7.1', revision: '8a0099a', time: '2017-11-06T21:07:36.161Z'
System info: host: 'LT0021232', ip: '10.50.88.85', os.name: 'Windows 7', os.arch: 'amd64', os.version: '6.1', java.version: '1.8.0_102'
Driver info: com.kms.katalon.selenium.driver.CChromeDriver
Capabilities {acceptInsecureCerts: false, acceptSslCerts: false, applicationCacheEnabled: false, browserConnectionEnabled: false, browserName: chrome, chrome: {chromedriverVersion: 2.35.528161 (5b82f2d2aae0ca..., userDataDir: C:\Users\ANKUR~1.JAI\AppDat...}, cssSelectorsEnabled: true, databaseEnabled: false, handlesAlerts: true, hasTouchScreen: false, javascriptEnabled: true, locationContextEnabled: true, mobileEmulationEnabled: false, nativeEvents: true, networkConnectionEnabled: false, pageLoadStrategy: normal, platform: XP, platformName: XP, rotatable: false, setWindowRect: true, takesHeapSnapshot: true, takesScreenshot: true, unexpectedAlertBehaviour: , unhandledPromptBehavior: , version: 67.0.3396.99, webStorageEnabled: true}
Session ID: 2ed710475ff636b4b1754fa2dd10e8f4)

2018-07-11 10:21:28 - [MESSAGE][FAILED] - Unable to set text '45' of object 'Object Repository/TC_24_36 AM/Input_Respcode' (Root cause: org.openqa.selenium.InvalidElementStateException: invalid element state: Element is not currently interactable and may not be manipulated
  (Session info: chrome=67.0.3396.99)
  (Driver info: chromedriver=2.35.528161 (5b82f2d2aae0ca24b877009200ced9065a772e73),platform=Windows NT 6.1.7601 SP1 x86_64) (WARNING: The server did not provide any stacktrace information)
Command duration or timeout: 0 milliseconds
Build info: version: '3.7.1', revision: '8a0099a', time: '2017-11-06T21:07:36.161Z'
System info: host: 'LT0021232', ip: '10.50.88.85', os.name: 'Windows 7', os.arch: 'amd64', os.version: '6.1', java.version: '1.8.0_102'
Driver info: com.kms.katalon.selenium.driver.CChromeDriver
Capabilities {acceptInsecureCerts: false, acceptSslCerts: false, applicationCacheEnabled: false, browserConnectionEnabled: false, browserName: chrome, chrome: {chromedriverVersion: 2.35.528161 (5b82f2d2aae0ca..., userDataDir: C:\Users\ANKUR~1.JAI\AppDat...}, cssSelectorsEnabled: true, databaseEnabled: false, handlesAlerts: true, hasTouchScreen: false, javascriptEnabled: true, locationContextEnabled: true, mobileEmulationEnabled: false, nativeEvents: true, networkConnectionEnabled: false, pageLoadStrategy: normal, platform: XP, platformName: XP, rotatable: false, setWindowRect: true, takesHeapSnapshot: true, takesScreenshot: true, unexpectedAlertBehaviour: , unhandledPromptBehavior: , version: 67.0.3396.99, webStorageEnabled: true}
Session ID: 2ed710475ff636b4b1754fa2dd10e8f4)
[[ATTACHMENT|C:\\Users\\ankur.jain\\Katalon Studio\\Feedzai_Automation\\Reports\\AM_Test Suite\\20180711_100950\\1531284688168.png]]

2018-07-11 10:21:28 - [TEST_STEP][PASSED] - delay: Delayed 2 second(s)

2018-07-11 10:21:30 - [MESSAGE][PASSED] - Delayed 2 second(s)

2018-07-11 10:21:30 - [TEST_STEP][FAILED] - sendKeys: Unable to send keys '' to object 'Object Repository/TC_24_36 AM/Input_Respcode' (Root cause: org.openqa.selenium.ElementNotVisibleException: element not visible
  (Session info: chrome=67.0.3396.99)
  (Driver info: chromedriver=2.35.528161 (5b82f2d2aae0ca24b877009200ced9065a772e73),platform=Windows NT 6.1.7601 SP1 x86_64) (WARNING: The server did not provide any stacktrace information)
Command duration or timeout: 0 milliseconds
Build info: version: '3.7.1', revision: '8a0099a', time: '2017-11-06T21:07:36.161Z'
System info: host: 'LT0021232', ip: '10.50.88.85', os.name: 'Windows 7', os.arch: 'amd64', os.version: '6.1', java.version: '1.8.0_102'
Driver info: com.kms.katalon.selenium.driver.CChromeDriver
Capabilities {acceptInsecureCerts: false, acceptSslCerts: false, applicationCacheEnabled: false, browserConnectionEnabled: false, browserName: chrome, chrome: {chromedriverVersion: 2.35.528161 (5b82f2d2aae0ca..., userDataDir: C:\Users\ANKUR~1.JAI\AppDat...}, cssSelectorsEnabled: true, databaseEnabled: false, handlesAlerts: true, hasTouchScreen: false, javascriptEnabled: true, locationContextEnabled: true, mobileEmulationEnabled: false, nativeEvents: true, networkConnectionEnabled: false, pageLoadStrategy: normal, platform: XP, platformName: XP, rotatable: false, setWindowRect: true, takesHeapSnapshot: true, takesScreenshot: true, unexpectedAlertBehaviour: , unhandledPromptBehavior: , version: 67.0.3396.99, webStorageEnabled: true}
Session ID: 2ed710475ff636b4b1754fa2dd10e8f4)

2018-07-11 10:21:31 - [MESSAGE][FAILED] - Unable to send keys '' to object 'Object Repository/TC_24_36 AM/Input_Respcode' (Root cause: org.openqa.selenium.ElementNotVisibleException: element not visible
  (Session info: chrome=67.0.3396.99)
  (Driver info: chromedriver=2.35.528161 (5b82f2d2aae0ca24b877009200ced9065a772e73),platform=Windows NT 6.1.7601 SP1 x86_64) (WARNING: The server did not provide any stacktrace information)
Command duration or timeout: 0 milliseconds
Build info: version: '3.7.1', revision: '8a0099a', time: '2017-11-06T21:07:36.161Z'
System info: host: 'LT0021232', ip: '10.50.88.85', os.name: 'Windows 7', os.arch: 'amd64', os.version: '6.1', java.version: '1.8.0_102'
Driver info: com.kms.katalon.selenium.driver.CChromeDriver
Capabilities {acceptInsecureCerts: false, acceptSslCerts: false, applicationCacheEnabled: false, browserConnectionEnabled: false, browserName: chrome, chrome: {chromedriverVersion: 2.35.528161 (5b82f2d2aae0ca..., userDataDir: C:\Users\ANKUR~1.JAI\AppDat...}, cssSelectorsEnabled: true, databaseEnabled: false, handlesAlerts: true, hasTouchScreen: false, javascriptEnabled: true, locationContextEnabled: true, mobileEmulationEnabled: false, nativeEvents: true, networkConnectionEnabled: false, pageLoadStrategy: normal, platform: XP, platformName: XP, rotatable: false, setWindowRect: true, takesHeapSnapshot: true, takesScreenshot: true, unexpectedAlertBehaviour: , unhandledPromptBehavior: , version: 67.0.3396.99, webStorageEnabled: true}
Session ID: 2ed710475ff636b4b1754fa2dd10e8f4)
[[ATTACHMENT|C:\\Users\\ankur.jain\\Katalon Studio\\Feedzai_Automation\\Reports\\AM_Test Suite\\20180711_100950\\1531284690834.png]]

2018-07-11 10:21:31 - [TEST_STEP][PASSED] - delay: Delayed 5 second(s)

2018-07-11 10:21:36 - [MESSAGE][PASSED] - Delayed 5 second(s)

2018-07-11 10:21:36 - [TEST_STEP][FAILED] - click: Unable to click on object 'Object Repository/TC_24_36 AM/button_Search' (Root cause: org.openqa.selenium.WebDriverException: unknown error: Element <button type="submit" class="button button-primary">...</button> is not clickable at point (71, 257). Other element would receive the click: <dt class="ui_tpicker_hour_label">...</dt>
  (Session info: chrome=67.0.3396.99)
  (Driver info: chromedriver=2.35.528161 (5b82f2d2aae0ca24b877009200ced9065a772e73),platform=Windows NT 6.1.7601 SP1 x86_64) (WARNING: The server did not provide any stacktrace information)
Command duration or timeout: 0 milliseconds
Build info: version: '3.7.1', revision: '8a0099a', time: '2017-11-06T21:07:36.161Z'
System info: host: 'LT0021232', ip: '10.50.88.85', os.name: 'Windows 7', os.arch: 'amd64', os.version: '6.1', java.version: '1.8.0_102'
Driver info: com.kms.katalon.selenium.driver.CChromeDriver
Capabilities {acceptInsecureCerts: false, acceptSslCerts: false, applicationCacheEnabled: false, browserConnectionEnabled: false, browserName: chrome, chrome: {chromedriverVersion: 2.35.528161 (5b82f2d2aae0ca..., userDataDir: C:\Users\ANKUR~1.JAI\AppDat...}, cssSelectorsEnabled: true, databaseEnabled: false, handlesAlerts: true, hasTouchScreen: false, javascriptEnabled: true, locationContextEnabled: true, mobileEmulationEnabled: false, nativeEvents: true, networkConnectionEnabled: false, pageLoadStrategy: normal, platform: XP, platformName: XP, rotatable: false, setWindowRect: true, takesHeapSnapshot: true, takesScreenshot: true, unexpectedAlertBehaviour: , unhandledPromptBehavior: , version: 67.0.3396.99, webStorageEnabled: true}
Session ID: 2ed710475ff636b4b1754fa2dd10e8f4)

2018-07-11 10:21:36 - [MESSAGE][FAILED] - Unable to click on object 'Object Repository/TC_24_36 AM/button_Search' (Root cause: org.openqa.selenium.WebDriverException: unknown error: Element <button type="submit" class="button button-primary">...</button> is not clickable at point (71, 257). Other element would receive the click: <dt class="ui_tpicker_hour_label">...</dt>
  (Session info: chrome=67.0.3396.99)
  (Driver info: chromedriver=2.35.528161 (5b82f2d2aae0ca24b877009200ced9065a772e73),platform=Windows NT 6.1.7601 SP1 x86_64) (WARNING: The server did not provide any stacktrace information)
Command duration or timeout: 0 milliseconds
Build info: version: '3.7.1', revision: '8a0099a', time: '2017-11-06T21:07:36.161Z'
System info: host: 'LT0021232', ip: '10.50.88.85', os.name: 'Windows 7', os.arch: 'amd64', os.version: '6.1', java.version: '1.8.0_102'
Driver info: com.kms.katalon.selenium.driver.CChromeDriver
Capabilities {acceptInsecureCerts: false, acceptSslCerts: false, applicationCacheEnabled: false, browserConnectionEnabled: false, browserName: chrome, chrome: {chromedriverVersion: 2.35.528161 (5b82f2d2aae0ca..., userDataDir: C:\Users\ANKUR~1.JAI\AppDat...}, cssSelectorsEnabled: true, databaseEnabled: false, handlesAlerts: true, hasTouchScreen: false, javascriptEnabled: true, locationContextEnabled: true, mobileEmulationEnabled: false, nativeEvents: true, networkConnectionEnabled: false, pageLoadStrategy: normal, platform: XP, platformName: XP, rotatable: false, setWindowRect: true, takesHeapSnapshot: true, takesScreenshot: true, unexpectedAlertBehaviour: , unhandledPromptBehavior: , version: 67.0.3396.99, webStorageEnabled: true}
Session ID: 2ed710475ff636b4b1754fa2dd10e8f4)
[[ATTACHMENT|C:\\Users\\ankur.jain\\Katalon Studio\\Feedzai_Automation\\Reports\\AM_Test Suite\\20180711_100950\\1531284696547.png]]

2018-07-11 10:21:37 - [TEST_STEP][FAILED] - getText: Unable to get text of object 'Object Repository/TC_24_36 AM/Cust_Details' (Root cause: com.kms.katalon.core.webui.exception.WebElementNotFoundException: Web element with id: 'Object Repository/TC_24_36 AM/Cust_Details' located by 'By.xpath: //tbody[@style='opacity: 1;']' not found)

2018-07-11 10:22:09 - [MESSAGE][FAILED] - Unable to get text of object 'Object Repository/TC_24_36 AM/Cust_Details' (Root cause: com.kms.katalon.core.webui.exception.WebElementNotFoundException: Web element with id: 'Object Repository/TC_24_36 AM/Cust_Details' located by 'By.xpath: //tbody[@style='opacity: 1;']' not found)
[[ATTACHMENT|C:\\Users\\ankur.jain\\Katalon Studio\\Feedzai_Automation\\Reports\\AM_Test Suite\\20180711_100950\\1531284729060.png]]

2018-07-11 10:22:09 - [TEST_STEP][PASSED] - comment: Advance Search through Response Code is sucesfull

2018-07-11 10:22:09 - [TEST_STEP][PASSED] - Statement - Resp_code = com.kms.katalon.core.webui.keyword.WebUiBuiltInKeywords.takeScreenshot(): Taking screenshot successfully

2018-07-11 10:22:10 - [MESSAGE][PASSED] - Taking screenshot successfully
[[ATTACHMENT|C:\\Users\\ankur.jain\\Katalon Studio\\Feedzai_Automation\\Reports\\AM_Test Suite\\20180711_100950\\1531284729706.png]]

2018-07-11 10:22:10 - [TEST_STEP][FAILED] - verifyElementText: com.kms.katalon.core.webui.exception.WebElementNotFoundException: Web element with id: 'Object Repository/TC_24_36 AM/RespCode_Valid' located by 'By.xpath: /html/body/div[1]/div[1]/div[2]/div/div/div[2]/div[2]/div[2]/table/tbody/tr[1]/td[10]/abbr' not found

2018-07-11 10:22:42 - [MESSAGE][FAILED] - com.kms.katalon.core.webui.exception.WebElementNotFoundException: Web element with id: 'Object Repository/TC_24_36 AM/RespCode_Valid' located by 'By.xpath: /html/body/div[1]/div[1]/div[2]/div/div/div[2]/div[2]/div[2]/table/tbody/tr[1]/td[10]/abbr' not found
[[ATTACHMENT|C:\\Users\\ankur.jain\\Katalon Studio\\Feedzai_Automation\\Reports\\AM_Test Suite\\20180711_100950\\1531284762172.png]]

2018-07-11 10:22:42 - [TEST_STEP][PASSED] - refresh: Refresh successfully

2018-07-11 10:22:43 - [MESSAGE][PASSED] - Refresh successfully

2018-07-11 10:22:43 - [TEST_STEP][PASSED] - delay: Delayed 12 second(s)

2018-07-11 10:22:55 - [MESSAGE][PASSED] - Delayed 12 second(s)]]></system-out>
         <system-err><![CDATA[2018-07-11 10:20:47 - [TEST_CASE][FAILED] - Test Cases/Alert Manager Test Cases/Alert Manager_Search Screen/TC32_Validate Advance search through Processing code: Test Cases/Alert Manager Test Cases/Alert Manager_Search Screen/TC32_Validate Advance search through Processing code FAILED because (of) Unable to click on object 'Object Repository/TC_24_36 AM/Done_Button' (Root cause: com.kms.katalon.core.webui.exception.WebElementNotFoundException: Web element with id: 'Object Repository/TC_24_36 AM/Done_Button' located by 'By.xpath: //button[@type='button'][contains(text(),'Done')]' not found)]]></system-err>
      </testcase>
      <testcase name="Test Cases/Alert Manager Test Cases/Alert Manager_Search Screen/TC33_Validate Advance search through Hashed card pan" classname="Test Cases/Alert Manager Test Cases/Alert Manager_Search Screen/TC33_Validate Advance search through Hashed card pan" status="PASSED">
         <system-out><![CDATA[2018-07-11 10:22:55 - [TEST_CASE][PASSED] - Test Cases/Alert Manager Test Cases/Alert Manager_Search Screen/TC33_Validate Advance search through Hashed card pan: Test Cases/Alert Manager Test Cases/Alert Manager_Search Screen/TC33_Validate Advance search through Hashed card pan

2018-07-11 10:22:55 - [TEST_STEP][PASSED] - clearText: Text of object 'Object Repository/TC_24_36 AM/Date_input' is cleared

2018-07-11 10:22:56 - [MESSAGE][PASSED] - Text of object 'Object Repository/TC_24_36 AM/Date_input' is cleared

2018-07-11 10:22:56 - [TEST_STEP][PASSED] - delay: Delayed 2 second(s)

2018-07-11 10:22:58 - [MESSAGE][PASSED] - Delayed 2 second(s)

2018-07-11 10:22:58 - [TEST_STEP][PASSED] - click: Object: 'Object Repository/TC_24_36 AM/Done_Button' is clicked on

2018-07-11 10:22:58 - [MESSAGE][PASSED] - Object: 'Object Repository/TC_24_36 AM/Done_Button' is clicked on

2018-07-11 10:22:58 - [TEST_STEP][PASSED] - delay: Delayed 4 second(s)

2018-07-11 10:23:02 - [MESSAGE][PASSED] - Delayed 4 second(s)

2018-07-11 10:23:02 - [TEST_STEP][PASSED] - click: Object: 'Object Repository/TC_24_36 AM/button_Advanced Search' is clicked on

2018-07-11 10:23:02 - [MESSAGE][PASSED] - Object: 'Object Repository/TC_24_36 AM/button_Advanced Search' is clicked on

2018-07-11 10:23:03 - [TEST_STEP][PASSED] - delay: Delayed 2 second(s)

2018-07-11 10:23:05 - [MESSAGE][PASSED] - Delayed 2 second(s)

2018-07-11 10:23:05 - [TEST_STEP][PASSED] - click: Object: 'Object Repository/TC_24_36 AM/Click_HashPan' is clicked on

2018-07-11 10:23:05 - [MESSAGE][PASSED] - Object: 'Object Repository/TC_24_36 AM/Click_HashPan' is clicked on

2018-07-11 10:23:05 - [TEST_STEP][PASSED] - setText: Text 'Vi7ef8PcDBbitHDUrIX1-UvUbOz5Fij1fLesdenEeMc' is set on object 'Object Repository/TC_24_36 AM/Input_hashpan'

2018-07-11 10:23:07 - [MESSAGE][PASSED] - Text 'Vi7ef8PcDBbitHDUrIX1-UvUbOz5Fij1fLesdenEeMc' is set on object 'Object Repository/TC_24_36 AM/Input_hashpan'

2018-07-11 10:23:07 - [TEST_STEP][PASSED] - delay: Delayed 2 second(s)

2018-07-11 10:23:09 - [MESSAGE][PASSED] - Delayed 2 second(s)

2018-07-11 10:23:09 - [TEST_STEP][PASSED] - sendKeys: Keys 'ENTER + ' sent to object: 'Object Repository/TC_24_36 AM/Input_hashpan'

2018-07-11 10:23:10 - [MESSAGE][PASSED] - Keys 'ENTER + ' sent to object: 'Object Repository/TC_24_36 AM/Input_hashpan'

2018-07-11 10:23:10 - [TEST_STEP][PASSED] - delay: Delayed 2 second(s)

2018-07-11 10:23:12 - [MESSAGE][PASSED] - Delayed 2 second(s)

2018-07-11 10:23:12 - [TEST_STEP][PASSED] - click: Object: 'Object Repository/TC_24_36 AM/button_Search' is clicked on

2018-07-11 10:23:12 - [MESSAGE][PASSED] - Object: 'Object Repository/TC_24_36 AM/button_Search' is clicked on

2018-07-11 10:23:12 - [TEST_STEP][PASSED] - getText: Text of object 'Object Repository/TC_24_36 AM/Cust_Details' is: '09-02-2018 12:23:39 4018 59XX XXXX 5712 100.00 1100021618 7000020248 N/A no BIW 14 00 1 Customer Pending
09-02-2018 12:33:20 2812 3202 0242 8609 1,000.00 1100021618 1100021618 N/A no LMW 28 00 0 Unassigned Not Fraud
09-02-2018 12:38:50 4018 59XX XXXX 5712 100.00 1100021618 7000020248 N/A no BIW 14 05 1 Customer Pending
13-02-2018 15:57:08 4018 59XX XXXX 5712 150.00 1100021618 7709323104 N/A no BIW 14 00 1 Customer Pending
14-02-2018 10:21:24 4018 59XX XXXX 5712 223.33 1100021618 BS/25791 N/A no BIW 14 00 1 Customer Pending
14-02-2018 12:54:18 4018 59XX XXXX 5712 100.00 1100021618 8805903562 N/A no BIW 14 05 1 Ignored Not Fraud
15-02-2018 10:21:48 4018 59XX XXXX 5712 100.00 1100021618 9702201417 N/A no BIW 14 00 1 Customer Pending
15-02-2018 10:25:17 4018 59XX XXXX 5712 10.00 1100021618 9960662535 N/A no BIW 14 00 1 Customer Pending
15-02-2018 10:28:21 4018 59XX XXXX 5712 150.00 1100021618 7709495495 N/A no BIW 14 00 1 Customer Pending
16-02-2018 14:40:06 4018 59XX XXXX 5712 100.00 1100021618 7387664698 N/A no BIW 14 00 1 Customer Pending'

2018-07-11 10:23:19 - [MESSAGE][PASSED] - Text of object 'Object Repository/TC_24_36 AM/Cust_Details' is: '09-02-2018 12:23:39 4018 59XX XXXX 5712 100.00 1100021618 7000020248 N/A no BIW 14 00 1 Customer Pending
09-02-2018 12:33:20 2812 3202 0242 8609 1,000.00 1100021618 1100021618 N/A no LMW 28 00 0 Unassigned Not Fraud
09-02-2018 12:38:50 4018 59XX XXXX 5712 100.00 1100021618 7000020248 N/A no BIW 14 05 1 Customer Pending
13-02-2018 15:57:08 4018 59XX XXXX 5712 150.00 1100021618 7709323104 N/A no BIW 14 00 1 Customer Pending
14-02-2018 10:21:24 4018 59XX XXXX 5712 223.33 1100021618 BS/25791 N/A no BIW 14 00 1 Customer Pending
14-02-2018 12:54:18 4018 59XX XXXX 5712 100.00 1100021618 8805903562 N/A no BIW 14 05 1 Ignored Not Fraud
15-02-2018 10:21:48 4018 59XX XXXX 5712 100.00 1100021618 9702201417 N/A no BIW 14 00 1 Customer Pending
15-02-2018 10:25:17 4018 59XX XXXX 5712 10.00 1100021618 9960662535 N/A no BIW 14 00 1 Customer Pending
15-02-2018 10:28:21 4018 59XX XXXX 5712 150.00 1100021618 7709495495 N/A no BIW 14 00 1 Customer Pending
16-02-2018 14:40:06 4018 59XX XXXX 5712 100.00 1100021618 7387664698 N/A no BIW 14 00 1 Customer Pending'

2018-07-11 10:23:19 - [TEST_STEP][PASSED] - comment: Advance search through Hash Card is sucesfull

2018-07-11 10:23:19 - [TEST_STEP][PASSED] - Statement - Hash_Card = com.kms.katalon.core.webui.keyword.WebUiBuiltInKeywords.takeScreenshot(): Taking screenshot successfully

2018-07-11 10:23:20 - [MESSAGE][PASSED] - Taking screenshot successfully
[[ATTACHMENT|C:\\Users\\ankur.jain\\Katalon Studio\\Feedzai_Automation\\Reports\\AM_Test Suite\\20180711_100950\\1531284799951.png]]

2018-07-11 10:23:20 - [TEST_STEP][PASSED] - click: Object: 'Object Repository/TC_24_36 AM/Trans_Details' is clicked on

2018-07-11 10:23:20 - [MESSAGE][PASSED] - Object: 'Object Repository/TC_24_36 AM/Trans_Details' is clicked on

2018-07-11 10:23:20 - [TEST_STEP][PASSED] - verifyElementText: Actual text and expected text of test object 'Object Repository/TC_24_36 AM/Hash_Cad_Valid' are matched.

2018-07-11 10:23:22 - [MESSAGE][PASSED] - Actual text and expected text of test object 'Object Repository/TC_24_36 AM/Hash_Cad_Valid' are matched.

2018-07-11 10:23:22 - [TEST_STEP][PASSED] - back: Navigate back successfully

2018-07-11 10:23:22 - [MESSAGE][PASSED] - Navigate back successfully

2018-07-11 10:23:22 - [TEST_STEP][PASSED] - delay: Delayed 12 second(s)

2018-07-11 10:23:34 - [MESSAGE][PASSED] - Delayed 12 second(s)]]></system-out>
         <system-err><![CDATA[]]></system-err>
      </testcase>
      <testcase name="Test Cases/Alert Manager Test Cases/Alert Manager_Search Screen/TC34_Validate Advance search through Customer App ID" classname="Test Cases/Alert Manager Test Cases/Alert Manager_Search Screen/TC34_Validate Advance search through Customer App ID" status="PASSED">
         <system-out><![CDATA[2018-07-11 10:23:34 - [TEST_CASE][PASSED] - Test Cases/Alert Manager Test Cases/Alert Manager_Search Screen/TC34_Validate Advance search through Customer App ID: Test Cases/Alert Manager Test Cases/Alert Manager_Search Screen/TC34_Validate Advance search through Customer App ID

2018-07-11 10:23:35 - [TEST_STEP][PASSED] - clearText: Text of object 'Object Repository/TC_24_36 AM/Date_input' is cleared

2018-07-11 10:23:36 - [MESSAGE][PASSED] - Text of object 'Object Repository/TC_24_36 AM/Date_input' is cleared

2018-07-11 10:23:36 - [TEST_STEP][PASSED] - click: Object: 'Object Repository/TC_24_36 AM/Done_Button' is clicked on

2018-07-11 10:23:36 - [MESSAGE][PASSED] - Object: 'Object Repository/TC_24_36 AM/Done_Button' is clicked on

2018-07-11 10:23:36 - [TEST_STEP][PASSED] - delay: Delayed 2 second(s)

2018-07-11 10:23:38 - [MESSAGE][PASSED] - Delayed 2 second(s)

2018-07-11 10:23:38 - [TEST_STEP][PASSED] - click: Object: 'Object Repository/TC_24_36 AM/button_Advanced Search' is clicked on

2018-07-11 10:23:39 - [MESSAGE][PASSED] - Object: 'Object Repository/TC_24_36 AM/button_Advanced Search' is clicked on

2018-07-11 10:23:39 - [TEST_STEP][PASSED] - delay: Delayed 2 second(s)

2018-07-11 10:23:41 - [MESSAGE][PASSED] - Delayed 2 second(s)

2018-07-11 10:23:41 - [TEST_STEP][PASSED] - click: Object: 'Object Repository/TC_24_36 AM/Click_CustAppid' is clicked on

2018-07-11 10:23:41 - [MESSAGE][PASSED] - Object: 'Object Repository/TC_24_36 AM/Click_CustAppid' is clicked on

2018-07-11 10:23:41 - [TEST_STEP][PASSED] - setText: Text 'LS5501_LYF LS-5501' is set on object 'Object Repository/TC_24_36 AM/input_CustAppid'

2018-07-11 10:23:42 - [MESSAGE][PASSED] - Text 'LS5501_LYF LS-5501' is set on object 'Object Repository/TC_24_36 AM/input_CustAppid'

2018-07-11 10:23:42 - [TEST_STEP][PASSED] - delay: Delayed 2 second(s)

2018-07-11 10:23:44 - [MESSAGE][PASSED] - Delayed 2 second(s)

2018-07-11 10:23:44 - [TEST_STEP][PASSED] - sendKeys: Keys 'ENTER + ' sent to object: 'Object Repository/TC_24_36 AM/input_CustAppid'

2018-07-11 10:23:44 - [MESSAGE][PASSED] - Keys 'ENTER + ' sent to object: 'Object Repository/TC_24_36 AM/input_CustAppid'

2018-07-11 10:23:44 - [TEST_STEP][PASSED] - delay: Delayed 2 second(s)

2018-07-11 10:23:46 - [MESSAGE][PASSED] - Delayed 2 second(s)

2018-07-11 10:23:46 - [TEST_STEP][PASSED] - click: Object: 'Object Repository/TC_24_36 AM/button_Search' is clicked on

2018-07-11 10:23:47 - [MESSAGE][PASSED] - Object: 'Object Repository/TC_24_36 AM/button_Search' is clicked on

2018-07-11 10:23:47 - [TEST_STEP][PASSED] - getText: Text of object 'Object Repository/TC_24_36 AM/Cust_Details' is: '04-03-2017 22:49:22 2812 3200 1444 9884 1.00 1100022231 100001000023651 8398 no P2M 18 00 0 Unassigned Not Fraud
14-03-2017 16:38:32 2812 3201 2953 4158 1.00 1100020710 100001000017914 5732 no P2M 18 05 1 Customer Pending
14-03-2017 17:43:41 2812 3201 2953 4158 10.00 1100020710 100001000020399 7011 no P2M 18 05 1 Customer Pending
16-03-2017 11:13:14 2812 3201 2953 4158 1.00 1100020710 100001000020399 7011 no P2M 18 00 0 Unassigned Not Fraud
17-03-2017 14:21:01 2812 3201 2953 4158 15,000.00 1100020710 1100020710 N/A no LMW 28 05 0 Unassigned Not Fraud
17-03-2017 14:21:16 2812 3201 2953 4158 15,000.00 1100020710 1100020710 N/A no LMW 28 00 0 Unassigned Not Fraud
17-03-2017 14:45:00 2812 3201 2953 4158 15,000.00 1100020710 1100020710 N/A no LMW 28 05 0 Unassigned Not Fraud
20-03-2017 11:55:46 2812 3206 0032 6843 1.00 1100059298 1100023214 N/A no PDW 47 00 0 Unassigned Not Fraud
20-03-2017 11:56:05 2812 3206 0032 6843 1.00 1100059298 1100023214 N/A no PDW 47 00 0 Unassigned Not Fraud
20-03-2017 15:55:06 2812 3206 0032 6843 1.00 1100059298 1100023214 N/A no PDW 47 00 0 Unassigned Not Fraud'

2018-07-11 10:23:48 - [MESSAGE][PASSED] - Text of object 'Object Repository/TC_24_36 AM/Cust_Details' is: '04-03-2017 22:49:22 2812 3200 1444 9884 1.00 1100022231 100001000023651 8398 no P2M 18 00 0 Unassigned Not Fraud
14-03-2017 16:38:32 2812 3201 2953 4158 1.00 1100020710 100001000017914 5732 no P2M 18 05 1 Customer Pending
14-03-2017 17:43:41 2812 3201 2953 4158 10.00 1100020710 100001000020399 7011 no P2M 18 05 1 Customer Pending
16-03-2017 11:13:14 2812 3201 2953 4158 1.00 1100020710 100001000020399 7011 no P2M 18 00 0 Unassigned Not Fraud
17-03-2017 14:21:01 2812 3201 2953 4158 15,000.00 1100020710 1100020710 N/A no LMW 28 05 0 Unassigned Not Fraud
17-03-2017 14:21:16 2812 3201 2953 4158 15,000.00 1100020710 1100020710 N/A no LMW 28 00 0 Unassigned Not Fraud
17-03-2017 14:45:00 2812 3201 2953 4158 15,000.00 1100020710 1100020710 N/A no LMW 28 05 0 Unassigned Not Fraud
20-03-2017 11:55:46 2812 3206 0032 6843 1.00 1100059298 1100023214 N/A no PDW 47 00 0 Unassigned Not Fraud
20-03-2017 11:56:05 2812 3206 0032 6843 1.00 1100059298 1100023214 N/A no PDW 47 00 0 Unassigned Not Fraud
20-03-2017 15:55:06 2812 3206 0032 6843 1.00 1100059298 1100023214 N/A no PDW 47 00 0 Unassigned Not Fraud'

2018-07-11 10:23:48 - [TEST_STEP][PASSED] - comment: Advance search through Customer App id is sucesfull

2018-07-11 10:23:48 - [TEST_STEP][PASSED] - Statement - Customer_App_id = com.kms.katalon.core.webui.keyword.WebUiBuiltInKeywords.takeScreenshot(): Taking screenshot successfully

2018-07-11 10:23:49 - [MESSAGE][PASSED] - Taking screenshot successfully
[[ATTACHMENT|C:\\Users\\ankur.jain\\Katalon Studio\\Feedzai_Automation\\Reports\\AM_Test Suite\\20180711_100950\\1531284828985.png]]

2018-07-11 10:23:49 - [TEST_STEP][PASSED] - click: Object: 'Object Repository/TC_24_36 AM/Trans_Details' is clicked on

2018-07-11 10:23:49 - [MESSAGE][PASSED] - Object: 'Object Repository/TC_24_36 AM/Trans_Details' is clicked on

2018-07-11 10:23:49 - [TEST_STEP][PASSED] - verifyElementText: Actual text and expected text of test object 'Object Repository/TC_24_36 AM/Cust_AppId_Valid' are matched.

2018-07-11 10:23:50 - [MESSAGE][PASSED] - Actual text and expected text of test object 'Object Repository/TC_24_36 AM/Cust_AppId_Valid' are matched.

2018-07-11 10:23:50 - [TEST_STEP][PASSED] - back: Navigate back successfully

2018-07-11 10:23:51 - [MESSAGE][PASSED] - Navigate back successfully

2018-07-11 10:23:51 - [TEST_STEP][PASSED] - delay: Delayed 12 second(s)

2018-07-11 10:24:03 - [MESSAGE][PASSED] - Delayed 12 second(s)]]></system-out>
         <system-err><![CDATA[]]></system-err>
      </testcase>
      <testcase name="Test Cases/Alert Manager Test Cases/Alert Manager_Search Screen/TC35_Validate Advance search through Sender pan or Card pan" classname="Test Cases/Alert Manager Test Cases/Alert Manager_Search Screen/TC35_Validate Advance search through Sender pan or Card pan" status="PASSED">
         <system-out><![CDATA[2018-07-11 10:24:03 - [TEST_CASE][PASSED] - Test Cases/Alert Manager Test Cases/Alert Manager_Search Screen/TC35_Validate Advance search through Sender pan or Card pan: Test Cases/Alert Manager Test Cases/Alert Manager_Search Screen/TC35_Validate Advance search through Sender pan or Card pan

2018-07-11 10:24:03 - [TEST_STEP][PASSED] - clearText: Text of object 'Object Repository/TC_24_36 AM/Date_input' is cleared

2018-07-11 10:24:04 - [MESSAGE][PASSED] - Text of object 'Object Repository/TC_24_36 AM/Date_input' is cleared

2018-07-11 10:24:04 - [TEST_STEP][PASSED] - click: Object: 'Object Repository/TC_24_36 AM/Done_Button' is clicked on

2018-07-11 10:24:04 - [MESSAGE][PASSED] - Object: 'Object Repository/TC_24_36 AM/Done_Button' is clicked on

2018-07-11 10:24:04 - [TEST_STEP][PASSED] - delay: Delayed 2 second(s)

2018-07-11 10:24:06 - [MESSAGE][PASSED] - Delayed 2 second(s)

2018-07-11 10:24:06 - [TEST_STEP][PASSED] - click: Object: 'Object Repository/TC_24_36 AM/button_Advanced Search' is clicked on

2018-07-11 10:24:07 - [MESSAGE][PASSED] - Object: 'Object Repository/TC_24_36 AM/button_Advanced Search' is clicked on

2018-07-11 10:24:07 - [TEST_STEP][PASSED] - delay: Delayed 2 second(s)

2018-07-11 10:24:09 - [MESSAGE][PASSED] - Delayed 2 second(s)

2018-07-11 10:24:09 - [TEST_STEP][PASSED] - click: Object: 'Object Repository/TC_24_36 AM/ClickSenderPAN' is clicked on

2018-07-11 10:24:09 - [MESSAGE][PASSED] - Object: 'Object Repository/TC_24_36 AM/ClickSenderPAN' is clicked on

2018-07-11 10:24:09 - [TEST_STEP][PASSED] - setText: Text '2812 3200 0885 0253' is set on object 'Object Repository/TC_24_36 AM/input_SenderPAN'

2018-07-11 10:24:10 - [MESSAGE][PASSED] - Text '2812 3200 0885 0253' is set on object 'Object Repository/TC_24_36 AM/input_SenderPAN'

2018-07-11 10:24:10 - [TEST_STEP][PASSED] - delay: Delayed 2 second(s)

2018-07-11 10:24:12 - [MESSAGE][PASSED] - Delayed 2 second(s)

2018-07-11 10:24:12 - [TEST_STEP][PASSED] - sendKeys: Keys 'ENTER + ' sent to object: 'Object Repository/TC_24_36 AM/input_SenderPAN'

2018-07-11 10:24:13 - [MESSAGE][PASSED] - Keys 'ENTER + ' sent to object: 'Object Repository/TC_24_36 AM/input_SenderPAN'

2018-07-11 10:24:13 - [TEST_STEP][PASSED] - delay: Delayed 2 second(s)

2018-07-11 10:24:15 - [MESSAGE][PASSED] - Delayed 2 second(s)

2018-07-11 10:24:15 - [TEST_STEP][PASSED] - click: Object: 'Object Repository/TC_24_36 AM/button_Search' is clicked on

2018-07-11 10:24:15 - [MESSAGE][PASSED] - Object: 'Object Repository/TC_24_36 AM/button_Search' is clicked on

2018-07-11 10:24:15 - [TEST_STEP][PASSED] - getText: Text of object 'Object Repository/TC_24_36 AM/Cust_Details' is: '11-11-2016 13:18:13 2812 3200 0885 0253 1.00 1100020952 1100021711 N/A no PDW 47 00 0 Unassigned Not Fraud
11-11-2016 14:48:41 2812 3200 0885 0253 2.00 1100020952 458954868243860574 N/A no NFW 41 00 0 Unassigned Not Fraud
11-11-2016 14:54:09 2812 3200 0885 0253 2.00 1100020952 1100006234 N/A no PDW 47 00 0 Unassigned Not Fraud
11-11-2016 14:56:45 2812 3200 0885 0253 2.00 1100020952 100001000020055 8220 no BPC 0 00 0 Unassigned Not Fraud
11-11-2016 14:57:20 2812 3200 0885 0253 2.00 1100020952 100001000020055 8220 no BPC 0 00 0 Unassigned Not Fraud'

2018-07-11 10:24:16 - [MESSAGE][PASSED] - Text of object 'Object Repository/TC_24_36 AM/Cust_Details' is: '11-11-2016 13:18:13 2812 3200 0885 0253 1.00 1100020952 1100021711 N/A no PDW 47 00 0 Unassigned Not Fraud
11-11-2016 14:48:41 2812 3200 0885 0253 2.00 1100020952 458954868243860574 N/A no NFW 41 00 0 Unassigned Not Fraud
11-11-2016 14:54:09 2812 3200 0885 0253 2.00 1100020952 1100006234 N/A no PDW 47 00 0 Unassigned Not Fraud
11-11-2016 14:56:45 2812 3200 0885 0253 2.00 1100020952 100001000020055 8220 no BPC 0 00 0 Unassigned Not Fraud
11-11-2016 14:57:20 2812 3200 0885 0253 2.00 1100020952 100001000020055 8220 no BPC 0 00 0 Unassigned Not Fraud'

2018-07-11 10:24:16 - [TEST_STEP][PASSED] - comment: Advance search through Sender PAN card is sucesfull

2018-07-11 10:24:16 - [TEST_STEP][PASSED] - Statement - Customer_App_id = com.kms.katalon.core.webui.keyword.WebUiBuiltInKeywords.takeScreenshot(): Taking screenshot successfully

2018-07-11 10:24:16 - [MESSAGE][PASSED] - Taking screenshot successfully
[[ATTACHMENT|C:\\Users\\ankur.jain\\Katalon Studio\\Feedzai_Automation\\Reports\\AM_Test Suite\\20180711_100950\\1531284856351.png]]

2018-07-11 10:24:16 - [TEST_STEP][PASSED] - click: Object: 'Object Repository/TC_24_36 AM/Trans_Details' is clicked on

2018-07-11 10:24:17 - [MESSAGE][PASSED] - Object: 'Object Repository/TC_24_36 AM/Trans_Details' is clicked on

2018-07-11 10:24:17 - [TEST_STEP][PASSED] - verifyElementText: Actual text and expected text of test object 'Object Repository/TC_24_36 AM/Sender_Pan_Valid' are matched.

2018-07-11 10:24:18 - [MESSAGE][PASSED] - Actual text and expected text of test object 'Object Repository/TC_24_36 AM/Sender_Pan_Valid' are matched.

2018-07-11 10:24:18 - [TEST_STEP][PASSED] - back: Navigate back successfully

2018-07-11 10:24:18 - [MESSAGE][PASSED] - Navigate back successfully

2018-07-11 10:24:18 - [TEST_STEP][PASSED] - delay: Delayed 12 second(s)

2018-07-11 10:24:30 - [MESSAGE][PASSED] - Delayed 12 second(s)]]></system-out>
         <system-err><![CDATA[]]></system-err>
      </testcase>
      <testcase name="Test Cases/Alert Manager Test Cases/Alert Manager_Search Screen/TC36_Validate Advance search through Card bin" classname="Test Cases/Alert Manager Test Cases/Alert Manager_Search Screen/TC36_Validate Advance search through Card bin" status="PASSED">
         <system-out><![CDATA[2018-07-11 10:24:30 - [TEST_CASE][PASSED] - Test Cases/Alert Manager Test Cases/Alert Manager_Search Screen/TC36_Validate Advance search through Card bin: Test Cases/Alert Manager Test Cases/Alert Manager_Search Screen/TC36_Validate Advance search through Card bin

2018-07-11 10:24:31 - [TEST_STEP][PASSED] - clearText: Text of object 'Object Repository/TC_24_36 AM/Date_input' is cleared

2018-07-11 10:24:31 - [MESSAGE][PASSED] - Text of object 'Object Repository/TC_24_36 AM/Date_input' is cleared

2018-07-11 10:24:31 - [TEST_STEP][PASSED] - click: Object: 'Object Repository/TC_24_36 AM/Done_Button' is clicked on

2018-07-11 10:24:32 - [MESSAGE][PASSED] - Object: 'Object Repository/TC_24_36 AM/Done_Button' is clicked on

2018-07-11 10:24:32 - [TEST_STEP][PASSED] - delay: Delayed 2 second(s)

2018-07-11 10:24:34 - [MESSAGE][PASSED] - Delayed 2 second(s)

2018-07-11 10:24:34 - [TEST_STEP][PASSED] - click: Object: 'Object Repository/TC_24_36 AM/button_Advanced Search' is clicked on

2018-07-11 10:24:34 - [MESSAGE][PASSED] - Object: 'Object Repository/TC_24_36 AM/button_Advanced Search' is clicked on

2018-07-11 10:24:34 - [TEST_STEP][PASSED] - delay: Delayed 2 second(s)

2018-07-11 10:24:36 - [MESSAGE][PASSED] - Delayed 2 second(s)

2018-07-11 10:24:36 - [TEST_STEP][PASSED] - click: Object: 'Object Repository/TC_24_36 AM/Click_CardBin' is clicked on

2018-07-11 10:24:37 - [MESSAGE][PASSED] - Object: 'Object Repository/TC_24_36 AM/Click_CardBin' is clicked on

2018-07-11 10:24:37 - [TEST_STEP][PASSED] - setText: Text '281232' is set on object 'Object Repository/TC_24_36 AM/Input_CardBin'

2018-07-11 10:24:38 - [MESSAGE][PASSED] - Text '281232' is set on object 'Object Repository/TC_24_36 AM/Input_CardBin'

2018-07-11 10:24:38 - [TEST_STEP][PASSED] - delay: Delayed 2 second(s)

2018-07-11 10:24:40 - [MESSAGE][PASSED] - Delayed 2 second(s)

2018-07-11 10:24:40 - [TEST_STEP][PASSED] - sendKeys: Keys 'ENTER + ' sent to object: 'Object Repository/TC_24_36 AM/Input_CardBin'

2018-07-11 10:24:40 - [MESSAGE][PASSED] - Keys 'ENTER + ' sent to object: 'Object Repository/TC_24_36 AM/Input_CardBin'

2018-07-11 10:24:40 - [TEST_STEP][PASSED] - delay: Delayed 2 second(s)

2018-07-11 10:24:42 - [MESSAGE][PASSED] - Delayed 2 second(s)

2018-07-11 10:24:42 - [TEST_STEP][PASSED] - click: Object: 'Object Repository/TC_24_36 AM/button_Search' is clicked on

2018-07-11 10:24:42 - [MESSAGE][PASSED] - Object: 'Object Repository/TC_24_36 AM/button_Search' is clicked on

2018-07-11 10:24:42 - [TEST_STEP][PASSED] - getText: Text of object 'Object Repository/TC_24_36 AM/Cust_Details' is: '29-09-2016 15:13:09 2812 3200 2706 9398 1.00 1100006770 100001000013647 5999 no WPP 0 00 2 Unassigned Not Fraud
29-09-2016 15:13:26 2812 3203 4979 3840 0.01 1100020885 100001000020193 5045 no BPC 0 00 0 Unassigned Fraud
01-10-2016 15:43:47 2812 3204 3261 1412 2,000.00 1100020949 1100020949 N/A no LMW 28 00 1 Unassigned Not Fraud
01-10-2016 16:39:15 2812 3204 3261 1412 1,100.00 1100020949 085592220394 N/A no NFW 41 05 1 Unassigned Not Fraud
03-10-2016 12:41:05 2812 3202 5265 8477 100.00 1100006008 1100006008 N/A no LMW 28 00 1 Unassigned Not Fraud'

2018-07-11 10:24:45 - [MESSAGE][PASSED] - Text of object 'Object Repository/TC_24_36 AM/Cust_Details' is: '29-09-2016 15:13:09 2812 3200 2706 9398 1.00 1100006770 100001000013647 5999 no WPP 0 00 2 Unassigned Not Fraud
29-09-2016 15:13:26 2812 3203 4979 3840 0.01 1100020885 100001000020193 5045 no BPC 0 00 0 Unassigned Fraud
01-10-2016 15:43:47 2812 3204 3261 1412 2,000.00 1100020949 1100020949 N/A no LMW 28 00 1 Unassigned Not Fraud
01-10-2016 16:39:15 2812 3204 3261 1412 1,100.00 1100020949 085592220394 N/A no NFW 41 05 1 Unassigned Not Fraud
03-10-2016 12:41:05 2812 3202 5265 8477 100.00 1100006008 1100006008 N/A no LMW 28 00 1 Unassigned Not Fraud'

2018-07-11 10:24:45 - [TEST_STEP][PASSED] - comment: Advance search through Card Bin is sucesfull

2018-07-11 10:24:45 - [TEST_STEP][PASSED] - Statement - Card_Bin_Search = com.kms.katalon.core.webui.keyword.WebUiBuiltInKeywords.takeScreenshot(): Taking screenshot successfully

2018-07-11 10:24:45 - [MESSAGE][PASSED] - Taking screenshot successfully
[[ATTACHMENT|C:\\Users\\ankur.jain\\Katalon Studio\\Feedzai_Automation\\Reports\\AM_Test Suite\\20180711_100950\\1531284885333.png]]

2018-07-11 10:24:45 - [TEST_STEP][PASSED] - click: Object: 'Object Repository/TC_24_36 AM/Trans_Details' is clicked on

2018-07-11 10:24:46 - [MESSAGE][PASSED] - Object: 'Object Repository/TC_24_36 AM/Trans_Details' is clicked on

2018-07-11 10:24:46 - [TEST_STEP][PASSED] - verifyElementText: Actual text and expected text of test object 'Object Repository/TC_24_36 AM/CardBin_Validation' are matched.

2018-07-11 10:24:47 - [MESSAGE][PASSED] - Actual text and expected text of test object 'Object Repository/TC_24_36 AM/CardBin_Validation' are matched.

2018-07-11 10:24:47 - [TEST_STEP][PASSED] - delay: Delayed 12 second(s)

2018-07-11 10:24:59 - [MESSAGE][PASSED] - Delayed 12 second(s)]]></system-out>
         <system-err><![CDATA[]]></system-err>
      </testcase>
      <testcase name="Test Cases/Alert Manager Test Cases/Alert Manager_JPB Customer Advance Search/TC47_JPB Profile Search with Customer_number" classname="Test Cases/Alert Manager Test Cases/Alert Manager_JPB Customer Advance Search/TC47_JPB Profile Search with Customer_number" status="PASSED">
         <system-out><![CDATA[2018-07-11 10:25:03 - [TEST_CASE][PASSED] - Test Cases/Alert Manager Test Cases/Alert Manager_JPB Customer Advance Search/TC47_JPB Profile Search with Customer_number: Test Cases/Alert Manager Test Cases/Alert Manager_JPB Customer Advance Search/TC47_JPB Profile Search with Customer_number

2018-07-11 10:25:04 - [TEST_STEP][PASSED] - click: Object: 'Object Repository/TC47_58 AM/Cust_Tab' is clicked on

2018-07-11 10:25:05 - [MESSAGE][PASSED] - Object: 'Object Repository/TC47_58 AM/Cust_Tab' is clicked on

2018-07-11 10:25:05 - [TEST_STEP][PASSED] - click: Object: 'Object Repository/TC47_58 AM/JPB_ComboBox' is clicked on

2018-07-11 10:25:08 - [MESSAGE][PASSED] - Object: 'Object Repository/TC47_58 AM/JPB_ComboBox' is clicked on

2018-07-11 10:25:08 - [TEST_STEP][PASSED] - setText: Text '4000000451' is set on object 'Object Repository/TC47_58 AM/Customer_input'

2018-07-11 10:25:09 - [MESSAGE][PASSED] - Text '4000000451' is set on object 'Object Repository/TC47_58 AM/Customer_input'

2018-07-11 10:25:09 - [TEST_STEP][PASSED] - delay: Delayed 3 second(s)

2018-07-11 10:25:12 - [MESSAGE][PASSED] - Delayed 3 second(s)

2018-07-11 10:25:12 - [TEST_STEP][PASSED] - sendKeys: Keys 'ENTER + ' sent to object: 'Object Repository/TC47_58 AM/Customer_input'

2018-07-11 10:25:12 - [MESSAGE][PASSED] - Keys 'ENTER + ' sent to object: 'Object Repository/TC47_58 AM/Customer_input'

2018-07-11 10:25:12 - [TEST_STEP][PASSED] - comment: JPB Customer Details Displayed]]></system-out>
         <system-err><![CDATA[]]></system-err>
      </testcase>
      <testcase name="Test Cases/Alert Manager Test Cases/Alert Manager_JPB Customer Advance Search/TC48_JPB Customer Details" classname="Test Cases/Alert Manager Test Cases/Alert Manager_JPB Customer Advance Search/TC48_JPB Customer Details" status="PASSED">
         <system-out><![CDATA[2018-07-11 10:25:12 - [TEST_CASE][PASSED] - Test Cases/Alert Manager Test Cases/Alert Manager_JPB Customer Advance Search/TC48_JPB Customer Details: Test Cases/Alert Manager Test Cases/Alert Manager_JPB Customer Advance Search/TC48_JPB Customer Details

2018-07-11 10:25:13 - [TEST_STEP][PASSED] - verifyElementText: Actual text and expected text of test object 'Object Repository/TC47_58 AM/Cust_Name' are matched.

2018-07-11 10:25:13 - [MESSAGE][PASSED] - Actual text and expected text of test object 'Object Repository/TC47_58 AM/Cust_Name' are matched.

2018-07-11 10:25:13 - [TEST_STEP][PASSED] - verifyElementText: Actual text and expected text of test object 'Object Repository/TC47_58 AM/Cust-id' are matched.

2018-07-11 10:25:13 - [MESSAGE][PASSED] - Actual text and expected text of test object 'Object Repository/TC47_58 AM/Cust-id' are matched.

2018-07-11 10:25:13 - [TEST_STEP][PASSED] - verifyElementText: Actual text and expected text of test object 'Object Repository/TC47_58 AM/Risk_Details' are matched.

2018-07-11 10:25:14 - [MESSAGE][PASSED] - Actual text and expected text of test object 'Object Repository/TC47_58 AM/Risk_Details' are matched.

2018-07-11 10:25:14 - [TEST_STEP][PASSED] - comment: JPB Customer Detail Validated Sucesfully

2018-07-11 10:25:14 - [TEST_STEP][PASSED] - Statement - JPB_CustDetails = com.kms.katalon.core.webui.keyword.WebUiBuiltInKeywords.takeScreenshot(): Taking screenshot successfully

2018-07-11 10:25:15 - [MESSAGE][PASSED] - Taking screenshot successfully
[[ATTACHMENT|C:\\Users\\ankur.jain\\Katalon Studio\\Feedzai_Automation\\Reports\\AM_Test Suite\\20180711_100950\\1531284914177.png]]]]></system-out>
         <system-err><![CDATA[]]></system-err>
      </testcase>
      <testcase name="Test Cases/Alert Manager Test Cases/Alert Manager_JPB Customer Advance Search/TC49_JPB Profile Search with Account_number" classname="Test Cases/Alert Manager Test Cases/Alert Manager_JPB Customer Advance Search/TC49_JPB Profile Search with Account_number" status="PASSED">
         <system-out><![CDATA[2018-07-11 10:25:15 - [TEST_CASE][PASSED] - Test Cases/Alert Manager Test Cases/Alert Manager_JPB Customer Advance Search/TC49_JPB Profile Search with Account_number: Test Cases/Alert Manager Test Cases/Alert Manager_JPB Customer Advance Search/TC49_JPB Profile Search with Account_number

2018-07-11 10:25:16 - [TEST_STEP][PASSED] - click: Object: 'Object Repository/TC47_58 AM/Cust_Tab' is clicked on

2018-07-11 10:25:16 - [MESSAGE][PASSED] - Object: 'Object Repository/TC47_58 AM/Cust_Tab' is clicked on

2018-07-11 10:25:16 - [TEST_STEP][PASSED] - click: Object: 'Object Repository/TC47_58 AM/JPB_ComboBox' is clicked on

2018-07-11 10:25:16 - [MESSAGE][PASSED] - Object: 'Object Repository/TC47_58 AM/JPB_ComboBox' is clicked on

2018-07-11 10:25:16 - [TEST_STEP][PASSED] - setText: Text '30000001021502' is set on object 'Object Repository/TC47_58 AM/Customer_input'

2018-07-11 10:25:17 - [MESSAGE][PASSED] - Text '30000001021502' is set on object 'Object Repository/TC47_58 AM/Customer_input'

2018-07-11 10:25:17 - [TEST_STEP][PASSED] - delay: Delayed 3 second(s)

2018-07-11 10:25:20 - [MESSAGE][PASSED] - Delayed 3 second(s)

2018-07-11 10:25:20 - [TEST_STEP][PASSED] - sendKeys: Keys 'ENTER + ' sent to object: 'Object Repository/TC47_58 AM/Customer_input'

2018-07-11 10:25:21 - [MESSAGE][PASSED] - Keys 'ENTER + ' sent to object: 'Object Repository/TC47_58 AM/Customer_input'

2018-07-11 10:25:21 - [TEST_STEP][PASSED] - comment: JPB Customer Details through id is Displayed]]></system-out>
         <system-err><![CDATA[]]></system-err>
      </testcase>
      <testcase name="Test Cases/Alert Manager Test Cases/Alert Manager_JPB Customer Advance Search/TC50_JPB Account Details" classname="Test Cases/Alert Manager Test Cases/Alert Manager_JPB Customer Advance Search/TC50_JPB Account Details" status="PASSED">
         <system-out><![CDATA[2018-07-11 10:25:21 - [TEST_CASE][PASSED] - Test Cases/Alert Manager Test Cases/Alert Manager_JPB Customer Advance Search/TC50_JPB Account Details: Test Cases/Alert Manager Test Cases/Alert Manager_JPB Customer Advance Search/TC50_JPB Account Details

2018-07-11 10:25:22 - [TEST_STEP][PASSED] - verifyElementText: Actual text and expected text of test object 'Object Repository/TC47_58 AM/POI_Name' are matched.

2018-07-11 10:25:22 - [MESSAGE][PASSED] - Actual text and expected text of test object 'Object Repository/TC47_58 AM/POI_Name' are matched.

2018-07-11 10:25:22 - [TEST_STEP][PASSED] - comment: JPB Customer Detail trhough account no is Validated Sucesfully

2018-07-11 10:25:22 - [TEST_STEP][PASSED] - Statement - JPB_CustDetails_Id = com.kms.katalon.core.webui.keyword.WebUiBuiltInKeywords.takeScreenshot(): Taking screenshot successfully

2018-07-11 10:25:23 - [MESSAGE][PASSED] - Taking screenshot successfully
[[ATTACHMENT|C:\\Users\\ankur.jain\\Katalon Studio\\Feedzai_Automation\\Reports\\AM_Test Suite\\20180711_100950\\1531284922485.png]]]]></system-out>
         <system-err><![CDATA[]]></system-err>
      </testcase>
      <testcase name="Test Cases/Alert Manager Test Cases/Alert Manager_JPB Customer Advance Search/TC51_JPB Customer activity period details" classname="Test Cases/Alert Manager Test Cases/Alert Manager_JPB Customer Advance Search/TC51_JPB Customer activity period details" status="PASSED">
         <system-out><![CDATA[2018-07-11 10:25:23 - [TEST_CASE][PASSED] - Test Cases/Alert Manager Test Cases/Alert Manager_JPB Customer Advance Search/TC51_JPB Customer activity period details: Test Cases/Alert Manager Test Cases/Alert Manager_JPB Customer Advance Search/TC51_JPB Customer activity period details

2018-07-11 10:25:24 - [TEST_STEP][PASSED] - getText: Text of object 'Object Repository/TC47_58 AM/Customer_Activity Period' is: 'Account Number
Account Type
From Date
To Date
Period
30000001021502
FULL-PPI
08-03-2018
Unknown
N/A
30000001021510
SA-PPI
08-03-2018
12-03-2018 15:43:37
5 days
30000001021510
SA-PPI
08-03-2018
12-03-2018 15:43:37
5 days
30000001021502
FULL-PPI
08-03-2018
Unknown
N/A'

2018-07-11 10:25:24 - [MESSAGE][PASSED] - Text of object 'Object Repository/TC47_58 AM/Customer_Activity Period' is: 'Account Number
Account Type
From Date
To Date
Period
30000001021502
FULL-PPI
08-03-2018
Unknown
N/A
30000001021510
SA-PPI
08-03-2018
12-03-2018 15:43:37
5 days
30000001021510
SA-PPI
08-03-2018
12-03-2018 15:43:37
5 days
30000001021502
FULL-PPI
08-03-2018
Unknown
N/A'

2018-07-11 10:25:24 - [TEST_STEP][PASSED] - comment: Customer activity period details are displayed

2018-07-11 10:25:24 - [TEST_STEP][PASSED] - Statement - Cust_Activity_Period = com.kms.katalon.core.webui.keyword.WebUiBuiltInKeywords.takeScreenshot(): Taking screenshot successfully

2018-07-11 10:25:25 - [MESSAGE][PASSED] - Taking screenshot successfully
[[ATTACHMENT|C:\\Users\\ankur.jain\\Katalon Studio\\Feedzai_Automation\\Reports\\AM_Test Suite\\20180711_100950\\1531284924617.png]]]]></system-out>
         <system-err><![CDATA[]]></system-err>
      </testcase>
      <testcase name="Test Cases/Alert Manager Test Cases/Alert Manager_JPB Customer Advance Search/TC52_JPB Customer transactions Details" classname="Test Cases/Alert Manager Test Cases/Alert Manager_JPB Customer Advance Search/TC52_JPB Customer transactions Details" status="PASSED">
         <system-out><![CDATA[2018-07-11 10:25:25 - [TEST_CASE][PASSED] - Test Cases/Alert Manager Test Cases/Alert Manager_JPB Customer Advance Search/TC52_JPB Customer transactions Details: Test Cases/Alert Manager Test Cases/Alert Manager_JPB Customer Advance Search/TC52_JPB Customer transactions Details

2018-07-11 10:25:25 - [TEST_STEP][PASSED] - getText: Text of object 'Object Repository/TC47_58 AM/Cust_TransDetails' is: 'Number of Transactions
2
Total Amount (₹)
5,500.00
Average Amount (₹)
2,750.00
Amount Std. Deviation (₹)
3,181.98'

2018-07-11 10:25:26 - [MESSAGE][PASSED] - Text of object 'Object Repository/TC47_58 AM/Cust_TransDetails' is: 'Number of Transactions
2
Total Amount (₹)
5,500.00
Average Amount (₹)
2,750.00
Amount Std. Deviation (₹)
3,181.98'

2018-07-11 10:25:26 - [TEST_STEP][PASSED] - comment: Customer Transcation details displayed]]></system-out>
         <system-err><![CDATA[]]></system-err>
      </testcase>
      <testcase name="Test Cases/Alert Manager Test Cases/Alert Manager_JPB Customer Advance Search/TC53_JPB Customer Fraud Details" classname="Test Cases/Alert Manager Test Cases/Alert Manager_JPB Customer Advance Search/TC53_JPB Customer Fraud Details" status="PASSED">
         <system-out><![CDATA[2018-07-11 10:25:26 - [TEST_CASE][PASSED] - Test Cases/Alert Manager Test Cases/Alert Manager_JPB Customer Advance Search/TC53_JPB Customer Fraud Details: Test Cases/Alert Manager Test Cases/Alert Manager_JPB Customer Advance Search/TC53_JPB Customer Fraud Details

2018-07-11 10:25:26 - [TEST_STEP][PASSED] - getText: Text of object 'Object Repository/TC47_58 AM/Cust_FraudDetails' is: 'Number of Transactions
0
Amount (₹)
0.00
Average Amount (₹)
0.00
Amount Std. Deviation (₹)
0.00'

2018-07-11 10:25:27 - [MESSAGE][PASSED] - Text of object 'Object Repository/TC47_58 AM/Cust_FraudDetails' is: 'Number of Transactions
0
Amount (₹)
0.00
Average Amount (₹)
0.00
Amount Std. Deviation (₹)
0.00'

2018-07-11 10:25:27 - [TEST_STEP][PASSED] - comment: Customer Fraud Details Displayed]]></system-out>
         <system-err><![CDATA[]]></system-err>
      </testcase>
      <testcase name="Test Cases/Alert Manager Test Cases/Alert Manager_JPB Customer Advance Search/TC54_JPB Transactions Transaction Density Details" classname="Test Cases/Alert Manager Test Cases/Alert Manager_JPB Customer Advance Search/TC54_JPB Transactions Transaction Density Details" status="PASSED">
         <system-out><![CDATA[2018-07-11 10:25:27 - [TEST_CASE][PASSED] - Test Cases/Alert Manager Test Cases/Alert Manager_JPB Customer Advance Search/TC54_JPB Transactions Transaction Density Details: Test Cases/Alert Manager Test Cases/Alert Manager_JPB Customer Advance Search/TC54_JPB Transactions Transaction Density Details

2018-07-11 10:25:27 - [TEST_STEP][PASSED] - verifyElementPresent: Object 'Object Repository/TC47_58 AM/Cust_TransDensity' is present

2018-07-11 10:25:27 - [MESSAGE][WARNING] - Timeout '0' is invalid. Using default page load timeout: '30'

2018-07-11 10:25:28 - [MESSAGE][PASSED] - Object 'Object Repository/TC47_58 AM/Cust_TransDensity' is present

2018-07-11 10:25:28 - [TEST_STEP][PASSED] - comment: Customer Transaction Density displayed]]></system-out>
         <system-err><![CDATA[]]></system-err>
      </testcase>
      <testcase name="Test Cases/Alert Manager Test Cases/Alert Manager_JPB Customer Advance Search/TC55_JPB Customer transaction Statistic" classname="Test Cases/Alert Manager Test Cases/Alert Manager_JPB Customer Advance Search/TC55_JPB Customer transaction Statistic" status="PASSED">
         <system-out><![CDATA[2018-07-11 10:25:28 - [TEST_CASE][PASSED] - Test Cases/Alert Manager Test Cases/Alert Manager_JPB Customer Advance Search/TC55_JPB Customer transaction Statistic: Test Cases/Alert Manager Test Cases/Alert Manager_JPB Customer Advance Search/TC55_JPB Customer transaction Statistic

2018-07-11 10:25:28 - [TEST_STEP][PASSED] - verifyElementPresent: Object 'Object Repository/TC47_58 AM/Cust_Transcation Stat' is present

2018-07-11 10:25:28 - [MESSAGE][WARNING] - Timeout '0' is invalid. Using default page load timeout: '30'

2018-07-11 10:25:28 - [MESSAGE][PASSED] - Object 'Object Repository/TC47_58 AM/Cust_Transcation Stat' is present

2018-07-11 10:25:29 - [TEST_STEP][PASSED] - comment: Customer Transcation Stats Displayed]]></system-out>
         <system-err><![CDATA[]]></system-err>
      </testcase>
      <testcase name="Test Cases/Alert Manager Test Cases/Alert Manager_JPB Customer Advance Search/TC56_JPB Customer transaction History" classname="Test Cases/Alert Manager Test Cases/Alert Manager_JPB Customer Advance Search/TC56_JPB Customer transaction History" status="PASSED">
         <system-out><![CDATA[2018-07-11 10:25:29 - [TEST_CASE][PASSED] - Test Cases/Alert Manager Test Cases/Alert Manager_JPB Customer Advance Search/TC56_JPB Customer transaction History: Test Cases/Alert Manager Test Cases/Alert Manager_JPB Customer Advance Search/TC56_JPB Customer transaction History

2018-07-11 10:25:29 - [TEST_STEP][PASSED] - verifyElementPresent: Object 'Object Repository/TC47_58 AM/Cust_TransHistory' is present

2018-07-11 10:25:29 - [MESSAGE][WARNING] - Timeout '0' is invalid. Using default page load timeout: '30'

2018-07-11 10:25:29 - [MESSAGE][PASSED] - Object 'Object Repository/TC47_58 AM/Cust_TransHistory' is present]]></system-out>
         <system-err><![CDATA[]]></system-err>
      </testcase>
      <testcase name="Test Cases/Alert Manager Test Cases/Alert Manager_JPB Customer Advance Search/TC57_JPB Customer Status Log Details" classname="Test Cases/Alert Manager Test Cases/Alert Manager_JPB Customer Advance Search/TC57_JPB Customer Status Log Details" status="PASSED">
         <system-out><![CDATA[2018-07-11 10:25:29 - [TEST_CASE][PASSED] - Test Cases/Alert Manager Test Cases/Alert Manager_JPB Customer Advance Search/TC57_JPB Customer Status Log Details: Test Cases/Alert Manager Test Cases/Alert Manager_JPB Customer Advance Search/TC57_JPB Customer Status Log Details

2018-07-11 10:25:30 - [TEST_STEP][PASSED] - click: Object: 'Object Repository/TC47_58 AM/StatusLog' is clicked on

2018-07-11 10:25:31 - [MESSAGE][PASSED] - Object: 'Object Repository/TC47_58 AM/StatusLog' is clicked on

2018-07-11 10:25:31 - [TEST_STEP][PASSED] - click: Object: 'Object Repository/TC47_58 AM/SerachButton' is clicked on

2018-07-11 10:25:31 - [MESSAGE][PASSED] - Object: 'Object Repository/TC47_58 AM/SerachButton' is clicked on

2018-07-11 10:25:31 - [TEST_STEP][PASSED] - verifyElementPresent: Object 'Object Repository/TC47_58 AM/History' is present

2018-07-11 10:25:31 - [MESSAGE][WARNING] - Timeout '0' is invalid. Using default page load timeout: '30'

2018-07-11 10:25:31 - [MESSAGE][PASSED] - Object 'Object Repository/TC47_58 AM/History' is present

2018-07-11 10:25:31 - [TEST_STEP][PASSED] - comment: Customer transaction History is not displayed

2018-07-11 10:25:31 - [TEST_STEP][PASSED] - click: Object: 'Object Repository/TC47_58 AM/Close_Button' is clicked on

2018-07-11 10:25:32 - [MESSAGE][PASSED] - Object: 'Object Repository/TC47_58 AM/Close_Button' is clicked on]]></system-out>
         <system-err><![CDATA[]]></system-err>
      </testcase>
      <testcase name="Test Cases/Alert Manager Test Cases/Alert Manager_JPB Customer Advance Search/TC58_JPB-Jio Money Customer Search" classname="Test Cases/Alert Manager Test Cases/Alert Manager_JPB Customer Advance Search/TC58_JPB-Jio Money Customer Search" status="PASSED">
         <system-out><![CDATA[2018-07-11 10:25:32 - [TEST_CASE][PASSED] - Test Cases/Alert Manager Test Cases/Alert Manager_JPB Customer Advance Search/TC58_JPB-Jio Money Customer Search: Test Cases/Alert Manager Test Cases/Alert Manager_JPB Customer Advance Search/TC58_JPB-Jio Money Customer Search

2018-07-11 10:25:33 - [TEST_STEP][PASSED] - click: Object: 'Object Repository/TC47_58 AM/Cust_Tab' is clicked on

2018-07-11 10:25:33 - [MESSAGE][PASSED] - Object: 'Object Repository/TC47_58 AM/Cust_Tab' is clicked on

2018-07-11 10:25:33 - [TEST_STEP][PASSED] - click: Object: 'Object Repository/TC47_58 AM/JM_Combobox' is clicked on

2018-07-11 10:25:33 - [MESSAGE][PASSED] - Object: 'Object Repository/TC47_58 AM/JM_Combobox' is clicked on

2018-07-11 10:25:33 - [TEST_STEP][PASSED] - setText: Text '1100205989' is set on object 'Object Repository/TC47_58 AM/Customer_input'

2018-07-11 10:25:34 - [MESSAGE][PASSED] - Text '1100205989' is set on object 'Object Repository/TC47_58 AM/Customer_input'

2018-07-11 10:25:34 - [TEST_STEP][PASSED] - delay: Delayed 3 second(s)

2018-07-11 10:25:37 - [MESSAGE][PASSED] - Delayed 3 second(s)

2018-07-11 10:25:37 - [TEST_STEP][PASSED] - sendKeys: Keys 'ENTER + ' sent to object: 'Object Repository/TC47_58 AM/Customer_input'

2018-07-11 10:25:37 - [MESSAGE][PASSED] - Keys 'ENTER + ' sent to object: 'Object Repository/TC47_58 AM/Customer_input'

2018-07-11 10:25:37 - [TEST_STEP][PASSED] - verifyElementPresent: Object 'Object Repository/TC47_58 AM/Cust_TransHistory' is present

2018-07-11 10:25:37 - [MESSAGE][WARNING] - Timeout '0' is invalid. Using default page load timeout: '30'

2018-07-11 10:25:38 - [MESSAGE][PASSED] - Object 'Object Repository/TC47_58 AM/Cust_TransHistory' is present

2018-07-11 10:25:38 - [TEST_STEP][PASSED] - comment: Jio Money Customer  History is displayed]]></system-out>
         <system-err><![CDATA[]]></system-err>
      </testcase>
      <system-out><![CDATA[2018-07-11 10:10:02 - [TEST_SUITE][FAILED] - AM_Test Suite: Test Cases/Alert Manager Test Cases/Alert Manager_Search Screen/TC32_Validate Advance search through Processing code FAILED because (of) Unable to click on object 'Object Repository/TC_24_36 AM/Done_Button' (Root cause: com.kms.katalon.core.webui.exception.WebElementNotFoundException: Web element with id: 'Object Repository/TC_24_36 AM/Done_Button' located by 'By.xpath: //button[@type='button'][contains(text(),'Done')]' not found)]]></system-out>
      <system-err><![CDATA[2018-07-11 10:10:02 - [TEST_SUITE][FAILED] - AM_Test Suite: Test Cases/Alert Manager Test Cases/Alert Manager_Search Screen/TC32_Validate Advance search through Processing code FAILED because (of) Unable to click on object 'Object Repository/TC_24_36 AM/Done_Button' (Root cause: com.kms.katalon.core.webui.exception.WebElementNotFoundException: Web element with id: 'Object Repository/TC_24_36 AM/Done_Button' located by 'By.xpath: //button[@type='button'][contains(text(),'Done')]' not found)]]></system-err>
   </testsuite>
</testsuites>
