<?xml version="1.0" encoding="UTF-8"?>
<testsuites name="New Suite" time="137" tests="2" failures="5" errors="0">
   <testsuite name="New Suite" tests="2" failures="5" errors="0" time="137" timestamp="2018-07-05 15:04:32" hostname="Ankur.Jain - LT0021232.in.ril.com" id="Test Suites/New Suite">
      <properties>
         <property name="deviceName" value=""/>
         <property name="devicePlatform" value=""/>
         <property name="logFolder" value="C:\\Users\\ankur.jain\\Katalon Studio\\Feedzai_Automation\\Reports\\New Suite\\20180705_150427"/>
         <property name="logFiles" value="C:\\Users\\ankur.jain\\Katalon Studio\\Feedzai_Automation\\Reports\\New Suite\\20180705_150427\\execution0.log"/>
         <property name="attachments" value="C:\\Users\\ankur.jain\\Katalon Studio\\Feedzai_Automation\\Reports\\New Suite\\20180705_150427\\1530783319472.png, C:\\Users\\ankur.jain\\Katalon Studio\\Feedzai_Automation\\Reports\\New Suite\\20180705_150427\\1530783365161.png, C:\\Users\\ankur.jain\\Katalon Studio\\Feedzai_Automation\\Reports\\New Suite\\20180705_150427\\1530783402805.png, C:\\Users\\ankur.jain\\Katalon Studio\\Feedzai_Automation\\Reports\\New Suite\\20180705_150427\\1530783404484.png, C:\\Users\\ankur.jain\\Katalon Studio\\Feedzai_Automation\\Reports\\New Suite\\20180705_150427\\1530783405935.png, C:\\Users\\ankur.jain\\Katalon Studio\\Feedzai_Automation\\Reports\\New Suite\\20180705_150427\\1530783407177.png, C:\\Users\\ankur.jain\\Katalon Studio\\Feedzai_Automation\\Reports\\New Suite\\20180705_150427\\1530783408615.png"/>
         <property name="hostName" value="Ankur.Jain - LT0021232.in.ril.com"/>
         <property name="os" value="Windows 7 64bit"/>
         <property name="katalonVersion" value="5.4.2.1"/>
         <property name="browser" value="Chrome 67.0.3396.99"/>
         <property name="hostAddress" value="10.50.88.74"/>
         <property name="sessionId" value="74793a5a84a1dd4c6b671353ce2f9535"/>
         <property name="seleniumVersion" value="3.7.1"/>
         <property name="proxyInformation" value="ProxyInformation{proxyOption=NO_PROXY, proxyServerType=HTTP, password=, proxyServerAddress=, proxyServerPort=0}"/>
         <property name="platform" value="Windows 7"/>
      </properties>
      <testcase name="Test Cases/Alert Manager Test Cases/Alert Manager_Search Screen/TC24_Validate Advance search through customer id" classname="Test Cases/Alert Manager Test Cases/Alert Manager_Search Screen/TC24_Validate Advance search through customer id" status="PASSED">
         <system-out><![CDATA[2018-07-05 15:04:33 - [TEST_CASE][PASSED] - Test Cases/Alert Manager Test Cases/Alert Manager_Search Screen/TC24_Validate Advance search through customer id: Test Cases/Alert Manager Test Cases/Alert Manager_Search Screen/TC24_Validate Advance search through customer id

2018-07-05 15:04:35 - [TEST_STEP][PASSED] - openBrowser: Browser is opened with url: ''

2018-07-05 15:04:44 - [MESSAGE][PASSED] - Browser is opened with url: ''

2018-07-05 15:04:44 - [TEST_STEP][PASSED] - navigateToUrl: Navigate to 'https://10.130.236.51/#login' successfully

2018-07-05 15:04:46 - [MESSAGE][PASSED] - Navigate to 'https://10.130.236.51/#login' successfully

2018-07-05 15:04:46 - [TEST_STEP][PASSED] - setText: Text 'Ankur.Jain' is set on object 'Object Repository/TC_24_AM/input'

2018-07-05 15:05:04 - [MESSAGE][PASSED] - Text 'Ankur.Jain' is set on object 'Object Repository/TC_24_AM/input'

2018-07-05 15:05:04 - [TEST_STEP][PASSED] - setText: Text 'Word02Pass' is set on object 'Object Repository/TC_24_AM/input_1'

2018-07-05 15:05:04 - [MESSAGE][PASSED] - Text 'Word02Pass' is set on object 'Object Repository/TC_24_AM/input_1'

2018-07-05 15:05:04 - [TEST_STEP][PASSED] - sendKeys: Keys 'ENTER + ' sent to object: 'Object Repository/TC_24_AM/input_1'

2018-07-05 15:05:05 - [MESSAGE][PASSED] - Keys 'ENTER + ' sent to object: 'Object Repository/TC_24_AM/input_1'

2018-07-05 15:05:05 - [TEST_STEP][PASSED] - click: Object: 'Object Repository/TC_24_AM/span_Search' is clicked on

2018-07-05 15:05:06 - [MESSAGE][PASSED] - Object: 'Object Repository/TC_24_AM/span_Search' is clicked on

2018-07-05 15:05:06 - [TEST_STEP][PASSED] - clearText: Text of object 'Object Repository/TC_24_AM/Date_input' is cleared

2018-07-05 15:05:06 - [MESSAGE][PASSED] - Text of object 'Object Repository/TC_24_AM/Date_input' is cleared

2018-07-05 15:05:06 - [TEST_STEP][PASSED] - click: Object: 'Object Repository/TC_24_AM/Done_Button' is clicked on

2018-07-05 15:05:07 - [MESSAGE][PASSED] - Object: 'Object Repository/TC_24_AM/Done_Button' is clicked on

2018-07-05 15:05:07 - [TEST_STEP][PASSED] - delay: Delayed 2 second(s)

2018-07-05 15:05:09 - [MESSAGE][PASSED] - Delayed 2 second(s)

2018-07-05 15:05:09 - [TEST_STEP][PASSED] - click: Object: 'Object Repository/TC_24_AM/button_Advanced Search' is clicked on

2018-07-05 15:05:09 - [MESSAGE][PASSED] - Object: 'Object Repository/TC_24_AM/button_Advanced Search' is clicked on

2018-07-05 15:05:09 - [TEST_STEP][PASSED] - click: Object: 'Object Repository/TC_24_AM/ul_Customer Id' is clicked on

2018-07-05 15:05:10 - [MESSAGE][PASSED] - Object: 'Object Repository/TC_24_AM/ul_Customer Id' is clicked on

2018-07-05 15:05:10 - [TEST_STEP][PASSED] - setText: Text '1100243850' is set on object 'Object Repository/TC_24_AM/input_s2id_autogen7'

2018-07-05 15:05:12 - [MESSAGE][PASSED] - Text '1100243850' is set on object 'Object Repository/TC_24_AM/input_s2id_autogen7'

2018-07-05 15:05:12 - [TEST_STEP][PASSED] - delay: Delayed 2 second(s)

2018-07-05 15:05:14 - [MESSAGE][PASSED] - Delayed 2 second(s)

2018-07-05 15:05:14 - [TEST_STEP][PASSED] - sendKeys: Keys 'ENTER + ' sent to object: 'Object Repository/TC_24_AM/input_s2id_autogen7'

2018-07-05 15:05:15 - [MESSAGE][PASSED] - Keys 'ENTER + ' sent to object: 'Object Repository/TC_24_AM/input_s2id_autogen7'

2018-07-05 15:05:15 - [TEST_STEP][PASSED] - delay: Delayed 2 second(s)

2018-07-05 15:05:17 - [MESSAGE][PASSED] - Delayed 2 second(s)

2018-07-05 15:05:17 - [TEST_STEP][PASSED] - click: Object: 'Object Repository/TC_24_AM/button_Search' is clicked on

2018-07-05 15:05:17 - [MESSAGE][PASSED] - Object: 'Object Repository/TC_24_AM/button_Search' is clicked on

2018-07-05 15:05:17 - [TEST_STEP][PASSED] - getText: Text of object 'Object Repository/TC_24_AM/Cust_Details' is: '15-05-2018 15:18:53 2812 3206 0077 6096 1,000.00 1100243850 1100243850 N/A no LMW 28 00 0 Unassigned Not Fraud
15-05-2018 15:21:59 2812 3206 0077 6096 5.00 1100243850 N/A 5999 no WPP 0 00 0 Unassigned Not Fraud
15-05-2018 15:23:34 2812 3206 0077 6096 6.00 1100243850 N/A 5999 no WPP 0 00 0 Unassigned Not Fraud
15-05-2018 15:24:40 2812 3206 0077 6096 4.00 1100243850 N/A 5999 no WPP 0 00 0 Unassigned Not Fraud
15-05-2018 15:25:57 2812 3200 0000 0000 1.00 1100243850 N/A 5999 no WPP 0 05 1 Customer Pending
15-05-2018 15:33:13 2812 3206 0077 6096 6.00 1100243850 1100243850 5999 no WRO 20 00 0 Unassigned Not Fraud
15-05-2018 15:35:00 2812 3206 0077 6096 6.00 1100243850 N/A 5999 no WPP 0 00 0 Unassigned Not Fraud
15-05-2018 15:36:21 2812 3200 0000 0000 1.00 1100243850 N/A 5999 no WPP 0 05 1 Customer Pending
15-06-2018 12:35:16 NA 2.00 1100243850 N/A 5999 no WPP 0 05 0 Unassigned Not Fraud
15-06-2018 12:38:04 1000 00XX XXXX 3645 2.00 1100243850 N/A 5999 no WPP 0 00 1 Unassigned Pending'

2018-07-05 15:05:19 - [MESSAGE][PASSED] - Text of object 'Object Repository/TC_24_AM/Cust_Details' is: '15-05-2018 15:18:53 2812 3206 0077 6096 1,000.00 1100243850 1100243850 N/A no LMW 28 00 0 Unassigned Not Fraud
15-05-2018 15:21:59 2812 3206 0077 6096 5.00 1100243850 N/A 5999 no WPP 0 00 0 Unassigned Not Fraud
15-05-2018 15:23:34 2812 3206 0077 6096 6.00 1100243850 N/A 5999 no WPP 0 00 0 Unassigned Not Fraud
15-05-2018 15:24:40 2812 3206 0077 6096 4.00 1100243850 N/A 5999 no WPP 0 00 0 Unassigned Not Fraud
15-05-2018 15:25:57 2812 3200 0000 0000 1.00 1100243850 N/A 5999 no WPP 0 05 1 Customer Pending
15-05-2018 15:33:13 2812 3206 0077 6096 6.00 1100243850 1100243850 5999 no WRO 20 00 0 Unassigned Not Fraud
15-05-2018 15:35:00 2812 3206 0077 6096 6.00 1100243850 N/A 5999 no WPP 0 00 0 Unassigned Not Fraud
15-05-2018 15:36:21 2812 3200 0000 0000 1.00 1100243850 N/A 5999 no WPP 0 05 1 Customer Pending
15-06-2018 12:35:16 NA 2.00 1100243850 N/A 5999 no WPP 0 05 0 Unassigned Not Fraud
15-06-2018 12:38:04 1000 00XX XXXX 3645 2.00 1100243850 N/A 5999 no WPP 0 00 1 Unassigned Pending'

2018-07-05 15:05:19 - [TEST_STEP][PASSED] - comment: Customer Details Displayed

2018-07-05 15:05:19 - [TEST_STEP][PASSED] - Statement - Customer_Details = com.kms.katalon.core.webui.keyword.WebUiBuiltInKeywords.takeScreenshot(): Taking screenshot successfully

2018-07-05 15:05:19 - [MESSAGE][PASSED] - Taking screenshot successfully
[[ATTACHMENT|C:\\Users\\ankur.jain\\Katalon Studio\\Feedzai_Automation\\Reports\\New Suite\\20180705_150427\\1530783319472.png]]

2018-07-05 15:05:19 - [TEST_STEP][PASSED] - verifyElementText: Actual text and expected text of test object 'Object Repository/TC_24_AM/Cust_id_Validation' are matched.

2018-07-05 15:05:20 - [MESSAGE][PASSED] - Actual text and expected text of test object 'Object Repository/TC_24_AM/Cust_id_Validation' are matched.

2018-07-05 15:05:20 - [TEST_STEP][PASSED] - refresh: Refresh successfully

2018-07-05 15:05:20 - [MESSAGE][PASSED] - Refresh successfully

2018-07-05 15:05:20 - [TEST_STEP][PASSED] - delay: Delayed 12 second(s)

2018-07-05 15:05:32 - [MESSAGE][PASSED] - Delayed 12 second(s)]]></system-out>
         <system-err><![CDATA[]]></system-err>
      </testcase>
      <testcase name="Test Cases/Alert Manager Test Cases/Alert Manager_Search Screen/TC25_Validate Advance search through Merchant id" classname="Test Cases/Alert Manager Test Cases/Alert Manager_Search Screen/TC25_Validate Advance search through Merchant id" status="PASSED">
         <system-out><![CDATA[2018-07-05 15:05:32 - [TEST_CASE][PASSED] - Test Cases/Alert Manager Test Cases/Alert Manager_Search Screen/TC25_Validate Advance search through Merchant id: Test Cases/Alert Manager Test Cases/Alert Manager_Search Screen/TC25_Validate Advance search through Merchant id

2018-07-05 15:05:33 - [TEST_STEP][PASSED] - clearText: Text of object 'Object Repository/TC_24_AM/Date_input' is cleared

2018-07-05 15:05:43 - [MESSAGE][PASSED] - Text of object 'Object Repository/TC_24_AM/Date_input' is cleared

2018-07-05 15:05:43 - [TEST_STEP][PASSED] - click: Object: 'Object Repository/TC_24_AM/Done_Button' is clicked on

2018-07-05 15:05:43 - [MESSAGE][PASSED] - Object: 'Object Repository/TC_24_AM/Done_Button' is clicked on

2018-07-05 15:05:43 - [TEST_STEP][PASSED] - delay: Delayed 5 second(s)

2018-07-05 15:05:48 - [MESSAGE][PASSED] - Delayed 5 second(s)

2018-07-05 15:05:49 - [TEST_STEP][PASSED] - click: Object: 'Object Repository/TC_24_AM/button_Advanced Search' is clicked on

2018-07-05 15:05:49 - [MESSAGE][PASSED] - Object: 'Object Repository/TC_24_AM/button_Advanced Search' is clicked on

2018-07-05 15:05:49 - [TEST_STEP][PASSED] - delay: Delayed 2 second(s)

2018-07-05 15:05:51 - [MESSAGE][PASSED] - Delayed 2 second(s)

2018-07-05 15:05:51 - [TEST_STEP][PASSED] - click: Object: 'Object Repository/TC_24_AM/Merchant_Input' is clicked on

2018-07-05 15:05:51 - [MESSAGE][PASSED] - Object: 'Object Repository/TC_24_AM/Merchant_Input' is clicked on

2018-07-05 15:05:51 - [TEST_STEP][PASSED] - setText: Text '100001000021019' is set on object 'Object Repository/TC_24_AM/Input_MerId'

2018-07-05 15:05:52 - [MESSAGE][PASSED] - Text '100001000021019' is set on object 'Object Repository/TC_24_AM/Input_MerId'

2018-07-05 15:05:52 - [TEST_STEP][PASSED] - delay: Delayed 5 second(s)

2018-07-05 15:05:57 - [MESSAGE][PASSED] - Delayed 5 second(s)

2018-07-05 15:05:57 - [TEST_STEP][PASSED] - sendKeys: Keys 'ENTER + ' sent to object: 'Object Repository/TC_24_AM/Input_MerId'

2018-07-05 15:05:58 - [MESSAGE][PASSED] - Keys 'ENTER + ' sent to object: 'Object Repository/TC_24_AM/Input_MerId'

2018-07-05 15:05:58 - [TEST_STEP][PASSED] - delay: Delayed 5 second(s)

2018-07-05 15:06:03 - [MESSAGE][PASSED] - Delayed 5 second(s)

2018-07-05 15:06:03 - [TEST_STEP][PASSED] - click: Object: 'Object Repository/TC_24_AM/button_Search' is clicked on

2018-07-05 15:06:03 - [MESSAGE][PASSED] - Object: 'Object Repository/TC_24_AM/button_Search' is clicked on

2018-07-05 15:06:03 - [TEST_STEP][PASSED] - getText: Text of object 'Object Repository/TC_24_AM/Cust_Details' is: '24-11-2016 15:07:18 2812 3201 2357 3731 10.00 1100022020 100001000021019 5532 no P2M 18 00 0 Unassigned Not Fraud
24-11-2016 16:14:59 2812 3201 6604 8336 10.00 1100022022 100001000021019 5532 no P2M 18 05 1 Unassigned Fraud
30-03-2017 15:47:38 2812 3201 4461 4845 1.00 1100005196 100001000021019 5532 no P2M 18 00 0 Unassigned Not Fraud
12-05-2017 12:59:15 2812 3201 4461 4845 10.00 1100005196 100001000021019 5532 no P2M 18 05 2 Customer Pending
12-05-2017 12:59:57 2812 3201 4461 4845 10.00 1100005196 100001000021019 5532 no P2M 18 05 2 Merchant Pending
23-05-2017 15:34:18 2812 3201 4461 4845 2.00 1100005196 100001000021019 5532 no P2M 18 00 0 Unassigned Not Fraud
06-06-2017 15:17:50 2812 3206 0032 9557 18.00 1100059679 100001000021019 5532 no P2M 18 05 1 Merchant Pending
13-06-2017 10:42:19 2812 3201 4461 4845 10.00 1100005196 100001000021019 5532 no P2M 18 05 1 Unassigned Not Fraud'

2018-07-05 15:06:04 - [MESSAGE][PASSED] - Text of object 'Object Repository/TC_24_AM/Cust_Details' is: '24-11-2016 15:07:18 2812 3201 2357 3731 10.00 1100022020 100001000021019 5532 no P2M 18 00 0 Unassigned Not Fraud
24-11-2016 16:14:59 2812 3201 6604 8336 10.00 1100022022 100001000021019 5532 no P2M 18 05 1 Unassigned Fraud
30-03-2017 15:47:38 2812 3201 4461 4845 1.00 1100005196 100001000021019 5532 no P2M 18 00 0 Unassigned Not Fraud
12-05-2017 12:59:15 2812 3201 4461 4845 10.00 1100005196 100001000021019 5532 no P2M 18 05 2 Customer Pending
12-05-2017 12:59:57 2812 3201 4461 4845 10.00 1100005196 100001000021019 5532 no P2M 18 05 2 Merchant Pending
23-05-2017 15:34:18 2812 3201 4461 4845 2.00 1100005196 100001000021019 5532 no P2M 18 00 0 Unassigned Not Fraud
06-06-2017 15:17:50 2812 3206 0032 9557 18.00 1100059679 100001000021019 5532 no P2M 18 05 1 Merchant Pending
13-06-2017 10:42:19 2812 3201 4461 4845 10.00 1100005196 100001000021019 5532 no P2M 18 05 1 Unassigned Not Fraud'

2018-07-05 15:06:05 - [TEST_STEP][PASSED] - comment: Merchant id Details Displayed

2018-07-05 15:06:05 - [TEST_STEP][PASSED] - verifyElementText: Actual text and expected text of test object 'Object Repository/TC_24_AM/Mer_id_Valid' are matched.

2018-07-05 15:06:05 - [MESSAGE][PASSED] - Actual text and expected text of test object 'Object Repository/TC_24_AM/Mer_id_Valid' are matched.

2018-07-05 15:06:05 - [TEST_STEP][PASSED] - Statement - Merchant_Details = com.kms.katalon.core.webui.keyword.WebUiBuiltInKeywords.takeScreenshot(): Taking screenshot successfully

2018-07-05 15:06:05 - [MESSAGE][PASSED] - Taking screenshot successfully
[[ATTACHMENT|C:\\Users\\ankur.jain\\Katalon Studio\\Feedzai_Automation\\Reports\\New Suite\\20180705_150427\\1530783365161.png]]

2018-07-05 15:06:05 - [TEST_STEP][PASSED] - refresh: Refresh successfully

2018-07-05 15:06:05 - [MESSAGE][PASSED] - Refresh successfully

2018-07-05 15:06:06 - [TEST_STEP][PASSED] - delay: Delayed 6 second(s)

2018-07-05 15:06:12 - [MESSAGE][PASSED] - Delayed 6 second(s)]]></system-out>
         <system-err><![CDATA[]]></system-err>
      </testcase>
      <testcase name="Test Cases/Alert Manager Test Cases/Alert Manager_Search Screen/TC26_Validate Advance search through channel" classname="Test Cases/Alert Manager Test Cases/Alert Manager_Search Screen/TC26_Validate Advance search through channel" status="FAILED">
         <failure type="FAILED" message="Unable to click on object 'Object Repository/TC_24_AM/button_Search' (Root cause: org.openqa.selenium.WebDriverException: unknown error: Element &lt;button type=&quot;submit&quot; class=&quot;button button-primary&quot;>...&lt;/button> is not clickable at point (70, 555). Other element would receive the click: &lt;div id=&quot;select2-drop-mask&quot; class=&quot;select2-drop-mask&quot; style=&quot;&quot;>&lt;/div>
  (Session info: chrome=67.0.3396.99)
  (Driver info: chromedriver=2.35.528161 (5b82f2d2aae0ca24b877009200ced9065a772e73),platform=Windows NT 6.1.7601 SP1 x86_64) (WARNING: The server did not provide any stacktrace information)
Command duration or timeout: 0 milliseconds
Build info: version: '3.7.1', revision: '8a0099a', time: '2017-11-06T21:07:36.161Z'
System info: host: 'LT0021232', ip: '10.50.88.74', os.name: 'Windows 7', os.arch: 'amd64', os.version: '6.1', java.version: '1.8.0_102'
Driver info: com.kms.katalon.selenium.driver.CChromeDriver
Capabilities {acceptInsecureCerts: false, acceptSslCerts: false, applicationCacheEnabled: false, browserConnectionEnabled: false, browserName: chrome, chrome: {chromedriverVersion: 2.35.528161 (5b82f2d2aae0ca..., userDataDir: C:\Users\ANKUR~1.JAI\AppDat...}, cssSelectorsEnabled: true, databaseEnabled: false, handlesAlerts: true, hasTouchScreen: false, javascriptEnabled: true, locationContextEnabled: true, mobileEmulationEnabled: false, nativeEvents: true, networkConnectionEnabled: false, pageLoadStrategy: normal, platform: XP, platformName: XP, rotatable: false, setWindowRect: true, takesHeapSnapshot: true, takesScreenshot: true, unexpectedAlertBehaviour: , unhandledPromptBehavior: , version: 67.0.3396.99, webStorageEnabled: true}
Session ID: 74793a5a84a1dd4c6b671353ce2f9535)"/>
         <system-out><![CDATA[2018-07-05 15:06:12 - [TEST_CASE][FAILED] - Test Cases/Alert Manager Test Cases/Alert Manager_Search Screen/TC26_Validate Advance search through channel: Test Cases/Alert Manager Test Cases/Alert Manager_Search Screen/TC26_Validate Advance search through channel FAILED because (of) Unable to click on object 'Object Repository/TC_24_AM/button_Search' (Root cause: org.openqa.selenium.WebDriverException: unknown error: Element <button type="submit" class="button button-primary">...</button> is not clickable at point (70, 555). Other element would receive the click: <div id="select2-drop-mask" class="select2-drop-mask" style=""></div>
  (Session info: chrome=67.0.3396.99)
  (Driver info: chromedriver=2.35.528161 (5b82f2d2aae0ca24b877009200ced9065a772e73),platform=Windows NT 6.1.7601 SP1 x86_64) (WARNING: The server did not provide any stacktrace information)
Command duration or timeout: 0 milliseconds
Build info: version: '3.7.1', revision: '8a0099a', time: '2017-11-06T21:07:36.161Z'
System info: host: 'LT0021232', ip: '10.50.88.74', os.name: 'Windows 7', os.arch: 'amd64', os.version: '6.1', java.version: '1.8.0_102'
Driver info: com.kms.katalon.selenium.driver.CChromeDriver
Capabilities {acceptInsecureCerts: false, acceptSslCerts: false, applicationCacheEnabled: false, browserConnectionEnabled: false, browserName: chrome, chrome: {chromedriverVersion: 2.35.528161 (5b82f2d2aae0ca..., userDataDir: C:\Users\ANKUR~1.JAI\AppDat...}, cssSelectorsEnabled: true, databaseEnabled: false, handlesAlerts: true, hasTouchScreen: false, javascriptEnabled: true, locationContextEnabled: true, mobileEmulationEnabled: false, nativeEvents: true, networkConnectionEnabled: false, pageLoadStrategy: normal, platform: XP, platformName: XP, rotatable: false, setWindowRect: true, takesHeapSnapshot: true, takesScreenshot: true, unexpectedAlertBehaviour: , unhandledPromptBehavior: , version: 67.0.3396.99, webStorageEnabled: true}
Session ID: 74793a5a84a1dd4c6b671353ce2f9535)

2018-07-05 15:06:12 - [TEST_STEP][PASSED] - clearText: Text of object 'Object Repository/TC_24_AM/Date_input' is cleared

2018-07-05 15:06:23 - [MESSAGE][PASSED] - Text of object 'Object Repository/TC_24_AM/Date_input' is cleared

2018-07-05 15:06:23 - [TEST_STEP][PASSED] - click: Object: 'Object Repository/TC_24_AM/Done_Button' is clicked on

2018-07-05 15:06:23 - [MESSAGE][PASSED] - Object: 'Object Repository/TC_24_AM/Done_Button' is clicked on

2018-07-05 15:06:23 - [TEST_STEP][PASSED] - delay: Delayed 5 second(s)

2018-07-05 15:06:28 - [MESSAGE][PASSED] - Delayed 5 second(s)

2018-07-05 15:06:28 - [TEST_STEP][PASSED] - click: Object: 'Object Repository/TC_24_AM/button_Advanced Search' is clicked on

2018-07-05 15:06:29 - [MESSAGE][PASSED] - Object: 'Object Repository/TC_24_AM/button_Advanced Search' is clicked on

2018-07-05 15:06:29 - [TEST_STEP][PASSED] - delay: Delayed 2 second(s)

2018-07-05 15:06:31 - [MESSAGE][PASSED] - Delayed 2 second(s)

2018-07-05 15:06:31 - [TEST_STEP][PASSED] - click: Object: 'Object Repository/TC_24_AM/Chaneel_Click' is clicked on

2018-07-05 15:06:31 - [MESSAGE][PASSED] - Object: 'Object Repository/TC_24_AM/Chaneel_Click' is clicked on

2018-07-05 15:06:31 - [TEST_STEP][PASSED] - setText: Text 'P2M' is set on object 'Object Repository/TC_24_AM/Channel_Input'

2018-07-05 15:06:32 - [MESSAGE][PASSED] - Text 'P2M' is set on object 'Object Repository/TC_24_AM/Channel_Input'

2018-07-05 15:06:32 - [TEST_STEP][PASSED] - delay: Delayed 5 second(s)

2018-07-05 15:06:37 - [MESSAGE][PASSED] - Delayed 5 second(s)

2018-07-05 15:06:37 - [TEST_STEP][PASSED] - sendKeys: Keys 'ENTER + ' sent to object: 'Object Repository/TC_24_AM/Input_MerId'

2018-07-05 15:06:37 - [MESSAGE][PASSED] - Keys 'ENTER + ' sent to object: 'Object Repository/TC_24_AM/Input_MerId'

2018-07-05 15:06:37 - [TEST_STEP][PASSED] - delay: Delayed 5 second(s)

2018-07-05 15:06:42 - [MESSAGE][PASSED] - Delayed 5 second(s)

2018-07-05 15:06:42 - [TEST_STEP][FAILED] - click: Unable to click on object 'Object Repository/TC_24_AM/button_Search' (Root cause: org.openqa.selenium.WebDriverException: unknown error: Element <button type="submit" class="button button-primary">...</button> is not clickable at point (70, 555). Other element would receive the click: <div id="select2-drop-mask" class="select2-drop-mask" style=""></div>
  (Session info: chrome=67.0.3396.99)
  (Driver info: chromedriver=2.35.528161 (5b82f2d2aae0ca24b877009200ced9065a772e73),platform=Windows NT 6.1.7601 SP1 x86_64) (WARNING: The server did not provide any stacktrace information)
Command duration or timeout: 0 milliseconds
Build info: version: '3.7.1', revision: '8a0099a', time: '2017-11-06T21:07:36.161Z'
System info: host: 'LT0021232', ip: '10.50.88.74', os.name: 'Windows 7', os.arch: 'amd64', os.version: '6.1', java.version: '1.8.0_102'
Driver info: com.kms.katalon.selenium.driver.CChromeDriver
Capabilities {acceptInsecureCerts: false, acceptSslCerts: false, applicationCacheEnabled: false, browserConnectionEnabled: false, browserName: chrome, chrome: {chromedriverVersion: 2.35.528161 (5b82f2d2aae0ca..., userDataDir: C:\Users\ANKUR~1.JAI\AppDat...}, cssSelectorsEnabled: true, databaseEnabled: false, handlesAlerts: true, hasTouchScreen: false, javascriptEnabled: true, locationContextEnabled: true, mobileEmulationEnabled: false, nativeEvents: true, networkConnectionEnabled: false, pageLoadStrategy: normal, platform: XP, platformName: XP, rotatable: false, setWindowRect: true, takesHeapSnapshot: true, takesScreenshot: true, unexpectedAlertBehaviour: , unhandledPromptBehavior: , version: 67.0.3396.99, webStorageEnabled: true}
Session ID: 74793a5a84a1dd4c6b671353ce2f9535)

2018-07-05 15:06:43 - [MESSAGE][FAILED] - Unable to click on object 'Object Repository/TC_24_AM/button_Search' (Root cause: org.openqa.selenium.WebDriverException: unknown error: Element <button type="submit" class="button button-primary">...</button> is not clickable at point (70, 555). Other element would receive the click: <div id="select2-drop-mask" class="select2-drop-mask" style=""></div>
  (Session info: chrome=67.0.3396.99)
  (Driver info: chromedriver=2.35.528161 (5b82f2d2aae0ca24b877009200ced9065a772e73),platform=Windows NT 6.1.7601 SP1 x86_64) (WARNING: The server did not provide any stacktrace information)
Command duration or timeout: 0 milliseconds
Build info: version: '3.7.1', revision: '8a0099a', time: '2017-11-06T21:07:36.161Z'
System info: host: 'LT0021232', ip: '10.50.88.74', os.name: 'Windows 7', os.arch: 'amd64', os.version: '6.1', java.version: '1.8.0_102'
Driver info: com.kms.katalon.selenium.driver.CChromeDriver
Capabilities {acceptInsecureCerts: false, acceptSslCerts: false, applicationCacheEnabled: false, browserConnectionEnabled: false, browserName: chrome, chrome: {chromedriverVersion: 2.35.528161 (5b82f2d2aae0ca..., userDataDir: C:\Users\ANKUR~1.JAI\AppDat...}, cssSelectorsEnabled: true, databaseEnabled: false, handlesAlerts: true, hasTouchScreen: false, javascriptEnabled: true, locationContextEnabled: true, mobileEmulationEnabled: false, nativeEvents: true, networkConnectionEnabled: false, pageLoadStrategy: normal, platform: XP, platformName: XP, rotatable: false, setWindowRect: true, takesHeapSnapshot: true, takesScreenshot: true, unexpectedAlertBehaviour: , unhandledPromptBehavior: , version: 67.0.3396.99, webStorageEnabled: true}
Session ID: 74793a5a84a1dd4c6b671353ce2f9535)
[[ATTACHMENT|C:\\Users\\ankur.jain\\Katalon Studio\\Feedzai_Automation\\Reports\\New Suite\\20180705_150427\\1530783402805.png]]]]></system-out>
         <system-err><![CDATA[2018-07-05 15:06:12 - [TEST_CASE][FAILED] - Test Cases/Alert Manager Test Cases/Alert Manager_Search Screen/TC26_Validate Advance search through channel: Test Cases/Alert Manager Test Cases/Alert Manager_Search Screen/TC26_Validate Advance search through channel FAILED because (of) Unable to click on object 'Object Repository/TC_24_AM/button_Search' (Root cause: org.openqa.selenium.WebDriverException: unknown error: Element <button type="submit" class="button button-primary">...</button> is not clickable at point (70, 555). Other element would receive the click: <div id="select2-drop-mask" class="select2-drop-mask" style=""></div>
  (Session info: chrome=67.0.3396.99)
  (Driver info: chromedriver=2.35.528161 (5b82f2d2aae0ca24b877009200ced9065a772e73),platform=Windows NT 6.1.7601 SP1 x86_64) (WARNING: The server did not provide any stacktrace information)
Command duration or timeout: 0 milliseconds
Build info: version: '3.7.1', revision: '8a0099a', time: '2017-11-06T21:07:36.161Z'
System info: host: 'LT0021232', ip: '10.50.88.74', os.name: 'Windows 7', os.arch: 'amd64', os.version: '6.1', java.version: '1.8.0_102'
Driver info: com.kms.katalon.selenium.driver.CChromeDriver
Capabilities {acceptInsecureCerts: false, acceptSslCerts: false, applicationCacheEnabled: false, browserConnectionEnabled: false, browserName: chrome, chrome: {chromedriverVersion: 2.35.528161 (5b82f2d2aae0ca..., userDataDir: C:\Users\ANKUR~1.JAI\AppDat...}, cssSelectorsEnabled: true, databaseEnabled: false, handlesAlerts: true, hasTouchScreen: false, javascriptEnabled: true, locationContextEnabled: true, mobileEmulationEnabled: false, nativeEvents: true, networkConnectionEnabled: false, pageLoadStrategy: normal, platform: XP, platformName: XP, rotatable: false, setWindowRect: true, takesHeapSnapshot: true, takesScreenshot: true, unexpectedAlertBehaviour: , unhandledPromptBehavior: , version: 67.0.3396.99, webStorageEnabled: true}
Session ID: 74793a5a84a1dd4c6b671353ce2f9535)]]></system-err>
      </testcase>
      <testcase name="Test Cases/Alert Manager Test Cases/Alert Manager_Search Screen/TC27_Validate Advance search through Agent Id" classname="Test Cases/Alert Manager Test Cases/Alert Manager_Search Screen/TC27_Validate Advance search through Agent Id" status="FAILED">
         <failure type="FAILED" message="Unable to click on object 'Object Repository/TC_24_AM/Done_Button' (Root cause: org.openqa.selenium.WebDriverException: unknown error: Element &lt;button type=&quot;button&quot; class=&quot;ui-datepicker-close ui-state-default ui-priority-primary ui-corner-all&quot; data-handler=&quot;hide&quot; data-event=&quot;click&quot;>...&lt;/button> is not clickable at point (252, 402). Other element would receive the click: &lt;div id=&quot;select2-drop-mask&quot; class=&quot;select2-drop-mask&quot; style=&quot;&quot;>&lt;/div>
  (Session info: chrome=67.0.3396.99)
  (Driver info: chromedriver=2.35.528161 (5b82f2d2aae0ca24b877009200ced9065a772e73),platform=Windows NT 6.1.7601 SP1 x86_64) (WARNING: The server did not provide any stacktrace information)
Command duration or timeout: 0 milliseconds
Build info: version: '3.7.1', revision: '8a0099a', time: '2017-11-06T21:07:36.161Z'
System info: host: 'LT0021232', ip: '10.50.88.74', os.name: 'Windows 7', os.arch: 'amd64', os.version: '6.1', java.version: '1.8.0_102'
Driver info: com.kms.katalon.selenium.driver.CChromeDriver
Capabilities {acceptInsecureCerts: false, acceptSslCerts: false, applicationCacheEnabled: false, browserConnectionEnabled: false, browserName: chrome, chrome: {chromedriverVersion: 2.35.528161 (5b82f2d2aae0ca..., userDataDir: C:\Users\ANKUR~1.JAI\AppDat...}, cssSelectorsEnabled: true, databaseEnabled: false, handlesAlerts: true, hasTouchScreen: false, javascriptEnabled: true, locationContextEnabled: true, mobileEmulationEnabled: false, nativeEvents: true, networkConnectionEnabled: false, pageLoadStrategy: normal, platform: XP, platformName: XP, rotatable: false, setWindowRect: true, takesHeapSnapshot: true, takesScreenshot: true, unexpectedAlertBehaviour: , unhandledPromptBehavior: , version: 67.0.3396.99, webStorageEnabled: true}
Session ID: 74793a5a84a1dd4c6b671353ce2f9535)"/>
         <system-out><![CDATA[2018-07-05 15:06:43 - [TEST_CASE][FAILED] - Test Cases/Alert Manager Test Cases/Alert Manager_Search Screen/TC27_Validate Advance search through Agent Id: Test Cases/Alert Manager Test Cases/Alert Manager_Search Screen/TC27_Validate Advance search through Agent Id FAILED because (of) Unable to click on object 'Object Repository/TC_24_AM/Done_Button' (Root cause: org.openqa.selenium.WebDriverException: unknown error: Element <button type="button" class="ui-datepicker-close ui-state-default ui-priority-primary ui-corner-all" data-handler="hide" data-event="click">...</button> is not clickable at point (252, 402). Other element would receive the click: <div id="select2-drop-mask" class="select2-drop-mask" style=""></div>
  (Session info: chrome=67.0.3396.99)
  (Driver info: chromedriver=2.35.528161 (5b82f2d2aae0ca24b877009200ced9065a772e73),platform=Windows NT 6.1.7601 SP1 x86_64) (WARNING: The server did not provide any stacktrace information)
Command duration or timeout: 0 milliseconds
Build info: version: '3.7.1', revision: '8a0099a', time: '2017-11-06T21:07:36.161Z'
System info: host: 'LT0021232', ip: '10.50.88.74', os.name: 'Windows 7', os.arch: 'amd64', os.version: '6.1', java.version: '1.8.0_102'
Driver info: com.kms.katalon.selenium.driver.CChromeDriver
Capabilities {acceptInsecureCerts: false, acceptSslCerts: false, applicationCacheEnabled: false, browserConnectionEnabled: false, browserName: chrome, chrome: {chromedriverVersion: 2.35.528161 (5b82f2d2aae0ca..., userDataDir: C:\Users\ANKUR~1.JAI\AppDat...}, cssSelectorsEnabled: true, databaseEnabled: false, handlesAlerts: true, hasTouchScreen: false, javascriptEnabled: true, locationContextEnabled: true, mobileEmulationEnabled: false, nativeEvents: true, networkConnectionEnabled: false, pageLoadStrategy: normal, platform: XP, platformName: XP, rotatable: false, setWindowRect: true, takesHeapSnapshot: true, takesScreenshot: true, unexpectedAlertBehaviour: , unhandledPromptBehavior: , version: 67.0.3396.99, webStorageEnabled: true}
Session ID: 74793a5a84a1dd4c6b671353ce2f9535)

2018-07-05 15:06:43 - [TEST_STEP][PASSED] - clearText: Text of object 'Object Repository/TC_24_AM/Date_input' is cleared

2018-07-05 15:06:44 - [MESSAGE][PASSED] - Text of object 'Object Repository/TC_24_AM/Date_input' is cleared

2018-07-05 15:06:44 - [TEST_STEP][FAILED] - click: Unable to click on object 'Object Repository/TC_24_AM/Done_Button' (Root cause: org.openqa.selenium.WebDriverException: unknown error: Element <button type="button" class="ui-datepicker-close ui-state-default ui-priority-primary ui-corner-all" data-handler="hide" data-event="click">...</button> is not clickable at point (252, 402). Other element would receive the click: <div id="select2-drop-mask" class="select2-drop-mask" style=""></div>
  (Session info: chrome=67.0.3396.99)
  (Driver info: chromedriver=2.35.528161 (5b82f2d2aae0ca24b877009200ced9065a772e73),platform=Windows NT 6.1.7601 SP1 x86_64) (WARNING: The server did not provide any stacktrace information)
Command duration or timeout: 0 milliseconds
Build info: version: '3.7.1', revision: '8a0099a', time: '2017-11-06T21:07:36.161Z'
System info: host: 'LT0021232', ip: '10.50.88.74', os.name: 'Windows 7', os.arch: 'amd64', os.version: '6.1', java.version: '1.8.0_102'
Driver info: com.kms.katalon.selenium.driver.CChromeDriver
Capabilities {acceptInsecureCerts: false, acceptSslCerts: false, applicationCacheEnabled: false, browserConnectionEnabled: false, browserName: chrome, chrome: {chromedriverVersion: 2.35.528161 (5b82f2d2aae0ca..., userDataDir: C:\Users\ANKUR~1.JAI\AppDat...}, cssSelectorsEnabled: true, databaseEnabled: false, handlesAlerts: true, hasTouchScreen: false, javascriptEnabled: true, locationContextEnabled: true, mobileEmulationEnabled: false, nativeEvents: true, networkConnectionEnabled: false, pageLoadStrategy: normal, platform: XP, platformName: XP, rotatable: false, setWindowRect: true, takesHeapSnapshot: true, takesScreenshot: true, unexpectedAlertBehaviour: , unhandledPromptBehavior: , version: 67.0.3396.99, webStorageEnabled: true}
Session ID: 74793a5a84a1dd4c6b671353ce2f9535)

2018-07-05 15:06:44 - [MESSAGE][FAILED] - Unable to click on object 'Object Repository/TC_24_AM/Done_Button' (Root cause: org.openqa.selenium.WebDriverException: unknown error: Element <button type="button" class="ui-datepicker-close ui-state-default ui-priority-primary ui-corner-all" data-handler="hide" data-event="click">...</button> is not clickable at point (252, 402). Other element would receive the click: <div id="select2-drop-mask" class="select2-drop-mask" style=""></div>
  (Session info: chrome=67.0.3396.99)
  (Driver info: chromedriver=2.35.528161 (5b82f2d2aae0ca24b877009200ced9065a772e73),platform=Windows NT 6.1.7601 SP1 x86_64) (WARNING: The server did not provide any stacktrace information)
Command duration or timeout: 0 milliseconds
Build info: version: '3.7.1', revision: '8a0099a', time: '2017-11-06T21:07:36.161Z'
System info: host: 'LT0021232', ip: '10.50.88.74', os.name: 'Windows 7', os.arch: 'amd64', os.version: '6.1', java.version: '1.8.0_102'
Driver info: com.kms.katalon.selenium.driver.CChromeDriver
Capabilities {acceptInsecureCerts: false, acceptSslCerts: false, applicationCacheEnabled: false, browserConnectionEnabled: false, browserName: chrome, chrome: {chromedriverVersion: 2.35.528161 (5b82f2d2aae0ca..., userDataDir: C:\Users\ANKUR~1.JAI\AppDat...}, cssSelectorsEnabled: true, databaseEnabled: false, handlesAlerts: true, hasTouchScreen: false, javascriptEnabled: true, locationContextEnabled: true, mobileEmulationEnabled: false, nativeEvents: true, networkConnectionEnabled: false, pageLoadStrategy: normal, platform: XP, platformName: XP, rotatable: false, setWindowRect: true, takesHeapSnapshot: true, takesScreenshot: true, unexpectedAlertBehaviour: , unhandledPromptBehavior: , version: 67.0.3396.99, webStorageEnabled: true}
Session ID: 74793a5a84a1dd4c6b671353ce2f9535)
[[ATTACHMENT|C:\\Users\\ankur.jain\\Katalon Studio\\Feedzai_Automation\\Reports\\New Suite\\20180705_150427\\1530783404484.png]]]]></system-out>
         <system-err><![CDATA[2018-07-05 15:06:43 - [TEST_CASE][FAILED] - Test Cases/Alert Manager Test Cases/Alert Manager_Search Screen/TC27_Validate Advance search through Agent Id: Test Cases/Alert Manager Test Cases/Alert Manager_Search Screen/TC27_Validate Advance search through Agent Id FAILED because (of) Unable to click on object 'Object Repository/TC_24_AM/Done_Button' (Root cause: org.openqa.selenium.WebDriverException: unknown error: Element <button type="button" class="ui-datepicker-close ui-state-default ui-priority-primary ui-corner-all" data-handler="hide" data-event="click">...</button> is not clickable at point (252, 402). Other element would receive the click: <div id="select2-drop-mask" class="select2-drop-mask" style=""></div>
  (Session info: chrome=67.0.3396.99)
  (Driver info: chromedriver=2.35.528161 (5b82f2d2aae0ca24b877009200ced9065a772e73),platform=Windows NT 6.1.7601 SP1 x86_64) (WARNING: The server did not provide any stacktrace information)
Command duration or timeout: 0 milliseconds
Build info: version: '3.7.1', revision: '8a0099a', time: '2017-11-06T21:07:36.161Z'
System info: host: 'LT0021232', ip: '10.50.88.74', os.name: 'Windows 7', os.arch: 'amd64', os.version: '6.1', java.version: '1.8.0_102'
Driver info: com.kms.katalon.selenium.driver.CChromeDriver
Capabilities {acceptInsecureCerts: false, acceptSslCerts: false, applicationCacheEnabled: false, browserConnectionEnabled: false, browserName: chrome, chrome: {chromedriverVersion: 2.35.528161 (5b82f2d2aae0ca..., userDataDir: C:\Users\ANKUR~1.JAI\AppDat...}, cssSelectorsEnabled: true, databaseEnabled: false, handlesAlerts: true, hasTouchScreen: false, javascriptEnabled: true, locationContextEnabled: true, mobileEmulationEnabled: false, nativeEvents: true, networkConnectionEnabled: false, pageLoadStrategy: normal, platform: XP, platformName: XP, rotatable: false, setWindowRect: true, takesHeapSnapshot: true, takesScreenshot: true, unexpectedAlertBehaviour: , unhandledPromptBehavior: , version: 67.0.3396.99, webStorageEnabled: true}
Session ID: 74793a5a84a1dd4c6b671353ce2f9535)]]></system-err>
      </testcase>
      <testcase name="Test Cases/Alert Manager Test Cases/Alert Manager_Search Screen/TC28_Validate Advance search through customer phone number" classname="Test Cases/Alert Manager Test Cases/Alert Manager_Search Screen/TC28_Validate Advance search through customer phone number" status="FAILED">
         <failure type="FAILED" message="Unable to click on object 'Object Repository/TC_24_AM/Done_Button' (Root cause: org.openqa.selenium.WebDriverException: unknown error: Element &lt;button type=&quot;button&quot; class=&quot;ui-datepicker-close ui-state-default ui-priority-primary ui-corner-all&quot; data-handler=&quot;hide&quot; data-event=&quot;click&quot;>...&lt;/button> is not clickable at point (252, 402). Other element would receive the click: &lt;div id=&quot;select2-drop-mask&quot; class=&quot;select2-drop-mask&quot; style=&quot;&quot;>&lt;/div>
  (Session info: chrome=67.0.3396.99)
  (Driver info: chromedriver=2.35.528161 (5b82f2d2aae0ca24b877009200ced9065a772e73),platform=Windows NT 6.1.7601 SP1 x86_64) (WARNING: The server did not provide any stacktrace information)
Command duration or timeout: 0 milliseconds
Build info: version: '3.7.1', revision: '8a0099a', time: '2017-11-06T21:07:36.161Z'
System info: host: 'LT0021232', ip: '10.50.88.74', os.name: 'Windows 7', os.arch: 'amd64', os.version: '6.1', java.version: '1.8.0_102'
Driver info: com.kms.katalon.selenium.driver.CChromeDriver
Capabilities {acceptInsecureCerts: false, acceptSslCerts: false, applicationCacheEnabled: false, browserConnectionEnabled: false, browserName: chrome, chrome: {chromedriverVersion: 2.35.528161 (5b82f2d2aae0ca..., userDataDir: C:\Users\ANKUR~1.JAI\AppDat...}, cssSelectorsEnabled: true, databaseEnabled: false, handlesAlerts: true, hasTouchScreen: false, javascriptEnabled: true, locationContextEnabled: true, mobileEmulationEnabled: false, nativeEvents: true, networkConnectionEnabled: false, pageLoadStrategy: normal, platform: XP, platformName: XP, rotatable: false, setWindowRect: true, takesHeapSnapshot: true, takesScreenshot: true, unexpectedAlertBehaviour: , unhandledPromptBehavior: , version: 67.0.3396.99, webStorageEnabled: true}
Session ID: 74793a5a84a1dd4c6b671353ce2f9535)"/>
         <system-out><![CDATA[2018-07-05 15:06:44 - [TEST_CASE][FAILED] - Test Cases/Alert Manager Test Cases/Alert Manager_Search Screen/TC28_Validate Advance search through customer phone number: Test Cases/Alert Manager Test Cases/Alert Manager_Search Screen/TC28_Validate Advance search through customer phone number FAILED because (of) Unable to click on object 'Object Repository/TC_24_AM/Done_Button' (Root cause: org.openqa.selenium.WebDriverException: unknown error: Element <button type="button" class="ui-datepicker-close ui-state-default ui-priority-primary ui-corner-all" data-handler="hide" data-event="click">...</button> is not clickable at point (252, 402). Other element would receive the click: <div id="select2-drop-mask" class="select2-drop-mask" style=""></div>
  (Session info: chrome=67.0.3396.99)
  (Driver info: chromedriver=2.35.528161 (5b82f2d2aae0ca24b877009200ced9065a772e73),platform=Windows NT 6.1.7601 SP1 x86_64) (WARNING: The server did not provide any stacktrace information)
Command duration or timeout: 0 milliseconds
Build info: version: '3.7.1', revision: '8a0099a', time: '2017-11-06T21:07:36.161Z'
System info: host: 'LT0021232', ip: '10.50.88.74', os.name: 'Windows 7', os.arch: 'amd64', os.version: '6.1', java.version: '1.8.0_102'
Driver info: com.kms.katalon.selenium.driver.CChromeDriver
Capabilities {acceptInsecureCerts: false, acceptSslCerts: false, applicationCacheEnabled: false, browserConnectionEnabled: false, browserName: chrome, chrome: {chromedriverVersion: 2.35.528161 (5b82f2d2aae0ca..., userDataDir: C:\Users\ANKUR~1.JAI\AppDat...}, cssSelectorsEnabled: true, databaseEnabled: false, handlesAlerts: true, hasTouchScreen: false, javascriptEnabled: true, locationContextEnabled: true, mobileEmulationEnabled: false, nativeEvents: true, networkConnectionEnabled: false, pageLoadStrategy: normal, platform: XP, platformName: XP, rotatable: false, setWindowRect: true, takesHeapSnapshot: true, takesScreenshot: true, unexpectedAlertBehaviour: , unhandledPromptBehavior: , version: 67.0.3396.99, webStorageEnabled: true}
Session ID: 74793a5a84a1dd4c6b671353ce2f9535)

2018-07-05 15:06:45 - [TEST_STEP][PASSED] - clearText: Text of object 'Object Repository/TC_24_AM/Date_input' is cleared

2018-07-05 15:06:45 - [MESSAGE][PASSED] - Text of object 'Object Repository/TC_24_AM/Date_input' is cleared

2018-07-05 15:06:45 - [TEST_STEP][FAILED] - click: Unable to click on object 'Object Repository/TC_24_AM/Done_Button' (Root cause: org.openqa.selenium.WebDriverException: unknown error: Element <button type="button" class="ui-datepicker-close ui-state-default ui-priority-primary ui-corner-all" data-handler="hide" data-event="click">...</button> is not clickable at point (252, 402). Other element would receive the click: <div id="select2-drop-mask" class="select2-drop-mask" style=""></div>
  (Session info: chrome=67.0.3396.99)
  (Driver info: chromedriver=2.35.528161 (5b82f2d2aae0ca24b877009200ced9065a772e73),platform=Windows NT 6.1.7601 SP1 x86_64) (WARNING: The server did not provide any stacktrace information)
Command duration or timeout: 0 milliseconds
Build info: version: '3.7.1', revision: '8a0099a', time: '2017-11-06T21:07:36.161Z'
System info: host: 'LT0021232', ip: '10.50.88.74', os.name: 'Windows 7', os.arch: 'amd64', os.version: '6.1', java.version: '1.8.0_102'
Driver info: com.kms.katalon.selenium.driver.CChromeDriver
Capabilities {acceptInsecureCerts: false, acceptSslCerts: false, applicationCacheEnabled: false, browserConnectionEnabled: false, browserName: chrome, chrome: {chromedriverVersion: 2.35.528161 (5b82f2d2aae0ca..., userDataDir: C:\Users\ANKUR~1.JAI\AppDat...}, cssSelectorsEnabled: true, databaseEnabled: false, handlesAlerts: true, hasTouchScreen: false, javascriptEnabled: true, locationContextEnabled: true, mobileEmulationEnabled: false, nativeEvents: true, networkConnectionEnabled: false, pageLoadStrategy: normal, platform: XP, platformName: XP, rotatable: false, setWindowRect: true, takesHeapSnapshot: true, takesScreenshot: true, unexpectedAlertBehaviour: , unhandledPromptBehavior: , version: 67.0.3396.99, webStorageEnabled: true}
Session ID: 74793a5a84a1dd4c6b671353ce2f9535)

2018-07-05 15:06:46 - [MESSAGE][FAILED] - Unable to click on object 'Object Repository/TC_24_AM/Done_Button' (Root cause: org.openqa.selenium.WebDriverException: unknown error: Element <button type="button" class="ui-datepicker-close ui-state-default ui-priority-primary ui-corner-all" data-handler="hide" data-event="click">...</button> is not clickable at point (252, 402). Other element would receive the click: <div id="select2-drop-mask" class="select2-drop-mask" style=""></div>
  (Session info: chrome=67.0.3396.99)
  (Driver info: chromedriver=2.35.528161 (5b82f2d2aae0ca24b877009200ced9065a772e73),platform=Windows NT 6.1.7601 SP1 x86_64) (WARNING: The server did not provide any stacktrace information)
Command duration or timeout: 0 milliseconds
Build info: version: '3.7.1', revision: '8a0099a', time: '2017-11-06T21:07:36.161Z'
System info: host: 'LT0021232', ip: '10.50.88.74', os.name: 'Windows 7', os.arch: 'amd64', os.version: '6.1', java.version: '1.8.0_102'
Driver info: com.kms.katalon.selenium.driver.CChromeDriver
Capabilities {acceptInsecureCerts: false, acceptSslCerts: false, applicationCacheEnabled: false, browserConnectionEnabled: false, browserName: chrome, chrome: {chromedriverVersion: 2.35.528161 (5b82f2d2aae0ca..., userDataDir: C:\Users\ANKUR~1.JAI\AppDat...}, cssSelectorsEnabled: true, databaseEnabled: false, handlesAlerts: true, hasTouchScreen: false, javascriptEnabled: true, locationContextEnabled: true, mobileEmulationEnabled: false, nativeEvents: true, networkConnectionEnabled: false, pageLoadStrategy: normal, platform: XP, platformName: XP, rotatable: false, setWindowRect: true, takesHeapSnapshot: true, takesScreenshot: true, unexpectedAlertBehaviour: , unhandledPromptBehavior: , version: 67.0.3396.99, webStorageEnabled: true}
Session ID: 74793a5a84a1dd4c6b671353ce2f9535)
[[ATTACHMENT|C:\\Users\\ankur.jain\\Katalon Studio\\Feedzai_Automation\\Reports\\New Suite\\20180705_150427\\1530783405935.png]]]]></system-out>
         <system-err><![CDATA[2018-07-05 15:06:44 - [TEST_CASE][FAILED] - Test Cases/Alert Manager Test Cases/Alert Manager_Search Screen/TC28_Validate Advance search through customer phone number: Test Cases/Alert Manager Test Cases/Alert Manager_Search Screen/TC28_Validate Advance search through customer phone number FAILED because (of) Unable to click on object 'Object Repository/TC_24_AM/Done_Button' (Root cause: org.openqa.selenium.WebDriverException: unknown error: Element <button type="button" class="ui-datepicker-close ui-state-default ui-priority-primary ui-corner-all" data-handler="hide" data-event="click">...</button> is not clickable at point (252, 402). Other element would receive the click: <div id="select2-drop-mask" class="select2-drop-mask" style=""></div>
  (Session info: chrome=67.0.3396.99)
  (Driver info: chromedriver=2.35.528161 (5b82f2d2aae0ca24b877009200ced9065a772e73),platform=Windows NT 6.1.7601 SP1 x86_64) (WARNING: The server did not provide any stacktrace information)
Command duration or timeout: 0 milliseconds
Build info: version: '3.7.1', revision: '8a0099a', time: '2017-11-06T21:07:36.161Z'
System info: host: 'LT0021232', ip: '10.50.88.74', os.name: 'Windows 7', os.arch: 'amd64', os.version: '6.1', java.version: '1.8.0_102'
Driver info: com.kms.katalon.selenium.driver.CChromeDriver
Capabilities {acceptInsecureCerts: false, acceptSslCerts: false, applicationCacheEnabled: false, browserConnectionEnabled: false, browserName: chrome, chrome: {chromedriverVersion: 2.35.528161 (5b82f2d2aae0ca..., userDataDir: C:\Users\ANKUR~1.JAI\AppDat...}, cssSelectorsEnabled: true, databaseEnabled: false, handlesAlerts: true, hasTouchScreen: false, javascriptEnabled: true, locationContextEnabled: true, mobileEmulationEnabled: false, nativeEvents: true, networkConnectionEnabled: false, pageLoadStrategy: normal, platform: XP, platformName: XP, rotatable: false, setWindowRect: true, takesHeapSnapshot: true, takesScreenshot: true, unexpectedAlertBehaviour: , unhandledPromptBehavior: , version: 67.0.3396.99, webStorageEnabled: true}
Session ID: 74793a5a84a1dd4c6b671353ce2f9535)]]></system-err>
      </testcase>
      <testcase name="Test Cases/Alert Manager Test Cases/Alert Manager_Search Screen/TC29_Validate Advance search through merchant phone number" classname="Test Cases/Alert Manager Test Cases/Alert Manager_Search Screen/TC29_Validate Advance search through merchant phone number" status="FAILED">
         <failure type="FAILED" message="Unable to click on object 'Object Repository/TC_24_AM/Done_Button' (Root cause: org.openqa.selenium.WebDriverException: unknown error: Element &lt;button type=&quot;button&quot; class=&quot;ui-datepicker-close ui-state-default ui-priority-primary ui-corner-all&quot; data-handler=&quot;hide&quot; data-event=&quot;click&quot;>...&lt;/button> is not clickable at point (252, 402). Other element would receive the click: &lt;div id=&quot;select2-drop-mask&quot; class=&quot;select2-drop-mask&quot; style=&quot;&quot;>&lt;/div>
  (Session info: chrome=67.0.3396.99)
  (Driver info: chromedriver=2.35.528161 (5b82f2d2aae0ca24b877009200ced9065a772e73),platform=Windows NT 6.1.7601 SP1 x86_64) (WARNING: The server did not provide any stacktrace information)
Command duration or timeout: 0 milliseconds
Build info: version: '3.7.1', revision: '8a0099a', time: '2017-11-06T21:07:36.161Z'
System info: host: 'LT0021232', ip: '10.50.88.74', os.name: 'Windows 7', os.arch: 'amd64', os.version: '6.1', java.version: '1.8.0_102'
Driver info: com.kms.katalon.selenium.driver.CChromeDriver
Capabilities {acceptInsecureCerts: false, acceptSslCerts: false, applicationCacheEnabled: false, browserConnectionEnabled: false, browserName: chrome, chrome: {chromedriverVersion: 2.35.528161 (5b82f2d2aae0ca..., userDataDir: C:\Users\ANKUR~1.JAI\AppDat...}, cssSelectorsEnabled: true, databaseEnabled: false, handlesAlerts: true, hasTouchScreen: false, javascriptEnabled: true, locationContextEnabled: true, mobileEmulationEnabled: false, nativeEvents: true, networkConnectionEnabled: false, pageLoadStrategy: normal, platform: XP, platformName: XP, rotatable: false, setWindowRect: true, takesHeapSnapshot: true, takesScreenshot: true, unexpectedAlertBehaviour: , unhandledPromptBehavior: , version: 67.0.3396.99, webStorageEnabled: true}
Session ID: 74793a5a84a1dd4c6b671353ce2f9535)"/>
         <system-out><![CDATA[2018-07-05 15:06:46 - [TEST_CASE][FAILED] - Test Cases/Alert Manager Test Cases/Alert Manager_Search Screen/TC29_Validate Advance search through merchant phone number: Test Cases/Alert Manager Test Cases/Alert Manager_Search Screen/TC29_Validate Advance search through merchant phone number FAILED because (of) Unable to click on object 'Object Repository/TC_24_AM/Done_Button' (Root cause: org.openqa.selenium.WebDriverException: unknown error: Element <button type="button" class="ui-datepicker-close ui-state-default ui-priority-primary ui-corner-all" data-handler="hide" data-event="click">...</button> is not clickable at point (252, 402). Other element would receive the click: <div id="select2-drop-mask" class="select2-drop-mask" style=""></div>
  (Session info: chrome=67.0.3396.99)
  (Driver info: chromedriver=2.35.528161 (5b82f2d2aae0ca24b877009200ced9065a772e73),platform=Windows NT 6.1.7601 SP1 x86_64) (WARNING: The server did not provide any stacktrace information)
Command duration or timeout: 0 milliseconds
Build info: version: '3.7.1', revision: '8a0099a', time: '2017-11-06T21:07:36.161Z'
System info: host: 'LT0021232', ip: '10.50.88.74', os.name: 'Windows 7', os.arch: 'amd64', os.version: '6.1', java.version: '1.8.0_102'
Driver info: com.kms.katalon.selenium.driver.CChromeDriver
Capabilities {acceptInsecureCerts: false, acceptSslCerts: false, applicationCacheEnabled: false, browserConnectionEnabled: false, browserName: chrome, chrome: {chromedriverVersion: 2.35.528161 (5b82f2d2aae0ca..., userDataDir: C:\Users\ANKUR~1.JAI\AppDat...}, cssSelectorsEnabled: true, databaseEnabled: false, handlesAlerts: true, hasTouchScreen: false, javascriptEnabled: true, locationContextEnabled: true, mobileEmulationEnabled: false, nativeEvents: true, networkConnectionEnabled: false, pageLoadStrategy: normal, platform: XP, platformName: XP, rotatable: false, setWindowRect: true, takesHeapSnapshot: true, takesScreenshot: true, unexpectedAlertBehaviour: , unhandledPromptBehavior: , version: 67.0.3396.99, webStorageEnabled: true}
Session ID: 74793a5a84a1dd4c6b671353ce2f9535)

2018-07-05 15:06:46 - [TEST_STEP][PASSED] - clearText: Text of object 'Object Repository/TC_24_AM/Date_input' is cleared

2018-07-05 15:06:47 - [MESSAGE][PASSED] - Text of object 'Object Repository/TC_24_AM/Date_input' is cleared

2018-07-05 15:06:47 - [TEST_STEP][FAILED] - click: Unable to click on object 'Object Repository/TC_24_AM/Done_Button' (Root cause: org.openqa.selenium.WebDriverException: unknown error: Element <button type="button" class="ui-datepicker-close ui-state-default ui-priority-primary ui-corner-all" data-handler="hide" data-event="click">...</button> is not clickable at point (252, 402). Other element would receive the click: <div id="select2-drop-mask" class="select2-drop-mask" style=""></div>
  (Session info: chrome=67.0.3396.99)
  (Driver info: chromedriver=2.35.528161 (5b82f2d2aae0ca24b877009200ced9065a772e73),platform=Windows NT 6.1.7601 SP1 x86_64) (WARNING: The server did not provide any stacktrace information)
Command duration or timeout: 0 milliseconds
Build info: version: '3.7.1', revision: '8a0099a', time: '2017-11-06T21:07:36.161Z'
System info: host: 'LT0021232', ip: '10.50.88.74', os.name: 'Windows 7', os.arch: 'amd64', os.version: '6.1', java.version: '1.8.0_102'
Driver info: com.kms.katalon.selenium.driver.CChromeDriver
Capabilities {acceptInsecureCerts: false, acceptSslCerts: false, applicationCacheEnabled: false, browserConnectionEnabled: false, browserName: chrome, chrome: {chromedriverVersion: 2.35.528161 (5b82f2d2aae0ca..., userDataDir: C:\Users\ANKUR~1.JAI\AppDat...}, cssSelectorsEnabled: true, databaseEnabled: false, handlesAlerts: true, hasTouchScreen: false, javascriptEnabled: true, locationContextEnabled: true, mobileEmulationEnabled: false, nativeEvents: true, networkConnectionEnabled: false, pageLoadStrategy: normal, platform: XP, platformName: XP, rotatable: false, setWindowRect: true, takesHeapSnapshot: true, takesScreenshot: true, unexpectedAlertBehaviour: , unhandledPromptBehavior: , version: 67.0.3396.99, webStorageEnabled: true}
Session ID: 74793a5a84a1dd4c6b671353ce2f9535)

2018-07-05 15:06:47 - [MESSAGE][FAILED] - Unable to click on object 'Object Repository/TC_24_AM/Done_Button' (Root cause: org.openqa.selenium.WebDriverException: unknown error: Element <button type="button" class="ui-datepicker-close ui-state-default ui-priority-primary ui-corner-all" data-handler="hide" data-event="click">...</button> is not clickable at point (252, 402). Other element would receive the click: <div id="select2-drop-mask" class="select2-drop-mask" style=""></div>
  (Session info: chrome=67.0.3396.99)
  (Driver info: chromedriver=2.35.528161 (5b82f2d2aae0ca24b877009200ced9065a772e73),platform=Windows NT 6.1.7601 SP1 x86_64) (WARNING: The server did not provide any stacktrace information)
Command duration or timeout: 0 milliseconds
Build info: version: '3.7.1', revision: '8a0099a', time: '2017-11-06T21:07:36.161Z'
System info: host: 'LT0021232', ip: '10.50.88.74', os.name: 'Windows 7', os.arch: 'amd64', os.version: '6.1', java.version: '1.8.0_102'
Driver info: com.kms.katalon.selenium.driver.CChromeDriver
Capabilities {acceptInsecureCerts: false, acceptSslCerts: false, applicationCacheEnabled: false, browserConnectionEnabled: false, browserName: chrome, chrome: {chromedriverVersion: 2.35.528161 (5b82f2d2aae0ca..., userDataDir: C:\Users\ANKUR~1.JAI\AppDat...}, cssSelectorsEnabled: true, databaseEnabled: false, handlesAlerts: true, hasTouchScreen: false, javascriptEnabled: true, locationContextEnabled: true, mobileEmulationEnabled: false, nativeEvents: true, networkConnectionEnabled: false, pageLoadStrategy: normal, platform: XP, platformName: XP, rotatable: false, setWindowRect: true, takesHeapSnapshot: true, takesScreenshot: true, unexpectedAlertBehaviour: , unhandledPromptBehavior: , version: 67.0.3396.99, webStorageEnabled: true}
Session ID: 74793a5a84a1dd4c6b671353ce2f9535)
[[ATTACHMENT|C:\\Users\\ankur.jain\\Katalon Studio\\Feedzai_Automation\\Reports\\New Suite\\20180705_150427\\1530783407177.png]]]]></system-out>
         <system-err><![CDATA[2018-07-05 15:06:46 - [TEST_CASE][FAILED] - Test Cases/Alert Manager Test Cases/Alert Manager_Search Screen/TC29_Validate Advance search through merchant phone number: Test Cases/Alert Manager Test Cases/Alert Manager_Search Screen/TC29_Validate Advance search through merchant phone number FAILED because (of) Unable to click on object 'Object Repository/TC_24_AM/Done_Button' (Root cause: org.openqa.selenium.WebDriverException: unknown error: Element <button type="button" class="ui-datepicker-close ui-state-default ui-priority-primary ui-corner-all" data-handler="hide" data-event="click">...</button> is not clickable at point (252, 402). Other element would receive the click: <div id="select2-drop-mask" class="select2-drop-mask" style=""></div>
  (Session info: chrome=67.0.3396.99)
  (Driver info: chromedriver=2.35.528161 (5b82f2d2aae0ca24b877009200ced9065a772e73),platform=Windows NT 6.1.7601 SP1 x86_64) (WARNING: The server did not provide any stacktrace information)
Command duration or timeout: 0 milliseconds
Build info: version: '3.7.1', revision: '8a0099a', time: '2017-11-06T21:07:36.161Z'
System info: host: 'LT0021232', ip: '10.50.88.74', os.name: 'Windows 7', os.arch: 'amd64', os.version: '6.1', java.version: '1.8.0_102'
Driver info: com.kms.katalon.selenium.driver.CChromeDriver
Capabilities {acceptInsecureCerts: false, acceptSslCerts: false, applicationCacheEnabled: false, browserConnectionEnabled: false, browserName: chrome, chrome: {chromedriverVersion: 2.35.528161 (5b82f2d2aae0ca..., userDataDir: C:\Users\ANKUR~1.JAI\AppDat...}, cssSelectorsEnabled: true, databaseEnabled: false, handlesAlerts: true, hasTouchScreen: false, javascriptEnabled: true, locationContextEnabled: true, mobileEmulationEnabled: false, nativeEvents: true, networkConnectionEnabled: false, pageLoadStrategy: normal, platform: XP, platformName: XP, rotatable: false, setWindowRect: true, takesHeapSnapshot: true, takesScreenshot: true, unexpectedAlertBehaviour: , unhandledPromptBehavior: , version: 67.0.3396.99, webStorageEnabled: true}
Session ID: 74793a5a84a1dd4c6b671353ce2f9535)]]></system-err>
      </testcase>
      <testcase name="Test Cases/Alert Manager Test Cases/Alert Manager_Search Screen/TC30_Validate Advance search through Source Institution ID" classname="Test Cases/Alert Manager Test Cases/Alert Manager_Search Screen/TC30_Validate Advance search through Source Institution ID" status="FAILED">
         <failure type="FAILED" message="Unable to click on object 'Object Repository/TC_24_AM/Done_Button' (Root cause: org.openqa.selenium.WebDriverException: unknown error: Element &lt;button type=&quot;button&quot; class=&quot;ui-datepicker-close ui-state-default ui-priority-primary ui-corner-all&quot; data-handler=&quot;hide&quot; data-event=&quot;click&quot;>...&lt;/button> is not clickable at point (252, 402). Other element would receive the click: &lt;div id=&quot;select2-drop-mask&quot; class=&quot;select2-drop-mask&quot; style=&quot;&quot;>&lt;/div>
  (Session info: chrome=67.0.3396.99)
  (Driver info: chromedriver=2.35.528161 (5b82f2d2aae0ca24b877009200ced9065a772e73),platform=Windows NT 6.1.7601 SP1 x86_64) (WARNING: The server did not provide any stacktrace information)
Command duration or timeout: 0 milliseconds
Build info: version: '3.7.1', revision: '8a0099a', time: '2017-11-06T21:07:36.161Z'
System info: host: 'LT0021232', ip: '10.50.88.74', os.name: 'Windows 7', os.arch: 'amd64', os.version: '6.1', java.version: '1.8.0_102'
Driver info: com.kms.katalon.selenium.driver.CChromeDriver
Capabilities {acceptInsecureCerts: false, acceptSslCerts: false, applicationCacheEnabled: false, browserConnectionEnabled: false, browserName: chrome, chrome: {chromedriverVersion: 2.35.528161 (5b82f2d2aae0ca..., userDataDir: C:\Users\ANKUR~1.JAI\AppDat...}, cssSelectorsEnabled: true, databaseEnabled: false, handlesAlerts: true, hasTouchScreen: false, javascriptEnabled: true, locationContextEnabled: true, mobileEmulationEnabled: false, nativeEvents: true, networkConnectionEnabled: false, pageLoadStrategy: normal, platform: XP, platformName: XP, rotatable: false, setWindowRect: true, takesHeapSnapshot: true, takesScreenshot: true, unexpectedAlertBehaviour: , unhandledPromptBehavior: , version: 67.0.3396.99, webStorageEnabled: true}
Session ID: 74793a5a84a1dd4c6b671353ce2f9535)"/>
         <system-out><![CDATA[2018-07-05 15:06:47 - [TEST_CASE][FAILED] - Test Cases/Alert Manager Test Cases/Alert Manager_Search Screen/TC30_Validate Advance search through Source Institution ID: Test Cases/Alert Manager Test Cases/Alert Manager_Search Screen/TC30_Validate Advance search through Source Institution ID FAILED because (of) Unable to click on object 'Object Repository/TC_24_AM/Done_Button' (Root cause: org.openqa.selenium.WebDriverException: unknown error: Element <button type="button" class="ui-datepicker-close ui-state-default ui-priority-primary ui-corner-all" data-handler="hide" data-event="click">...</button> is not clickable at point (252, 402). Other element would receive the click: <div id="select2-drop-mask" class="select2-drop-mask" style=""></div>
  (Session info: chrome=67.0.3396.99)
  (Driver info: chromedriver=2.35.528161 (5b82f2d2aae0ca24b877009200ced9065a772e73),platform=Windows NT 6.1.7601 SP1 x86_64) (WARNING: The server did not provide any stacktrace information)
Command duration or timeout: 0 milliseconds
Build info: version: '3.7.1', revision: '8a0099a', time: '2017-11-06T21:07:36.161Z'
System info: host: 'LT0021232', ip: '10.50.88.74', os.name: 'Windows 7', os.arch: 'amd64', os.version: '6.1', java.version: '1.8.0_102'
Driver info: com.kms.katalon.selenium.driver.CChromeDriver
Capabilities {acceptInsecureCerts: false, acceptSslCerts: false, applicationCacheEnabled: false, browserConnectionEnabled: false, browserName: chrome, chrome: {chromedriverVersion: 2.35.528161 (5b82f2d2aae0ca..., userDataDir: C:\Users\ANKUR~1.JAI\AppDat...}, cssSelectorsEnabled: true, databaseEnabled: false, handlesAlerts: true, hasTouchScreen: false, javascriptEnabled: true, locationContextEnabled: true, mobileEmulationEnabled: false, nativeEvents: true, networkConnectionEnabled: false, pageLoadStrategy: normal, platform: XP, platformName: XP, rotatable: false, setWindowRect: true, takesHeapSnapshot: true, takesScreenshot: true, unexpectedAlertBehaviour: , unhandledPromptBehavior: , version: 67.0.3396.99, webStorageEnabled: true}
Session ID: 74793a5a84a1dd4c6b671353ce2f9535)

2018-07-05 15:06:48 - [TEST_STEP][PASSED] - clearText: Text of object 'Object Repository/TC_24_AM/Date_input' is cleared

2018-07-05 15:06:48 - [MESSAGE][PASSED] - Text of object 'Object Repository/TC_24_AM/Date_input' is cleared

2018-07-05 15:06:48 - [TEST_STEP][FAILED] - click: Unable to click on object 'Object Repository/TC_24_AM/Done_Button' (Root cause: org.openqa.selenium.WebDriverException: unknown error: Element <button type="button" class="ui-datepicker-close ui-state-default ui-priority-primary ui-corner-all" data-handler="hide" data-event="click">...</button> is not clickable at point (252, 402). Other element would receive the click: <div id="select2-drop-mask" class="select2-drop-mask" style=""></div>
  (Session info: chrome=67.0.3396.99)
  (Driver info: chromedriver=2.35.528161 (5b82f2d2aae0ca24b877009200ced9065a772e73),platform=Windows NT 6.1.7601 SP1 x86_64) (WARNING: The server did not provide any stacktrace information)
Command duration or timeout: 0 milliseconds
Build info: version: '3.7.1', revision: '8a0099a', time: '2017-11-06T21:07:36.161Z'
System info: host: 'LT0021232', ip: '10.50.88.74', os.name: 'Windows 7', os.arch: 'amd64', os.version: '6.1', java.version: '1.8.0_102'
Driver info: com.kms.katalon.selenium.driver.CChromeDriver
Capabilities {acceptInsecureCerts: false, acceptSslCerts: false, applicationCacheEnabled: false, browserConnectionEnabled: false, browserName: chrome, chrome: {chromedriverVersion: 2.35.528161 (5b82f2d2aae0ca..., userDataDir: C:\Users\ANKUR~1.JAI\AppDat...}, cssSelectorsEnabled: true, databaseEnabled: false, handlesAlerts: true, hasTouchScreen: false, javascriptEnabled: true, locationContextEnabled: true, mobileEmulationEnabled: false, nativeEvents: true, networkConnectionEnabled: false, pageLoadStrategy: normal, platform: XP, platformName: XP, rotatable: false, setWindowRect: true, takesHeapSnapshot: true, takesScreenshot: true, unexpectedAlertBehaviour: , unhandledPromptBehavior: , version: 67.0.3396.99, webStorageEnabled: true}
Session ID: 74793a5a84a1dd4c6b671353ce2f9535)

2018-07-05 15:06:49 - [MESSAGE][FAILED] - Unable to click on object 'Object Repository/TC_24_AM/Done_Button' (Root cause: org.openqa.selenium.WebDriverException: unknown error: Element <button type="button" class="ui-datepicker-close ui-state-default ui-priority-primary ui-corner-all" data-handler="hide" data-event="click">...</button> is not clickable at point (252, 402). Other element would receive the click: <div id="select2-drop-mask" class="select2-drop-mask" style=""></div>
  (Session info: chrome=67.0.3396.99)
  (Driver info: chromedriver=2.35.528161 (5b82f2d2aae0ca24b877009200ced9065a772e73),platform=Windows NT 6.1.7601 SP1 x86_64) (WARNING: The server did not provide any stacktrace information)
Command duration or timeout: 0 milliseconds
Build info: version: '3.7.1', revision: '8a0099a', time: '2017-11-06T21:07:36.161Z'
System info: host: 'LT0021232', ip: '10.50.88.74', os.name: 'Windows 7', os.arch: 'amd64', os.version: '6.1', java.version: '1.8.0_102'
Driver info: com.kms.katalon.selenium.driver.CChromeDriver
Capabilities {acceptInsecureCerts: false, acceptSslCerts: false, applicationCacheEnabled: false, browserConnectionEnabled: false, browserName: chrome, chrome: {chromedriverVersion: 2.35.528161 (5b82f2d2aae0ca..., userDataDir: C:\Users\ANKUR~1.JAI\AppDat...}, cssSelectorsEnabled: true, databaseEnabled: false, handlesAlerts: true, hasTouchScreen: false, javascriptEnabled: true, locationContextEnabled: true, mobileEmulationEnabled: false, nativeEvents: true, networkConnectionEnabled: false, pageLoadStrategy: normal, platform: XP, platformName: XP, rotatable: false, setWindowRect: true, takesHeapSnapshot: true, takesScreenshot: true, unexpectedAlertBehaviour: , unhandledPromptBehavior: , version: 67.0.3396.99, webStorageEnabled: true}
Session ID: 74793a5a84a1dd4c6b671353ce2f9535)
[[ATTACHMENT|C:\\Users\\ankur.jain\\Katalon Studio\\Feedzai_Automation\\Reports\\New Suite\\20180705_150427\\1530783408615.png]]]]></system-out>
         <system-err><![CDATA[2018-07-05 15:06:47 - [TEST_CASE][FAILED] - Test Cases/Alert Manager Test Cases/Alert Manager_Search Screen/TC30_Validate Advance search through Source Institution ID: Test Cases/Alert Manager Test Cases/Alert Manager_Search Screen/TC30_Validate Advance search through Source Institution ID FAILED because (of) Unable to click on object 'Object Repository/TC_24_AM/Done_Button' (Root cause: org.openqa.selenium.WebDriverException: unknown error: Element <button type="button" class="ui-datepicker-close ui-state-default ui-priority-primary ui-corner-all" data-handler="hide" data-event="click">...</button> is not clickable at point (252, 402). Other element would receive the click: <div id="select2-drop-mask" class="select2-drop-mask" style=""></div>
  (Session info: chrome=67.0.3396.99)
  (Driver info: chromedriver=2.35.528161 (5b82f2d2aae0ca24b877009200ced9065a772e73),platform=Windows NT 6.1.7601 SP1 x86_64) (WARNING: The server did not provide any stacktrace information)
Command duration or timeout: 0 milliseconds
Build info: version: '3.7.1', revision: '8a0099a', time: '2017-11-06T21:07:36.161Z'
System info: host: 'LT0021232', ip: '10.50.88.74', os.name: 'Windows 7', os.arch: 'amd64', os.version: '6.1', java.version: '1.8.0_102'
Driver info: com.kms.katalon.selenium.driver.CChromeDriver
Capabilities {acceptInsecureCerts: false, acceptSslCerts: false, applicationCacheEnabled: false, browserConnectionEnabled: false, browserName: chrome, chrome: {chromedriverVersion: 2.35.528161 (5b82f2d2aae0ca..., userDataDir: C:\Users\ANKUR~1.JAI\AppDat...}, cssSelectorsEnabled: true, databaseEnabled: false, handlesAlerts: true, hasTouchScreen: false, javascriptEnabled: true, locationContextEnabled: true, mobileEmulationEnabled: false, nativeEvents: true, networkConnectionEnabled: false, pageLoadStrategy: normal, platform: XP, platformName: XP, rotatable: false, setWindowRect: true, takesHeapSnapshot: true, takesScreenshot: true, unexpectedAlertBehaviour: , unhandledPromptBehavior: , version: 67.0.3396.99, webStorageEnabled: true}
Session ID: 74793a5a84a1dd4c6b671353ce2f9535)]]></system-err>
      </testcase>
      <system-out><![CDATA[2018-07-05 15:04:32 - [TEST_SUITE][FAILED] - New Suite: Test Cases/Alert Manager Test Cases/Alert Manager_Search Screen/TC26_Validate Advance search through channel FAILED because (of) Unable to click on object 'Object Repository/TC_24_AM/button_Search' (Root cause: org.openqa.selenium.WebDriverException: unknown error: Element <button type="submit" class="button button-primary">...</button> is not clickable at point (70, 555). Other element would receive the click: <div id="select2-drop-mask" class="select2-drop-mask" style=""></div>
  (Session info: chrome=67.0.3396.99)
  (Driver info: chromedriver=2.35.528161 (5b82f2d2aae0ca24b877009200ced9065a772e73),platform=Windows NT 6.1.7601 SP1 x86_64) (WARNING: The server did not provide any stacktrace information)
Command duration or timeout: 0 milliseconds
Build info: version: '3.7.1', revision: '8a0099a', time: '2017-11-06T21:07:36.161Z'
System info: host: 'LT0021232', ip: '10.50.88.74', os.name: 'Windows 7', os.arch: 'amd64', os.version: '6.1', java.version: '1.8.0_102'
Driver info: com.kms.katalon.selenium.driver.CChromeDriver
Capabilities {acceptInsecureCerts: false, acceptSslCerts: false, applicationCacheEnabled: false, browserConnectionEnabled: false, browserName: chrome, chrome: {chromedriverVersion: 2.35.528161 (5b82f2d2aae0ca..., userDataDir: C:\Users\ANKUR~1.JAI\AppDat...}, cssSelectorsEnabled: true, databaseEnabled: false, handlesAlerts: true, hasTouchScreen: false, javascriptEnabled: true, locationContextEnabled: true, mobileEmulationEnabled: false, nativeEvents: true, networkConnectionEnabled: false, pageLoadStrategy: normal, platform: XP, platformName: XP, rotatable: false, setWindowRect: true, takesHeapSnapshot: true, takesScreenshot: true, unexpectedAlertBehaviour: , unhandledPromptBehavior: , version: 67.0.3396.99, webStorageEnabled: true}
Session ID: 74793a5a84a1dd4c6b671353ce2f9535)]]></system-out>
      <system-err><![CDATA[2018-07-05 15:04:32 - [TEST_SUITE][FAILED] - New Suite: Test Cases/Alert Manager Test Cases/Alert Manager_Search Screen/TC26_Validate Advance search through channel FAILED because (of) Unable to click on object 'Object Repository/TC_24_AM/button_Search' (Root cause: org.openqa.selenium.WebDriverException: unknown error: Element <button type="submit" class="button button-primary">...</button> is not clickable at point (70, 555). Other element would receive the click: <div id="select2-drop-mask" class="select2-drop-mask" style=""></div>
  (Session info: chrome=67.0.3396.99)
  (Driver info: chromedriver=2.35.528161 (5b82f2d2aae0ca24b877009200ced9065a772e73),platform=Windows NT 6.1.7601 SP1 x86_64) (WARNING: The server did not provide any stacktrace information)
Command duration or timeout: 0 milliseconds
Build info: version: '3.7.1', revision: '8a0099a', time: '2017-11-06T21:07:36.161Z'
System info: host: 'LT0021232', ip: '10.50.88.74', os.name: 'Windows 7', os.arch: 'amd64', os.version: '6.1', java.version: '1.8.0_102'
Driver info: com.kms.katalon.selenium.driver.CChromeDriver
Capabilities {acceptInsecureCerts: false, acceptSslCerts: false, applicationCacheEnabled: false, browserConnectionEnabled: false, browserName: chrome, chrome: {chromedriverVersion: 2.35.528161 (5b82f2d2aae0ca..., userDataDir: C:\Users\ANKUR~1.JAI\AppDat...}, cssSelectorsEnabled: true, databaseEnabled: false, handlesAlerts: true, hasTouchScreen: false, javascriptEnabled: true, locationContextEnabled: true, mobileEmulationEnabled: false, nativeEvents: true, networkConnectionEnabled: false, pageLoadStrategy: normal, platform: XP, platformName: XP, rotatable: false, setWindowRect: true, takesHeapSnapshot: true, takesScreenshot: true, unexpectedAlertBehaviour: , unhandledPromptBehavior: , version: 67.0.3396.99, webStorageEnabled: true}
Session ID: 74793a5a84a1dd4c6b671353ce2f9535)]]></system-err>
   </testsuite>
</testsuites>
