<?xml version="1.0" encoding="UTF-8"?>
<testsuites name="AM_Test Suite" time="112" tests="3" failures="1" errors="0">
   <testsuite name="AM_Test Suite" tests="3" failures="1" errors="0" time="112" timestamp="2018-07-03 09:52:30" hostname="Ankur.Jain - LT0021232" id="Test Suites/AM_Test Suite">
      <properties>
         <property name="deviceName" value=""/>
         <property name="devicePlatform" value=""/>
         <property name="logFolder" value="C:\\Users\\ankur.jain\\Katalon Studio\\Feedzai_Automation\\Reports\\AM_Test Suite\\20180703_095221"/>
         <property name="logFiles" value="C:\\Users\\ankur.jain\\Katalon Studio\\Feedzai_Automation\\Reports\\AM_Test Suite\\20180703_095221\\execution0.log"/>
         <property name="attachments" value="C:\\Users\\ankur.jain\\Katalon Studio\\Feedzai_Automation\\Reports\\AM_Test Suite\\20180703_095221\\1530591859882.png"/>
         <property name="hostName" value="Ankur.Jain - LT0021232"/>
         <property name="os" value="Windows 7 64bit"/>
         <property name="katalonVersion" value="5.4.2.1"/>
         <property name="browser" value="Chrome 67.0.3396.99"/>
         <property name="hostAddress" value="10.50.88.74"/>
         <property name="sessionId" value="70063528ea6285cbee0554bfa5d48ca7"/>
         <property name="seleniumVersion" value="3.7.1"/>
         <property name="proxyInformation" value="ProxyInformation{proxyOption=NO_PROXY, proxyServerType=HTTP, password=, proxyServerAddress=, proxyServerPort=0}"/>
         <property name="platform" value="Windows 7"/>
      </properties>
      <testcase name="Test Cases/Alert Manager Login/Alert Manager_Login" classname="Test Cases/Alert Manager Login/Alert Manager_Login" status="PASSED">
         <system-out><![CDATA[2018-07-03 09:52:32 - [TEST_CASE][PASSED] - Test Cases/Alert Manager Login/Alert Manager_Login: Test Cases/Alert Manager Login/Alert Manager_Login

2018-07-03 09:52:33 - [TEST_STEP][PASSED] - openBrowser: Browser is opened with url: ''

2018-07-03 09:52:43 - [MESSAGE][PASSED] - Browser is opened with url: ''

2018-07-03 09:52:43 - [TEST_STEP][PASSED] - maximizeWindow: Current window maximized

2018-07-03 09:52:44 - [MESSAGE][PASSED] - Current window maximized

2018-07-03 09:52:44 - [TEST_STEP][PASSED] - navigateToUrl: Navigate to 'https://10.130.236.51/#login' successfully

2018-07-03 09:52:46 - [MESSAGE][PASSED] - Navigate to 'https://10.130.236.51/#login' successfully

2018-07-03 09:52:46 - [TEST_STEP][PASSED] - delay: Delayed 20 second(s)

2018-07-03 09:53:06 - [MESSAGE][PASSED] - Delayed 20 second(s)

2018-07-03 09:53:07 - [TEST_STEP][PASSED] - setText: Text 'Ankur.Jain' is set on object 'Object Repository/TC_01_AM/input'

2018-07-03 09:53:36 - [MESSAGE][PASSED] - Text 'Ankur.Jain' is set on object 'Object Repository/TC_01_AM/input'

2018-07-03 09:53:36 - [TEST_STEP][PASSED] - setText: Text 'Word02Pass' is set on object 'Object Repository/TC_01_AM/input_1'

2018-07-03 09:53:37 - [MESSAGE][PASSED] - Text 'Word02Pass' is set on object 'Object Repository/TC_01_AM/input_1']]></system-out>
         <system-err><![CDATA[]]></system-err>
      </testcase>
      <testcase name="Test Cases/Alert Manager_Test Cases/TC01_Mark Alert Not Fraud" classname="Test Cases/Alert Manager_Test Cases/TC01_Mark Alert Not Fraud" status="PASSED">
         <system-out><![CDATA[2018-07-03 09:53:37 - [TEST_CASE][PASSED] - Test Cases/Alert Manager_Test Cases/TC01_Mark Alert Not Fraud: Test Cases/Alert Manager_Test Cases/TC01_Mark Alert Not Fraud

2018-07-03 09:53:38 - [TEST_STEP][PASSED] - click: Object: 'Object Repository/TC_01_AM/button_Sign In' is clicked on

2018-07-03 09:53:38 - [MESSAGE][PASSED] - Object: 'Object Repository/TC_01_AM/button_Sign In' is clicked on

2018-07-03 09:53:38 - [TEST_STEP][PASSED] - click: Object: 'Object Repository/TC_01_AM/a_Merchant' is clicked on

2018-07-03 09:53:41 - [MESSAGE][PASSED] - Object: 'Object Repository/TC_01_AM/a_Merchant' is clicked on

2018-07-03 09:53:41 - [TEST_STEP][PASSED] - click: Object: 'Object Repository/TC_01_AM/a_Alerts' is clicked on

2018-07-03 09:53:41 - [MESSAGE][PASSED] - Object: 'Object Repository/TC_01_AM/a_Alerts' is clicked on

2018-07-03 09:53:41 - [TEST_STEP][PASSED] - click: Object: 'Object Repository/TC_01_AM/i_glyphicon glyphicon-ok' is clicked on

2018-07-03 09:53:54 - [MESSAGE][PASSED] - Object: 'Object Repository/TC_01_AM/i_glyphicon glyphicon-ok' is clicked on

2018-07-03 09:53:54 - [TEST_STEP][PASSED] - setText: Text 'ok' is set on object 'Object Repository/TC_01_AM/textarea_observation'

2018-07-03 09:53:55 - [MESSAGE][PASSED] - Text 'ok' is set on object 'Object Repository/TC_01_AM/textarea_observation'

2018-07-03 09:53:55 - [TEST_STEP][PASSED] - click: Object: 'Object Repository/TC_01_AM/button_Not Fraud' is clicked on

2018-07-03 09:53:55 - [MESSAGE][PASSED] - Object: 'Object Repository/TC_01_AM/button_Not Fraud' is clicked on

2018-07-03 09:53:55 - [TEST_STEP][PASSED] - delay: Delayed 10 second(s)

2018-07-03 09:54:05 - [MESSAGE][PASSED] - Delayed 10 second(s)]]></system-out>
         <system-err><![CDATA[]]></system-err>
      </testcase>
      <testcase name="Test Cases/Alert Manager_Test Cases/TC02_Mark Alert Fraud" classname="Test Cases/Alert Manager_Test Cases/TC02_Mark Alert Fraud" status="PASSED">
         <system-out><![CDATA[2018-07-03 09:54:05 - [TEST_CASE][PASSED] - Test Cases/Alert Manager_Test Cases/TC02_Mark Alert Fraud: Test Cases/Alert Manager_Test Cases/TC02_Mark Alert Fraud

2018-07-03 09:54:06 - [TEST_STEP][PASSED] - click: Object: 'Object Repository/TC_01_AM/i_glyphicon glyphicon-remove' is clicked on

2018-07-03 09:54:06 - [MESSAGE][PASSED] - Object: 'Object Repository/TC_01_AM/i_glyphicon glyphicon-remove' is clicked on

2018-07-03 09:54:06 - [TEST_STEP][PASSED] - setText: Text 'fraud' is set on object 'Object Repository/TC_01_AM/textarea_observation'

2018-07-03 09:54:07 - [MESSAGE][PASSED] - Text 'fraud' is set on object 'Object Repository/TC_01_AM/textarea_observation'

2018-07-03 09:54:07 - [TEST_STEP][PASSED] - click: Object: 'Object Repository/TC_01_AM/button_Fraud' is clicked on

2018-07-03 09:54:07 - [MESSAGE][PASSED] - Object: 'Object Repository/TC_01_AM/button_Fraud' is clicked on

2018-07-03 09:54:07 - [TEST_STEP][PASSED] - delay: Delayed 10 second(s)

2018-07-03 09:54:17 - [MESSAGE][PASSED] - Delayed 10 second(s)]]></system-out>
         <system-err><![CDATA[]]></system-err>
      </testcase>
      <testcase name="Test Cases/Alert Manager_Test Cases/TC03_Mark Alert Suspicious" classname="Test Cases/Alert Manager_Test Cases/TC03_Mark Alert Suspicious" status="FAILED">
         <failure type="FAILED" message="Unable to set text 'suspious' of object 'Object Repository/TC_01_AM/textarea_observation' (Root cause: org.openqa.selenium.InvalidElementStateException: invalid element state: Element is not currently interactable and may not be manipulated
  (Session info: chrome=67.0.3396.99)
  (Driver info: chromedriver=2.35.528161 (5b82f2d2aae0ca24b877009200ced9065a772e73),platform=Windows NT 6.1.7601 SP1 x86_64) (WARNING: The server did not provide any stacktrace information)
Command duration or timeout: 0 milliseconds
Build info: version: '3.7.1', revision: '8a0099a', time: '2017-11-06T21:07:36.161Z'
System info: host: 'LT0021232', ip: '10.50.88.74', os.name: 'Windows 7', os.arch: 'amd64', os.version: '6.1', java.version: '1.8.0_102'
Driver info: com.kms.katalon.selenium.driver.CChromeDriver
Capabilities {acceptInsecureCerts: false, acceptSslCerts: false, applicationCacheEnabled: false, browserConnectionEnabled: false, browserName: chrome, chrome: {chromedriverVersion: 2.35.528161 (5b82f2d2aae0ca..., userDataDir: C:\Users\ANKUR~1.JAI\AppDat...}, cssSelectorsEnabled: true, databaseEnabled: false, handlesAlerts: true, hasTouchScreen: false, javascriptEnabled: true, locationContextEnabled: true, mobileEmulationEnabled: false, nativeEvents: true, networkConnectionEnabled: false, pageLoadStrategy: normal, platform: XP, platformName: XP, rotatable: false, setWindowRect: true, takesHeapSnapshot: true, takesScreenshot: true, unexpectedAlertBehaviour: , unhandledPromptBehavior: , version: 67.0.3396.99, webStorageEnabled: true}
Session ID: 70063528ea6285cbee0554bfa5d48ca7)"/>
         <system-out><![CDATA[2018-07-03 09:54:17 - [TEST_CASE][FAILED] - Test Cases/Alert Manager_Test Cases/TC03_Mark Alert Suspicious: Test Cases/Alert Manager_Test Cases/TC03_Mark Alert Suspicious FAILED because (of) Unable to set text 'suspious' of object 'Object Repository/TC_01_AM/textarea_observation' (Root cause: org.openqa.selenium.InvalidElementStateException: invalid element state: Element is not currently interactable and may not be manipulated
  (Session info: chrome=67.0.3396.99)
  (Driver info: chromedriver=2.35.528161 (5b82f2d2aae0ca24b877009200ced9065a772e73),platform=Windows NT 6.1.7601 SP1 x86_64) (WARNING: The server did not provide any stacktrace information)
Command duration or timeout: 0 milliseconds
Build info: version: '3.7.1', revision: '8a0099a', time: '2017-11-06T21:07:36.161Z'
System info: host: 'LT0021232', ip: '10.50.88.74', os.name: 'Windows 7', os.arch: 'amd64', os.version: '6.1', java.version: '1.8.0_102'
Driver info: com.kms.katalon.selenium.driver.CChromeDriver
Capabilities {acceptInsecureCerts: false, acceptSslCerts: false, applicationCacheEnabled: false, browserConnectionEnabled: false, browserName: chrome, chrome: {chromedriverVersion: 2.35.528161 (5b82f2d2aae0ca..., userDataDir: C:\Users\ANKUR~1.JAI\AppDat...}, cssSelectorsEnabled: true, databaseEnabled: false, handlesAlerts: true, hasTouchScreen: false, javascriptEnabled: true, locationContextEnabled: true, mobileEmulationEnabled: false, nativeEvents: true, networkConnectionEnabled: false, pageLoadStrategy: normal, platform: XP, platformName: XP, rotatable: false, setWindowRect: true, takesHeapSnapshot: true, takesScreenshot: true, unexpectedAlertBehaviour: , unhandledPromptBehavior: , version: 67.0.3396.99, webStorageEnabled: true}
Session ID: 70063528ea6285cbee0554bfa5d48ca7)

2018-07-03 09:54:18 - [TEST_STEP][PASSED] - click: Object: 'Object Repository/TC_01_AM/i_glyphicon glyphicon-fire' is clicked on

2018-07-03 09:54:19 - [MESSAGE][PASSED] - Object: 'Object Repository/TC_01_AM/i_glyphicon glyphicon-fire' is clicked on

2018-07-03 09:54:19 - [TEST_STEP][FAILED] - setText: Unable to set text 'suspious' of object 'Object Repository/TC_01_AM/textarea_observation' (Root cause: org.openqa.selenium.InvalidElementStateException: invalid element state: Element is not currently interactable and may not be manipulated
  (Session info: chrome=67.0.3396.99)
  (Driver info: chromedriver=2.35.528161 (5b82f2d2aae0ca24b877009200ced9065a772e73),platform=Windows NT 6.1.7601 SP1 x86_64) (WARNING: The server did not provide any stacktrace information)
Command duration or timeout: 0 milliseconds
Build info: version: '3.7.1', revision: '8a0099a', time: '2017-11-06T21:07:36.161Z'
System info: host: 'LT0021232', ip: '10.50.88.74', os.name: 'Windows 7', os.arch: 'amd64', os.version: '6.1', java.version: '1.8.0_102'
Driver info: com.kms.katalon.selenium.driver.CChromeDriver
Capabilities {acceptInsecureCerts: false, acceptSslCerts: false, applicationCacheEnabled: false, browserConnectionEnabled: false, browserName: chrome, chrome: {chromedriverVersion: 2.35.528161 (5b82f2d2aae0ca..., userDataDir: C:\Users\ANKUR~1.JAI\AppDat...}, cssSelectorsEnabled: true, databaseEnabled: false, handlesAlerts: true, hasTouchScreen: false, javascriptEnabled: true, locationContextEnabled: true, mobileEmulationEnabled: false, nativeEvents: true, networkConnectionEnabled: false, pageLoadStrategy: normal, platform: XP, platformName: XP, rotatable: false, setWindowRect: true, takesHeapSnapshot: true, takesScreenshot: true, unexpectedAlertBehaviour: , unhandledPromptBehavior: , version: 67.0.3396.99, webStorageEnabled: true}
Session ID: 70063528ea6285cbee0554bfa5d48ca7)

2018-07-03 09:54:21 - [MESSAGE][FAILED] - Unable to set text 'suspious' of object 'Object Repository/TC_01_AM/textarea_observation' (Root cause: org.openqa.selenium.InvalidElementStateException: invalid element state: Element is not currently interactable and may not be manipulated
  (Session info: chrome=67.0.3396.99)
  (Driver info: chromedriver=2.35.528161 (5b82f2d2aae0ca24b877009200ced9065a772e73),platform=Windows NT 6.1.7601 SP1 x86_64) (WARNING: The server did not provide any stacktrace information)
Command duration or timeout: 0 milliseconds
Build info: version: '3.7.1', revision: '8a0099a', time: '2017-11-06T21:07:36.161Z'
System info: host: 'LT0021232', ip: '10.50.88.74', os.name: 'Windows 7', os.arch: 'amd64', os.version: '6.1', java.version: '1.8.0_102'
Driver info: com.kms.katalon.selenium.driver.CChromeDriver
Capabilities {acceptInsecureCerts: false, acceptSslCerts: false, applicationCacheEnabled: false, browserConnectionEnabled: false, browserName: chrome, chrome: {chromedriverVersion: 2.35.528161 (5b82f2d2aae0ca..., userDataDir: C:\Users\ANKUR~1.JAI\AppDat...}, cssSelectorsEnabled: true, databaseEnabled: false, handlesAlerts: true, hasTouchScreen: false, javascriptEnabled: true, locationContextEnabled: true, mobileEmulationEnabled: false, nativeEvents: true, networkConnectionEnabled: false, pageLoadStrategy: normal, platform: XP, platformName: XP, rotatable: false, setWindowRect: true, takesHeapSnapshot: true, takesScreenshot: true, unexpectedAlertBehaviour: , unhandledPromptBehavior: , version: 67.0.3396.99, webStorageEnabled: true}
Session ID: 70063528ea6285cbee0554bfa5d48ca7)
[[ATTACHMENT|C:\\Users\\ankur.jain\\Katalon Studio\\Feedzai_Automation\\Reports\\AM_Test Suite\\20180703_095221\\1530591859882.png]]]]></system-out>
         <system-err><![CDATA[2018-07-03 09:54:17 - [TEST_CASE][FAILED] - Test Cases/Alert Manager_Test Cases/TC03_Mark Alert Suspicious: Test Cases/Alert Manager_Test Cases/TC03_Mark Alert Suspicious FAILED because (of) Unable to set text 'suspious' of object 'Object Repository/TC_01_AM/textarea_observation' (Root cause: org.openqa.selenium.InvalidElementStateException: invalid element state: Element is not currently interactable and may not be manipulated
  (Session info: chrome=67.0.3396.99)
  (Driver info: chromedriver=2.35.528161 (5b82f2d2aae0ca24b877009200ced9065a772e73),platform=Windows NT 6.1.7601 SP1 x86_64) (WARNING: The server did not provide any stacktrace information)
Command duration or timeout: 0 milliseconds
Build info: version: '3.7.1', revision: '8a0099a', time: '2017-11-06T21:07:36.161Z'
System info: host: 'LT0021232', ip: '10.50.88.74', os.name: 'Windows 7', os.arch: 'amd64', os.version: '6.1', java.version: '1.8.0_102'
Driver info: com.kms.katalon.selenium.driver.CChromeDriver
Capabilities {acceptInsecureCerts: false, acceptSslCerts: false, applicationCacheEnabled: false, browserConnectionEnabled: false, browserName: chrome, chrome: {chromedriverVersion: 2.35.528161 (5b82f2d2aae0ca..., userDataDir: C:\Users\ANKUR~1.JAI\AppDat...}, cssSelectorsEnabled: true, databaseEnabled: false, handlesAlerts: true, hasTouchScreen: false, javascriptEnabled: true, locationContextEnabled: true, mobileEmulationEnabled: false, nativeEvents: true, networkConnectionEnabled: false, pageLoadStrategy: normal, platform: XP, platformName: XP, rotatable: false, setWindowRect: true, takesHeapSnapshot: true, takesScreenshot: true, unexpectedAlertBehaviour: , unhandledPromptBehavior: , version: 67.0.3396.99, webStorageEnabled: true}
Session ID: 70063528ea6285cbee0554bfa5d48ca7)]]></system-err>
      </testcase>
      <system-out><![CDATA[2018-07-03 09:52:30 - [TEST_SUITE][FAILED] - AM_Test Suite: Test Cases/Alert Manager_Test Cases/TC03_Mark Alert Suspicious FAILED because (of) Unable to set text 'suspious' of object 'Object Repository/TC_01_AM/textarea_observation' (Root cause: org.openqa.selenium.InvalidElementStateException: invalid element state: Element is not currently interactable and may not be manipulated
  (Session info: chrome=67.0.3396.99)
  (Driver info: chromedriver=2.35.528161 (5b82f2d2aae0ca24b877009200ced9065a772e73),platform=Windows NT 6.1.7601 SP1 x86_64) (WARNING: The server did not provide any stacktrace information)
Command duration or timeout: 0 milliseconds
Build info: version: '3.7.1', revision: '8a0099a', time: '2017-11-06T21:07:36.161Z'
System info: host: 'LT0021232', ip: '10.50.88.74', os.name: 'Windows 7', os.arch: 'amd64', os.version: '6.1', java.version: '1.8.0_102'
Driver info: com.kms.katalon.selenium.driver.CChromeDriver
Capabilities {acceptInsecureCerts: false, acceptSslCerts: false, applicationCacheEnabled: false, browserConnectionEnabled: false, browserName: chrome, chrome: {chromedriverVersion: 2.35.528161 (5b82f2d2aae0ca..., userDataDir: C:\Users\ANKUR~1.JAI\AppDat...}, cssSelectorsEnabled: true, databaseEnabled: false, handlesAlerts: true, hasTouchScreen: false, javascriptEnabled: true, locationContextEnabled: true, mobileEmulationEnabled: false, nativeEvents: true, networkConnectionEnabled: false, pageLoadStrategy: normal, platform: XP, platformName: XP, rotatable: false, setWindowRect: true, takesHeapSnapshot: true, takesScreenshot: true, unexpectedAlertBehaviour: , unhandledPromptBehavior: , version: 67.0.3396.99, webStorageEnabled: true}
Session ID: 70063528ea6285cbee0554bfa5d48ca7)]]></system-out>
      <system-err><![CDATA[2018-07-03 09:52:30 - [TEST_SUITE][FAILED] - AM_Test Suite: Test Cases/Alert Manager_Test Cases/TC03_Mark Alert Suspicious FAILED because (of) Unable to set text 'suspious' of object 'Object Repository/TC_01_AM/textarea_observation' (Root cause: org.openqa.selenium.InvalidElementStateException: invalid element state: Element is not currently interactable and may not be manipulated
  (Session info: chrome=67.0.3396.99)
  (Driver info: chromedriver=2.35.528161 (5b82f2d2aae0ca24b877009200ced9065a772e73),platform=Windows NT 6.1.7601 SP1 x86_64) (WARNING: The server did not provide any stacktrace information)
Command duration or timeout: 0 milliseconds
Build info: version: '3.7.1', revision: '8a0099a', time: '2017-11-06T21:07:36.161Z'
System info: host: 'LT0021232', ip: '10.50.88.74', os.name: 'Windows 7', os.arch: 'amd64', os.version: '6.1', java.version: '1.8.0_102'
Driver info: com.kms.katalon.selenium.driver.CChromeDriver
Capabilities {acceptInsecureCerts: false, acceptSslCerts: false, applicationCacheEnabled: false, browserConnectionEnabled: false, browserName: chrome, chrome: {chromedriverVersion: 2.35.528161 (5b82f2d2aae0ca..., userDataDir: C:\Users\ANKUR~1.JAI\AppDat...}, cssSelectorsEnabled: true, databaseEnabled: false, handlesAlerts: true, hasTouchScreen: false, javascriptEnabled: true, locationContextEnabled: true, mobileEmulationEnabled: false, nativeEvents: true, networkConnectionEnabled: false, pageLoadStrategy: normal, platform: XP, platformName: XP, rotatable: false, setWindowRect: true, takesHeapSnapshot: true, takesScreenshot: true, unexpectedAlertBehaviour: , unhandledPromptBehavior: , version: 67.0.3396.99, webStorageEnabled: true}
Session ID: 70063528ea6285cbee0554bfa5d48ca7)]]></system-err>
   </testsuite>
</testsuites>
