<?xml version="1.0" encoding="UTF-8"?>
<testsuites name="New Suite" time="98" tests="1" failures="2" errors="0">
   <testsuite name="New Suite" tests="1" failures="2" errors="0" time="98" timestamp="2018-07-05 14:49:30" hostname="Ankur.Jain - LT0021232.in.ril.com" id="Test Suites/New Suite">
      <properties>
         <property name="deviceName" value=""/>
         <property name="devicePlatform" value=""/>
         <property name="logFolder" value="C:\\Users\\ankur.jain\\Katalon Studio\\Feedzai_Automation\\Reports\\New Suite\\20180705_144924"/>
         <property name="logFiles" value="C:\\Users\\ankur.jain\\Katalon Studio\\Feedzai_Automation\\Reports\\New Suite\\20180705_144924\\execution0.log"/>
         <property name="attachments" value="C:\\Users\\ankur.jain\\Katalon Studio\\Feedzai_Automation\\Reports\\New Suite\\20180705_144924\\1530782414934.png, C:\\Users\\ankur.jain\\Katalon Studio\\Feedzai_Automation\\Reports\\New Suite\\20180705_144924\\1530782461597.png, C:\\Users\\ankur.jain\\Katalon Studio\\Feedzai_Automation\\Reports\\New Suite\\20180705_144924\\1530782462110.png, C:\\Users\\ankur.jain\\Katalon Studio\\Feedzai_Automation\\Reports\\New Suite\\20180705_144924\\1530782466794.png"/>
         <property name="hostName" value="Ankur.Jain - LT0021232.in.ril.com"/>
         <property name="os" value="Windows 7 64bit"/>
         <property name="katalonVersion" value="5.4.2.1"/>
         <property name="browser" value="Chrome 67.0.3396.99"/>
         <property name="hostAddress" value="10.50.88.74"/>
         <property name="sessionId" value="7c99893ae4380a853f34387fd8dd980b"/>
         <property name="seleniumVersion" value="3.7.1"/>
         <property name="proxyInformation" value="ProxyInformation{proxyOption=NO_PROXY, proxyServerType=HTTP, password=, proxyServerAddress=, proxyServerPort=0}"/>
         <property name="platform" value="Windows 7"/>
      </properties>
      <testcase name="Test Cases/Alert Manager Test Cases/Alert Manager_Search Screen/TC24_Validate Advance search through customer id" classname="Test Cases/Alert Manager Test Cases/Alert Manager_Search Screen/TC24_Validate Advance search through customer id" status="PASSED">
         <system-out><![CDATA[2018-07-05 14:49:31 - [TEST_CASE][PASSED] - Test Cases/Alert Manager Test Cases/Alert Manager_Search Screen/TC24_Validate Advance search through customer id: Test Cases/Alert Manager Test Cases/Alert Manager_Search Screen/TC24_Validate Advance search through customer id

2018-07-05 14:49:32 - [TEST_STEP][PASSED] - openBrowser: Browser is opened with url: ''

2018-07-05 14:49:41 - [MESSAGE][PASSED] - Browser is opened with url: ''

2018-07-05 14:49:41 - [TEST_STEP][PASSED] - navigateToUrl: Navigate to 'https://10.130.236.51/#login' successfully

2018-07-05 14:49:44 - [MESSAGE][PASSED] - Navigate to 'https://10.130.236.51/#login' successfully

2018-07-05 14:49:44 - [TEST_STEP][PASSED] - setText: Text 'Ankur.Jain' is set on object 'Object Repository/TC_24_AM/input'

2018-07-05 14:49:59 - [MESSAGE][PASSED] - Text 'Ankur.Jain' is set on object 'Object Repository/TC_24_AM/input'

2018-07-05 14:49:59 - [TEST_STEP][PASSED] - setText: Text 'Word02Pass' is set on object 'Object Repository/TC_24_AM/input_1'

2018-07-05 14:50:00 - [MESSAGE][PASSED] - Text 'Word02Pass' is set on object 'Object Repository/TC_24_AM/input_1'

2018-07-05 14:50:00 - [TEST_STEP][PASSED] - sendKeys: Keys 'ENTER + ' sent to object: 'Object Repository/TC_24_AM/input_1'

2018-07-05 14:50:00 - [MESSAGE][PASSED] - Keys 'ENTER + ' sent to object: 'Object Repository/TC_24_AM/input_1'

2018-07-05 14:50:00 - [TEST_STEP][PASSED] - click: Object: 'Object Repository/TC_24_AM/span_Search' is clicked on

2018-07-05 14:50:01 - [MESSAGE][PASSED] - Object: 'Object Repository/TC_24_AM/span_Search' is clicked on

2018-07-05 14:50:01 - [TEST_STEP][PASSED] - clearText: Text of object 'Object Repository/TC_24_AM/Date_input' is cleared

2018-07-05 14:50:02 - [MESSAGE][PASSED] - Text of object 'Object Repository/TC_24_AM/Date_input' is cleared

2018-07-05 14:50:02 - [TEST_STEP][PASSED] - click: Object: 'Object Repository/TC_24_AM/Done_Button' is clicked on

2018-07-05 14:50:02 - [MESSAGE][PASSED] - Object: 'Object Repository/TC_24_AM/Done_Button' is clicked on

2018-07-05 14:50:02 - [TEST_STEP][PASSED] - delay: Delayed 2 second(s)

2018-07-05 14:50:04 - [MESSAGE][PASSED] - Delayed 2 second(s)

2018-07-05 14:50:04 - [TEST_STEP][PASSED] - click: Object: 'Object Repository/TC_24_AM/button_Advanced Search' is clicked on

2018-07-05 14:50:05 - [MESSAGE][PASSED] - Object: 'Object Repository/TC_24_AM/button_Advanced Search' is clicked on

2018-07-05 14:50:05 - [TEST_STEP][PASSED] - click: Object: 'Object Repository/TC_24_AM/ul_Customer Id' is clicked on

2018-07-05 14:50:05 - [MESSAGE][PASSED] - Object: 'Object Repository/TC_24_AM/ul_Customer Id' is clicked on

2018-07-05 14:50:05 - [TEST_STEP][PASSED] - setText: Text '1100243850' is set on object 'Object Repository/TC_24_AM/input_s2id_autogen7'

2018-07-05 14:50:08 - [MESSAGE][PASSED] - Text '1100243850' is set on object 'Object Repository/TC_24_AM/input_s2id_autogen7'

2018-07-05 14:50:08 - [TEST_STEP][PASSED] - delay: Delayed 2 second(s)

2018-07-05 14:50:10 - [MESSAGE][PASSED] - Delayed 2 second(s)

2018-07-05 14:50:10 - [TEST_STEP][PASSED] - sendKeys: Keys 'ENTER + ' sent to object: 'Object Repository/TC_24_AM/input_s2id_autogen7'

2018-07-05 14:50:10 - [MESSAGE][PASSED] - Keys 'ENTER + ' sent to object: 'Object Repository/TC_24_AM/input_s2id_autogen7'

2018-07-05 14:50:10 - [TEST_STEP][PASSED] - delay: Delayed 2 second(s)

2018-07-05 14:50:12 - [MESSAGE][PASSED] - Delayed 2 second(s)

2018-07-05 14:50:12 - [TEST_STEP][PASSED] - click: Object: 'Object Repository/TC_24_AM/button_Search' is clicked on

2018-07-05 14:50:13 - [MESSAGE][PASSED] - Object: 'Object Repository/TC_24_AM/button_Search' is clicked on

2018-07-05 14:50:13 - [TEST_STEP][PASSED] - getText: Text of object 'Object Repository/TC_24_AM/Cust_Details' is: '15-05-2018 15:18:53 2812 3206 0077 6096 1,000.00 1100243850 1100243850 N/A no LMW 28 00 0 Unassigned Not Fraud
15-05-2018 15:21:59 2812 3206 0077 6096 5.00 1100243850 N/A 5999 no WPP 0 00 0 Unassigned Not Fraud
15-05-2018 15:23:34 2812 3206 0077 6096 6.00 1100243850 N/A 5999 no WPP 0 00 0 Unassigned Not Fraud
15-05-2018 15:24:40 2812 3206 0077 6096 4.00 1100243850 N/A 5999 no WPP 0 00 0 Unassigned Not Fraud
15-05-2018 15:25:57 2812 3200 0000 0000 1.00 1100243850 N/A 5999 no WPP 0 05 1 Customer Pending
15-05-2018 15:33:13 2812 3206 0077 6096 6.00 1100243850 1100243850 5999 no WRO 20 00 0 Unassigned Not Fraud
15-05-2018 15:35:00 2812 3206 0077 6096 6.00 1100243850 N/A 5999 no WPP 0 00 0 Unassigned Not Fraud
15-05-2018 15:36:21 2812 3200 0000 0000 1.00 1100243850 N/A 5999 no WPP 0 05 1 Customer Pending
15-06-2018 12:35:16 NA 2.00 1100243850 N/A 5999 no WPP 0 05 0 Unassigned Not Fraud
15-06-2018 12:38:04 1000 00XX XXXX 3645 2.00 1100243850 N/A 5999 no WPP 0 00 1 Unassigned Pending'

2018-07-05 14:50:14 - [MESSAGE][PASSED] - Text of object 'Object Repository/TC_24_AM/Cust_Details' is: '15-05-2018 15:18:53 2812 3206 0077 6096 1,000.00 1100243850 1100243850 N/A no LMW 28 00 0 Unassigned Not Fraud
15-05-2018 15:21:59 2812 3206 0077 6096 5.00 1100243850 N/A 5999 no WPP 0 00 0 Unassigned Not Fraud
15-05-2018 15:23:34 2812 3206 0077 6096 6.00 1100243850 N/A 5999 no WPP 0 00 0 Unassigned Not Fraud
15-05-2018 15:24:40 2812 3206 0077 6096 4.00 1100243850 N/A 5999 no WPP 0 00 0 Unassigned Not Fraud
15-05-2018 15:25:57 2812 3200 0000 0000 1.00 1100243850 N/A 5999 no WPP 0 05 1 Customer Pending
15-05-2018 15:33:13 2812 3206 0077 6096 6.00 1100243850 1100243850 5999 no WRO 20 00 0 Unassigned Not Fraud
15-05-2018 15:35:00 2812 3206 0077 6096 6.00 1100243850 N/A 5999 no WPP 0 00 0 Unassigned Not Fraud
15-05-2018 15:36:21 2812 3200 0000 0000 1.00 1100243850 N/A 5999 no WPP 0 05 1 Customer Pending
15-06-2018 12:35:16 NA 2.00 1100243850 N/A 5999 no WPP 0 05 0 Unassigned Not Fraud
15-06-2018 12:38:04 1000 00XX XXXX 3645 2.00 1100243850 N/A 5999 no WPP 0 00 1 Unassigned Pending'

2018-07-05 14:50:14 - [TEST_STEP][PASSED] - comment: Customer Details Displayed

2018-07-05 14:50:14 - [TEST_STEP][PASSED] - Statement - Customer_Details = com.kms.katalon.core.webui.keyword.WebUiBuiltInKeywords.takeScreenshot(): Taking screenshot successfully

2018-07-05 14:50:15 - [MESSAGE][PASSED] - Taking screenshot successfully
[[ATTACHMENT|C:\\Users\\ankur.jain\\Katalon Studio\\Feedzai_Automation\\Reports\\New Suite\\20180705_144924\\1530782414934.png]]

2018-07-05 14:50:15 - [TEST_STEP][PASSED] - verifyElementText: Actual text and expected text of test object 'Object Repository/TC_24_AM/Cust_id_Validation' are matched.

2018-07-05 14:50:15 - [MESSAGE][PASSED] - Actual text and expected text of test object 'Object Repository/TC_24_AM/Cust_id_Validation' are matched.

2018-07-05 14:50:15 - [TEST_STEP][PASSED] - refresh: Refresh successfully

2018-07-05 14:50:16 - [MESSAGE][PASSED] - Refresh successfully

2018-07-05 14:50:16 - [TEST_STEP][PASSED] - delay: Delayed 12 second(s)

2018-07-05 14:50:28 - [MESSAGE][PASSED] - Delayed 12 second(s)]]></system-out>
         <system-err><![CDATA[]]></system-err>
      </testcase>
      <testcase name="Test Cases/Alert Manager Test Cases/Alert Manager_Search Screen/TC29_Validate Advance search through merchant phone number" classname="Test Cases/Alert Manager Test Cases/Alert Manager_Search Screen/TC29_Validate Advance search through merchant phone number" status="FAILED">
         <failure type="FAILED" message="Verify element text of test object 'Object Repository/TC_24_AM/Mer_id_Valid' FAILED. (Root cause: Actual text '100001000022526' and expected text '100001000022526	' of test object 'Object Repository/TC_24_AM/Mer_id_Valid' are NOT matched.)"/>
         <system-out><![CDATA[2018-07-05 14:50:28 - [TEST_CASE][FAILED] - Test Cases/Alert Manager Test Cases/Alert Manager_Search Screen/TC29_Validate Advance search through merchant phone number: Test Cases/Alert Manager Test Cases/Alert Manager_Search Screen/TC29_Validate Advance search through merchant phone number FAILED because (of) Verify element text of test object 'Object Repository/TC_24_AM/Mer_id_Valid' FAILED. (Root cause: Actual text '100001000022526' and expected text '100001000022526	' of test object 'Object Repository/TC_24_AM/Mer_id_Valid' are NOT matched.)

2018-07-05 14:50:29 - [TEST_STEP][PASSED] - clearText: Text of object 'Object Repository/TC_24_AM/Date_input' is cleared

2018-07-05 14:50:32 - [MESSAGE][PASSED] - Text of object 'Object Repository/TC_24_AM/Date_input' is cleared

2018-07-05 14:50:32 - [TEST_STEP][PASSED] - click: Object: 'Object Repository/TC_24_AM/Done_Button' is clicked on

2018-07-05 14:50:33 - [MESSAGE][PASSED] - Object: 'Object Repository/TC_24_AM/Done_Button' is clicked on

2018-07-05 14:50:33 - [TEST_STEP][PASSED] - delay: Delayed 5 second(s)

2018-07-05 14:50:38 - [MESSAGE][PASSED] - Delayed 5 second(s)

2018-07-05 14:50:38 - [TEST_STEP][PASSED] - click: Object: 'Object Repository/TC_24_AM/button_Advanced Search' is clicked on

2018-07-05 14:50:38 - [MESSAGE][PASSED] - Object: 'Object Repository/TC_24_AM/button_Advanced Search' is clicked on

2018-07-05 14:50:38 - [TEST_STEP][PASSED] - delay: Delayed 2 second(s)

2018-07-05 14:50:40 - [MESSAGE][PASSED] - Delayed 2 second(s)

2018-07-05 14:50:40 - [TEST_STEP][PASSED] - click: Object: 'Object Repository/TC_24_AM/Merchant_Input' is clicked on

2018-07-05 14:50:40 - [MESSAGE][PASSED] - Object: 'Object Repository/TC_24_AM/Merchant_Input' is clicked on

2018-07-05 14:50:40 - [TEST_STEP][PASSED] - setText: Text '+919619658895' is set on object 'Object Repository/TC_24_AM/Input_MerId'

2018-07-05 14:50:41 - [MESSAGE][PASSED] - Text '+919619658895' is set on object 'Object Repository/TC_24_AM/Input_MerId'

2018-07-05 14:50:41 - [TEST_STEP][PASSED] - delay: Delayed 12 second(s)

2018-07-05 14:50:53 - [MESSAGE][PASSED] - Delayed 12 second(s)

2018-07-05 14:50:54 - [TEST_STEP][PASSED] - sendKeys: Keys 'ENTER + ' sent to object: 'Object Repository/TC_24_AM/Input_MerId'

2018-07-05 14:50:54 - [MESSAGE][PASSED] - Keys 'ENTER + ' sent to object: 'Object Repository/TC_24_AM/Input_MerId'

2018-07-05 14:50:54 - [TEST_STEP][PASSED] - delay: Delayed 5 second(s)

2018-07-05 14:50:59 - [MESSAGE][PASSED] - Delayed 5 second(s)

2018-07-05 14:50:59 - [TEST_STEP][PASSED] - click: Object: 'Object Repository/TC_24_AM/button_Search' is clicked on

2018-07-05 14:50:59 - [MESSAGE][PASSED] - Object: 'Object Repository/TC_24_AM/button_Search' is clicked on

2018-07-05 14:50:59 - [TEST_STEP][PASSED] - getText: Text of object 'Object Repository/TC_24_AM/Cust_Details' is: '20-07-2017 17:19:18 2812 3206 0000 0273 30.00 1100022994 100001000022526 4814 no P2M 18 00 1 Unassigned Not Fraud
20-07-2017 18:40:45 2812 3201 4461 4845 30.00 1100005196 100001000022526 4814 no P2M 18 00 0 Unassigned Not Fraud
20-07-2017 18:45:01 2812 3201 4461 4845 30.00 1100005196 100001000022526 4814 no P2M 18 00 0 Unassigned Not Fraud
20-07-2017 18:48:49 2812 3201 4461 4845 30.00 1100005196 100001000022526 4814 no P2M 18 05 2 Unassigned Not Fraud
08-08-2017 12:58:46 2812 3206 0036 6443 50.00 1100176179 100001000022526 4814 no P2M 18 05 2 Unassigned Not Fraud
06-02-2018 15:18:21 2812 3201 4475 4328 5.00 1100020756 100001000022526 4814 no P2M 18 05 2 Unassigned Not Fraud
06-02-2018 15:25:36 2812 3201 4475 4328 5.00 1100020756 100001000022526 4814 no P2M 18 00 0 Unassigned Not Fraud
06-02-2018 15:27:36 2812 3201 4475 4328 20.00 1100020756 100001000022526 4814 no P2M 18 05 1 Unassigned Not Fraud
06-02-2018 15:37:39 2812 3201 4475 4328 20.00 1100020756 100001000022526 4814 no P2M 18 05 2 Unassigned Not Fraud
06-02-2018 17:11:53 2812 3201 4475 4328 5.00 1100020756 100001000022526 4814 no P2M 18 05 1 Unassigned Not Fraud'

2018-07-05 14:51:01 - [MESSAGE][PASSED] - Text of object 'Object Repository/TC_24_AM/Cust_Details' is: '20-07-2017 17:19:18 2812 3206 0000 0273 30.00 1100022994 100001000022526 4814 no P2M 18 00 1 Unassigned Not Fraud
20-07-2017 18:40:45 2812 3201 4461 4845 30.00 1100005196 100001000022526 4814 no P2M 18 00 0 Unassigned Not Fraud
20-07-2017 18:45:01 2812 3201 4461 4845 30.00 1100005196 100001000022526 4814 no P2M 18 00 0 Unassigned Not Fraud
20-07-2017 18:48:49 2812 3201 4461 4845 30.00 1100005196 100001000022526 4814 no P2M 18 05 2 Unassigned Not Fraud
08-08-2017 12:58:46 2812 3206 0036 6443 50.00 1100176179 100001000022526 4814 no P2M 18 05 2 Unassigned Not Fraud
06-02-2018 15:18:21 2812 3201 4475 4328 5.00 1100020756 100001000022526 4814 no P2M 18 05 2 Unassigned Not Fraud
06-02-2018 15:25:36 2812 3201 4475 4328 5.00 1100020756 100001000022526 4814 no P2M 18 00 0 Unassigned Not Fraud
06-02-2018 15:27:36 2812 3201 4475 4328 20.00 1100020756 100001000022526 4814 no P2M 18 05 1 Unassigned Not Fraud
06-02-2018 15:37:39 2812 3201 4475 4328 20.00 1100020756 100001000022526 4814 no P2M 18 05 2 Unassigned Not Fraud
06-02-2018 17:11:53 2812 3201 4475 4328 5.00 1100020756 100001000022526 4814 no P2M 18 05 1 Unassigned Not Fraud'

2018-07-05 14:51:01 - [TEST_STEP][FAILED] - verifyElementText: Verify element text of test object 'Object Repository/TC_24_AM/Mer_id_Valid' FAILED. (Root cause: Actual text '100001000022526' and expected text '100001000022526	' of test object 'Object Repository/TC_24_AM/Mer_id_Valid' are NOT matched.)

2018-07-05 14:51:02 - [MESSAGE][FAILED] - Actual text '100001000022526' and expected text '100001000022526	' of test object 'Object Repository/TC_24_AM/Mer_id_Valid' are NOT matched.
[[ATTACHMENT|C:\\Users\\ankur.jain\\Katalon Studio\\Feedzai_Automation\\Reports\\New Suite\\20180705_144924\\1530782461597.png]]

2018-07-05 14:51:02 - [MESSAGE][FAILED] - Verify element text of test object 'Object Repository/TC_24_AM/Mer_id_Valid' FAILED. (Root cause: Actual text '100001000022526' and expected text '100001000022526	' of test object 'Object Repository/TC_24_AM/Mer_id_Valid' are NOT matched.)
[[ATTACHMENT|C:\\Users\\ankur.jain\\Katalon Studio\\Feedzai_Automation\\Reports\\New Suite\\20180705_144924\\1530782462110.png]]]]></system-out>
         <system-err><![CDATA[2018-07-05 14:50:28 - [TEST_CASE][FAILED] - Test Cases/Alert Manager Test Cases/Alert Manager_Search Screen/TC29_Validate Advance search through merchant phone number: Test Cases/Alert Manager Test Cases/Alert Manager_Search Screen/TC29_Validate Advance search through merchant phone number FAILED because (of) Verify element text of test object 'Object Repository/TC_24_AM/Mer_id_Valid' FAILED. (Root cause: Actual text '100001000022526' and expected text '100001000022526	' of test object 'Object Repository/TC_24_AM/Mer_id_Valid' are NOT matched.)]]></system-err>
      </testcase>
      <testcase name="Test Cases/Alert Manager Test Cases/Alert Manager_Search Screen/TC30_Validate Advance search through Source Institution ID" classname="Test Cases/Alert Manager Test Cases/Alert Manager_Search Screen/TC30_Validate Advance search through Source Institution ID" status="FAILED">
         <failure type="FAILED" message="Unable to click on object 'Object Repository/TC_24_AM/input_ScrInstId' (Root cause: org.openqa.selenium.ElementNotVisibleException: element not visible
  (Session info: chrome=67.0.3396.99)
  (Driver info: chromedriver=2.35.528161 (5b82f2d2aae0ca24b877009200ced9065a772e73),platform=Windows NT 6.1.7601 SP1 x86_64) (WARNING: The server did not provide any stacktrace information)
Command duration or timeout: 0 milliseconds
Build info: version: '3.7.1', revision: '8a0099a', time: '2017-11-06T21:07:36.161Z'
System info: host: 'LT0021232', ip: '10.50.88.74', os.name: 'Windows 7', os.arch: 'amd64', os.version: '6.1', java.version: '1.8.0_102'
Driver info: com.kms.katalon.selenium.driver.CChromeDriver
Capabilities {acceptInsecureCerts: false, acceptSslCerts: false, applicationCacheEnabled: false, browserConnectionEnabled: false, browserName: chrome, chrome: {chromedriverVersion: 2.35.528161 (5b82f2d2aae0ca..., userDataDir: C:\Users\ANKUR~1.JAI\AppDat...}, cssSelectorsEnabled: true, databaseEnabled: false, handlesAlerts: true, hasTouchScreen: false, javascriptEnabled: true, locationContextEnabled: true, mobileEmulationEnabled: false, nativeEvents: true, networkConnectionEnabled: false, pageLoadStrategy: normal, platform: XP, platformName: XP, rotatable: false, setWindowRect: true, takesHeapSnapshot: true, takesScreenshot: true, unexpectedAlertBehaviour: , unhandledPromptBehavior: , version: 67.0.3396.99, webStorageEnabled: true}
Session ID: 7c99893ae4380a853f34387fd8dd980b)"/>
         <system-out><![CDATA[2018-07-05 14:51:02 - [TEST_CASE][FAILED] - Test Cases/Alert Manager Test Cases/Alert Manager_Search Screen/TC30_Validate Advance search through Source Institution ID: Test Cases/Alert Manager Test Cases/Alert Manager_Search Screen/TC30_Validate Advance search through Source Institution ID FAILED because (of) Unable to click on object 'Object Repository/TC_24_AM/input_ScrInstId' (Root cause: org.openqa.selenium.ElementNotVisibleException: element not visible
  (Session info: chrome=67.0.3396.99)
  (Driver info: chromedriver=2.35.528161 (5b82f2d2aae0ca24b877009200ced9065a772e73),platform=Windows NT 6.1.7601 SP1 x86_64) (WARNING: The server did not provide any stacktrace information)
Command duration or timeout: 0 milliseconds
Build info: version: '3.7.1', revision: '8a0099a', time: '2017-11-06T21:07:36.161Z'
System info: host: 'LT0021232', ip: '10.50.88.74', os.name: 'Windows 7', os.arch: 'amd64', os.version: '6.1', java.version: '1.8.0_102'
Driver info: com.kms.katalon.selenium.driver.CChromeDriver
Capabilities {acceptInsecureCerts: false, acceptSslCerts: false, applicationCacheEnabled: false, browserConnectionEnabled: false, browserName: chrome, chrome: {chromedriverVersion: 2.35.528161 (5b82f2d2aae0ca..., userDataDir: C:\Users\ANKUR~1.JAI\AppDat...}, cssSelectorsEnabled: true, databaseEnabled: false, handlesAlerts: true, hasTouchScreen: false, javascriptEnabled: true, locationContextEnabled: true, mobileEmulationEnabled: false, nativeEvents: true, networkConnectionEnabled: false, pageLoadStrategy: normal, platform: XP, platformName: XP, rotatable: false, setWindowRect: true, takesHeapSnapshot: true, takesScreenshot: true, unexpectedAlertBehaviour: , unhandledPromptBehavior: , version: 67.0.3396.99, webStorageEnabled: true}
Session ID: 7c99893ae4380a853f34387fd8dd980b)

2018-07-05 14:51:03 - [TEST_STEP][PASSED] - clearText: Text of object 'Object Repository/TC_24_AM/Date_input' is cleared

2018-07-05 14:51:03 - [MESSAGE][PASSED] - Text of object 'Object Repository/TC_24_AM/Date_input' is cleared

2018-07-05 14:51:03 - [TEST_STEP][PASSED] - click: Object: 'Object Repository/TC_24_AM/Done_Button' is clicked on

2018-07-05 14:51:04 - [MESSAGE][PASSED] - Object: 'Object Repository/TC_24_AM/Done_Button' is clicked on

2018-07-05 14:51:04 - [TEST_STEP][PASSED] - delay: Delayed 2 second(s)

2018-07-05 14:51:06 - [MESSAGE][PASSED] - Delayed 2 second(s)

2018-07-05 14:51:06 - [TEST_STEP][PASSED] - click: Object: 'Object Repository/TC_24_AM/button_Advanced Search' is clicked on

2018-07-05 14:51:06 - [MESSAGE][PASSED] - Object: 'Object Repository/TC_24_AM/button_Advanced Search' is clicked on

2018-07-05 14:51:06 - [TEST_STEP][FAILED] - click: Unable to click on object 'Object Repository/TC_24_AM/input_ScrInstId' (Root cause: org.openqa.selenium.ElementNotVisibleException: element not visible
  (Session info: chrome=67.0.3396.99)
  (Driver info: chromedriver=2.35.528161 (5b82f2d2aae0ca24b877009200ced9065a772e73),platform=Windows NT 6.1.7601 SP1 x86_64) (WARNING: The server did not provide any stacktrace information)
Command duration or timeout: 0 milliseconds
Build info: version: '3.7.1', revision: '8a0099a', time: '2017-11-06T21:07:36.161Z'
System info: host: 'LT0021232', ip: '10.50.88.74', os.name: 'Windows 7', os.arch: 'amd64', os.version: '6.1', java.version: '1.8.0_102'
Driver info: com.kms.katalon.selenium.driver.CChromeDriver
Capabilities {acceptInsecureCerts: false, acceptSslCerts: false, applicationCacheEnabled: false, browserConnectionEnabled: false, browserName: chrome, chrome: {chromedriverVersion: 2.35.528161 (5b82f2d2aae0ca..., userDataDir: C:\Users\ANKUR~1.JAI\AppDat...}, cssSelectorsEnabled: true, databaseEnabled: false, handlesAlerts: true, hasTouchScreen: false, javascriptEnabled: true, locationContextEnabled: true, mobileEmulationEnabled: false, nativeEvents: true, networkConnectionEnabled: false, pageLoadStrategy: normal, platform: XP, platformName: XP, rotatable: false, setWindowRect: true, takesHeapSnapshot: true, takesScreenshot: true, unexpectedAlertBehaviour: , unhandledPromptBehavior: , version: 67.0.3396.99, webStorageEnabled: true}
Session ID: 7c99893ae4380a853f34387fd8dd980b)

2018-07-05 14:51:07 - [MESSAGE][FAILED] - Unable to click on object 'Object Repository/TC_24_AM/input_ScrInstId' (Root cause: org.openqa.selenium.ElementNotVisibleException: element not visible
  (Session info: chrome=67.0.3396.99)
  (Driver info: chromedriver=2.35.528161 (5b82f2d2aae0ca24b877009200ced9065a772e73),platform=Windows NT 6.1.7601 SP1 x86_64) (WARNING: The server did not provide any stacktrace information)
Command duration or timeout: 0 milliseconds
Build info: version: '3.7.1', revision: '8a0099a', time: '2017-11-06T21:07:36.161Z'
System info: host: 'LT0021232', ip: '10.50.88.74', os.name: 'Windows 7', os.arch: 'amd64', os.version: '6.1', java.version: '1.8.0_102'
Driver info: com.kms.katalon.selenium.driver.CChromeDriver
Capabilities {acceptInsecureCerts: false, acceptSslCerts: false, applicationCacheEnabled: false, browserConnectionEnabled: false, browserName: chrome, chrome: {chromedriverVersion: 2.35.528161 (5b82f2d2aae0ca..., userDataDir: C:\Users\ANKUR~1.JAI\AppDat...}, cssSelectorsEnabled: true, databaseEnabled: false, handlesAlerts: true, hasTouchScreen: false, javascriptEnabled: true, locationContextEnabled: true, mobileEmulationEnabled: false, nativeEvents: true, networkConnectionEnabled: false, pageLoadStrategy: normal, platform: XP, platformName: XP, rotatable: false, setWindowRect: true, takesHeapSnapshot: true, takesScreenshot: true, unexpectedAlertBehaviour: , unhandledPromptBehavior: , version: 67.0.3396.99, webStorageEnabled: true}
Session ID: 7c99893ae4380a853f34387fd8dd980b)
[[ATTACHMENT|C:\\Users\\ankur.jain\\Katalon Studio\\Feedzai_Automation\\Reports\\New Suite\\20180705_144924\\1530782466794.png]]]]></system-out>
         <system-err><![CDATA[2018-07-05 14:51:02 - [TEST_CASE][FAILED] - Test Cases/Alert Manager Test Cases/Alert Manager_Search Screen/TC30_Validate Advance search through Source Institution ID: Test Cases/Alert Manager Test Cases/Alert Manager_Search Screen/TC30_Validate Advance search through Source Institution ID FAILED because (of) Unable to click on object 'Object Repository/TC_24_AM/input_ScrInstId' (Root cause: org.openqa.selenium.ElementNotVisibleException: element not visible
  (Session info: chrome=67.0.3396.99)
  (Driver info: chromedriver=2.35.528161 (5b82f2d2aae0ca24b877009200ced9065a772e73),platform=Windows NT 6.1.7601 SP1 x86_64) (WARNING: The server did not provide any stacktrace information)
Command duration or timeout: 0 milliseconds
Build info: version: '3.7.1', revision: '8a0099a', time: '2017-11-06T21:07:36.161Z'
System info: host: 'LT0021232', ip: '10.50.88.74', os.name: 'Windows 7', os.arch: 'amd64', os.version: '6.1', java.version: '1.8.0_102'
Driver info: com.kms.katalon.selenium.driver.CChromeDriver
Capabilities {acceptInsecureCerts: false, acceptSslCerts: false, applicationCacheEnabled: false, browserConnectionEnabled: false, browserName: chrome, chrome: {chromedriverVersion: 2.35.528161 (5b82f2d2aae0ca..., userDataDir: C:\Users\ANKUR~1.JAI\AppDat...}, cssSelectorsEnabled: true, databaseEnabled: false, handlesAlerts: true, hasTouchScreen: false, javascriptEnabled: true, locationContextEnabled: true, mobileEmulationEnabled: false, nativeEvents: true, networkConnectionEnabled: false, pageLoadStrategy: normal, platform: XP, platformName: XP, rotatable: false, setWindowRect: true, takesHeapSnapshot: true, takesScreenshot: true, unexpectedAlertBehaviour: , unhandledPromptBehavior: , version: 67.0.3396.99, webStorageEnabled: true}
Session ID: 7c99893ae4380a853f34387fd8dd980b)]]></system-err>
      </testcase>
      <system-out><![CDATA[2018-07-05 14:49:30 - [TEST_SUITE][FAILED] - New Suite: Test Cases/Alert Manager Test Cases/Alert Manager_Search Screen/TC29_Validate Advance search through merchant phone number FAILED because (of) Verify element text of test object 'Object Repository/TC_24_AM/Mer_id_Valid' FAILED. (Root cause: Actual text '100001000022526' and expected text '100001000022526	' of test object 'Object Repository/TC_24_AM/Mer_id_Valid' are NOT matched.)]]></system-out>
      <system-err><![CDATA[2018-07-05 14:49:30 - [TEST_SUITE][FAILED] - New Suite: Test Cases/Alert Manager Test Cases/Alert Manager_Search Screen/TC29_Validate Advance search through merchant phone number FAILED because (of) Verify element text of test object 'Object Repository/TC_24_AM/Mer_id_Valid' FAILED. (Root cause: Actual text '100001000022526' and expected text '100001000022526	' of test object 'Object Repository/TC_24_AM/Mer_id_Valid' are NOT matched.)]]></system-err>
   </testsuite>
</testsuites>
