{"devicePlatform":"","logFolder":"C:\\Users\\ankur.jain\\Katalon Studio\\Feedzai_Automation\\Reports\\AM_Test Suite\\20180704_152033","runData":{"hostName":"Ankur.Jain - LT0021232","os":"Windows 7 64bit","katalonVersion":"5.4.2.1","browser":"Chrome 67.0.3396.99","hostAddress":"10.50.88.74","sessionId":"9d25cfa4d4359ac983932ec7fa893026","seleniumVersion":"3.7.1","proxyInformation":"ProxyInformation{proxyOption\u003dNO_PROXY, proxyServerType\u003dHTTP, password\u003d, proxyServerAddress\u003d, proxyServerPort\u003d0}","platform":"Windows 7"},"type":"TEST_SUITE","name":"AM_Test Suite","id":"Test Suites/AM_Test Suite","source":"","message":"Test Cases/Alert Manager Test Cases/AM_Merchant Search Home Screen/TC19_Validation of Enter MerchantNo FAILED because (of) Verify element text of test object \u0027Object Repository/TC_19_AM/Merchant_MobileNo_Validation\u0027 FAILED. (Root cause: com.kms.katalon.core.webui.exception.WebElementNotFoundException: Web element with id: \u0027Object Repository/TC_19_AM/Merchant_MobileNo_Validation\u0027 located by \u0027By.xpath: //div[@class\u003d\u0027details-value\u0027][contains(text(),\u0027+917008010713\u0027)]\u0027 not found)","description":"","startTime":1530697844854,"endTime":1530697961723,"childRecords":[{"isOptional":false,"type":"TEST_CASE","name":"Test Cases/Alert Manager Test Cases/Alert Manager_Login","id":"Test Cases/Alert Manager Test Cases/Alert Manager_Login","source":"C:\\\\Users\\\\ankur.jain\\\\Katalon Studio\\\\Feedzai_Automation\\\\Test Cases\\\\Alert Manager Test Cases\\\\Alert Manager_Login.tc","message":"Test Cases/Alert Manager Test Cases/Alert Manager_Login","description":"","startTime":1530697846182,"endTime":1530697906974,"childRecords":[{"testStatus":{"stackTrace":"","statusValue":"INFO"},"type":"MESSAGE","name":"","message":"Evaluating variables for test case","startTime":1530697846324,"endTime":0,"childRecords":[],"interuppted":false},{"index":1,"isIgnoredIfFailed":false,"type":"TEST_STEP","name":"openBrowser","message":"Browser is opened with url: \u0027\u0027","description":"","startTime":1530697847805,"endTime":1530697864286,"childRecords":[{"testStatus":{"stackTrace":"","statusValue":"PASSED"},"type":"MESSAGE","name":"","message":"Browser is opened with url: \u0027\u0027","startTime":1530697864286,"endTime":0,"childRecords":[],"interuppted":false}],"interuppted":false},{"index":2,"isIgnoredIfFailed":false,"type":"TEST_STEP","name":"maximizeWindow","message":"Current window maximized","description":"","startTime":1530697864286,"endTime":1530697865722,"childRecords":[{"testStatus":{"stackTrace":"","statusValue":"PASSED"},"type":"MESSAGE","name":"","message":"Current window maximized","startTime":1530697865720,"endTime":0,"childRecords":[],"interuppted":false}],"interuppted":false},{"index":3,"isIgnoredIfFailed":false,"type":"TEST_STEP","name":"navigateToUrl","message":"Navigate to \u0027https://10.130.236.51/#login\u0027 successfully","description":"","startTime":1530697865726,"endTime":1530697877460,"childRecords":[{"testStatus":{"stackTrace":"","statusValue":"PASSED"},"type":"MESSAGE","name":"","message":"Navigate to \u0027https://10.130.236.51/#login\u0027 successfully","startTime":1530697877453,"endTime":0,"childRecords":[],"interuppted":false}],"interuppted":false},{"index":4,"isIgnoredIfFailed":false,"type":"TEST_STEP","name":"delay","message":"Delayed 20 second(s)","description":"","startTime":1530697877471,"endTime":1530697897596,"childRecords":[{"testStatus":{"stackTrace":"","statusValue":"PASSED"},"type":"MESSAGE","name":"","message":"Delayed 20 second(s)","startTime":1530697897572,"endTime":0,"childRecords":[],"interuppted":false}],"interuppted":false},{"index":5,"isIgnoredIfFailed":false,"type":"TEST_STEP","name":"setText","message":"Text \u0027Ankur.Jain\u0027 is set on object \u0027Object Repository/TC_01-03_AM/input\u0027","description":"","startTime":1530697897601,"endTime":1530697903403,"childRecords":[{"testStatus":{"stackTrace":"","statusValue":"PASSED"},"type":"MESSAGE","name":"","message":"Text \u0027Ankur.Jain\u0027 is set on object \u0027Object Repository/TC_01-03_AM/input\u0027","startTime":1530697903400,"endTime":0,"childRecords":[],"interuppted":false}],"interuppted":false},{"index":6,"isIgnoredIfFailed":false,"type":"TEST_STEP","name":"setText","message":"Text \u0027Word02Pass\u0027 is set on object \u0027Object Repository/TC_01-03_AM/input_1\u0027","description":"","startTime":1530697903405,"endTime":1530697904177,"childRecords":[{"testStatus":{"stackTrace":"","statusValue":"PASSED"},"type":"MESSAGE","name":"","message":"Text \u0027Word02Pass\u0027 is set on object \u0027Object Repository/TC_01-03_AM/input_1\u0027","startTime":1530697904174,"endTime":0,"childRecords":[],"interuppted":false}],"interuppted":false},{"index":7,"isIgnoredIfFailed":false,"type":"TEST_STEP","name":"click","message":"Object: \u0027Object Repository/TC_01-03_AM/button_Sign In\u0027 is clicked on","description":"","startTime":1530697904182,"endTime":1530697904849,"childRecords":[{"testStatus":{"stackTrace":"","statusValue":"PASSED"},"type":"MESSAGE","name":"","message":"Object: \u0027Object Repository/TC_01-03_AM/button_Sign In\u0027 is clicked on","startTime":1530697904846,"endTime":0,"childRecords":[],"interuppted":false}],"interuppted":false},{"index":8,"isIgnoredIfFailed":false,"type":"TEST_STEP","name":"delay","message":"Delayed 2 second(s)","description":"","startTime":1530697904851,"endTime":1530697906863,"childRecords":[{"testStatus":{"stackTrace":"","statusValue":"PASSED"},"type":"MESSAGE","name":"","message":"Delayed 2 second(s)","startTime":1530697906856,"endTime":0,"childRecords":[],"interuppted":false}],"interuppted":false},{"index":9,"isIgnoredIfFailed":false,"type":"TEST_STEP","name":"comment","message":"Alert Manager Login Sucesfully","description":"","startTime":1530697906895,"endTime":1530697906974,"childRecords":[],"interuppted":false},{"testStatus":{"stackTrace":"","statusValue":"PASSED"},"type":"MESSAGE","name":"","message":"Test Cases/Alert Manager Test Cases/Alert Manager_Login","startTime":1530697906974,"endTime":0,"childRecords":[],"interuppted":false}],"interuppted":false},{"isOptional":false,"type":"TEST_CASE","name":"Test Cases/Alert Manager Test Cases/AM_Merchant Search Home Screen/TC19_Validation of Enter MerchantNo","id":"Test Cases/Alert Manager Test Cases/AM_Merchant Search Home Screen/TC19_Validation of Enter MerchantNo","source":"C:\\\\Users\\\\ankur.jain\\\\Katalon Studio\\\\Feedzai_Automation\\\\Test Cases\\\\Alert Manager Test Cases\\\\AM_Merchant Search Home Screen\\\\TC19_Validation of Enter MerchantNo.tc","message":"Test Cases/Alert Manager Test Cases/AM_Merchant Search Home Screen/TC19_Validation of Enter MerchantNo FAILED because (of) Verify element text of test object \u0027Object Repository/TC_19_AM/Merchant_MobileNo_Validation\u0027 FAILED. (Root cause: com.kms.katalon.core.webui.exception.WebElementNotFoundException: Web element with id: \u0027Object Repository/TC_19_AM/Merchant_MobileNo_Validation\u0027 located by \u0027By.xpath: //div[@class\u003d\u0027details-value\u0027][contains(text(),\u0027+917008010713\u0027)]\u0027 not found)","description":"","startTime":1530697906975,"endTime":1530697952614,"childRecords":[{"testStatus":{"stackTrace":"","statusValue":"INFO"},"type":"MESSAGE","name":"","message":"Evaluating variables for test case","startTime":1530697907086,"endTime":0,"childRecords":[],"interuppted":false},{"index":1,"isIgnoredIfFailed":false,"type":"TEST_STEP","name":"click","message":"Object: \u0027Object Repository/TC_19_AM/Merchant_icon\u0027 is clicked on","description":"","startTime":1530697907828,"endTime":1530697908273,"childRecords":[{"testStatus":{"stackTrace":"","statusValue":"PASSED"},"type":"MESSAGE","name":"","message":"Object: \u0027Object Repository/TC_19_AM/Merchant_icon\u0027 is clicked on","startTime":1530697908270,"endTime":0,"childRecords":[],"interuppted":false}],"interuppted":false},{"index":2,"isIgnoredIfFailed":false,"type":"TEST_STEP","name":"delay","message":"Delayed 2 second(s)","description":"","startTime":1530697908278,"endTime":1530697910287,"childRecords":[{"testStatus":{"stackTrace":"","statusValue":"PASSED"},"type":"MESSAGE","name":"","message":"Delayed 2 second(s)","startTime":1530697910282,"endTime":0,"childRecords":[],"interuppted":false}],"interuppted":false},{"index":3,"isIgnoredIfFailed":false,"type":"TEST_STEP","name":"setText","message":"Text \u0027+918899550000\u0027 is set on object \u0027Object Repository/TC_19_AM/Merchant_Inputbox\u0027","description":"","startTime":1530697910318,"endTime":1530697911303,"childRecords":[{"testStatus":{"stackTrace":"","statusValue":"PASSED"},"type":"MESSAGE","name":"","message":"Text \u0027+918899550000\u0027 is set on object \u0027Object Repository/TC_19_AM/Merchant_Inputbox\u0027","startTime":1530697911296,"endTime":0,"childRecords":[],"interuppted":false}],"interuppted":false},{"index":4,"isIgnoredIfFailed":false,"type":"TEST_STEP","name":"delay","message":"Delayed 2 second(s)","description":"","startTime":1530697911306,"endTime":1530697913321,"childRecords":[{"testStatus":{"stackTrace":"","statusValue":"PASSED"},"type":"MESSAGE","name":"","message":"Delayed 2 second(s)","startTime":1530697913308,"endTime":0,"childRecords":[],"interuppted":false}],"interuppted":false},{"index":5,"isIgnoredIfFailed":false,"type":"TEST_STEP","name":"setText","message":"Text \u0027ENTER + \u0027 is set on object \u0027Object Repository/TC_19_AM/Merchant_Inputbox\u0027","description":"","startTime":1530697913326,"endTime":1530697913727,"childRecords":[{"testStatus":{"stackTrace":"","statusValue":"PASSED"},"type":"MESSAGE","name":"","message":"Text \u0027ENTER + \u0027 is set on object \u0027Object Repository/TC_19_AM/Merchant_Inputbox\u0027","startTime":1530697913724,"endTime":0,"childRecords":[],"interuppted":false}],"interuppted":false},{"index":6,"isIgnoredIfFailed":false,"type":"TEST_STEP","name":"delay","message":"Delayed 2 second(s)","description":"","startTime":1530697913729,"endTime":1530697915771,"childRecords":[{"testStatus":{"stackTrace":"","statusValue":"PASSED"},"type":"MESSAGE","name":"","message":"Delayed 2 second(s)","startTime":1530697915735,"endTime":0,"childRecords":[],"interuppted":false}],"interuppted":false},{"attachment":"1530697951840.png","index":7,"isIgnoredIfFailed":false,"type":"TEST_STEP","name":"verifyElementText","message":"Verify element text of test object \u0027Object Repository/TC_19_AM/Merchant_MobileNo_Validation\u0027 FAILED. (Root cause: com.kms.katalon.core.webui.exception.WebElementNotFoundException: Web element with id: \u0027Object Repository/TC_19_AM/Merchant_MobileNo_Validation\u0027 located by \u0027By.xpath: //div[@class\u003d\u0027details-value\u0027][contains(text(),\u0027+917008010713\u0027)]\u0027 not found)","description":"","startTime":1530697915771,"endTime":1530697952588,"childRecords":[{"testStatus":{"stackTrace":"","statusValue":"FAILED"},"attachment":"1530697950564.png","type":"MESSAGE","name":"","message":"com.kms.katalon.core.webui.exception.WebElementNotFoundException: Web element with id: \u0027Object Repository/TC_19_AM/Merchant_MobileNo_Validation\u0027 located by \u0027By.xpath: //div[@class\u003d\u0027details-value\u0027][contains(text(),\u0027+917008010713\u0027)]\u0027 not found","startTime":1530697951838,"endTime":0,"childRecords":[],"interuppted":false},{"testStatus":{"stackTrace":"","statusValue":"FAILED"},"attachment":"1530697951840.png","type":"MESSAGE","name":"","message":"Verify element text of test object \u0027Object Repository/TC_19_AM/Merchant_MobileNo_Validation\u0027 FAILED. (Root cause: com.kms.katalon.core.webui.exception.WebElementNotFoundException: Web element with id: \u0027Object Repository/TC_19_AM/Merchant_MobileNo_Validation\u0027 located by \u0027By.xpath: //div[@class\u003d\u0027details-value\u0027][contains(text(),\u0027+917008010713\u0027)]\u0027 not found)","startTime":1530697952584,"endTime":0,"childRecords":[],"interuppted":false}],"interuppted":false},{"testStatus":{"stackTrace":"","statusValue":"FAILED"},"type":"MESSAGE","name":"","message":"Test Cases/Alert Manager Test Cases/AM_Merchant Search Home Screen/TC19_Validation of Enter MerchantNo FAILED because (of) Verify element text of test object \u0027Object Repository/TC_19_AM/Merchant_MobileNo_Validation\u0027 FAILED. (Root cause: com.kms.katalon.core.webui.exception.WebElementNotFoundException: Web element with id: \u0027Object Repository/TC_19_AM/Merchant_MobileNo_Validation\u0027 located by \u0027By.xpath: //div[@class\u003d\u0027details-value\u0027][contains(text(),\u0027+917008010713\u0027)]\u0027 not found)","startTime":1530697952592,"endTime":0,"childRecords":[],"interuppted":false}],"interuppted":false},{"isOptional":false,"type":"TEST_CASE","name":"Test Cases/Alert Manager Test Cases/AM_Merchant Search Home Screen/TC20_Validation of Enter Merchant MID","id":"Test Cases/Alert Manager Test Cases/AM_Merchant Search Home Screen/TC20_Validation of Enter Merchant MID","source":"C:\\\\Users\\\\ankur.jain\\\\Katalon Studio\\\\Feedzai_Automation\\\\Test Cases\\\\Alert Manager Test Cases\\\\AM_Merchant Search Home Screen\\\\TC20_Validation of Enter Merchant MID.tc","message":"Test Cases/Alert Manager Test Cases/AM_Merchant Search Home Screen/TC20_Validation of Enter Merchant MID FAILED because (of) Variable \u0027Keys\u0027 is not defined for test case.","description":"","startTime":1530697952677,"endTime":1530697959115,"childRecords":[{"testStatus":{"stackTrace":"","statusValue":"INFO"},"type":"MESSAGE","name":"","message":"Evaluating variables for test case","startTime":1530697952741,"endTime":0,"childRecords":[],"interuppted":false},{"index":1,"isIgnoredIfFailed":false,"type":"TEST_STEP","name":"click","message":"Object: \u0027Object Repository/TC_19_AM/Merchant_icon\u0027 is clicked on","description":"","startTime":1530697953661,"endTime":1530697954034,"childRecords":[{"testStatus":{"stackTrace":"","statusValue":"PASSED"},"type":"MESSAGE","name":"","message":"Object: \u0027Object Repository/TC_19_AM/Merchant_icon\u0027 is clicked on","startTime":1530697954032,"endTime":0,"childRecords":[],"interuppted":false}],"interuppted":false},{"index":2,"isIgnoredIfFailed":false,"type":"TEST_STEP","name":"delay","message":"Delayed 2 second(s)","description":"","startTime":1530697954039,"endTime":1530697956064,"childRecords":[{"testStatus":{"stackTrace":"","statusValue":"PASSED"},"type":"MESSAGE","name":"","message":"Delayed 2 second(s)","startTime":1530697956044,"endTime":0,"childRecords":[],"interuppted":false}],"interuppted":false},{"index":3,"isIgnoredIfFailed":false,"type":"TEST_STEP","name":"setText","message":"Text \u0027100001000127962\u0027 is set on object \u0027Object Repository/TC_19_AM/Merchant_Inputbox\u0027","description":"","startTime":1530697956079,"endTime":1530697956787,"childRecords":[{"testStatus":{"stackTrace":"","statusValue":"PASSED"},"type":"MESSAGE","name":"","message":"Text \u0027100001000127962\u0027 is set on object \u0027Object Repository/TC_19_AM/Merchant_Inputbox\u0027","startTime":1530697956785,"endTime":0,"childRecords":[],"interuppted":false}],"interuppted":false},{"index":4,"isIgnoredIfFailed":false,"type":"TEST_STEP","name":"delay","message":"Delayed 2 second(s)","description":"","startTime":1530697956795,"endTime":1530697958809,"childRecords":[{"testStatus":{"stackTrace":"","statusValue":"PASSED"},"type":"MESSAGE","name":"","message":"Delayed 2 second(s)","startTime":1530697958804,"endTime":0,"childRecords":[],"interuppted":false}],"interuppted":false},{"index":5,"isIgnoredIfFailed":false,"type":"TEST_STEP","name":"setText","message":"Finding Test Object with id \u0027Object Repository/TC_19_AM/Merchant_Inputbox\u0027","description":"","startTime":1530697958814,"endTime":1530697958864,"childRecords":[],"interuppted":false},{"testStatus":{"stackTrace":"","statusValue":"ERROR"},"type":"MESSAGE","name":"","message":"Test Cases/Alert Manager Test Cases/AM_Merchant Search Home Screen/TC20_Validation of Enter Merchant MID FAILED because (of) Variable \u0027Keys\u0027 is not defined for test case.","startTime":1530697958869,"endTime":0,"childRecords":[],"interuppted":false}],"interuppted":false}],"interuppted":false}