<?xml version="1.0" encoding="UTF-8"?>
<testsuites name="AM_Test Suite" time="116" tests="1" failures="1" errors="1">
   <testsuite name="AM_Test Suite" tests="1" failures="1" errors="1" time="116" timestamp="2018-07-04 15:20:44" hostname="Ankur.Jain - LT0021232" id="Test Suites/AM_Test Suite">
      <properties>
         <property name="deviceName" value=""/>
         <property name="devicePlatform" value=""/>
         <property name="logFolder" value="C:\\Users\\ankur.jain\\Katalon Studio\\Feedzai_Automation\\Reports\\AM_Test Suite\\20180704_152033"/>
         <property name="logFiles" value="C:\\Users\\ankur.jain\\Katalon Studio\\Feedzai_Automation\\Reports\\AM_Test Suite\\20180704_152033\\execution0.log"/>
         <property name="attachments" value="C:\\Users\\ankur.jain\\Katalon Studio\\Feedzai_Automation\\Reports\\AM_Test Suite\\20180704_152033\\1530697950564.png, C:\\Users\\ankur.jain\\Katalon Studio\\Feedzai_Automation\\Reports\\AM_Test Suite\\20180704_152033\\1530697951840.png"/>
         <property name="hostName" value="Ankur.Jain - LT0021232"/>
         <property name="os" value="Windows 7 64bit"/>
         <property name="katalonVersion" value="5.4.2.1"/>
         <property name="browser" value="Chrome 67.0.3396.99"/>
         <property name="hostAddress" value="10.50.88.74"/>
         <property name="sessionId" value="9d25cfa4d4359ac983932ec7fa893026"/>
         <property name="seleniumVersion" value="3.7.1"/>
         <property name="proxyInformation" value="ProxyInformation{proxyOption=NO_PROXY, proxyServerType=HTTP, password=, proxyServerAddress=, proxyServerPort=0}"/>
         <property name="platform" value="Windows 7"/>
      </properties>
      <testcase name="Test Cases/Alert Manager Test Cases/Alert Manager_Login" classname="Test Cases/Alert Manager Test Cases/Alert Manager_Login" status="PASSED">
         <system-out><![CDATA[2018-07-04 15:20:46 - [TEST_CASE][PASSED] - Test Cases/Alert Manager Test Cases/Alert Manager_Login: Test Cases/Alert Manager Test Cases/Alert Manager_Login

2018-07-04 15:20:47 - [TEST_STEP][PASSED] - openBrowser: Browser is opened with url: ''

2018-07-04 15:21:04 - [MESSAGE][PASSED] - Browser is opened with url: ''

2018-07-04 15:21:04 - [TEST_STEP][PASSED] - maximizeWindow: Current window maximized

2018-07-04 15:21:05 - [MESSAGE][PASSED] - Current window maximized

2018-07-04 15:21:05 - [TEST_STEP][PASSED] - navigateToUrl: Navigate to 'https://10.130.236.51/#login' successfully

2018-07-04 15:21:17 - [MESSAGE][PASSED] - Navigate to 'https://10.130.236.51/#login' successfully

2018-07-04 15:21:17 - [TEST_STEP][PASSED] - delay: Delayed 20 second(s)

2018-07-04 15:21:37 - [MESSAGE][PASSED] - Delayed 20 second(s)

2018-07-04 15:21:37 - [TEST_STEP][PASSED] - setText: Text 'Ankur.Jain' is set on object 'Object Repository/TC_01-03_AM/input'

2018-07-04 15:21:43 - [MESSAGE][PASSED] - Text 'Ankur.Jain' is set on object 'Object Repository/TC_01-03_AM/input'

2018-07-04 15:21:43 - [TEST_STEP][PASSED] - setText: Text 'Word02Pass' is set on object 'Object Repository/TC_01-03_AM/input_1'

2018-07-04 15:21:44 - [MESSAGE][PASSED] - Text 'Word02Pass' is set on object 'Object Repository/TC_01-03_AM/input_1'

2018-07-04 15:21:44 - [TEST_STEP][PASSED] - click: Object: 'Object Repository/TC_01-03_AM/button_Sign In' is clicked on

2018-07-04 15:21:44 - [MESSAGE][PASSED] - Object: 'Object Repository/TC_01-03_AM/button_Sign In' is clicked on

2018-07-04 15:21:44 - [TEST_STEP][PASSED] - delay: Delayed 2 second(s)

2018-07-04 15:21:46 - [MESSAGE][PASSED] - Delayed 2 second(s)

2018-07-04 15:21:46 - [TEST_STEP][PASSED] - comment: Alert Manager Login Sucesfully]]></system-out>
         <system-err><![CDATA[]]></system-err>
      </testcase>
      <testcase name="Test Cases/Alert Manager Test Cases/AM_Merchant Search Home Screen/TC19_Validation of Enter MerchantNo" classname="Test Cases/Alert Manager Test Cases/AM_Merchant Search Home Screen/TC19_Validation of Enter MerchantNo" status="FAILED">
         <failure type="FAILED" message="Verify element text of test object 'Object Repository/TC_19_AM/Merchant_MobileNo_Validation' FAILED. (Root cause: com.kms.katalon.core.webui.exception.WebElementNotFoundException: Web element with id: 'Object Repository/TC_19_AM/Merchant_MobileNo_Validation' located by 'By.xpath: //div[@class='details-value'][contains(text(),'+917008010713')]' not found)"/>
         <system-out><![CDATA[2018-07-04 15:21:46 - [TEST_CASE][FAILED] - Test Cases/Alert Manager Test Cases/AM_Merchant Search Home Screen/TC19_Validation of Enter MerchantNo: Test Cases/Alert Manager Test Cases/AM_Merchant Search Home Screen/TC19_Validation of Enter MerchantNo FAILED because (of) Verify element text of test object 'Object Repository/TC_19_AM/Merchant_MobileNo_Validation' FAILED. (Root cause: com.kms.katalon.core.webui.exception.WebElementNotFoundException: Web element with id: 'Object Repository/TC_19_AM/Merchant_MobileNo_Validation' located by 'By.xpath: //div[@class='details-value'][contains(text(),'+917008010713')]' not found)

2018-07-04 15:21:47 - [TEST_STEP][PASSED] - click: Object: 'Object Repository/TC_19_AM/Merchant_icon' is clicked on

2018-07-04 15:21:48 - [MESSAGE][PASSED] - Object: 'Object Repository/TC_19_AM/Merchant_icon' is clicked on

2018-07-04 15:21:48 - [TEST_STEP][PASSED] - delay: Delayed 2 second(s)

2018-07-04 15:21:50 - [MESSAGE][PASSED] - Delayed 2 second(s)

2018-07-04 15:21:50 - [TEST_STEP][PASSED] - setText: Text '+918899550000' is set on object 'Object Repository/TC_19_AM/Merchant_Inputbox'

2018-07-04 15:21:51 - [MESSAGE][PASSED] - Text '+918899550000' is set on object 'Object Repository/TC_19_AM/Merchant_Inputbox'

2018-07-04 15:21:51 - [TEST_STEP][PASSED] - delay: Delayed 2 second(s)

2018-07-04 15:21:53 - [MESSAGE][PASSED] - Delayed 2 second(s)

2018-07-04 15:21:53 - [TEST_STEP][PASSED] - setText: Text 'ENTER + ' is set on object 'Object Repository/TC_19_AM/Merchant_Inputbox'

2018-07-04 15:21:53 - [MESSAGE][PASSED] - Text 'ENTER + ' is set on object 'Object Repository/TC_19_AM/Merchant_Inputbox'

2018-07-04 15:21:53 - [TEST_STEP][PASSED] - delay: Delayed 2 second(s)

2018-07-04 15:21:55 - [MESSAGE][PASSED] - Delayed 2 second(s)

2018-07-04 15:21:55 - [TEST_STEP][FAILED] - verifyElementText: Verify element text of test object 'Object Repository/TC_19_AM/Merchant_MobileNo_Validation' FAILED. (Root cause: com.kms.katalon.core.webui.exception.WebElementNotFoundException: Web element with id: 'Object Repository/TC_19_AM/Merchant_MobileNo_Validation' located by 'By.xpath: //div[@class='details-value'][contains(text(),'+917008010713')]' not found)

2018-07-04 15:22:31 - [MESSAGE][FAILED] - com.kms.katalon.core.webui.exception.WebElementNotFoundException: Web element with id: 'Object Repository/TC_19_AM/Merchant_MobileNo_Validation' located by 'By.xpath: //div[@class='details-value'][contains(text(),'+917008010713')]' not found
[[ATTACHMENT|C:\\Users\\ankur.jain\\Katalon Studio\\Feedzai_Automation\\Reports\\AM_Test Suite\\20180704_152033\\1530697950564.png]]

2018-07-04 15:22:32 - [MESSAGE][FAILED] - Verify element text of test object 'Object Repository/TC_19_AM/Merchant_MobileNo_Validation' FAILED. (Root cause: com.kms.katalon.core.webui.exception.WebElementNotFoundException: Web element with id: 'Object Repository/TC_19_AM/Merchant_MobileNo_Validation' located by 'By.xpath: //div[@class='details-value'][contains(text(),'+917008010713')]' not found)
[[ATTACHMENT|C:\\Users\\ankur.jain\\Katalon Studio\\Feedzai_Automation\\Reports\\AM_Test Suite\\20180704_152033\\1530697951840.png]]]]></system-out>
         <system-err><![CDATA[2018-07-04 15:21:46 - [TEST_CASE][FAILED] - Test Cases/Alert Manager Test Cases/AM_Merchant Search Home Screen/TC19_Validation of Enter MerchantNo: Test Cases/Alert Manager Test Cases/AM_Merchant Search Home Screen/TC19_Validation of Enter MerchantNo FAILED because (of) Verify element text of test object 'Object Repository/TC_19_AM/Merchant_MobileNo_Validation' FAILED. (Root cause: com.kms.katalon.core.webui.exception.WebElementNotFoundException: Web element with id: 'Object Repository/TC_19_AM/Merchant_MobileNo_Validation' located by 'By.xpath: //div[@class='details-value'][contains(text(),'+917008010713')]' not found)]]></system-err>
      </testcase>
      <testcase name="Test Cases/Alert Manager Test Cases/AM_Merchant Search Home Screen/TC20_Validation of Enter Merchant MID" classname="Test Cases/Alert Manager Test Cases/AM_Merchant Search Home Screen/TC20_Validation of Enter Merchant MID" status="ERROR">
         <error type="ERROR" message="Test Cases/Alert Manager Test Cases/AM_Merchant Search Home Screen/TC20_Validation of Enter Merchant MID FAILED because (of) Variable 'Keys' is not defined for test case."/>
         <system-out><![CDATA[2018-07-04 15:22:32 - [TEST_CASE][ERROR] - Test Cases/Alert Manager Test Cases/AM_Merchant Search Home Screen/TC20_Validation of Enter Merchant MID: Test Cases/Alert Manager Test Cases/AM_Merchant Search Home Screen/TC20_Validation of Enter Merchant MID FAILED because (of) Variable 'Keys' is not defined for test case.

2018-07-04 15:22:33 - [TEST_STEP][PASSED] - click: Object: 'Object Repository/TC_19_AM/Merchant_icon' is clicked on

2018-07-04 15:22:34 - [MESSAGE][PASSED] - Object: 'Object Repository/TC_19_AM/Merchant_icon' is clicked on

2018-07-04 15:22:34 - [TEST_STEP][PASSED] - delay: Delayed 2 second(s)

2018-07-04 15:22:36 - [MESSAGE][PASSED] - Delayed 2 second(s)

2018-07-04 15:22:36 - [TEST_STEP][PASSED] - setText: Text '100001000127962' is set on object 'Object Repository/TC_19_AM/Merchant_Inputbox'

2018-07-04 15:22:36 - [MESSAGE][PASSED] - Text '100001000127962' is set on object 'Object Repository/TC_19_AM/Merchant_Inputbox'

2018-07-04 15:22:36 - [TEST_STEP][PASSED] - delay: Delayed 2 second(s)

2018-07-04 15:22:38 - [MESSAGE][PASSED] - Delayed 2 second(s)

2018-07-04 15:22:38 - [TEST_STEP][PASSED] - setText: Finding Test Object with id 'Object Repository/TC_19_AM/Merchant_Inputbox']]></system-out>
         <system-err><![CDATA[2018-07-04 15:22:32 - [TEST_CASE][ERROR] - Test Cases/Alert Manager Test Cases/AM_Merchant Search Home Screen/TC20_Validation of Enter Merchant MID: Test Cases/Alert Manager Test Cases/AM_Merchant Search Home Screen/TC20_Validation of Enter Merchant MID FAILED because (of) Variable 'Keys' is not defined for test case.]]></system-err>
      </testcase>
      <system-out><![CDATA[2018-07-04 15:20:44 - [TEST_SUITE][FAILED] - AM_Test Suite: Test Cases/Alert Manager Test Cases/AM_Merchant Search Home Screen/TC19_Validation of Enter MerchantNo FAILED because (of) Verify element text of test object 'Object Repository/TC_19_AM/Merchant_MobileNo_Validation' FAILED. (Root cause: com.kms.katalon.core.webui.exception.WebElementNotFoundException: Web element with id: 'Object Repository/TC_19_AM/Merchant_MobileNo_Validation' located by 'By.xpath: //div[@class='details-value'][contains(text(),'+917008010713')]' not found)]]></system-out>
      <system-err><![CDATA[2018-07-04 15:20:44 - [TEST_SUITE][FAILED] - AM_Test Suite: Test Cases/Alert Manager Test Cases/AM_Merchant Search Home Screen/TC19_Validation of Enter MerchantNo FAILED because (of) Verify element text of test object 'Object Repository/TC_19_AM/Merchant_MobileNo_Validation' FAILED. (Root cause: com.kms.katalon.core.webui.exception.WebElementNotFoundException: Web element with id: 'Object Repository/TC_19_AM/Merchant_MobileNo_Validation' located by 'By.xpath: //div[@class='details-value'][contains(text(),'+917008010713')]' not found)]]></system-err>
   </testsuite>
</testsuites>
