<?xml version="1.0" encoding="UTF-8"?>
<testsuites name="New Suite" time="104" tests="1" failures="1" errors="0">
   <testsuite name="New Suite" tests="1" failures="1" errors="0" time="104" timestamp="2018-07-05 12:45:15" hostname="Ankur.Jain - LT0021232" id="Test Suites/New Suite">
      <properties>
         <property name="deviceName" value=""/>
         <property name="devicePlatform" value=""/>
         <property name="logFolder" value="C:\\Users\\ankur.jain\\Katalon Studio\\Feedzai_Automation\\Reports\\New Suite\\20180705_124505"/>
         <property name="logFiles" value="C:\\Users\\ankur.jain\\Katalon Studio\\Feedzai_Automation\\Reports\\New Suite\\20180705_124505\\execution0.log"/>
         <property name="attachments" value="C:\\Users\\ankur.jain\\Katalon Studio\\Feedzai_Automation\\Reports\\New Suite\\20180705_124505\\1530774964694.png, C:\\Users\\ankur.jain\\Katalon Studio\\Feedzai_Automation\\Reports\\New Suite\\20180705_124505\\1530775012543.png"/>
         <property name="hostName" value="Ankur.Jain - LT0021232"/>
         <property name="os" value="Windows 7 64bit"/>
         <property name="katalonVersion" value="5.4.2.1"/>
         <property name="browser" value="Chrome 67.0.3396.99"/>
         <property name="hostAddress" value="10.50.88.74"/>
         <property name="sessionId" value="de69ae1c30a590615a6adb9b04574d9c"/>
         <property name="seleniumVersion" value="3.7.1"/>
         <property name="proxyInformation" value="ProxyInformation{proxyOption=NO_PROXY, proxyServerType=HTTP, password=, proxyServerAddress=, proxyServerPort=0}"/>
         <property name="platform" value="Windows 7"/>
      </properties>
      <testcase name="Test Cases/Alert Manager Test Cases/Alert Manager_Search Screen/TC24_Validate Advance search through customer id" classname="Test Cases/Alert Manager Test Cases/Alert Manager_Search Screen/TC24_Validate Advance search through customer id" status="PASSED">
         <system-out><![CDATA[2018-07-05 12:45:16 - [TEST_CASE][PASSED] - Test Cases/Alert Manager Test Cases/Alert Manager_Search Screen/TC24_Validate Advance search through customer id: Test Cases/Alert Manager Test Cases/Alert Manager_Search Screen/TC24_Validate Advance search through customer id

2018-07-05 12:45:17 - [TEST_STEP][PASSED] - openBrowser: Browser is opened with url: ''

2018-07-05 12:45:26 - [MESSAGE][PASSED] - Browser is opened with url: ''

2018-07-05 12:45:26 - [TEST_STEP][PASSED] - navigateToUrl: Navigate to 'https://10.130.236.51/#login' successfully

2018-07-05 12:45:29 - [MESSAGE][PASSED] - Navigate to 'https://10.130.236.51/#login' successfully

2018-07-05 12:45:29 - [TEST_STEP][PASSED] - setText: Text 'Ankur.Jain' is set on object 'Object Repository/TC_24_AM/input'

2018-07-05 12:45:51 - [MESSAGE][PASSED] - Text 'Ankur.Jain' is set on object 'Object Repository/TC_24_AM/input'

2018-07-05 12:45:51 - [TEST_STEP][PASSED] - setText: Text 'Word02Pass' is set on object 'Object Repository/TC_24_AM/input_1'

2018-07-05 12:45:52 - [MESSAGE][PASSED] - Text 'Word02Pass' is set on object 'Object Repository/TC_24_AM/input_1'

2018-07-05 12:45:52 - [TEST_STEP][PASSED] - sendKeys: Keys 'ENTER + ' sent to object: 'Object Repository/TC_24_AM/input_1'

2018-07-05 12:45:52 - [MESSAGE][PASSED] - Keys 'ENTER + ' sent to object: 'Object Repository/TC_24_AM/input_1'

2018-07-05 12:45:52 - [TEST_STEP][PASSED] - click: Object: 'Object Repository/TC_24_AM/span_Search' is clicked on

2018-07-05 12:45:53 - [MESSAGE][PASSED] - Object: 'Object Repository/TC_24_AM/span_Search' is clicked on

2018-07-05 12:45:53 - [TEST_STEP][PASSED] - clearText: Text of object 'Object Repository/TC_24_AM/Date_input' is cleared

2018-07-05 12:45:54 - [MESSAGE][PASSED] - Text of object 'Object Repository/TC_24_AM/Date_input' is cleared

2018-07-05 12:45:54 - [TEST_STEP][PASSED] - click: Object: 'Object Repository/TC_24_AM/Done_Button' is clicked on

2018-07-05 12:45:54 - [MESSAGE][PASSED] - Object: 'Object Repository/TC_24_AM/Done_Button' is clicked on

2018-07-05 12:45:54 - [TEST_STEP][PASSED] - delay: Delayed 2 second(s)

2018-07-05 12:45:56 - [MESSAGE][PASSED] - Delayed 2 second(s)

2018-07-05 12:45:56 - [TEST_STEP][PASSED] - click: Object: 'Object Repository/TC_24_AM/button_Advanced Search' is clicked on

2018-07-05 12:45:56 - [MESSAGE][PASSED] - Object: 'Object Repository/TC_24_AM/button_Advanced Search' is clicked on

2018-07-05 12:45:56 - [TEST_STEP][PASSED] - click: Object: 'Object Repository/TC_24_AM/ul_Customer Id' is clicked on

2018-07-05 12:45:57 - [MESSAGE][PASSED] - Object: 'Object Repository/TC_24_AM/ul_Customer Id' is clicked on

2018-07-05 12:45:57 - [TEST_STEP][PASSED] - setText: Text '1100243850' is set on object 'Object Repository/TC_24_AM/input_s2id_autogen7'

2018-07-05 12:45:58 - [MESSAGE][PASSED] - Text '1100243850' is set on object 'Object Repository/TC_24_AM/input_s2id_autogen7'

2018-07-05 12:45:58 - [TEST_STEP][PASSED] - delay: Delayed 2 second(s)

2018-07-05 12:46:00 - [MESSAGE][PASSED] - Delayed 2 second(s)

2018-07-05 12:46:00 - [TEST_STEP][PASSED] - sendKeys: Keys 'ENTER + ' sent to object: 'Object Repository/TC_24_AM/input_s2id_autogen7'

2018-07-05 12:46:00 - [MESSAGE][PASSED] - Keys 'ENTER + ' sent to object: 'Object Repository/TC_24_AM/input_s2id_autogen7'

2018-07-05 12:46:00 - [TEST_STEP][PASSED] - delay: Delayed 2 second(s)

2018-07-05 12:46:02 - [MESSAGE][PASSED] - Delayed 2 second(s)

2018-07-05 12:46:02 - [TEST_STEP][PASSED] - click: Object: 'Object Repository/TC_24_AM/button_Search' is clicked on

2018-07-05 12:46:02 - [MESSAGE][PASSED] - Object: 'Object Repository/TC_24_AM/button_Search' is clicked on

2018-07-05 12:46:02 - [TEST_STEP][PASSED] - getText: Text of object 'Object Repository/TC_24_AM/Cust_Details' is: '15-05-2018 15:18:53 2812 3206 0077 6096 1,000.00 1100243850 1100243850 N/A no LMW 28 00 0 Unassigned Not Fraud
15-05-2018 15:21:59 2812 3206 0077 6096 5.00 1100243850 N/A 5999 no WPP 0 00 0 Unassigned Not Fraud
15-05-2018 15:23:34 2812 3206 0077 6096 6.00 1100243850 N/A 5999 no WPP 0 00 0 Unassigned Not Fraud
15-05-2018 15:24:40 2812 3206 0077 6096 4.00 1100243850 N/A 5999 no WPP 0 00 0 Unassigned Not Fraud
15-05-2018 15:25:57 2812 3200 0000 0000 1.00 1100243850 N/A 5999 no WPP 0 05 1 Customer Pending
15-05-2018 15:33:13 2812 3206 0077 6096 6.00 1100243850 1100243850 5999 no WRO 20 00 0 Unassigned Not Fraud
15-05-2018 15:35:00 2812 3206 0077 6096 6.00 1100243850 N/A 5999 no WPP 0 00 0 Unassigned Not Fraud
15-05-2018 15:36:21 2812 3200 0000 0000 1.00 1100243850 N/A 5999 no WPP 0 05 1 Customer Pending
15-06-2018 12:35:16 NA 2.00 1100243850 N/A 5999 no WPP 0 05 0 Unassigned Not Fraud
15-06-2018 12:38:04 1000 00XX XXXX 3645 2.00 1100243850 N/A 5999 no WPP 0 00 1 Unassigned Pending'

2018-07-05 12:46:04 - [MESSAGE][PASSED] - Text of object 'Object Repository/TC_24_AM/Cust_Details' is: '15-05-2018 15:18:53 2812 3206 0077 6096 1,000.00 1100243850 1100243850 N/A no LMW 28 00 0 Unassigned Not Fraud
15-05-2018 15:21:59 2812 3206 0077 6096 5.00 1100243850 N/A 5999 no WPP 0 00 0 Unassigned Not Fraud
15-05-2018 15:23:34 2812 3206 0077 6096 6.00 1100243850 N/A 5999 no WPP 0 00 0 Unassigned Not Fraud
15-05-2018 15:24:40 2812 3206 0077 6096 4.00 1100243850 N/A 5999 no WPP 0 00 0 Unassigned Not Fraud
15-05-2018 15:25:57 2812 3200 0000 0000 1.00 1100243850 N/A 5999 no WPP 0 05 1 Customer Pending
15-05-2018 15:33:13 2812 3206 0077 6096 6.00 1100243850 1100243850 5999 no WRO 20 00 0 Unassigned Not Fraud
15-05-2018 15:35:00 2812 3206 0077 6096 6.00 1100243850 N/A 5999 no WPP 0 00 0 Unassigned Not Fraud
15-05-2018 15:36:21 2812 3200 0000 0000 1.00 1100243850 N/A 5999 no WPP 0 05 1 Customer Pending
15-06-2018 12:35:16 NA 2.00 1100243850 N/A 5999 no WPP 0 05 0 Unassigned Not Fraud
15-06-2018 12:38:04 1000 00XX XXXX 3645 2.00 1100243850 N/A 5999 no WPP 0 00 1 Unassigned Pending'

2018-07-05 12:46:04 - [TEST_STEP][PASSED] - comment: Customer Details Displayed

2018-07-05 12:46:04 - [TEST_STEP][PASSED] - Statement - Customer_Details = com.kms.katalon.core.webui.keyword.WebUiBuiltInKeywords.takeScreenshot(): Taking screenshot successfully

2018-07-05 12:46:05 - [MESSAGE][PASSED] - Taking screenshot successfully
[[ATTACHMENT|C:\\Users\\ankur.jain\\Katalon Studio\\Feedzai_Automation\\Reports\\New Suite\\20180705_124505\\1530774964694.png]]

2018-07-05 12:46:05 - [TEST_STEP][PASSED] - verifyElementText: Actual text and expected text of test object 'Object Repository/TC_24_AM/Cust_id_Validation' are matched.

2018-07-05 12:46:06 - [MESSAGE][PASSED] - Actual text and expected text of test object 'Object Repository/TC_24_AM/Cust_id_Validation' are matched.

2018-07-05 12:46:06 - [TEST_STEP][PASSED] - refresh: Refresh successfully

2018-07-05 12:46:06 - [MESSAGE][PASSED] - Refresh successfully

2018-07-05 12:46:06 - [TEST_STEP][PASSED] - delay: Delayed 12 second(s)

2018-07-05 12:46:18 - [MESSAGE][PASSED] - Delayed 12 second(s)]]></system-out>
         <system-err><![CDATA[]]></system-err>
      </testcase>
      <testcase name="Test Cases/Alert Manager Test Cases/Alert Manager_Search Screen/TC25_Validate Advance search through Merchant id" classname="Test Cases/Alert Manager Test Cases/Alert Manager_Search Screen/TC25_Validate Advance search through Merchant id" status="FAILED">
         <failure type="FAILED" message="Unable to click on object 'Object Repository/TC_24_AM/button_Search' (Root cause: org.openqa.selenium.WebDriverException: unknown error: Element &lt;button type=&quot;submit&quot; class=&quot;button button-primary&quot;>...&lt;/button> is not clickable at point (71, 602). Other element would receive the click: &lt;div id=&quot;select2-drop-mask&quot; class=&quot;select2-drop-mask&quot; style=&quot;&quot;>&lt;/div>
  (Session info: chrome=67.0.3396.99)
  (Driver info: chromedriver=2.35.528161 (5b82f2d2aae0ca24b877009200ced9065a772e73),platform=Windows NT 6.1.7601 SP1 x86_64) (WARNING: The server did not provide any stacktrace information)
Command duration or timeout: 0 milliseconds
Build info: version: '3.7.1', revision: '8a0099a', time: '2017-11-06T21:07:36.161Z'
System info: host: 'LT0021232', ip: '10.50.88.74', os.name: 'Windows 7', os.arch: 'amd64', os.version: '6.1', java.version: '1.8.0_102'
Driver info: com.kms.katalon.selenium.driver.CChromeDriver
Capabilities {acceptInsecureCerts: false, acceptSslCerts: false, applicationCacheEnabled: false, browserConnectionEnabled: false, browserName: chrome, chrome: {chromedriverVersion: 2.35.528161 (5b82f2d2aae0ca..., userDataDir: C:\Users\ANKUR~1.JAI\AppDat...}, cssSelectorsEnabled: true, databaseEnabled: false, handlesAlerts: true, hasTouchScreen: false, javascriptEnabled: true, locationContextEnabled: true, mobileEmulationEnabled: false, nativeEvents: true, networkConnectionEnabled: false, pageLoadStrategy: normal, platform: XP, platformName: XP, rotatable: false, setWindowRect: true, takesHeapSnapshot: true, takesScreenshot: true, unexpectedAlertBehaviour: , unhandledPromptBehavior: , version: 67.0.3396.99, webStorageEnabled: true}
Session ID: de69ae1c30a590615a6adb9b04574d9c)"/>
         <system-out><![CDATA[2018-07-05 12:46:18 - [TEST_CASE][FAILED] - Test Cases/Alert Manager Test Cases/Alert Manager_Search Screen/TC25_Validate Advance search through Merchant id: Test Cases/Alert Manager Test Cases/Alert Manager_Search Screen/TC25_Validate Advance search through Merchant id FAILED because (of) Unable to click on object 'Object Repository/TC_24_AM/button_Search' (Root cause: org.openqa.selenium.WebDriverException: unknown error: Element <button type="submit" class="button button-primary">...</button> is not clickable at point (71, 602). Other element would receive the click: <div id="select2-drop-mask" class="select2-drop-mask" style=""></div>
  (Session info: chrome=67.0.3396.99)
  (Driver info: chromedriver=2.35.528161 (5b82f2d2aae0ca24b877009200ced9065a772e73),platform=Windows NT 6.1.7601 SP1 x86_64) (WARNING: The server did not provide any stacktrace information)
Command duration or timeout: 0 milliseconds
Build info: version: '3.7.1', revision: '8a0099a', time: '2017-11-06T21:07:36.161Z'
System info: host: 'LT0021232', ip: '10.50.88.74', os.name: 'Windows 7', os.arch: 'amd64', os.version: '6.1', java.version: '1.8.0_102'
Driver info: com.kms.katalon.selenium.driver.CChromeDriver
Capabilities {acceptInsecureCerts: false, acceptSslCerts: false, applicationCacheEnabled: false, browserConnectionEnabled: false, browserName: chrome, chrome: {chromedriverVersion: 2.35.528161 (5b82f2d2aae0ca..., userDataDir: C:\Users\ANKUR~1.JAI\AppDat...}, cssSelectorsEnabled: true, databaseEnabled: false, handlesAlerts: true, hasTouchScreen: false, javascriptEnabled: true, locationContextEnabled: true, mobileEmulationEnabled: false, nativeEvents: true, networkConnectionEnabled: false, pageLoadStrategy: normal, platform: XP, platformName: XP, rotatable: false, setWindowRect: true, takesHeapSnapshot: true, takesScreenshot: true, unexpectedAlertBehaviour: , unhandledPromptBehavior: , version: 67.0.3396.99, webStorageEnabled: true}
Session ID: de69ae1c30a590615a6adb9b04574d9c)

2018-07-05 12:46:19 - [TEST_STEP][PASSED] - clearText: Text of object 'Object Repository/TC_24_AM/Date_input' is cleared

2018-07-05 12:46:25 - [MESSAGE][PASSED] - Text of object 'Object Repository/TC_24_AM/Date_input' is cleared

2018-07-05 12:46:25 - [TEST_STEP][PASSED] - click: Object: 'Object Repository/TC_24_AM/Done_Button' is clicked on

2018-07-05 12:46:25 - [MESSAGE][PASSED] - Object: 'Object Repository/TC_24_AM/Done_Button' is clicked on

2018-07-05 12:46:25 - [TEST_STEP][PASSED] - delay: Delayed 5 second(s)

2018-07-05 12:46:30 - [MESSAGE][PASSED] - Delayed 5 second(s)

2018-07-05 12:46:30 - [TEST_STEP][PASSED] - click: Object: 'Object Repository/TC_24_AM/button_Advanced Search' is clicked on

2018-07-05 12:46:30 - [MESSAGE][PASSED] - Object: 'Object Repository/TC_24_AM/button_Advanced Search' is clicked on

2018-07-05 12:46:30 - [TEST_STEP][PASSED] - delay: Delayed 2 second(s)

2018-07-05 12:46:32 - [MESSAGE][PASSED] - Delayed 2 second(s)

2018-07-05 12:46:32 - [TEST_STEP][PASSED] - click: Object: 'Object Repository/TC_24_AM/Merchant_Input' is clicked on

2018-07-05 12:46:33 - [MESSAGE][PASSED] - Object: 'Object Repository/TC_24_AM/Merchant_Input' is clicked on

2018-07-05 12:46:33 - [TEST_STEP][PASSED] - setText: Text '100001000021019' is set on object 'Object Repository/TC_24_AM/Input_MerId'

2018-07-05 12:46:34 - [MESSAGE][PASSED] - Text '100001000021019' is set on object 'Object Repository/TC_24_AM/Input_MerId'

2018-07-05 12:46:34 - [TEST_STEP][PASSED] - delay: Delayed 2 second(s)

2018-07-05 12:46:36 - [MESSAGE][PASSED] - Delayed 2 second(s)

2018-07-05 12:46:36 - [TEST_STEP][PASSED] - sendKeys: Keys 'ENTER + ' sent to object: 'Object Repository/TC_24_AM/Input_MerId'

2018-07-05 12:46:36 - [MESSAGE][PASSED] - Keys 'ENTER + ' sent to object: 'Object Repository/TC_24_AM/Input_MerId'

2018-07-05 12:46:36 - [TEST_STEP][PASSED] - delay: Delayed 5 second(s)

2018-07-05 12:46:41 - [MESSAGE][PASSED] - Delayed 5 second(s)

2018-07-05 12:46:41 - [TEST_STEP][FAILED] - click: Unable to click on object 'Object Repository/TC_24_AM/button_Search' (Root cause: org.openqa.selenium.WebDriverException: unknown error: Element <button type="submit" class="button button-primary">...</button> is not clickable at point (71, 602). Other element would receive the click: <div id="select2-drop-mask" class="select2-drop-mask" style=""></div>
  (Session info: chrome=67.0.3396.99)
  (Driver info: chromedriver=2.35.528161 (5b82f2d2aae0ca24b877009200ced9065a772e73),platform=Windows NT 6.1.7601 SP1 x86_64) (WARNING: The server did not provide any stacktrace information)
Command duration or timeout: 0 milliseconds
Build info: version: '3.7.1', revision: '8a0099a', time: '2017-11-06T21:07:36.161Z'
System info: host: 'LT0021232', ip: '10.50.88.74', os.name: 'Windows 7', os.arch: 'amd64', os.version: '6.1', java.version: '1.8.0_102'
Driver info: com.kms.katalon.selenium.driver.CChromeDriver
Capabilities {acceptInsecureCerts: false, acceptSslCerts: false, applicationCacheEnabled: false, browserConnectionEnabled: false, browserName: chrome, chrome: {chromedriverVersion: 2.35.528161 (5b82f2d2aae0ca..., userDataDir: C:\Users\ANKUR~1.JAI\AppDat...}, cssSelectorsEnabled: true, databaseEnabled: false, handlesAlerts: true, hasTouchScreen: false, javascriptEnabled: true, locationContextEnabled: true, mobileEmulationEnabled: false, nativeEvents: true, networkConnectionEnabled: false, pageLoadStrategy: normal, platform: XP, platformName: XP, rotatable: false, setWindowRect: true, takesHeapSnapshot: true, takesScreenshot: true, unexpectedAlertBehaviour: , unhandledPromptBehavior: , version: 67.0.3396.99, webStorageEnabled: true}
Session ID: de69ae1c30a590615a6adb9b04574d9c)

2018-07-05 12:46:53 - [MESSAGE][FAILED] - Unable to click on object 'Object Repository/TC_24_AM/button_Search' (Root cause: org.openqa.selenium.WebDriverException: unknown error: Element <button type="submit" class="button button-primary">...</button> is not clickable at point (71, 602). Other element would receive the click: <div id="select2-drop-mask" class="select2-drop-mask" style=""></div>
  (Session info: chrome=67.0.3396.99)
  (Driver info: chromedriver=2.35.528161 (5b82f2d2aae0ca24b877009200ced9065a772e73),platform=Windows NT 6.1.7601 SP1 x86_64) (WARNING: The server did not provide any stacktrace information)
Command duration or timeout: 0 milliseconds
Build info: version: '3.7.1', revision: '8a0099a', time: '2017-11-06T21:07:36.161Z'
System info: host: 'LT0021232', ip: '10.50.88.74', os.name: 'Windows 7', os.arch: 'amd64', os.version: '6.1', java.version: '1.8.0_102'
Driver info: com.kms.katalon.selenium.driver.CChromeDriver
Capabilities {acceptInsecureCerts: false, acceptSslCerts: false, applicationCacheEnabled: false, browserConnectionEnabled: false, browserName: chrome, chrome: {chromedriverVersion: 2.35.528161 (5b82f2d2aae0ca..., userDataDir: C:\Users\ANKUR~1.JAI\AppDat...}, cssSelectorsEnabled: true, databaseEnabled: false, handlesAlerts: true, hasTouchScreen: false, javascriptEnabled: true, locationContextEnabled: true, mobileEmulationEnabled: false, nativeEvents: true, networkConnectionEnabled: false, pageLoadStrategy: normal, platform: XP, platformName: XP, rotatable: false, setWindowRect: true, takesHeapSnapshot: true, takesScreenshot: true, unexpectedAlertBehaviour: , unhandledPromptBehavior: , version: 67.0.3396.99, webStorageEnabled: true}
Session ID: de69ae1c30a590615a6adb9b04574d9c)
[[ATTACHMENT|C:\\Users\\ankur.jain\\Katalon Studio\\Feedzai_Automation\\Reports\\New Suite\\20180705_124505\\1530775012543.png]]]]></system-out>
         <system-err><![CDATA[2018-07-05 12:46:18 - [TEST_CASE][FAILED] - Test Cases/Alert Manager Test Cases/Alert Manager_Search Screen/TC25_Validate Advance search through Merchant id: Test Cases/Alert Manager Test Cases/Alert Manager_Search Screen/TC25_Validate Advance search through Merchant id FAILED because (of) Unable to click on object 'Object Repository/TC_24_AM/button_Search' (Root cause: org.openqa.selenium.WebDriverException: unknown error: Element <button type="submit" class="button button-primary">...</button> is not clickable at point (71, 602). Other element would receive the click: <div id="select2-drop-mask" class="select2-drop-mask" style=""></div>
  (Session info: chrome=67.0.3396.99)
  (Driver info: chromedriver=2.35.528161 (5b82f2d2aae0ca24b877009200ced9065a772e73),platform=Windows NT 6.1.7601 SP1 x86_64) (WARNING: The server did not provide any stacktrace information)
Command duration or timeout: 0 milliseconds
Build info: version: '3.7.1', revision: '8a0099a', time: '2017-11-06T21:07:36.161Z'
System info: host: 'LT0021232', ip: '10.50.88.74', os.name: 'Windows 7', os.arch: 'amd64', os.version: '6.1', java.version: '1.8.0_102'
Driver info: com.kms.katalon.selenium.driver.CChromeDriver
Capabilities {acceptInsecureCerts: false, acceptSslCerts: false, applicationCacheEnabled: false, browserConnectionEnabled: false, browserName: chrome, chrome: {chromedriverVersion: 2.35.528161 (5b82f2d2aae0ca..., userDataDir: C:\Users\ANKUR~1.JAI\AppDat...}, cssSelectorsEnabled: true, databaseEnabled: false, handlesAlerts: true, hasTouchScreen: false, javascriptEnabled: true, locationContextEnabled: true, mobileEmulationEnabled: false, nativeEvents: true, networkConnectionEnabled: false, pageLoadStrategy: normal, platform: XP, platformName: XP, rotatable: false, setWindowRect: true, takesHeapSnapshot: true, takesScreenshot: true, unexpectedAlertBehaviour: , unhandledPromptBehavior: , version: 67.0.3396.99, webStorageEnabled: true}
Session ID: de69ae1c30a590615a6adb9b04574d9c)]]></system-err>
      </testcase>
      <system-out><![CDATA[2018-07-05 12:45:15 - [TEST_SUITE][FAILED] - New Suite: Test Cases/Alert Manager Test Cases/Alert Manager_Search Screen/TC25_Validate Advance search through Merchant id FAILED because (of) Unable to click on object 'Object Repository/TC_24_AM/button_Search' (Root cause: org.openqa.selenium.WebDriverException: unknown error: Element <button type="submit" class="button button-primary">...</button> is not clickable at point (71, 602). Other element would receive the click: <div id="select2-drop-mask" class="select2-drop-mask" style=""></div>
  (Session info: chrome=67.0.3396.99)
  (Driver info: chromedriver=2.35.528161 (5b82f2d2aae0ca24b877009200ced9065a772e73),platform=Windows NT 6.1.7601 SP1 x86_64) (WARNING: The server did not provide any stacktrace information)
Command duration or timeout: 0 milliseconds
Build info: version: '3.7.1', revision: '8a0099a', time: '2017-11-06T21:07:36.161Z'
System info: host: 'LT0021232', ip: '10.50.88.74', os.name: 'Windows 7', os.arch: 'amd64', os.version: '6.1', java.version: '1.8.0_102'
Driver info: com.kms.katalon.selenium.driver.CChromeDriver
Capabilities {acceptInsecureCerts: false, acceptSslCerts: false, applicationCacheEnabled: false, browserConnectionEnabled: false, browserName: chrome, chrome: {chromedriverVersion: 2.35.528161 (5b82f2d2aae0ca..., userDataDir: C:\Users\ANKUR~1.JAI\AppDat...}, cssSelectorsEnabled: true, databaseEnabled: false, handlesAlerts: true, hasTouchScreen: false, javascriptEnabled: true, locationContextEnabled: true, mobileEmulationEnabled: false, nativeEvents: true, networkConnectionEnabled: false, pageLoadStrategy: normal, platform: XP, platformName: XP, rotatable: false, setWindowRect: true, takesHeapSnapshot: true, takesScreenshot: true, unexpectedAlertBehaviour: , unhandledPromptBehavior: , version: 67.0.3396.99, webStorageEnabled: true}
Session ID: de69ae1c30a590615a6adb9b04574d9c)]]></system-out>
      <system-err><![CDATA[2018-07-05 12:45:15 - [TEST_SUITE][FAILED] - New Suite: Test Cases/Alert Manager Test Cases/Alert Manager_Search Screen/TC25_Validate Advance search through Merchant id FAILED because (of) Unable to click on object 'Object Repository/TC_24_AM/button_Search' (Root cause: org.openqa.selenium.WebDriverException: unknown error: Element <button type="submit" class="button button-primary">...</button> is not clickable at point (71, 602). Other element would receive the click: <div id="select2-drop-mask" class="select2-drop-mask" style=""></div>
  (Session info: chrome=67.0.3396.99)
  (Driver info: chromedriver=2.35.528161 (5b82f2d2aae0ca24b877009200ced9065a772e73),platform=Windows NT 6.1.7601 SP1 x86_64) (WARNING: The server did not provide any stacktrace information)
Command duration or timeout: 0 milliseconds
Build info: version: '3.7.1', revision: '8a0099a', time: '2017-11-06T21:07:36.161Z'
System info: host: 'LT0021232', ip: '10.50.88.74', os.name: 'Windows 7', os.arch: 'amd64', os.version: '6.1', java.version: '1.8.0_102'
Driver info: com.kms.katalon.selenium.driver.CChromeDriver
Capabilities {acceptInsecureCerts: false, acceptSslCerts: false, applicationCacheEnabled: false, browserConnectionEnabled: false, browserName: chrome, chrome: {chromedriverVersion: 2.35.528161 (5b82f2d2aae0ca..., userDataDir: C:\Users\ANKUR~1.JAI\AppDat...}, cssSelectorsEnabled: true, databaseEnabled: false, handlesAlerts: true, hasTouchScreen: false, javascriptEnabled: true, locationContextEnabled: true, mobileEmulationEnabled: false, nativeEvents: true, networkConnectionEnabled: false, pageLoadStrategy: normal, platform: XP, platformName: XP, rotatable: false, setWindowRect: true, takesHeapSnapshot: true, takesScreenshot: true, unexpectedAlertBehaviour: , unhandledPromptBehavior: , version: 67.0.3396.99, webStorageEnabled: true}
Session ID: de69ae1c30a590615a6adb9b04574d9c)]]></system-err>
   </testsuite>
</testsuites>
