<?xml version="1.0" encoding="UTF-8"?>
<testsuites name="AM_Test Suite" time="114" tests="3" failures="1" errors="0">
   <testsuite name="AM_Test Suite" tests="3" failures="1" errors="0" time="114" timestamp="2018-07-02 17:08:41" hostname="Ankur.Jain - LT0021232.in.ril.com" id="Test Suites/AM_Test Suite">
      <properties>
         <property name="deviceName" value=""/>
         <property name="devicePlatform" value=""/>
         <property name="logFolder" value="C:\\Users\\ankur.jain\\Katalon Studio\\Feedzai_Automation\\Reports\\AM_Test Suite\\20180702_170835"/>
         <property name="logFiles" value="C:\\Users\\ankur.jain\\Katalon Studio\\Feedzai_Automation\\Reports\\AM_Test Suite\\20180702_170835\\execution0.log"/>
         <property name="attachments" value="C:\\Users\\ankur.jain\\Katalon Studio\\Feedzai_Automation\\Reports\\AM_Test Suite\\20180702_170835\\1530531633351.png"/>
         <property name="hostName" value="Ankur.Jain - LT0021232.in.ril.com"/>
         <property name="os" value="Windows 7 64bit"/>
         <property name="katalonVersion" value="5.4.2.1"/>
         <property name="browser" value="Chrome 67.0.3396.99"/>
         <property name="hostAddress" value="10.50.88.74"/>
         <property name="sessionId" value="3729e3b31c99422aebef8087aa2ceb58"/>
         <property name="seleniumVersion" value="3.7.1"/>
         <property name="proxyInformation" value="ProxyInformation{proxyOption=NO_PROXY, proxyServerType=HTTP, password=, proxyServerAddress=, proxyServerPort=0}"/>
         <property name="platform" value="Windows 7"/>
      </properties>
      <testcase name="Test Cases/Alert Manager Login/Alert Manager_Login" classname="Test Cases/Alert Manager Login/Alert Manager_Login" status="PASSED">
         <system-out><![CDATA[2018-07-02 17:08:43 - [TEST_CASE][PASSED] - Test Cases/Alert Manager Login/Alert Manager_Login: Test Cases/Alert Manager Login/Alert Manager_Login

2018-07-02 17:08:44 - [TEST_STEP][PASSED] - openBrowser: Browser is opened with url: ''

2018-07-02 17:08:53 - [MESSAGE][PASSED] - Browser is opened with url: ''

2018-07-02 17:08:53 - [TEST_STEP][PASSED] - maximizeWindow: Current window maximized

2018-07-02 17:08:55 - [MESSAGE][PASSED] - Current window maximized

2018-07-02 17:08:55 - [TEST_STEP][PASSED] - navigateToUrl: Navigate to 'https://10.130.236.51/#login' successfully

2018-07-02 17:08:59 - [MESSAGE][PASSED] - Navigate to 'https://10.130.236.51/#login' successfully

2018-07-02 17:08:59 - [TEST_STEP][PASSED] - delay: Delayed 20 second(s)

2018-07-02 17:09:19 - [MESSAGE][PASSED] - Delayed 20 second(s)

2018-07-02 17:09:19 - [TEST_STEP][PASSED] - setText: Text 'Ankur.Jain' is set on object 'Object Repository/TC_01_AM/input'

2018-07-02 17:09:20 - [MESSAGE][PASSED] - Text 'Ankur.Jain' is set on object 'Object Repository/TC_01_AM/input'

2018-07-02 17:09:20 - [TEST_STEP][PASSED] - setText: Text 'Word02Pass' is set on object 'Object Repository/TC_01_AM/input_1'

2018-07-02 17:09:20 - [MESSAGE][PASSED] - Text 'Word02Pass' is set on object 'Object Repository/TC_01_AM/input_1']]></system-out>
         <system-err><![CDATA[]]></system-err>
      </testcase>
      <testcase name="Test Cases/Alert Manager_Test Cases/TC01_Mark Alert Not Fraud" classname="Test Cases/Alert Manager_Test Cases/TC01_Mark Alert Not Fraud" status="PASSED">
         <system-out><![CDATA[2018-07-02 17:09:20 - [TEST_CASE][PASSED] - Test Cases/Alert Manager_Test Cases/TC01_Mark Alert Not Fraud: Test Cases/Alert Manager_Test Cases/TC01_Mark Alert Not Fraud

2018-07-02 17:09:21 - [TEST_STEP][PASSED] - click: Object: 'Object Repository/TC_01_AM/button_Sign In' is clicked on

2018-07-02 17:09:21 - [MESSAGE][PASSED] - Object: 'Object Repository/TC_01_AM/button_Sign In' is clicked on

2018-07-02 17:09:21 - [TEST_STEP][PASSED] - click: Object: 'Object Repository/TC_01_AM/a_Merchant' is clicked on

2018-07-02 17:09:22 - [MESSAGE][PASSED] - Object: 'Object Repository/TC_01_AM/a_Merchant' is clicked on

2018-07-02 17:09:22 - [TEST_STEP][PASSED] - click: Object: 'Object Repository/TC_01_AM/a_Alerts' is clicked on

2018-07-02 17:09:23 - [MESSAGE][PASSED] - Object: 'Object Repository/TC_01_AM/a_Alerts' is clicked on

2018-07-02 17:09:23 - [TEST_STEP][PASSED] - click: Object: 'Object Repository/TC_01_AM/i_glyphicon glyphicon-ok' is clicked on

2018-07-02 17:09:36 - [MESSAGE][PASSED] - Object: 'Object Repository/TC_01_AM/i_glyphicon glyphicon-ok' is clicked on

2018-07-02 17:09:36 - [TEST_STEP][PASSED] - setText: Text 'ok' is set on object 'Object Repository/TC_01_AM/textarea_observation'

2018-07-02 17:09:36 - [MESSAGE][PASSED] - Text 'ok' is set on object 'Object Repository/TC_01_AM/textarea_observation'

2018-07-02 17:09:36 - [TEST_STEP][PASSED] - click: Object: 'Object Repository/TC_01_AM/button_Not Fraud' is clicked on

2018-07-02 17:09:37 - [MESSAGE][PASSED] - Object: 'Object Repository/TC_01_AM/button_Not Fraud' is clicked on

2018-07-02 17:09:37 - [TEST_STEP][PASSED] - delay: Delayed 10 second(s)

2018-07-02 17:09:47 - [MESSAGE][PASSED] - Delayed 10 second(s)]]></system-out>
         <system-err><![CDATA[]]></system-err>
      </testcase>
      <testcase name="Test Cases/Alert Manager_Test Cases/TC02_Mark Alert Fraud" classname="Test Cases/Alert Manager_Test Cases/TC02_Mark Alert Fraud" status="PASSED">
         <system-out><![CDATA[2018-07-02 17:09:47 - [TEST_CASE][PASSED] - Test Cases/Alert Manager_Test Cases/TC02_Mark Alert Fraud: Test Cases/Alert Manager_Test Cases/TC02_Mark Alert Fraud

2018-07-02 17:09:47 - [TEST_STEP][PASSED] - click: Object: 'Object Repository/TC_01_AM/i_glyphicon glyphicon-remove' is clicked on

2018-07-02 17:09:48 - [MESSAGE][PASSED] - Object: 'Object Repository/TC_01_AM/i_glyphicon glyphicon-remove' is clicked on

2018-07-02 17:09:48 - [TEST_STEP][PASSED] - setText: Text 'fraud' is set on object 'Object Repository/TC_01_AM/textarea_observation'

2018-07-02 17:09:48 - [MESSAGE][PASSED] - Text 'fraud' is set on object 'Object Repository/TC_01_AM/textarea_observation'

2018-07-02 17:09:48 - [TEST_STEP][PASSED] - click: Object: 'Object Repository/TC_01_AM/button_Fraud' is clicked on

2018-07-02 17:09:49 - [MESSAGE][PASSED] - Object: 'Object Repository/TC_01_AM/button_Fraud' is clicked on

2018-07-02 17:09:49 - [TEST_STEP][PASSED] - delay: Delayed 10 second(s)

2018-07-02 17:09:59 - [MESSAGE][PASSED] - Delayed 10 second(s)]]></system-out>
         <system-err><![CDATA[]]></system-err>
      </testcase>
      <testcase name="Test Cases/Alert Manager_Test Cases/TC03_Mark Alert Suspicious" classname="Test Cases/Alert Manager_Test Cases/TC03_Mark Alert Suspicious" status="FAILED">
         <failure type="FAILED" message="Unable to click on object 'Object Repository/TC_01_AM/div_select2-drop-mask' (Root cause: com.kms.katalon.core.webui.exception.WebElementNotFoundException: Web element with id: 'Object Repository/TC_01_AM/div_select2-drop-mask' located by 'By.xpath: id(&quot;select2-drop-mask&quot;)[count(. | //div[@id = 'select2-drop-mask' and @class = 'select2-drop-mask']) = count(//div[@id = 'select2-drop-mask' and @class = 'select2-drop-mask'])]' not found)"/>
         <system-out><![CDATA[2018-07-02 17:09:59 - [TEST_CASE][FAILED] - Test Cases/Alert Manager_Test Cases/TC03_Mark Alert Suspicious: Test Cases/Alert Manager_Test Cases/TC03_Mark Alert Suspicious FAILED because (of) Unable to click on object 'Object Repository/TC_01_AM/div_select2-drop-mask' (Root cause: com.kms.katalon.core.webui.exception.WebElementNotFoundException: Web element with id: 'Object Repository/TC_01_AM/div_select2-drop-mask' located by 'By.xpath: id("select2-drop-mask")[count(. | //div[@id = 'select2-drop-mask' and @class = 'select2-drop-mask']) = count(//div[@id = 'select2-drop-mask' and @class = 'select2-drop-mask'])]' not found)

2018-07-02 17:10:00 - [TEST_STEP][PASSED] - click: Object: 'Object Repository/TC_01_AM/i_glyphicon glyphicon-fire' is clicked on

2018-07-02 17:10:00 - [MESSAGE][PASSED] - Object: 'Object Repository/TC_01_AM/i_glyphicon glyphicon-fire' is clicked on

2018-07-02 17:10:00 - [TEST_STEP][PASSED] - setText: Text 'suspious' is set on object 'Object Repository/TC_01_AM/textarea_observation'

2018-07-02 17:10:01 - [MESSAGE][PASSED] - Text 'suspious' is set on object 'Object Repository/TC_01_AM/textarea_observation'

2018-07-02 17:10:01 - [TEST_STEP][FAILED] - click: Unable to click on object 'Object Repository/TC_01_AM/div_select2-drop-mask' (Root cause: com.kms.katalon.core.webui.exception.WebElementNotFoundException: Web element with id: 'Object Repository/TC_01_AM/div_select2-drop-mask' located by 'By.xpath: id("select2-drop-mask")[count(. | //div[@id = 'select2-drop-mask' and @class = 'select2-drop-mask']) = count(//div[@id = 'select2-drop-mask' and @class = 'select2-drop-mask'])]' not found)

2018-07-02 17:10:34 - [MESSAGE][FAILED] - Unable to click on object 'Object Repository/TC_01_AM/div_select2-drop-mask' (Root cause: com.kms.katalon.core.webui.exception.WebElementNotFoundException: Web element with id: 'Object Repository/TC_01_AM/div_select2-drop-mask' located by 'By.xpath: id("select2-drop-mask")[count(. | //div[@id = 'select2-drop-mask' and @class = 'select2-drop-mask']) = count(//div[@id = 'select2-drop-mask' and @class = 'select2-drop-mask'])]' not found)
[[ATTACHMENT|C:\\Users\\ankur.jain\\Katalon Studio\\Feedzai_Automation\\Reports\\AM_Test Suite\\20180702_170835\\1530531633351.png]]]]></system-out>
         <system-err><![CDATA[2018-07-02 17:09:59 - [TEST_CASE][FAILED] - Test Cases/Alert Manager_Test Cases/TC03_Mark Alert Suspicious: Test Cases/Alert Manager_Test Cases/TC03_Mark Alert Suspicious FAILED because (of) Unable to click on object 'Object Repository/TC_01_AM/div_select2-drop-mask' (Root cause: com.kms.katalon.core.webui.exception.WebElementNotFoundException: Web element with id: 'Object Repository/TC_01_AM/div_select2-drop-mask' located by 'By.xpath: id("select2-drop-mask")[count(. | //div[@id = 'select2-drop-mask' and @class = 'select2-drop-mask']) = count(//div[@id = 'select2-drop-mask' and @class = 'select2-drop-mask'])]' not found)]]></system-err>
      </testcase>
      <system-out><![CDATA[2018-07-02 17:08:41 - [TEST_SUITE][FAILED] - AM_Test Suite: Test Cases/Alert Manager_Test Cases/TC03_Mark Alert Suspicious FAILED because (of) Unable to click on object 'Object Repository/TC_01_AM/div_select2-drop-mask' (Root cause: com.kms.katalon.core.webui.exception.WebElementNotFoundException: Web element with id: 'Object Repository/TC_01_AM/div_select2-drop-mask' located by 'By.xpath: id("select2-drop-mask")[count(. | //div[@id = 'select2-drop-mask' and @class = 'select2-drop-mask']) = count(//div[@id = 'select2-drop-mask' and @class = 'select2-drop-mask'])]' not found)]]></system-out>
      <system-err><![CDATA[2018-07-02 17:08:41 - [TEST_SUITE][FAILED] - AM_Test Suite: Test Cases/Alert Manager_Test Cases/TC03_Mark Alert Suspicious FAILED because (of) Unable to click on object 'Object Repository/TC_01_AM/div_select2-drop-mask' (Root cause: com.kms.katalon.core.webui.exception.WebElementNotFoundException: Web element with id: 'Object Repository/TC_01_AM/div_select2-drop-mask' located by 'By.xpath: id("select2-drop-mask")[count(. | //div[@id = 'select2-drop-mask' and @class = 'select2-drop-mask']) = count(//div[@id = 'select2-drop-mask' and @class = 'select2-drop-mask'])]' not found)]]></system-err>
   </testsuite>
</testsuites>
