<?xml version="1.0" encoding="UTF-8"?>
<testsuites name="AM_Test Suite" time="89" tests="1" failures="1" errors="0">
   <testsuite name="AM_Test Suite" tests="1" failures="1" errors="0" time="89" timestamp="2018-07-03 14:46:56" hostname="Ankur.Jain - LT0021232.in.ril.com" id="Test Suites/AM_Test Suite">
      <properties>
         <property name="deviceName" value=""/>
         <property name="devicePlatform" value=""/>
         <property name="logFolder" value="C:\\Users\\ankur.jain\\Katalon Studio\\Feedzai_Automation\\Reports\\AM_Test Suite\\20180703_144650"/>
         <property name="logFiles" value="C:\\Users\\ankur.jain\\Katalon Studio\\Feedzai_Automation\\Reports\\AM_Test Suite\\20180703_144650\\execution0.log"/>
         <property name="attachments" value="C:\\Users\\ankur.jain\\Katalon Studio\\Feedzai_Automation\\Reports\\AM_Test Suite\\20180703_144650\\1530609502310.png, C:\\Users\\ankur.jain\\Katalon Studio\\Feedzai_Automation\\Reports\\AM_Test Suite\\20180703_144650\\1530609503318.png"/>
         <property name="hostName" value="Ankur.Jain - LT0021232.in.ril.com"/>
         <property name="os" value="Windows 7 64bit"/>
         <property name="katalonVersion" value="5.4.2.1"/>
         <property name="browser" value="Chrome 67.0.3396.99"/>
         <property name="hostAddress" value="10.50.88.74"/>
         <property name="sessionId" value="27cd2703fdaedc8ca7e28bbb32185af2"/>
         <property name="seleniumVersion" value="3.7.1"/>
         <property name="proxyInformation" value="ProxyInformation{proxyOption=NO_PROXY, proxyServerType=HTTP, password=, proxyServerAddress=, proxyServerPort=0}"/>
         <property name="platform" value="Windows 7"/>
      </properties>
      <testcase name="Test Cases/Alert Manager Test Cases/Alert Manager_Login" classname="Test Cases/Alert Manager Test Cases/Alert Manager_Login" status="PASSED">
         <system-out><![CDATA[2018-07-03 14:46:57 - [TEST_CASE][PASSED] - Test Cases/Alert Manager Test Cases/Alert Manager_Login: Test Cases/Alert Manager Test Cases/Alert Manager_Login

2018-07-03 14:46:58 - [TEST_STEP][PASSED] - openBrowser: Browser is opened with url: ''

2018-07-03 14:47:08 - [MESSAGE][PASSED] - Browser is opened with url: ''

2018-07-03 14:47:08 - [TEST_STEP][PASSED] - maximizeWindow: Current window maximized

2018-07-03 14:47:10 - [MESSAGE][PASSED] - Current window maximized

2018-07-03 14:47:10 - [TEST_STEP][PASSED] - navigateToUrl: Navigate to 'https://10.130.236.51/#login' successfully

2018-07-03 14:47:13 - [MESSAGE][PASSED] - Navigate to 'https://10.130.236.51/#login' successfully

2018-07-03 14:47:13 - [TEST_STEP][PASSED] - delay: Delayed 20 second(s)

2018-07-03 14:47:33 - [MESSAGE][PASSED] - Delayed 20 second(s)

2018-07-03 14:47:33 - [TEST_STEP][PASSED] - setText: Text 'Ankur.Jain' is set on object 'Object Repository/TC_01-03_AM/input'

2018-07-03 14:47:34 - [MESSAGE][PASSED] - Text 'Ankur.Jain' is set on object 'Object Repository/TC_01-03_AM/input'

2018-07-03 14:47:34 - [TEST_STEP][PASSED] - setText: Text 'Word02Pass' is set on object 'Object Repository/TC_01-03_AM/input_1'

2018-07-03 14:47:35 - [MESSAGE][PASSED] - Text 'Word02Pass' is set on object 'Object Repository/TC_01-03_AM/input_1'

2018-07-03 14:47:35 - [TEST_STEP][PASSED] - click: Object: 'Object Repository/TC_01-03_AM/button_Sign In' is clicked on

2018-07-03 14:47:36 - [MESSAGE][PASSED] - Object: 'Object Repository/TC_01-03_AM/button_Sign In' is clicked on

2018-07-03 14:47:36 - [TEST_STEP][PASSED] - delay: Delayed 2 second(s)

2018-07-03 14:47:38 - [MESSAGE][PASSED] - Delayed 2 second(s)]]></system-out>
         <system-err><![CDATA[]]></system-err>
      </testcase>
      <testcase name="Test Cases/Alert Manager Test Cases/AM_Customer Search Home Screen/TC08_Customer Search through mobile number" classname="Test Cases/Alert Manager Test Cases/AM_Customer Search Home Screen/TC08_Customer Search through mobile number" status="FAILED">
         <failure type="FAILED" message="Verify element text of test object 'Object Repository/TC08_AM/div_919860606030' FAILED. (Root cause: com.kms.katalon.core.webui.exception.WebElementNotFoundException: Web element with id: 'Object Repository/TC08_AM/div_919860606030' located by 'By.xpath: ' not found)"/>
         <system-out><![CDATA[2018-07-03 14:47:38 - [TEST_CASE][FAILED] - Test Cases/Alert Manager Test Cases/AM_Customer Search Home Screen/TC08_Customer Search through mobile number: Test Cases/Alert Manager Test Cases/AM_Customer Search Home Screen/TC08_Customer Search through mobile number FAILED because (of) Verify element text of test object 'Object Repository/TC08_AM/div_919860606030' FAILED. (Root cause: com.kms.katalon.core.webui.exception.WebElementNotFoundException: Web element with id: 'Object Repository/TC08_AM/div_919860606030' located by 'By.xpath: ' not found)

2018-07-03 14:47:38 - [TEST_STEP][PASSED] - click: Object: 'Object Repository/TC08_AM/a_Customer' is clicked on

2018-07-03 14:47:39 - [MESSAGE][PASSED] - Object: 'Object Repository/TC08_AM/a_Customer' is clicked on

2018-07-03 14:47:39 - [TEST_STEP][PASSED] - delay: Delayed 2 second(s)

2018-07-03 14:47:41 - [MESSAGE][PASSED] - Delayed 2 second(s)

2018-07-03 14:47:41 - [TEST_STEP][PASSED] - setText: Text '+919860606030' is set on object 'Object Repository/TC08_AM/span_Customer'

2018-07-03 14:47:42 - [MESSAGE][PASSED] - Text '+919860606030' is set on object 'Object Repository/TC08_AM/span_Customer'

2018-07-03 14:47:42 - [TEST_STEP][PASSED] - delay: Delayed 2 second(s)

2018-07-03 14:47:44 - [MESSAGE][PASSED] - Delayed 2 second(s)

2018-07-03 14:47:44 - [TEST_STEP][PASSED] - setText: Text 'ENTER + ' is set on object 'Object Repository/TC08_AM/span_Customer'

2018-07-03 14:47:44 - [MESSAGE][PASSED] - Text 'ENTER + ' is set on object 'Object Repository/TC08_AM/span_Customer'

2018-07-03 14:47:44 - [TEST_STEP][PASSED] - delay: Delayed 3 second(s)

2018-07-03 14:47:47 - [MESSAGE][PASSED] - Delayed 3 second(s)

2018-07-03 14:47:47 - [TEST_STEP][FAILED] - verifyElementText: Verify element text of test object 'Object Repository/TC08_AM/div_919860606030' FAILED. (Root cause: com.kms.katalon.core.webui.exception.WebElementNotFoundException: Web element with id: 'Object Repository/TC08_AM/div_919860606030' located by 'By.xpath: ' not found)

2018-07-03 14:48:23 - [MESSAGE][FAILED] - com.kms.katalon.core.webui.exception.WebElementNotFoundException: Web element with id: 'Object Repository/TC08_AM/div_919860606030' located by 'By.xpath: ' not found
[[ATTACHMENT|C:\\Users\\ankur.jain\\Katalon Studio\\Feedzai_Automation\\Reports\\AM_Test Suite\\20180703_144650\\1530609502310.png]]

2018-07-03 14:48:23 - [MESSAGE][FAILED] - Verify element text of test object 'Object Repository/TC08_AM/div_919860606030' FAILED. (Root cause: com.kms.katalon.core.webui.exception.WebElementNotFoundException: Web element with id: 'Object Repository/TC08_AM/div_919860606030' located by 'By.xpath: ' not found)
[[ATTACHMENT|C:\\Users\\ankur.jain\\Katalon Studio\\Feedzai_Automation\\Reports\\AM_Test Suite\\20180703_144650\\1530609503318.png]]]]></system-out>
         <system-err><![CDATA[2018-07-03 14:47:38 - [TEST_CASE][FAILED] - Test Cases/Alert Manager Test Cases/AM_Customer Search Home Screen/TC08_Customer Search through mobile number: Test Cases/Alert Manager Test Cases/AM_Customer Search Home Screen/TC08_Customer Search through mobile number FAILED because (of) Verify element text of test object 'Object Repository/TC08_AM/div_919860606030' FAILED. (Root cause: com.kms.katalon.core.webui.exception.WebElementNotFoundException: Web element with id: 'Object Repository/TC08_AM/div_919860606030' located by 'By.xpath: ' not found)]]></system-err>
      </testcase>
      <system-out><![CDATA[2018-07-03 14:46:56 - [TEST_SUITE][FAILED] - AM_Test Suite: Test Cases/Alert Manager Test Cases/AM_Customer Search Home Screen/TC08_Customer Search through mobile number FAILED because (of) Verify element text of test object 'Object Repository/TC08_AM/div_919860606030' FAILED. (Root cause: com.kms.katalon.core.webui.exception.WebElementNotFoundException: Web element with id: 'Object Repository/TC08_AM/div_919860606030' located by 'By.xpath: ' not found)]]></system-out>
      <system-err><![CDATA[2018-07-03 14:46:56 - [TEST_SUITE][FAILED] - AM_Test Suite: Test Cases/Alert Manager Test Cases/AM_Customer Search Home Screen/TC08_Customer Search through mobile number FAILED because (of) Verify element text of test object 'Object Repository/TC08_AM/div_919860606030' FAILED. (Root cause: com.kms.katalon.core.webui.exception.WebElementNotFoundException: Web element with id: 'Object Repository/TC08_AM/div_919860606030' located by 'By.xpath: ' not found)]]></system-err>
   </testsuite>
</testsuites>
