<?xml version="1.0" encoding="UTF-8"?>
<testsuites name="AM_Test Suite" time="101" tests="0" failures="4" errors="0">
   <testsuite name="AM_Test Suite" tests="0" failures="4" errors="0" time="101" timestamp="2018-07-12 17:01:58" hostname="Ankur.Jain - LT0021232" id="Test Suites/AM_Test Suite">
      <properties>
         <property name="deviceName" value=""/>
         <property name="devicePlatform" value=""/>
         <property name="logFolder" value="C:\\Users\\ankur.jain\\Katalon Studio\\Feedzai_Automation\\Reports\\AM_Test Suite\\20180712_170150"/>
         <property name="logFiles" value="C:\\Users\\ankur.jain\\Katalon Studio\\Feedzai_Automation\\Reports\\AM_Test Suite\\20180712_170150\\execution0.log"/>
         <property name="attachments" value=""/>
         <property name="hostName" value="Ankur.Jain - LT0021232"/>
         <property name="hostAddress" value="10.50.88.85"/>
         <property name="os" value="Windows 7 64bit"/>
         <property name="katalonVersion" value="5.4.2.1"/>
      </properties>
      <testcase name="Test Cases/Alert Manager Test Cases/Alert Manager_View Alert/TC03_Mark Alert Suspicious" classname="Test Cases/Alert Manager Test Cases/Alert Manager_View Alert/TC03_Mark Alert Suspicious" status="FAILED">
         <failure type="FAILED" message="Unable to click on object 'Object Repository/TC_01-03_AM/i_glyphicon glyphicon-fire' (Root cause: com.kms.katalon.core.webui.exception.BrowserNotOpenedException: Browser is not opened
Build info: version: '3.7.1', revision: '8a0099a', time: '2017-11-06T21:07:36.161Z'
System info: host: 'LT0021232', ip: '10.50.88.85', os.name: 'Windows 7', os.arch: 'amd64', os.version: '6.1', java.version: '1.8.0_102'
Driver info: driver.version: unknown)"/>
         <system-out><![CDATA[2018-07-12 17:01:59 - [TEST_CASE][FAILED] - Test Cases/Alert Manager Test Cases/Alert Manager_View Alert/TC03_Mark Alert Suspicious: Test Cases/Alert Manager Test Cases/Alert Manager_View Alert/TC03_Mark Alert Suspicious FAILED because (of) Unable to click on object 'Object Repository/TC_01-03_AM/i_glyphicon glyphicon-fire' (Root cause: com.kms.katalon.core.webui.exception.BrowserNotOpenedException: Browser is not opened
Build info: version: '3.7.1', revision: '8a0099a', time: '2017-11-06T21:07:36.161Z'
System info: host: 'LT0021232', ip: '10.50.88.85', os.name: 'Windows 7', os.arch: 'amd64', os.version: '6.1', java.version: '1.8.0_102'
Driver info: driver.version: unknown)

2018-07-12 17:02:00 - [TEST_STEP][FAILED] - click: Unable to click on object 'Object Repository/TC_01-03_AM/i_glyphicon glyphicon-fire' (Root cause: com.kms.katalon.core.webui.exception.BrowserNotOpenedException: Browser is not opened
Build info: version: '3.7.1', revision: '8a0099a', time: '2017-11-06T21:07:36.161Z'
System info: host: 'LT0021232', ip: '10.50.88.85', os.name: 'Windows 7', os.arch: 'amd64', os.version: '6.1', java.version: '1.8.0_102'
Driver info: driver.version: unknown)

2018-07-12 17:02:01 - [MESSAGE][WARNING] - Cannot take screenshot

2018-07-12 17:02:01 - [MESSAGE][FAILED] - Unable to click on object 'Object Repository/TC_01-03_AM/i_glyphicon glyphicon-fire' (Root cause: com.kms.katalon.core.webui.exception.BrowserNotOpenedException: Browser is not opened
Build info: version: '3.7.1', revision: '8a0099a', time: '2017-11-06T21:07:36.161Z'
System info: host: 'LT0021232', ip: '10.50.88.85', os.name: 'Windows 7', os.arch: 'amd64', os.version: '6.1', java.version: '1.8.0_102'
Driver info: driver.version: unknown)

2018-07-12 17:02:01 - [TEST_STEP][FAILED] - setText: Unable to set text 'suspious' of object 'Object Repository/TC_01-03_AM/textarea_observation' (Root cause: com.kms.katalon.core.webui.exception.BrowserNotOpenedException: Browser is not opened
Build info: version: '3.7.1', revision: '8a0099a', time: '2017-11-06T21:07:36.161Z'
System info: host: 'LT0021232', ip: '10.50.88.85', os.name: 'Windows 7', os.arch: 'amd64', os.version: '6.1', java.version: '1.8.0_102'
Driver info: driver.version: unknown)

2018-07-12 17:02:01 - [MESSAGE][WARNING] - Cannot take screenshot

2018-07-12 17:02:01 - [MESSAGE][FAILED] - Unable to set text 'suspious' of object 'Object Repository/TC_01-03_AM/textarea_observation' (Root cause: com.kms.katalon.core.webui.exception.BrowserNotOpenedException: Browser is not opened
Build info: version: '3.7.1', revision: '8a0099a', time: '2017-11-06T21:07:36.161Z'
System info: host: 'LT0021232', ip: '10.50.88.85', os.name: 'Windows 7', os.arch: 'amd64', os.version: '6.1', java.version: '1.8.0_102'
Driver info: driver.version: unknown)

2018-07-12 17:02:01 - [TEST_STEP][PASSED] - delay: Delayed 3 second(s)

2018-07-12 17:02:04 - [MESSAGE][PASSED] - Delayed 3 second(s)

2018-07-12 17:02:04 - [TEST_STEP][FAILED] - click: Unable to click on object 'Object Repository/TC_04_Pulse/div_select2-drop-mask' (Root cause: com.kms.katalon.core.webui.exception.BrowserNotOpenedException: Browser is not opened
Build info: version: '3.7.1', revision: '8a0099a', time: '2017-11-06T21:07:36.161Z'
System info: host: 'LT0021232', ip: '10.50.88.85', os.name: 'Windows 7', os.arch: 'amd64', os.version: '6.1', java.version: '1.8.0_102'
Driver info: driver.version: unknown)

2018-07-12 17:02:04 - [MESSAGE][WARNING] - Cannot take screenshot

2018-07-12 17:02:04 - [MESSAGE][FAILED] - Unable to click on object 'Object Repository/TC_04_Pulse/div_select2-drop-mask' (Root cause: com.kms.katalon.core.webui.exception.BrowserNotOpenedException: Browser is not opened
Build info: version: '3.7.1', revision: '8a0099a', time: '2017-11-06T21:07:36.161Z'
System info: host: 'LT0021232', ip: '10.50.88.85', os.name: 'Windows 7', os.arch: 'amd64', os.version: '6.1', java.version: '1.8.0_102'
Driver info: driver.version: unknown)

2018-07-12 17:02:04 - [TEST_STEP][FAILED] - setText: Unable to set text 'Testing' of object 'Object Repository/TC_04_Pulse/Obj1' (Root cause: com.kms.katalon.core.webui.exception.BrowserNotOpenedException: Browser is not opened
Build info: version: '3.7.1', revision: '8a0099a', time: '2017-11-06T21:07:36.161Z'
System info: host: 'LT0021232', ip: '10.50.88.85', os.name: 'Windows 7', os.arch: 'amd64', os.version: '6.1', java.version: '1.8.0_102'
Driver info: driver.version: unknown)

2018-07-12 17:02:04 - [MESSAGE][WARNING] - Cannot take screenshot

2018-07-12 17:02:04 - [MESSAGE][FAILED] - Unable to set text 'Testing' of object 'Object Repository/TC_04_Pulse/Obj1' (Root cause: com.kms.katalon.core.webui.exception.BrowserNotOpenedException: Browser is not opened
Build info: version: '3.7.1', revision: '8a0099a', time: '2017-11-06T21:07:36.161Z'
System info: host: 'LT0021232', ip: '10.50.88.85', os.name: 'Windows 7', os.arch: 'amd64', os.version: '6.1', java.version: '1.8.0_102'
Driver info: driver.version: unknown)

2018-07-12 17:02:04 - [TEST_STEP][PASSED] - delay: Delayed 3 second(s)

2018-07-12 17:02:07 - [MESSAGE][PASSED] - Delayed 3 second(s)

2018-07-12 17:02:07 - [TEST_STEP][FAILED] - sendKeys: Unable to send keys '' to object 'Object Repository/TC_04_Pulse/Obj1' (Root cause: com.kms.katalon.core.webui.exception.BrowserNotOpenedException: Browser is not opened
Build info: version: '3.7.1', revision: '8a0099a', time: '2017-11-06T21:07:36.161Z'
System info: host: 'LT0021232', ip: '10.50.88.85', os.name: 'Windows 7', os.arch: 'amd64', os.version: '6.1', java.version: '1.8.0_102'
Driver info: driver.version: unknown)

2018-07-12 17:02:07 - [MESSAGE][WARNING] - Cannot take screenshot

2018-07-12 17:02:07 - [MESSAGE][FAILED] - Unable to send keys '' to object 'Object Repository/TC_04_Pulse/Obj1' (Root cause: com.kms.katalon.core.webui.exception.BrowserNotOpenedException: Browser is not opened
Build info: version: '3.7.1', revision: '8a0099a', time: '2017-11-06T21:07:36.161Z'
System info: host: 'LT0021232', ip: '10.50.88.85', os.name: 'Windows 7', os.arch: 'amd64', os.version: '6.1', java.version: '1.8.0_102'
Driver info: driver.version: unknown)

2018-07-12 17:02:07 - [TEST_STEP][FAILED] - click: Unable to click on object 'Object Repository/TC_04_Pulse/button_Suspicious' (Root cause: com.kms.katalon.core.webui.exception.BrowserNotOpenedException: Browser is not opened
Build info: version: '3.7.1', revision: '8a0099a', time: '2017-11-06T21:07:36.161Z'
System info: host: 'LT0021232', ip: '10.50.88.85', os.name: 'Windows 7', os.arch: 'amd64', os.version: '6.1', java.version: '1.8.0_102'
Driver info: driver.version: unknown)

2018-07-12 17:02:07 - [MESSAGE][WARNING] - Cannot take screenshot

2018-07-12 17:02:07 - [MESSAGE][FAILED] - Unable to click on object 'Object Repository/TC_04_Pulse/button_Suspicious' (Root cause: com.kms.katalon.core.webui.exception.BrowserNotOpenedException: Browser is not opened
Build info: version: '3.7.1', revision: '8a0099a', time: '2017-11-06T21:07:36.161Z'
System info: host: 'LT0021232', ip: '10.50.88.85', os.name: 'Windows 7', os.arch: 'amd64', os.version: '6.1', java.version: '1.8.0_102'
Driver info: driver.version: unknown)

2018-07-12 17:02:07 - [TEST_STEP][FAILED] - Statement - text = com.kms.katalon.core.webui.keyword.WebUiBuiltInKeywords.getText(com.kms.katalon.core.testobject.ObjectRepository.findTestObject(TC_01-03_AM/Sucess Message)): Unable to get text of object 'Object Repository/TC_01-03_AM/Sucess Message' (Root cause: com.kms.katalon.core.webui.exception.BrowserNotOpenedException: Browser is not opened
Build info: version: '3.7.1', revision: '8a0099a', time: '2017-11-06T21:07:36.161Z'
System info: host: 'LT0021232', ip: '10.50.88.85', os.name: 'Windows 7', os.arch: 'amd64', os.version: '6.1', java.version: '1.8.0_102'
Driver info: driver.version: unknown)

2018-07-12 17:02:08 - [MESSAGE][WARNING] - Cannot take screenshot

2018-07-12 17:02:08 - [MESSAGE][FAILED] - Unable to get text of object 'Object Repository/TC_01-03_AM/Sucess Message' (Root cause: com.kms.katalon.core.webui.exception.BrowserNotOpenedException: Browser is not opened
Build info: version: '3.7.1', revision: '8a0099a', time: '2017-11-06T21:07:36.161Z'
System info: host: 'LT0021232', ip: '10.50.88.85', os.name: 'Windows 7', os.arch: 'amd64', os.version: '6.1', java.version: '1.8.0_102'
Driver info: driver.version: unknown)

2018-07-12 17:02:08 - [TEST_STEP][PASSED] - Statement - If (text.contains("Suspicious")): null]]></system-out>
         <system-err><![CDATA[2018-07-12 17:01:59 - [TEST_CASE][FAILED] - Test Cases/Alert Manager Test Cases/Alert Manager_View Alert/TC03_Mark Alert Suspicious: Test Cases/Alert Manager Test Cases/Alert Manager_View Alert/TC03_Mark Alert Suspicious FAILED because (of) Unable to click on object 'Object Repository/TC_01-03_AM/i_glyphicon glyphicon-fire' (Root cause: com.kms.katalon.core.webui.exception.BrowserNotOpenedException: Browser is not opened
Build info: version: '3.7.1', revision: '8a0099a', time: '2017-11-06T21:07:36.161Z'
System info: host: 'LT0021232', ip: '10.50.88.85', os.name: 'Windows 7', os.arch: 'amd64', os.version: '6.1', java.version: '1.8.0_102'
Driver info: driver.version: unknown)]]></system-err>
      </testcase>
      <testcase name="Test Cases/Alert Manager Test Cases/Alert Manager_Search Screen/TC25_Validate Advance search through Merchant id" classname="Test Cases/Alert Manager Test Cases/Alert Manager_Search Screen/TC25_Validate Advance search through Merchant id" status="FAILED">
         <failure type="FAILED" message="Unable to clear text of object 'Object Repository/TC_24_36 AM/Date_input' (Root cause: com.kms.katalon.core.webui.exception.BrowserNotOpenedException: Browser is not opened
Build info: version: '3.7.1', revision: '8a0099a', time: '2017-11-06T21:07:36.161Z'
System info: host: 'LT0021232', ip: '10.50.88.85', os.name: 'Windows 7', os.arch: 'amd64', os.version: '6.1', java.version: '1.8.0_102'
Driver info: driver.version: unknown)"/>
         <system-out><![CDATA[2018-07-12 17:02:08 - [TEST_CASE][FAILED] - Test Cases/Alert Manager Test Cases/Alert Manager_Search Screen/TC25_Validate Advance search through Merchant id: Test Cases/Alert Manager Test Cases/Alert Manager_Search Screen/TC25_Validate Advance search through Merchant id FAILED because (of) Unable to clear text of object 'Object Repository/TC_24_36 AM/Date_input' (Root cause: com.kms.katalon.core.webui.exception.BrowserNotOpenedException: Browser is not opened
Build info: version: '3.7.1', revision: '8a0099a', time: '2017-11-06T21:07:36.161Z'
System info: host: 'LT0021232', ip: '10.50.88.85', os.name: 'Windows 7', os.arch: 'amd64', os.version: '6.1', java.version: '1.8.0_102'
Driver info: driver.version: unknown)

2018-07-12 17:02:08 - [TEST_STEP][FAILED] - clearText: Unable to clear text of object 'Object Repository/TC_24_36 AM/Date_input' (Root cause: com.kms.katalon.core.webui.exception.BrowserNotOpenedException: Browser is not opened
Build info: version: '3.7.1', revision: '8a0099a', time: '2017-11-06T21:07:36.161Z'
System info: host: 'LT0021232', ip: '10.50.88.85', os.name: 'Windows 7', os.arch: 'amd64', os.version: '6.1', java.version: '1.8.0_102'
Driver info: driver.version: unknown)

2018-07-12 17:02:08 - [MESSAGE][WARNING] - Cannot take screenshot

2018-07-12 17:02:08 - [MESSAGE][FAILED] - Unable to clear text of object 'Object Repository/TC_24_36 AM/Date_input' (Root cause: com.kms.katalon.core.webui.exception.BrowserNotOpenedException: Browser is not opened
Build info: version: '3.7.1', revision: '8a0099a', time: '2017-11-06T21:07:36.161Z'
System info: host: 'LT0021232', ip: '10.50.88.85', os.name: 'Windows 7', os.arch: 'amd64', os.version: '6.1', java.version: '1.8.0_102'
Driver info: driver.version: unknown)

2018-07-12 17:02:08 - [TEST_STEP][FAILED] - click: Unable to click on object 'Object Repository/TC_24_36 AM/Done_Button' (Root cause: com.kms.katalon.core.webui.exception.BrowserNotOpenedException: Browser is not opened
Build info: version: '3.7.1', revision: '8a0099a', time: '2017-11-06T21:07:36.161Z'
System info: host: 'LT0021232', ip: '10.50.88.85', os.name: 'Windows 7', os.arch: 'amd64', os.version: '6.1', java.version: '1.8.0_102'
Driver info: driver.version: unknown)

2018-07-12 17:02:08 - [MESSAGE][WARNING] - Cannot take screenshot

2018-07-12 17:02:08 - [MESSAGE][FAILED] - Unable to click on object 'Object Repository/TC_24_36 AM/Done_Button' (Root cause: com.kms.katalon.core.webui.exception.BrowserNotOpenedException: Browser is not opened
Build info: version: '3.7.1', revision: '8a0099a', time: '2017-11-06T21:07:36.161Z'
System info: host: 'LT0021232', ip: '10.50.88.85', os.name: 'Windows 7', os.arch: 'amd64', os.version: '6.1', java.version: '1.8.0_102'
Driver info: driver.version: unknown)

2018-07-12 17:02:08 - [TEST_STEP][PASSED] - delay: Delayed 5 second(s)

2018-07-12 17:02:13 - [MESSAGE][PASSED] - Delayed 5 second(s)

2018-07-12 17:02:13 - [TEST_STEP][FAILED] - click: Unable to click on object 'Object Repository/TC_24_36 AM/button_Advanced Search' (Root cause: com.kms.katalon.core.webui.exception.BrowserNotOpenedException: Browser is not opened
Build info: version: '3.7.1', revision: '8a0099a', time: '2017-11-06T21:07:36.161Z'
System info: host: 'LT0021232', ip: '10.50.88.85', os.name: 'Windows 7', os.arch: 'amd64', os.version: '6.1', java.version: '1.8.0_102'
Driver info: driver.version: unknown)

2018-07-12 17:02:13 - [MESSAGE][WARNING] - Cannot take screenshot

2018-07-12 17:02:13 - [MESSAGE][FAILED] - Unable to click on object 'Object Repository/TC_24_36 AM/button_Advanced Search' (Root cause: com.kms.katalon.core.webui.exception.BrowserNotOpenedException: Browser is not opened
Build info: version: '3.7.1', revision: '8a0099a', time: '2017-11-06T21:07:36.161Z'
System info: host: 'LT0021232', ip: '10.50.88.85', os.name: 'Windows 7', os.arch: 'amd64', os.version: '6.1', java.version: '1.8.0_102'
Driver info: driver.version: unknown)

2018-07-12 17:02:13 - [TEST_STEP][PASSED] - delay: Delayed 2 second(s)

2018-07-12 17:02:15 - [MESSAGE][PASSED] - Delayed 2 second(s)

2018-07-12 17:02:15 - [TEST_STEP][FAILED] - click: Unable to click on object 'Object Repository/TC_24_36 AM/Merchant_Input' (Root cause: com.kms.katalon.core.webui.exception.BrowserNotOpenedException: Browser is not opened
Build info: version: '3.7.1', revision: '8a0099a', time: '2017-11-06T21:07:36.161Z'
System info: host: 'LT0021232', ip: '10.50.88.85', os.name: 'Windows 7', os.arch: 'amd64', os.version: '6.1', java.version: '1.8.0_102'
Driver info: driver.version: unknown)

2018-07-12 17:02:15 - [MESSAGE][WARNING] - Cannot take screenshot

2018-07-12 17:02:15 - [MESSAGE][FAILED] - Unable to click on object 'Object Repository/TC_24_36 AM/Merchant_Input' (Root cause: com.kms.katalon.core.webui.exception.BrowserNotOpenedException: Browser is not opened
Build info: version: '3.7.1', revision: '8a0099a', time: '2017-11-06T21:07:36.161Z'
System info: host: 'LT0021232', ip: '10.50.88.85', os.name: 'Windows 7', os.arch: 'amd64', os.version: '6.1', java.version: '1.8.0_102'
Driver info: driver.version: unknown)

2018-07-12 17:02:15 - [TEST_STEP][FAILED] - setText: Unable to set text '100001000021019' of object 'Object Repository/TC_24_36 AM/Input_MerId' (Root cause: com.kms.katalon.core.webui.exception.BrowserNotOpenedException: Browser is not opened
Build info: version: '3.7.1', revision: '8a0099a', time: '2017-11-06T21:07:36.161Z'
System info: host: 'LT0021232', ip: '10.50.88.85', os.name: 'Windows 7', os.arch: 'amd64', os.version: '6.1', java.version: '1.8.0_102'
Driver info: driver.version: unknown)

2018-07-12 17:02:17 - [MESSAGE][WARNING] - Cannot take screenshot

2018-07-12 17:02:17 - [MESSAGE][FAILED] - Unable to set text '100001000021019' of object 'Object Repository/TC_24_36 AM/Input_MerId' (Root cause: com.kms.katalon.core.webui.exception.BrowserNotOpenedException: Browser is not opened
Build info: version: '3.7.1', revision: '8a0099a', time: '2017-11-06T21:07:36.161Z'
System info: host: 'LT0021232', ip: '10.50.88.85', os.name: 'Windows 7', os.arch: 'amd64', os.version: '6.1', java.version: '1.8.0_102'
Driver info: driver.version: unknown)

2018-07-12 17:02:17 - [TEST_STEP][PASSED] - delay: Delayed 5 second(s)

2018-07-12 17:02:22 - [MESSAGE][PASSED] - Delayed 5 second(s)

2018-07-12 17:02:22 - [TEST_STEP][FAILED] - sendKeys: Unable to send keys '' to object 'Object Repository/TC_24_36 AM/Input_MerId' (Root cause: com.kms.katalon.core.webui.exception.BrowserNotOpenedException: Browser is not opened
Build info: version: '3.7.1', revision: '8a0099a', time: '2017-11-06T21:07:36.161Z'
System info: host: 'LT0021232', ip: '10.50.88.85', os.name: 'Windows 7', os.arch: 'amd64', os.version: '6.1', java.version: '1.8.0_102'
Driver info: driver.version: unknown)

2018-07-12 17:02:22 - [MESSAGE][WARNING] - Cannot take screenshot

2018-07-12 17:02:22 - [MESSAGE][FAILED] - Unable to send keys '' to object 'Object Repository/TC_24_36 AM/Input_MerId' (Root cause: com.kms.katalon.core.webui.exception.BrowserNotOpenedException: Browser is not opened
Build info: version: '3.7.1', revision: '8a0099a', time: '2017-11-06T21:07:36.161Z'
System info: host: 'LT0021232', ip: '10.50.88.85', os.name: 'Windows 7', os.arch: 'amd64', os.version: '6.1', java.version: '1.8.0_102'
Driver info: driver.version: unknown)

2018-07-12 17:02:22 - [TEST_STEP][PASSED] - delay: Delayed 5 second(s)

2018-07-12 17:02:27 - [MESSAGE][PASSED] - Delayed 5 second(s)

2018-07-12 17:02:27 - [TEST_STEP][FAILED] - click: Unable to click on object 'Object Repository/TC_24_36 AM/button_Search' (Root cause: com.kms.katalon.core.webui.exception.BrowserNotOpenedException: Browser is not opened
Build info: version: '3.7.1', revision: '8a0099a', time: '2017-11-06T21:07:36.161Z'
System info: host: 'LT0021232', ip: '10.50.88.85', os.name: 'Windows 7', os.arch: 'amd64', os.version: '6.1', java.version: '1.8.0_102'
Driver info: driver.version: unknown)

2018-07-12 17:02:27 - [MESSAGE][WARNING] - Cannot take screenshot

2018-07-12 17:02:27 - [MESSAGE][FAILED] - Unable to click on object 'Object Repository/TC_24_36 AM/button_Search' (Root cause: com.kms.katalon.core.webui.exception.BrowserNotOpenedException: Browser is not opened
Build info: version: '3.7.1', revision: '8a0099a', time: '2017-11-06T21:07:36.161Z'
System info: host: 'LT0021232', ip: '10.50.88.85', os.name: 'Windows 7', os.arch: 'amd64', os.version: '6.1', java.version: '1.8.0_102'
Driver info: driver.version: unknown)

2018-07-12 17:02:27 - [TEST_STEP][FAILED] - getText: Unable to get text of object 'Object Repository/TC_24_36 AM/Cust_Details' (Root cause: com.kms.katalon.core.webui.exception.BrowserNotOpenedException: Browser is not opened
Build info: version: '3.7.1', revision: '8a0099a', time: '2017-11-06T21:07:36.161Z'
System info: host: 'LT0021232', ip: '10.50.88.85', os.name: 'Windows 7', os.arch: 'amd64', os.version: '6.1', java.version: '1.8.0_102'
Driver info: driver.version: unknown)

2018-07-12 17:02:27 - [MESSAGE][WARNING] - Cannot take screenshot

2018-07-12 17:02:27 - [MESSAGE][FAILED] - Unable to get text of object 'Object Repository/TC_24_36 AM/Cust_Details' (Root cause: com.kms.katalon.core.webui.exception.BrowserNotOpenedException: Browser is not opened
Build info: version: '3.7.1', revision: '8a0099a', time: '2017-11-06T21:07:36.161Z'
System info: host: 'LT0021232', ip: '10.50.88.85', os.name: 'Windows 7', os.arch: 'amd64', os.version: '6.1', java.version: '1.8.0_102'
Driver info: driver.version: unknown)

2018-07-12 17:02:27 - [TEST_STEP][PASSED] - comment: Merchant id Details Displayed

2018-07-12 17:02:27 - [TEST_STEP][FAILED] - verifyElementText: Verify element text of test object 'Object Repository/TC_24_36 AM/Mer_id_Valid' FAILED. (Root cause: com.kms.katalon.core.webui.exception.BrowserNotOpenedException: Browser is not opened
Build info: version: '3.7.1', revision: '8a0099a', time: '2017-11-06T21:07:36.161Z'
System info: host: 'LT0021232', ip: '10.50.88.85', os.name: 'Windows 7', os.arch: 'amd64', os.version: '6.1', java.version: '1.8.0_102'
Driver info: driver.version: unknown)

2018-07-12 17:02:27 - [MESSAGE][WARNING] - Cannot take screenshot

2018-07-12 17:02:28 - [MESSAGE][FAILED] - Verify element text of test object 'Object Repository/TC_24_36 AM/Mer_id_Valid' FAILED. (Root cause: com.kms.katalon.core.webui.exception.BrowserNotOpenedException: Browser is not opened
Build info: version: '3.7.1', revision: '8a0099a', time: '2017-11-06T21:07:36.161Z'
System info: host: 'LT0021232', ip: '10.50.88.85', os.name: 'Windows 7', os.arch: 'amd64', os.version: '6.1', java.version: '1.8.0_102'
Driver info: driver.version: unknown)

2018-07-12 17:02:28 - [TEST_STEP][FAILED] - Statement - Merchant_Details = com.kms.katalon.core.webui.keyword.WebUiBuiltInKeywords.takeScreenshot(): Cannot take screenshot (Root cause: com.kms.katalon.core.webui.exception.BrowserNotOpenedException: Browser is not opened
Build info: version: '3.7.1', revision: '8a0099a', time: '2017-11-06T21:07:36.161Z'
System info: host: 'LT0021232', ip: '10.50.88.85', os.name: 'Windows 7', os.arch: 'amd64', os.version: '6.1', java.version: '1.8.0_102'
Driver info: driver.version: unknown)

2018-07-12 17:02:28 - [MESSAGE][WARNING] - Cannot take screenshot

2018-07-12 17:02:28 - [MESSAGE][FAILED] - Cannot take screenshot (Root cause: com.kms.katalon.core.webui.exception.BrowserNotOpenedException: Browser is not opened
Build info: version: '3.7.1', revision: '8a0099a', time: '2017-11-06T21:07:36.161Z'
System info: host: 'LT0021232', ip: '10.50.88.85', os.name: 'Windows 7', os.arch: 'amd64', os.version: '6.1', java.version: '1.8.0_102'
Driver info: driver.version: unknown)

2018-07-12 17:02:28 - [TEST_STEP][FAILED] - refresh: Unable to refresh page (Root cause: com.kms.katalon.core.webui.exception.BrowserNotOpenedException: Browser is not opened
Build info: version: '3.7.1', revision: '8a0099a', time: '2017-11-06T21:07:36.161Z'
System info: host: 'LT0021232', ip: '10.50.88.85', os.name: 'Windows 7', os.arch: 'amd64', os.version: '6.1', java.version: '1.8.0_102'
Driver info: driver.version: unknown)

2018-07-12 17:02:28 - [MESSAGE][WARNING] - Cannot take screenshot

2018-07-12 17:02:28 - [MESSAGE][FAILED] - Unable to refresh page (Root cause: com.kms.katalon.core.webui.exception.BrowserNotOpenedException: Browser is not opened
Build info: version: '3.7.1', revision: '8a0099a', time: '2017-11-06T21:07:36.161Z'
System info: host: 'LT0021232', ip: '10.50.88.85', os.name: 'Windows 7', os.arch: 'amd64', os.version: '6.1', java.version: '1.8.0_102'
Driver info: driver.version: unknown)

2018-07-12 17:02:28 - [TEST_STEP][PASSED] - delay: Delayed 6 second(s)

2018-07-12 17:02:34 - [MESSAGE][PASSED] - Delayed 6 second(s)]]></system-out>
         <system-err><![CDATA[2018-07-12 17:02:08 - [TEST_CASE][FAILED] - Test Cases/Alert Manager Test Cases/Alert Manager_Search Screen/TC25_Validate Advance search through Merchant id: Test Cases/Alert Manager Test Cases/Alert Manager_Search Screen/TC25_Validate Advance search through Merchant id FAILED because (of) Unable to clear text of object 'Object Repository/TC_24_36 AM/Date_input' (Root cause: com.kms.katalon.core.webui.exception.BrowserNotOpenedException: Browser is not opened
Build info: version: '3.7.1', revision: '8a0099a', time: '2017-11-06T21:07:36.161Z'
System info: host: 'LT0021232', ip: '10.50.88.85', os.name: 'Windows 7', os.arch: 'amd64', os.version: '6.1', java.version: '1.8.0_102'
Driver info: driver.version: unknown)]]></system-err>
      </testcase>
      <testcase name="Test Cases/Alert Manager Test Cases/Alert Manager_Search Screen/TC27_Validate Advance search through Agent Id" classname="Test Cases/Alert Manager Test Cases/Alert Manager_Search Screen/TC27_Validate Advance search through Agent Id" status="FAILED">
         <failure type="FAILED" message="Unable to clear text of object 'Object Repository/TC_24_36 AM/Date_input' (Root cause: com.kms.katalon.core.webui.exception.BrowserNotOpenedException: Browser is not opened
Build info: version: '3.7.1', revision: '8a0099a', time: '2017-11-06T21:07:36.161Z'
System info: host: 'LT0021232', ip: '10.50.88.85', os.name: 'Windows 7', os.arch: 'amd64', os.version: '6.1', java.version: '1.8.0_102'
Driver info: driver.version: unknown)"/>
         <system-out><![CDATA[2018-07-12 17:02:34 - [TEST_CASE][FAILED] - Test Cases/Alert Manager Test Cases/Alert Manager_Search Screen/TC27_Validate Advance search through Agent Id: Test Cases/Alert Manager Test Cases/Alert Manager_Search Screen/TC27_Validate Advance search through Agent Id FAILED because (of) Unable to clear text of object 'Object Repository/TC_24_36 AM/Date_input' (Root cause: com.kms.katalon.core.webui.exception.BrowserNotOpenedException: Browser is not opened
Build info: version: '3.7.1', revision: '8a0099a', time: '2017-11-06T21:07:36.161Z'
System info: host: 'LT0021232', ip: '10.50.88.85', os.name: 'Windows 7', os.arch: 'amd64', os.version: '6.1', java.version: '1.8.0_102'
Driver info: driver.version: unknown)

2018-07-12 17:02:34 - [TEST_STEP][FAILED] - clearText: Unable to clear text of object 'Object Repository/TC_24_36 AM/Date_input' (Root cause: com.kms.katalon.core.webui.exception.BrowserNotOpenedException: Browser is not opened
Build info: version: '3.7.1', revision: '8a0099a', time: '2017-11-06T21:07:36.161Z'
System info: host: 'LT0021232', ip: '10.50.88.85', os.name: 'Windows 7', os.arch: 'amd64', os.version: '6.1', java.version: '1.8.0_102'
Driver info: driver.version: unknown)

2018-07-12 17:02:34 - [MESSAGE][WARNING] - Cannot take screenshot

2018-07-12 17:02:34 - [MESSAGE][FAILED] - Unable to clear text of object 'Object Repository/TC_24_36 AM/Date_input' (Root cause: com.kms.katalon.core.webui.exception.BrowserNotOpenedException: Browser is not opened
Build info: version: '3.7.1', revision: '8a0099a', time: '2017-11-06T21:07:36.161Z'
System info: host: 'LT0021232', ip: '10.50.88.85', os.name: 'Windows 7', os.arch: 'amd64', os.version: '6.1', java.version: '1.8.0_102'
Driver info: driver.version: unknown)

2018-07-12 17:02:34 - [TEST_STEP][FAILED] - click: Unable to click on object 'Object Repository/TC_24_36 AM/Done_Button' (Root cause: com.kms.katalon.core.webui.exception.BrowserNotOpenedException: Browser is not opened
Build info: version: '3.7.1', revision: '8a0099a', time: '2017-11-06T21:07:36.161Z'
System info: host: 'LT0021232', ip: '10.50.88.85', os.name: 'Windows 7', os.arch: 'amd64', os.version: '6.1', java.version: '1.8.0_102'
Driver info: driver.version: unknown)

2018-07-12 17:02:34 - [MESSAGE][WARNING] - Cannot take screenshot

2018-07-12 17:02:34 - [MESSAGE][FAILED] - Unable to click on object 'Object Repository/TC_24_36 AM/Done_Button' (Root cause: com.kms.katalon.core.webui.exception.BrowserNotOpenedException: Browser is not opened
Build info: version: '3.7.1', revision: '8a0099a', time: '2017-11-06T21:07:36.161Z'
System info: host: 'LT0021232', ip: '10.50.88.85', os.name: 'Windows 7', os.arch: 'amd64', os.version: '6.1', java.version: '1.8.0_102'
Driver info: driver.version: unknown)

2018-07-12 17:02:34 - [TEST_STEP][PASSED] - delay: Delayed 5 second(s)

2018-07-12 17:02:39 - [MESSAGE][PASSED] - Delayed 5 second(s)

2018-07-12 17:02:39 - [TEST_STEP][FAILED] - click: Unable to click on object 'Object Repository/TC_24_36 AM/button_Advanced Search' (Root cause: com.kms.katalon.core.webui.exception.BrowserNotOpenedException: Browser is not opened
Build info: version: '3.7.1', revision: '8a0099a', time: '2017-11-06T21:07:36.161Z'
System info: host: 'LT0021232', ip: '10.50.88.85', os.name: 'Windows 7', os.arch: 'amd64', os.version: '6.1', java.version: '1.8.0_102'
Driver info: driver.version: unknown)

2018-07-12 17:02:39 - [MESSAGE][WARNING] - Cannot take screenshot

2018-07-12 17:02:39 - [MESSAGE][FAILED] - Unable to click on object 'Object Repository/TC_24_36 AM/button_Advanced Search' (Root cause: com.kms.katalon.core.webui.exception.BrowserNotOpenedException: Browser is not opened
Build info: version: '3.7.1', revision: '8a0099a', time: '2017-11-06T21:07:36.161Z'
System info: host: 'LT0021232', ip: '10.50.88.85', os.name: 'Windows 7', os.arch: 'amd64', os.version: '6.1', java.version: '1.8.0_102'
Driver info: driver.version: unknown)

2018-07-12 17:02:39 - [TEST_STEP][PASSED] - delay: Delayed 2 second(s)

2018-07-12 17:02:41 - [MESSAGE][PASSED] - Delayed 2 second(s)

2018-07-12 17:02:41 - [TEST_STEP][FAILED] - click: Unable to click on object 'Object Repository/TC_24_36 AM/AgentId_Click' (Root cause: com.kms.katalon.core.webui.exception.BrowserNotOpenedException: Browser is not opened
Build info: version: '3.7.1', revision: '8a0099a', time: '2017-11-06T21:07:36.161Z'
System info: host: 'LT0021232', ip: '10.50.88.85', os.name: 'Windows 7', os.arch: 'amd64', os.version: '6.1', java.version: '1.8.0_102'
Driver info: driver.version: unknown)

2018-07-12 17:02:41 - [MESSAGE][WARNING] - Cannot take screenshot

2018-07-12 17:02:41 - [MESSAGE][FAILED] - Unable to click on object 'Object Repository/TC_24_36 AM/AgentId_Click' (Root cause: com.kms.katalon.core.webui.exception.BrowserNotOpenedException: Browser is not opened
Build info: version: '3.7.1', revision: '8a0099a', time: '2017-11-06T21:07:36.161Z'
System info: host: 'LT0021232', ip: '10.50.88.85', os.name: 'Windows 7', os.arch: 'amd64', os.version: '6.1', java.version: '1.8.0_102'
Driver info: driver.version: unknown)

2018-07-12 17:02:41 - [TEST_STEP][FAILED] - setText: Unable to set text '1000005844' of object 'Object Repository/TC_24_36 AM/AgentId_Input' (Root cause: com.kms.katalon.core.webui.exception.BrowserNotOpenedException: Browser is not opened
Build info: version: '3.7.1', revision: '8a0099a', time: '2017-11-06T21:07:36.161Z'
System info: host: 'LT0021232', ip: '10.50.88.85', os.name: 'Windows 7', os.arch: 'amd64', os.version: '6.1', java.version: '1.8.0_102'
Driver info: driver.version: unknown)

2018-07-12 17:02:42 - [MESSAGE][WARNING] - Cannot take screenshot

2018-07-12 17:02:42 - [MESSAGE][FAILED] - Unable to set text '1000005844' of object 'Object Repository/TC_24_36 AM/AgentId_Input' (Root cause: com.kms.katalon.core.webui.exception.BrowserNotOpenedException: Browser is not opened
Build info: version: '3.7.1', revision: '8a0099a', time: '2017-11-06T21:07:36.161Z'
System info: host: 'LT0021232', ip: '10.50.88.85', os.name: 'Windows 7', os.arch: 'amd64', os.version: '6.1', java.version: '1.8.0_102'
Driver info: driver.version: unknown)

2018-07-12 17:02:42 - [TEST_STEP][PASSED] - delay: Delayed 15 second(s)

2018-07-12 17:02:57 - [MESSAGE][PASSED] - Delayed 15 second(s)

2018-07-12 17:02:57 - [TEST_STEP][FAILED] - sendKeys: Unable to send keys '' to object 'Object Repository/TC_24_36 AM/AgentId_Input' (Root cause: com.kms.katalon.core.webui.exception.BrowserNotOpenedException: Browser is not opened
Build info: version: '3.7.1', revision: '8a0099a', time: '2017-11-06T21:07:36.161Z'
System info: host: 'LT0021232', ip: '10.50.88.85', os.name: 'Windows 7', os.arch: 'amd64', os.version: '6.1', java.version: '1.8.0_102'
Driver info: driver.version: unknown)

2018-07-12 17:02:57 - [MESSAGE][WARNING] - Cannot take screenshot

2018-07-12 17:02:57 - [MESSAGE][FAILED] - Unable to send keys '' to object 'Object Repository/TC_24_36 AM/AgentId_Input' (Root cause: com.kms.katalon.core.webui.exception.BrowserNotOpenedException: Browser is not opened
Build info: version: '3.7.1', revision: '8a0099a', time: '2017-11-06T21:07:36.161Z'
System info: host: 'LT0021232', ip: '10.50.88.85', os.name: 'Windows 7', os.arch: 'amd64', os.version: '6.1', java.version: '1.8.0_102'
Driver info: driver.version: unknown)

2018-07-12 17:02:57 - [TEST_STEP][PASSED] - delay: Delayed 10 second(s)

2018-07-12 17:03:07 - [MESSAGE][PASSED] - Delayed 10 second(s)

2018-07-12 17:03:07 - [TEST_STEP][FAILED] - click: Unable to click on object 'Object Repository/TC_24_36 AM/button_Search' (Root cause: com.kms.katalon.core.webui.exception.BrowserNotOpenedException: Browser is not opened
Build info: version: '3.7.1', revision: '8a0099a', time: '2017-11-06T21:07:36.161Z'
System info: host: 'LT0021232', ip: '10.50.88.85', os.name: 'Windows 7', os.arch: 'amd64', os.version: '6.1', java.version: '1.8.0_102'
Driver info: driver.version: unknown)

2018-07-12 17:03:07 - [MESSAGE][WARNING] - Cannot take screenshot

2018-07-12 17:03:07 - [MESSAGE][FAILED] - Unable to click on object 'Object Repository/TC_24_36 AM/button_Search' (Root cause: com.kms.katalon.core.webui.exception.BrowserNotOpenedException: Browser is not opened
Build info: version: '3.7.1', revision: '8a0099a', time: '2017-11-06T21:07:36.161Z'
System info: host: 'LT0021232', ip: '10.50.88.85', os.name: 'Windows 7', os.arch: 'amd64', os.version: '6.1', java.version: '1.8.0_102'
Driver info: driver.version: unknown)

2018-07-12 17:03:07 - [TEST_STEP][FAILED] - getText: Unable to get text of object 'Object Repository/TC_24_36 AM/Cust_Details' (Root cause: com.kms.katalon.core.webui.exception.BrowserNotOpenedException: Browser is not opened
Build info: version: '3.7.1', revision: '8a0099a', time: '2017-11-06T21:07:36.161Z'
System info: host: 'LT0021232', ip: '10.50.88.85', os.name: 'Windows 7', os.arch: 'amd64', os.version: '6.1', java.version: '1.8.0_102'
Driver info: driver.version: unknown)

2018-07-12 17:03:07 - [MESSAGE][WARNING] - Cannot take screenshot

2018-07-12 17:03:07 - [MESSAGE][FAILED] - Unable to get text of object 'Object Repository/TC_24_36 AM/Cust_Details' (Root cause: com.kms.katalon.core.webui.exception.BrowserNotOpenedException: Browser is not opened
Build info: version: '3.7.1', revision: '8a0099a', time: '2017-11-06T21:07:36.161Z'
System info: host: 'LT0021232', ip: '10.50.88.85', os.name: 'Windows 7', os.arch: 'amd64', os.version: '6.1', java.version: '1.8.0_102'
Driver info: driver.version: unknown)

2018-07-12 17:03:07 - [TEST_STEP][PASSED] - comment: Agent Details Displayed

2018-07-12 17:03:07 - [TEST_STEP][FAILED] - Statement - Agent_Details = com.kms.katalon.core.webui.keyword.WebUiBuiltInKeywords.takeScreenshot(): Cannot take screenshot (Root cause: com.kms.katalon.core.webui.exception.BrowserNotOpenedException: Browser is not opened
Build info: version: '3.7.1', revision: '8a0099a', time: '2017-11-06T21:07:36.161Z'
System info: host: 'LT0021232', ip: '10.50.88.85', os.name: 'Windows 7', os.arch: 'amd64', os.version: '6.1', java.version: '1.8.0_102'
Driver info: driver.version: unknown)

2018-07-12 17:03:07 - [MESSAGE][WARNING] - Cannot take screenshot

2018-07-12 17:03:07 - [MESSAGE][FAILED] - Cannot take screenshot (Root cause: com.kms.katalon.core.webui.exception.BrowserNotOpenedException: Browser is not opened
Build info: version: '3.7.1', revision: '8a0099a', time: '2017-11-06T21:07:36.161Z'
System info: host: 'LT0021232', ip: '10.50.88.85', os.name: 'Windows 7', os.arch: 'amd64', os.version: '6.1', java.version: '1.8.0_102'
Driver info: driver.version: unknown)

2018-07-12 17:03:07 - [TEST_STEP][FAILED] - refresh: Unable to refresh page (Root cause: com.kms.katalon.core.webui.exception.BrowserNotOpenedException: Browser is not opened
Build info: version: '3.7.1', revision: '8a0099a', time: '2017-11-06T21:07:36.161Z'
System info: host: 'LT0021232', ip: '10.50.88.85', os.name: 'Windows 7', os.arch: 'amd64', os.version: '6.1', java.version: '1.8.0_102'
Driver info: driver.version: unknown)

2018-07-12 17:03:07 - [MESSAGE][WARNING] - Cannot take screenshot

2018-07-12 17:03:07 - [MESSAGE][FAILED] - Unable to refresh page (Root cause: com.kms.katalon.core.webui.exception.BrowserNotOpenedException: Browser is not opened
Build info: version: '3.7.1', revision: '8a0099a', time: '2017-11-06T21:07:36.161Z'
System info: host: 'LT0021232', ip: '10.50.88.85', os.name: 'Windows 7', os.arch: 'amd64', os.version: '6.1', java.version: '1.8.0_102'
Driver info: driver.version: unknown)

2018-07-12 17:03:07 - [TEST_STEP][PASSED] - delay: Delayed 12 second(s)

2018-07-12 17:03:19 - [MESSAGE][PASSED] - Delayed 12 second(s)]]></system-out>
         <system-err><![CDATA[2018-07-12 17:02:34 - [TEST_CASE][FAILED] - Test Cases/Alert Manager Test Cases/Alert Manager_Search Screen/TC27_Validate Advance search through Agent Id: Test Cases/Alert Manager Test Cases/Alert Manager_Search Screen/TC27_Validate Advance search through Agent Id FAILED because (of) Unable to clear text of object 'Object Repository/TC_24_36 AM/Date_input' (Root cause: com.kms.katalon.core.webui.exception.BrowserNotOpenedException: Browser is not opened
Build info: version: '3.7.1', revision: '8a0099a', time: '2017-11-06T21:07:36.161Z'
System info: host: 'LT0021232', ip: '10.50.88.85', os.name: 'Windows 7', os.arch: 'amd64', os.version: '6.1', java.version: '1.8.0_102'
Driver info: driver.version: unknown)]]></system-err>
      </testcase>
      <testcase name="Test Cases/Alert Manager Test Cases/Alert Manager_Search Screen/TC28_Validate Advance search through customer phone number" classname="Test Cases/Alert Manager Test Cases/Alert Manager_Search Screen/TC28_Validate Advance search through customer phone number" status="FAILED">
         <failure type="FAILED" message="Unable to clear text of object 'Object Repository/TC_24_36 AM/Date_input' (Root cause: com.kms.katalon.core.webui.exception.BrowserNotOpenedException: Browser is not opened
Build info: version: '3.7.1', revision: '8a0099a', time: '2017-11-06T21:07:36.161Z'
System info: host: 'LT0021232', ip: '10.50.88.85', os.name: 'Windows 7', os.arch: 'amd64', os.version: '6.1', java.version: '1.8.0_102'
Driver info: driver.version: unknown)"/>
         <system-out><![CDATA[2018-07-12 17:03:19 - [TEST_CASE][FAILED] - Test Cases/Alert Manager Test Cases/Alert Manager_Search Screen/TC28_Validate Advance search through customer phone number: Test Cases/Alert Manager Test Cases/Alert Manager_Search Screen/TC28_Validate Advance search through customer phone number FAILED because (of) Unable to clear text of object 'Object Repository/TC_24_36 AM/Date_input' (Root cause: com.kms.katalon.core.webui.exception.BrowserNotOpenedException: Browser is not opened
Build info: version: '3.7.1', revision: '8a0099a', time: '2017-11-06T21:07:36.161Z'
System info: host: 'LT0021232', ip: '10.50.88.85', os.name: 'Windows 7', os.arch: 'amd64', os.version: '6.1', java.version: '1.8.0_102'
Driver info: driver.version: unknown)

2018-07-12 17:03:19 - [TEST_STEP][FAILED] - clearText: Unable to clear text of object 'Object Repository/TC_24_36 AM/Date_input' (Root cause: com.kms.katalon.core.webui.exception.BrowserNotOpenedException: Browser is not opened
Build info: version: '3.7.1', revision: '8a0099a', time: '2017-11-06T21:07:36.161Z'
System info: host: 'LT0021232', ip: '10.50.88.85', os.name: 'Windows 7', os.arch: 'amd64', os.version: '6.1', java.version: '1.8.0_102'
Driver info: driver.version: unknown)

2018-07-12 17:03:19 - [MESSAGE][WARNING] - Cannot take screenshot

2018-07-12 17:03:19 - [MESSAGE][FAILED] - Unable to clear text of object 'Object Repository/TC_24_36 AM/Date_input' (Root cause: com.kms.katalon.core.webui.exception.BrowserNotOpenedException: Browser is not opened
Build info: version: '3.7.1', revision: '8a0099a', time: '2017-11-06T21:07:36.161Z'
System info: host: 'LT0021232', ip: '10.50.88.85', os.name: 'Windows 7', os.arch: 'amd64', os.version: '6.1', java.version: '1.8.0_102'
Driver info: driver.version: unknown)

2018-07-12 17:03:19 - [TEST_STEP][PASSED] - delay: Delayed 2 second(s)

2018-07-12 17:03:21 - [MESSAGE][PASSED] - Delayed 2 second(s)

2018-07-12 17:03:21 - [TEST_STEP][FAILED] - click: Unable to click on object 'Object Repository/TC_24_36 AM/Done_Button' (Root cause: com.kms.katalon.core.webui.exception.BrowserNotOpenedException: Browser is not opened
Build info: version: '3.7.1', revision: '8a0099a', time: '2017-11-06T21:07:36.161Z'
System info: host: 'LT0021232', ip: '10.50.88.85', os.name: 'Windows 7', os.arch: 'amd64', os.version: '6.1', java.version: '1.8.0_102'
Driver info: driver.version: unknown)

2018-07-12 17:03:21 - [MESSAGE][WARNING] - Cannot take screenshot

2018-07-12 17:03:21 - [MESSAGE][FAILED] - Unable to click on object 'Object Repository/TC_24_36 AM/Done_Button' (Root cause: com.kms.katalon.core.webui.exception.BrowserNotOpenedException: Browser is not opened
Build info: version: '3.7.1', revision: '8a0099a', time: '2017-11-06T21:07:36.161Z'
System info: host: 'LT0021232', ip: '10.50.88.85', os.name: 'Windows 7', os.arch: 'amd64', os.version: '6.1', java.version: '1.8.0_102'
Driver info: driver.version: unknown)

2018-07-12 17:03:21 - [TEST_STEP][PASSED] - delay: Delayed 2 second(s)

2018-07-12 17:03:23 - [MESSAGE][PASSED] - Delayed 2 second(s)

2018-07-12 17:03:24 - [TEST_STEP][FAILED] - click: Unable to click on object 'Object Repository/TC_24_36 AM/button_Advanced Search' (Root cause: com.kms.katalon.core.webui.exception.BrowserNotOpenedException: Browser is not opened
Build info: version: '3.7.1', revision: '8a0099a', time: '2017-11-06T21:07:36.161Z'
System info: host: 'LT0021232', ip: '10.50.88.85', os.name: 'Windows 7', os.arch: 'amd64', os.version: '6.1', java.version: '1.8.0_102'
Driver info: driver.version: unknown)

2018-07-12 17:03:24 - [MESSAGE][WARNING] - Cannot take screenshot

2018-07-12 17:03:24 - [MESSAGE][FAILED] - Unable to click on object 'Object Repository/TC_24_36 AM/button_Advanced Search' (Root cause: com.kms.katalon.core.webui.exception.BrowserNotOpenedException: Browser is not opened
Build info: version: '3.7.1', revision: '8a0099a', time: '2017-11-06T21:07:36.161Z'
System info: host: 'LT0021232', ip: '10.50.88.85', os.name: 'Windows 7', os.arch: 'amd64', os.version: '6.1', java.version: '1.8.0_102'
Driver info: driver.version: unknown)

2018-07-12 17:03:24 - [TEST_STEP][FAILED] - click: Unable to click on object 'Object Repository/TC_24_36 AM/ul_Customer Id' (Root cause: com.kms.katalon.core.webui.exception.BrowserNotOpenedException: Browser is not opened
Build info: version: '3.7.1', revision: '8a0099a', time: '2017-11-06T21:07:36.161Z'
System info: host: 'LT0021232', ip: '10.50.88.85', os.name: 'Windows 7', os.arch: 'amd64', os.version: '6.1', java.version: '1.8.0_102'
Driver info: driver.version: unknown)

2018-07-12 17:03:24 - [MESSAGE][WARNING] - Cannot take screenshot

2018-07-12 17:03:24 - [MESSAGE][FAILED] - Unable to click on object 'Object Repository/TC_24_36 AM/ul_Customer Id' (Root cause: com.kms.katalon.core.webui.exception.BrowserNotOpenedException: Browser is not opened
Build info: version: '3.7.1', revision: '8a0099a', time: '2017-11-06T21:07:36.161Z'
System info: host: 'LT0021232', ip: '10.50.88.85', os.name: 'Windows 7', os.arch: 'amd64', os.version: '6.1', java.version: '1.8.0_102'
Driver info: driver.version: unknown)

2018-07-12 17:03:24 - [TEST_STEP][FAILED] - setText: Unable to set text '+919967676767' of object 'Object Repository/TC_24_36 AM/input_s2id_autogen7' (Root cause: com.kms.katalon.core.webui.exception.BrowserNotOpenedException: Browser is not opened
Build info: version: '3.7.1', revision: '8a0099a', time: '2017-11-06T21:07:36.161Z'
System info: host: 'LT0021232', ip: '10.50.88.85', os.name: 'Windows 7', os.arch: 'amd64', os.version: '6.1', java.version: '1.8.0_102'
Driver info: driver.version: unknown)

2018-07-12 17:03:24 - [MESSAGE][WARNING] - Cannot take screenshot

2018-07-12 17:03:24 - [MESSAGE][FAILED] - Unable to set text '+919967676767' of object 'Object Repository/TC_24_36 AM/input_s2id_autogen7' (Root cause: com.kms.katalon.core.webui.exception.BrowserNotOpenedException: Browser is not opened
Build info: version: '3.7.1', revision: '8a0099a', time: '2017-11-06T21:07:36.161Z'
System info: host: 'LT0021232', ip: '10.50.88.85', os.name: 'Windows 7', os.arch: 'amd64', os.version: '6.1', java.version: '1.8.0_102'
Driver info: driver.version: unknown)

2018-07-12 17:03:24 - [TEST_STEP][PASSED] - delay: Delayed 2 second(s)

2018-07-12 17:03:26 - [MESSAGE][PASSED] - Delayed 2 second(s)

2018-07-12 17:03:26 - [TEST_STEP][FAILED] - sendKeys: Unable to send keys '' to object 'Object Repository/TC_24_36 AM/input_s2id_autogen7' (Root cause: com.kms.katalon.core.webui.exception.BrowserNotOpenedException: Browser is not opened
Build info: version: '3.7.1', revision: '8a0099a', time: '2017-11-06T21:07:36.161Z'
System info: host: 'LT0021232', ip: '10.50.88.85', os.name: 'Windows 7', os.arch: 'amd64', os.version: '6.1', java.version: '1.8.0_102'
Driver info: driver.version: unknown)

2018-07-12 17:03:26 - [MESSAGE][WARNING] - Cannot take screenshot

2018-07-12 17:03:26 - [MESSAGE][FAILED] - Unable to send keys '' to object 'Object Repository/TC_24_36 AM/input_s2id_autogen7' (Root cause: com.kms.katalon.core.webui.exception.BrowserNotOpenedException: Browser is not opened
Build info: version: '3.7.1', revision: '8a0099a', time: '2017-11-06T21:07:36.161Z'
System info: host: 'LT0021232', ip: '10.50.88.85', os.name: 'Windows 7', os.arch: 'amd64', os.version: '6.1', java.version: '1.8.0_102'
Driver info: driver.version: unknown)

2018-07-12 17:03:26 - [TEST_STEP][PASSED] - delay: Delayed 2 second(s)

2018-07-12 17:03:28 - [MESSAGE][PASSED] - Delayed 2 second(s)

2018-07-12 17:03:28 - [TEST_STEP][FAILED] - click: Unable to click on object 'Object Repository/TC_24_36 AM/button_Search' (Root cause: com.kms.katalon.core.webui.exception.BrowserNotOpenedException: Browser is not opened
Build info: version: '3.7.1', revision: '8a0099a', time: '2017-11-06T21:07:36.161Z'
System info: host: 'LT0021232', ip: '10.50.88.85', os.name: 'Windows 7', os.arch: 'amd64', os.version: '6.1', java.version: '1.8.0_102'
Driver info: driver.version: unknown)

2018-07-12 17:03:28 - [MESSAGE][WARNING] - Cannot take screenshot

2018-07-12 17:03:28 - [MESSAGE][FAILED] - Unable to click on object 'Object Repository/TC_24_36 AM/button_Search' (Root cause: com.kms.katalon.core.webui.exception.BrowserNotOpenedException: Browser is not opened
Build info: version: '3.7.1', revision: '8a0099a', time: '2017-11-06T21:07:36.161Z'
System info: host: 'LT0021232', ip: '10.50.88.85', os.name: 'Windows 7', os.arch: 'amd64', os.version: '6.1', java.version: '1.8.0_102'
Driver info: driver.version: unknown)

2018-07-12 17:03:28 - [TEST_STEP][FAILED] - getText: Unable to get text of object 'Object Repository/TC_24_36 AM/Cust_Details' (Root cause: com.kms.katalon.core.webui.exception.BrowserNotOpenedException: Browser is not opened
Build info: version: '3.7.1', revision: '8a0099a', time: '2017-11-06T21:07:36.161Z'
System info: host: 'LT0021232', ip: '10.50.88.85', os.name: 'Windows 7', os.arch: 'amd64', os.version: '6.1', java.version: '1.8.0_102'
Driver info: driver.version: unknown)

2018-07-12 17:03:28 - [MESSAGE][WARNING] - Cannot take screenshot

2018-07-12 17:03:28 - [MESSAGE][FAILED] - Unable to get text of object 'Object Repository/TC_24_36 AM/Cust_Details' (Root cause: com.kms.katalon.core.webui.exception.BrowserNotOpenedException: Browser is not opened
Build info: version: '3.7.1', revision: '8a0099a', time: '2017-11-06T21:07:36.161Z'
System info: host: 'LT0021232', ip: '10.50.88.85', os.name: 'Windows 7', os.arch: 'amd64', os.version: '6.1', java.version: '1.8.0_102'
Driver info: driver.version: unknown)

2018-07-12 17:03:28 - [TEST_STEP][PASSED] - comment: Customer Details through phone no is Displayed

2018-07-12 17:03:28 - [TEST_STEP][FAILED] - Statement - Customer_Details_phone = com.kms.katalon.core.webui.keyword.WebUiBuiltInKeywords.takeScreenshot(): Cannot take screenshot (Root cause: com.kms.katalon.core.webui.exception.BrowserNotOpenedException: Browser is not opened
Build info: version: '3.7.1', revision: '8a0099a', time: '2017-11-06T21:07:36.161Z'
System info: host: 'LT0021232', ip: '10.50.88.85', os.name: 'Windows 7', os.arch: 'amd64', os.version: '6.1', java.version: '1.8.0_102'
Driver info: driver.version: unknown)

2018-07-12 17:03:28 - [MESSAGE][WARNING] - Cannot take screenshot

2018-07-12 17:03:28 - [MESSAGE][FAILED] - Cannot take screenshot (Root cause: com.kms.katalon.core.webui.exception.BrowserNotOpenedException: Browser is not opened
Build info: version: '3.7.1', revision: '8a0099a', time: '2017-11-06T21:07:36.161Z'
System info: host: 'LT0021232', ip: '10.50.88.85', os.name: 'Windows 7', os.arch: 'amd64', os.version: '6.1', java.version: '1.8.0_102'
Driver info: driver.version: unknown)

2018-07-12 17:03:28 - [TEST_STEP][FAILED] - verifyElementText: Verify element text of test object 'Object Repository/TC_24_36 AM/Cust_id_Validation' FAILED. (Root cause: com.kms.katalon.core.webui.exception.BrowserNotOpenedException: Browser is not opened
Build info: version: '3.7.1', revision: '8a0099a', time: '2017-11-06T21:07:36.161Z'
System info: host: 'LT0021232', ip: '10.50.88.85', os.name: 'Windows 7', os.arch: 'amd64', os.version: '6.1', java.version: '1.8.0_102'
Driver info: driver.version: unknown)

2018-07-12 17:03:28 - [MESSAGE][WARNING] - Cannot take screenshot

2018-07-12 17:03:28 - [MESSAGE][FAILED] - Verify element text of test object 'Object Repository/TC_24_36 AM/Cust_id_Validation' FAILED. (Root cause: com.kms.katalon.core.webui.exception.BrowserNotOpenedException: Browser is not opened
Build info: version: '3.7.1', revision: '8a0099a', time: '2017-11-06T21:07:36.161Z'
System info: host: 'LT0021232', ip: '10.50.88.85', os.name: 'Windows 7', os.arch: 'amd64', os.version: '6.1', java.version: '1.8.0_102'
Driver info: driver.version: unknown)

2018-07-12 17:03:28 - [TEST_STEP][FAILED] - refresh: Unable to refresh page (Root cause: com.kms.katalon.core.webui.exception.BrowserNotOpenedException: Browser is not opened
Build info: version: '3.7.1', revision: '8a0099a', time: '2017-11-06T21:07:36.161Z'
System info: host: 'LT0021232', ip: '10.50.88.85', os.name: 'Windows 7', os.arch: 'amd64', os.version: '6.1', java.version: '1.8.0_102'
Driver info: driver.version: unknown)

2018-07-12 17:03:28 - [MESSAGE][WARNING] - Cannot take screenshot

2018-07-12 17:03:28 - [MESSAGE][FAILED] - Unable to refresh page (Root cause: com.kms.katalon.core.webui.exception.BrowserNotOpenedException: Browser is not opened
Build info: version: '3.7.1', revision: '8a0099a', time: '2017-11-06T21:07:36.161Z'
System info: host: 'LT0021232', ip: '10.50.88.85', os.name: 'Windows 7', os.arch: 'amd64', os.version: '6.1', java.version: '1.8.0_102'
Driver info: driver.version: unknown)

2018-07-12 17:03:28 - [TEST_STEP][PASSED] - delay: Delayed 12 second(s)

2018-07-12 17:03:40 - [MESSAGE][PASSED] - Delayed 12 second(s)]]></system-out>
         <system-err><![CDATA[2018-07-12 17:03:19 - [TEST_CASE][FAILED] - Test Cases/Alert Manager Test Cases/Alert Manager_Search Screen/TC28_Validate Advance search through customer phone number: Test Cases/Alert Manager Test Cases/Alert Manager_Search Screen/TC28_Validate Advance search through customer phone number FAILED because (of) Unable to clear text of object 'Object Repository/TC_24_36 AM/Date_input' (Root cause: com.kms.katalon.core.webui.exception.BrowserNotOpenedException: Browser is not opened
Build info: version: '3.7.1', revision: '8a0099a', time: '2017-11-06T21:07:36.161Z'
System info: host: 'LT0021232', ip: '10.50.88.85', os.name: 'Windows 7', os.arch: 'amd64', os.version: '6.1', java.version: '1.8.0_102'
Driver info: driver.version: unknown)]]></system-err>
      </testcase>
      <system-out><![CDATA[2018-07-12 17:01:58 - [TEST_SUITE][FAILED] - AM_Test Suite: Test Cases/Alert Manager Test Cases/Alert Manager_View Alert/TC03_Mark Alert Suspicious FAILED because (of) Unable to click on object 'Object Repository/TC_01-03_AM/i_glyphicon glyphicon-fire' (Root cause: com.kms.katalon.core.webui.exception.BrowserNotOpenedException: Browser is not opened
Build info: version: '3.7.1', revision: '8a0099a', time: '2017-11-06T21:07:36.161Z'
System info: host: 'LT0021232', ip: '10.50.88.85', os.name: 'Windows 7', os.arch: 'amd64', os.version: '6.1', java.version: '1.8.0_102'
Driver info: driver.version: unknown)]]></system-out>
      <system-err><![CDATA[2018-07-12 17:01:58 - [TEST_SUITE][FAILED] - AM_Test Suite: Test Cases/Alert Manager Test Cases/Alert Manager_View Alert/TC03_Mark Alert Suspicious FAILED because (of) Unable to click on object 'Object Repository/TC_01-03_AM/i_glyphicon glyphicon-fire' (Root cause: com.kms.katalon.core.webui.exception.BrowserNotOpenedException: Browser is not opened
Build info: version: '3.7.1', revision: '8a0099a', time: '2017-11-06T21:07:36.161Z'
System info: host: 'LT0021232', ip: '10.50.88.85', os.name: 'Windows 7', os.arch: 'amd64', os.version: '6.1', java.version: '1.8.0_102'
Driver info: driver.version: unknown)]]></system-err>
   </testsuite>
</testsuites>
