<?xml version="1.0" encoding="UTF-8"?>
<testsuites name="AM_Test Suite" time="76" tests="2" failures="0" errors="1">
   <testsuite name="AM_Test Suite" tests="2" failures="0" errors="1" time="76" timestamp="2018-07-03 09:57:32" hostname="Ankur.Jain - LT0021232" id="Test Suites/AM_Test Suite">
      <properties>
         <property name="deviceName" value=""/>
         <property name="devicePlatform" value=""/>
         <property name="logFolder" value="C:\\Users\\ankur.jain\\Katalon Studio\\Feedzai_Automation\\Reports\\AM_Test Suite\\20180703_095722"/>
         <property name="logFiles" value="C:\\Users\\ankur.jain\\Katalon Studio\\Feedzai_Automation\\Reports\\AM_Test Suite\\20180703_095722\\execution0.log"/>
         <property name="attachments" value=""/>
         <property name="hostName" value="Ankur.Jain - LT0021232"/>
         <property name="os" value="Windows 7 64bit"/>
         <property name="katalonVersion" value="5.4.2.1"/>
         <property name="browser" value="Chrome 67.0.3396.99"/>
         <property name="hostAddress" value="10.50.88.74"/>
         <property name="sessionId" value="f44d67eca3c087f9b3475a75e1ecb05a"/>
         <property name="seleniumVersion" value="3.7.1"/>
         <property name="proxyInformation" value="ProxyInformation{proxyOption=NO_PROXY, proxyServerType=HTTP, password=, proxyServerAddress=, proxyServerPort=0}"/>
         <property name="platform" value="Windows 7"/>
      </properties>
      <testcase name="Test Cases/Alert Manager Login/Alert Manager_Login" classname="Test Cases/Alert Manager Login/Alert Manager_Login" status="PASSED">
         <system-out><![CDATA[2018-07-03 09:57:33 - [TEST_CASE][PASSED] - Test Cases/Alert Manager Login/Alert Manager_Login: Test Cases/Alert Manager Login/Alert Manager_Login

2018-07-03 09:57:35 - [TEST_STEP][PASSED] - openBrowser: Browser is opened with url: ''

2018-07-03 09:57:46 - [MESSAGE][PASSED] - Browser is opened with url: ''

2018-07-03 09:57:46 - [TEST_STEP][PASSED] - maximizeWindow: Current window maximized

2018-07-03 09:57:47 - [MESSAGE][PASSED] - Current window maximized

2018-07-03 09:57:47 - [TEST_STEP][PASSED] - navigateToUrl: Navigate to 'https://10.130.236.51/#login' successfully

2018-07-03 09:57:49 - [MESSAGE][PASSED] - Navigate to 'https://10.130.236.51/#login' successfully

2018-07-03 09:57:49 - [TEST_STEP][PASSED] - delay: Delayed 20 second(s)

2018-07-03 09:58:09 - [MESSAGE][PASSED] - Delayed 20 second(s)

2018-07-03 09:58:09 - [TEST_STEP][PASSED] - setText: Text 'Ankur.Jain' is set on object 'Object Repository/TC_01_AM/input'

2018-07-03 09:58:10 - [MESSAGE][PASSED] - Text 'Ankur.Jain' is set on object 'Object Repository/TC_01_AM/input'

2018-07-03 09:58:10 - [TEST_STEP][PASSED] - setText: Text 'Word02Pass' is set on object 'Object Repository/TC_01_AM/input_1'

2018-07-03 09:58:10 - [MESSAGE][PASSED] - Text 'Word02Pass' is set on object 'Object Repository/TC_01_AM/input_1']]></system-out>
         <system-err><![CDATA[]]></system-err>
      </testcase>
      <testcase name="Test Cases/Alert Manager_Test Cases/TC01_Mark Alert Not Fraud" classname="Test Cases/Alert Manager_Test Cases/TC01_Mark Alert Not Fraud" status="PASSED">
         <system-out><![CDATA[2018-07-03 09:58:10 - [TEST_CASE][PASSED] - Test Cases/Alert Manager_Test Cases/TC01_Mark Alert Not Fraud: Test Cases/Alert Manager_Test Cases/TC01_Mark Alert Not Fraud

2018-07-03 09:58:11 - [TEST_STEP][PASSED] - click: Object: 'Object Repository/TC_01_AM/button_Sign In' is clicked on

2018-07-03 09:58:11 - [MESSAGE][PASSED] - Object: 'Object Repository/TC_01_AM/button_Sign In' is clicked on

2018-07-03 09:58:11 - [TEST_STEP][PASSED] - click: Object: 'Object Repository/TC_01_AM/a_Merchant' is clicked on

2018-07-03 09:58:13 - [MESSAGE][PASSED] - Object: 'Object Repository/TC_01_AM/a_Merchant' is clicked on

2018-07-03 09:58:13 - [TEST_STEP][PASSED] - click: Object: 'Object Repository/TC_01_AM/a_Alerts' is clicked on

2018-07-03 09:58:13 - [MESSAGE][PASSED] - Object: 'Object Repository/TC_01_AM/a_Alerts' is clicked on

2018-07-03 09:58:13 - [TEST_STEP][PASSED] - click: Object: 'Object Repository/TC_01_AM/i_glyphicon glyphicon-ok' is clicked on

2018-07-03 09:58:24 - [MESSAGE][PASSED] - Object: 'Object Repository/TC_01_AM/i_glyphicon glyphicon-ok' is clicked on

2018-07-03 09:58:24 - [TEST_STEP][PASSED] - setText: Text 'ok' is set on object 'Object Repository/TC_01_AM/textarea_observation'

2018-07-03 09:58:25 - [MESSAGE][PASSED] - Text 'ok' is set on object 'Object Repository/TC_01_AM/textarea_observation'

2018-07-03 09:58:25 - [TEST_STEP][PASSED] - click: Object: 'Object Repository/TC_01_AM/button_Not Fraud' is clicked on

2018-07-03 09:58:25 - [MESSAGE][PASSED] - Object: 'Object Repository/TC_01_AM/button_Not Fraud' is clicked on

2018-07-03 09:58:25 - [TEST_STEP][PASSED] - delay: Delayed 10 second(s)

2018-07-03 09:58:35 - [MESSAGE][PASSED] - Delayed 10 second(s)]]></system-out>
         <system-err><![CDATA[]]></system-err>
      </testcase>
      <testcase name="Test Cases/Alert Manager_Test Cases/TC03_Mark Alert Suspicious" classname="Test Cases/Alert Manager_Test Cases/TC03_Mark Alert Suspicious" status="ERROR">
         <error type="ERROR" message="Test Cases/Alert Manager_Test Cases/TC03_Mark Alert Suspicious FAILED because (of) Variable 'Keys' is not defined for test case."/>
         <system-out><![CDATA[2018-07-03 09:58:35 - [TEST_CASE][ERROR] - Test Cases/Alert Manager_Test Cases/TC03_Mark Alert Suspicious: Test Cases/Alert Manager_Test Cases/TC03_Mark Alert Suspicious FAILED because (of) Variable 'Keys' is not defined for test case.

2018-07-03 09:58:36 - [TEST_STEP][PASSED] - click: Object: 'Object Repository/TC_01_AM/i_glyphicon glyphicon-fire' is clicked on

2018-07-03 09:58:36 - [MESSAGE][PASSED] - Object: 'Object Repository/TC_01_AM/i_glyphicon glyphicon-fire' is clicked on

2018-07-03 09:58:36 - [TEST_STEP][PASSED] - setText: Text 'suspious' is set on object 'Object Repository/TC_01_AM/textarea_observation'

2018-07-03 09:58:37 - [MESSAGE][PASSED] - Text 'suspious' is set on object 'Object Repository/TC_01_AM/textarea_observation'

2018-07-03 09:58:37 - [TEST_STEP][PASSED] - delay: Delayed 3 second(s)

2018-07-03 09:58:40 - [MESSAGE][PASSED] - Delayed 3 second(s)

2018-07-03 09:58:40 - [TEST_STEP][PASSED] - click: Object: 'Object Repository/TC_04/div_select2-drop-mask' is clicked on

2018-07-03 09:58:42 - [MESSAGE][PASSED] - Object: 'Object Repository/TC_04/div_select2-drop-mask' is clicked on

2018-07-03 09:58:42 - [TEST_STEP][PASSED] - setText: Text 'Testing' is set on object 'Object Repository/TC_04/Obj1'

2018-07-03 09:58:43 - [MESSAGE][PASSED] - Text 'Testing' is set on object 'Object Repository/TC_04/Obj1'

2018-07-03 09:58:43 - [TEST_STEP][PASSED] - delay: Delayed 3 second(s)

2018-07-03 09:58:46 - [MESSAGE][PASSED] - Delayed 3 second(s)

2018-07-03 09:58:46 - [TEST_STEP][PASSED] - sendKeys: Finding Test Object with id 'Object Repository/TC_04/Obj1']]></system-out>
         <system-err><![CDATA[2018-07-03 09:58:35 - [TEST_CASE][ERROR] - Test Cases/Alert Manager_Test Cases/TC03_Mark Alert Suspicious: Test Cases/Alert Manager_Test Cases/TC03_Mark Alert Suspicious FAILED because (of) Variable 'Keys' is not defined for test case.]]></system-err>
      </testcase>
      <system-out><![CDATA[2018-07-03 09:57:32 - [TEST_SUITE][ERROR] - AM_Test Suite: Test Cases/Alert Manager_Test Cases/TC03_Mark Alert Suspicious FAILED because (of) Variable 'Keys' is not defined for test case.]]></system-out>
      <system-err><![CDATA[2018-07-03 09:57:32 - [TEST_SUITE][ERROR] - AM_Test Suite: Test Cases/Alert Manager_Test Cases/TC03_Mark Alert Suspicious FAILED because (of) Variable 'Keys' is not defined for test case.]]></system-err>
   </testsuite>
</testsuites>
