<?xml version="1.0" encoding="UTF-8"?>
<testsuites name="AM_Test Suite" time="84" tests="1" failures="1" errors="0">
   <testsuite name="AM_Test Suite" tests="1" failures="1" errors="0" time="84" timestamp="2018-07-03 14:36:59" hostname="Ankur.Jain - LT0021232" id="Test Suites/AM_Test Suite">
      <properties>
         <property name="deviceName" value=""/>
         <property name="devicePlatform" value=""/>
         <property name="logFolder" value="C:\\Users\\ankur.jain\\Katalon Studio\\Feedzai_Automation\\Reports\\AM_Test Suite\\20180703_143648"/>
         <property name="logFiles" value="C:\\Users\\ankur.jain\\Katalon Studio\\Feedzai_Automation\\Reports\\AM_Test Suite\\20180703_143648\\execution0.log"/>
         <property name="attachments" value="C:\\Users\\ankur.jain\\Katalon Studio\\Feedzai_Automation\\Reports\\AM_Test Suite\\20180703_143648\\1530608902002.png"/>
         <property name="hostName" value="Ankur.Jain - LT0021232"/>
         <property name="os" value="Windows 7 64bit"/>
         <property name="katalonVersion" value="5.4.2.1"/>
         <property name="browser" value="Chrome 67.0.3396.99"/>
         <property name="hostAddress" value="10.50.88.74"/>
         <property name="sessionId" value="535c3b606d88bee6dc3c320ec26f56eb"/>
         <property name="seleniumVersion" value="3.7.1"/>
         <property name="proxyInformation" value="ProxyInformation{proxyOption=NO_PROXY, proxyServerType=HTTP, password=, proxyServerAddress=, proxyServerPort=0}"/>
         <property name="platform" value="Windows 7"/>
      </properties>
      <testcase name="Test Cases/Alert Manager Test Cases/Alert Manager_Login" classname="Test Cases/Alert Manager Test Cases/Alert Manager_Login" status="PASSED">
         <system-out><![CDATA[2018-07-03 14:37:00 - [TEST_CASE][PASSED] - Test Cases/Alert Manager Test Cases/Alert Manager_Login: Test Cases/Alert Manager Test Cases/Alert Manager_Login

2018-07-03 14:37:02 - [TEST_STEP][PASSED] - openBrowser: Browser is opened with url: ''

2018-07-03 14:37:17 - [MESSAGE][PASSED] - Browser is opened with url: ''

2018-07-03 14:37:17 - [TEST_STEP][PASSED] - maximizeWindow: Current window maximized

2018-07-03 14:37:18 - [MESSAGE][PASSED] - Current window maximized

2018-07-03 14:37:18 - [TEST_STEP][PASSED] - navigateToUrl: Navigate to 'https://10.130.236.51/#login' successfully

2018-07-03 14:37:22 - [MESSAGE][PASSED] - Navigate to 'https://10.130.236.51/#login' successfully

2018-07-03 14:37:22 - [TEST_STEP][PASSED] - delay: Delayed 20 second(s)

2018-07-03 14:37:43 - [MESSAGE][PASSED] - Delayed 20 second(s)

2018-07-03 14:37:43 - [TEST_STEP][PASSED] - setText: Text 'Ankur.Jain' is set on object 'Object Repository/TC_01-03_AM/input'

2018-07-03 14:37:47 - [MESSAGE][PASSED] - Text 'Ankur.Jain' is set on object 'Object Repository/TC_01-03_AM/input'

2018-07-03 14:37:47 - [TEST_STEP][PASSED] - setText: Text 'Word02Pass' is set on object 'Object Repository/TC_01-03_AM/input_1'

2018-07-03 14:37:47 - [MESSAGE][PASSED] - Text 'Word02Pass' is set on object 'Object Repository/TC_01-03_AM/input_1'

2018-07-03 14:37:47 - [TEST_STEP][PASSED] - click: Object: 'Object Repository/TC_01-03_AM/button_Sign In' is clicked on

2018-07-03 14:37:48 - [MESSAGE][PASSED] - Object: 'Object Repository/TC_01-03_AM/button_Sign In' is clicked on]]></system-out>
         <system-err><![CDATA[]]></system-err>
      </testcase>
      <testcase name="Test Cases/Alert Manager Test Cases/AM_Customer Search Home Screen/TC08_Customer Search through mobile number" classname="Test Cases/Alert Manager Test Cases/AM_Customer Search Home Screen/TC08_Customer Search through mobile number" status="FAILED">
         <failure type="FAILED" message="Unable to click on object 'Object Repository/TC08_AM/a_Customer' (Root cause: com.kms.katalon.core.webui.exception.WebElementNotFoundException: Web element with id: 'Object Repository/TC08_AM/a_Customer' located by 'By.xpath: id(&quot;navbar&quot;)/ul[@class=&quot;nav navbar-nav navbar-right fdz-js-header&quot;]/li[@class=&quot;active&quot;]/a[1][count(. | //a[@href = '#customer' and (text() = 'Customer' or . = 'Customer')]) = count(//a[@href = '#customer' and (text() = 'Customer' or . = 'Customer')])]' not found)"/>
         <system-out><![CDATA[2018-07-03 14:37:48 - [TEST_CASE][FAILED] - Test Cases/Alert Manager Test Cases/AM_Customer Search Home Screen/TC08_Customer Search through mobile number: Test Cases/Alert Manager Test Cases/AM_Customer Search Home Screen/TC08_Customer Search through mobile number FAILED because (of) Unable to click on object 'Object Repository/TC08_AM/a_Customer' (Root cause: com.kms.katalon.core.webui.exception.WebElementNotFoundException: Web element with id: 'Object Repository/TC08_AM/a_Customer' located by 'By.xpath: id("navbar")/ul[@class="nav navbar-nav navbar-right fdz-js-header"]/li[@class="active"]/a[1][count(. | //a[@href = '#customer' and (text() = 'Customer' or . = 'Customer')]) = count(//a[@href = '#customer' and (text() = 'Customer' or . = 'Customer')])]' not found)

2018-07-03 14:37:49 - [TEST_STEP][FAILED] - click: Unable to click on object 'Object Repository/TC08_AM/a_Customer' (Root cause: com.kms.katalon.core.webui.exception.WebElementNotFoundException: Web element with id: 'Object Repository/TC08_AM/a_Customer' located by 'By.xpath: id("navbar")/ul[@class="nav navbar-nav navbar-right fdz-js-header"]/li[@class="active"]/a[1][count(. | //a[@href = '#customer' and (text() = 'Customer' or . = 'Customer')]) = count(//a[@href = '#customer' and (text() = 'Customer' or . = 'Customer')])]' not found)

2018-07-03 14:38:22 - [MESSAGE][FAILED] - Unable to click on object 'Object Repository/TC08_AM/a_Customer' (Root cause: com.kms.katalon.core.webui.exception.WebElementNotFoundException: Web element with id: 'Object Repository/TC08_AM/a_Customer' located by 'By.xpath: id("navbar")/ul[@class="nav navbar-nav navbar-right fdz-js-header"]/li[@class="active"]/a[1][count(. | //a[@href = '#customer' and (text() = 'Customer' or . = 'Customer')]) = count(//a[@href = '#customer' and (text() = 'Customer' or . = 'Customer')])]' not found)
[[ATTACHMENT|C:\\Users\\ankur.jain\\Katalon Studio\\Feedzai_Automation\\Reports\\AM_Test Suite\\20180703_143648\\1530608902002.png]]]]></system-out>
         <system-err><![CDATA[2018-07-03 14:37:48 - [TEST_CASE][FAILED] - Test Cases/Alert Manager Test Cases/AM_Customer Search Home Screen/TC08_Customer Search through mobile number: Test Cases/Alert Manager Test Cases/AM_Customer Search Home Screen/TC08_Customer Search through mobile number FAILED because (of) Unable to click on object 'Object Repository/TC08_AM/a_Customer' (Root cause: com.kms.katalon.core.webui.exception.WebElementNotFoundException: Web element with id: 'Object Repository/TC08_AM/a_Customer' located by 'By.xpath: id("navbar")/ul[@class="nav navbar-nav navbar-right fdz-js-header"]/li[@class="active"]/a[1][count(. | //a[@href = '#customer' and (text() = 'Customer' or . = 'Customer')]) = count(//a[@href = '#customer' and (text() = 'Customer' or . = 'Customer')])]' not found)]]></system-err>
      </testcase>
      <system-out><![CDATA[2018-07-03 14:36:59 - [TEST_SUITE][FAILED] - AM_Test Suite: Test Cases/Alert Manager Test Cases/AM_Customer Search Home Screen/TC08_Customer Search through mobile number FAILED because (of) Unable to click on object 'Object Repository/TC08_AM/a_Customer' (Root cause: com.kms.katalon.core.webui.exception.WebElementNotFoundException: Web element with id: 'Object Repository/TC08_AM/a_Customer' located by 'By.xpath: id("navbar")/ul[@class="nav navbar-nav navbar-right fdz-js-header"]/li[@class="active"]/a[1][count(. | //a[@href = '#customer' and (text() = 'Customer' or . = 'Customer')]) = count(//a[@href = '#customer' and (text() = 'Customer' or . = 'Customer')])]' not found)]]></system-out>
      <system-err><![CDATA[2018-07-03 14:36:59 - [TEST_SUITE][FAILED] - AM_Test Suite: Test Cases/Alert Manager Test Cases/AM_Customer Search Home Screen/TC08_Customer Search through mobile number FAILED because (of) Unable to click on object 'Object Repository/TC08_AM/a_Customer' (Root cause: com.kms.katalon.core.webui.exception.WebElementNotFoundException: Web element with id: 'Object Repository/TC08_AM/a_Customer' located by 'By.xpath: id("navbar")/ul[@class="nav navbar-nav navbar-right fdz-js-header"]/li[@class="active"]/a[1][count(. | //a[@href = '#customer' and (text() = 'Customer' or . = 'Customer')]) = count(//a[@href = '#customer' and (text() = 'Customer' or . = 'Customer')])]' not found)]]></system-err>
   </testsuite>
</testsuites>
