{"devicePlatform":"","logFolder":"C:\\Users\\ankur.jain\\Katalon Studio\\Feedzai_Automation\\Reports\\New Suite\\20180705_153339","runData":{"hostName":"Ankur.Jain - LT0021232","os":"Windows 7 64bit","katalonVersion":"5.4.2.1","browser":"Chrome 67.0.3396.99","hostAddress":"10.50.88.74","sessionId":"feb8808e0f806fe9380e6fbf21089d82","seleniumVersion":"3.7.1","proxyInformation":"ProxyInformation{proxyOption\u003dNO_PROXY, proxyServerType\u003dHTTP, password\u003d, proxyServerAddress\u003d, proxyServerPort\u003d0}","platform":"Windows 7"},"type":"TEST_SUITE","name":"New Suite","id":"Test Suites/New Suite","source":"","message":"Test Cases/Alert Manager Test Cases/Alert Manager_Search Screen/TC26_Validate Advance search through channel FAILED because (of) Unable to click on object \u0027Object Repository/TC_24_AM/button_Search\u0027 (Root cause: org.openqa.selenium.WebDriverException: unknown error: Element \u003cbutton type\u003d\"submit\" class\u003d\"button button-primary\"\u003e...\u003c/button\u003e is not clickable at point (71, 602). Other element would receive the click: \u003cdiv id\u003d\"select2-drop-mask\" class\u003d\"select2-drop-mask\" style\u003d\"\"\u003e\u003c/div\u003e\n  (Session info: chrome\u003d67.0.3396.99)\n  (Driver info: chromedriver\u003d2.35.528161 (5b82f2d2aae0ca24b877009200ced9065a772e73),platform\u003dWindows NT 6.1.7601 SP1 x86_64) (WARNING: The server did not provide any stacktrace information)\nCommand duration or timeout: 0 milliseconds\nBuild info: version: \u00273.7.1\u0027, revision: \u00278a0099a\u0027, time: \u00272017-11-06T21:07:36.161Z\u0027\nSystem info: host: \u0027LT0021232\u0027, ip: \u002710.50.88.74\u0027, os.name: \u0027Windows 7\u0027, os.arch: \u0027amd64\u0027, os.version: \u00276.1\u0027, java.version: \u00271.8.0_102\u0027\nDriver info: com.kms.katalon.selenium.driver.CChromeDriver\nCapabilities {acceptInsecureCerts: false, acceptSslCerts: false, applicationCacheEnabled: false, browserConnectionEnabled: false, browserName: chrome, chrome: {chromedriverVersion: 2.35.528161 (5b82f2d2aae0ca..., userDataDir: C:\\Users\\ANKUR~1.JAI\\AppDat...}, cssSelectorsEnabled: true, databaseEnabled: false, handlesAlerts: true, hasTouchScreen: false, javascriptEnabled: true, locationContextEnabled: true, mobileEmulationEnabled: false, nativeEvents: true, networkConnectionEnabled: false, pageLoadStrategy: normal, platform: XP, platformName: XP, rotatable: false, setWindowRect: true, takesHeapSnapshot: true, takesScreenshot: true, unexpectedAlertBehaviour: , unhandledPromptBehavior: , version: 67.0.3396.99, webStorageEnabled: true}\nSession ID: feb8808e0f806fe9380e6fbf21089d82)","description":"","startTime":1530785027974,"endTime":1530785177175,"childRecords":[{"isOptional":false,"type":"TEST_CASE","name":"Test Cases/Alert Manager Test Cases/Alert Manager_Search Screen/TC24_Validate Advance search through customer id","id":"Test Cases/Alert Manager Test Cases/Alert Manager_Search Screen/TC24_Validate Advance search through customer id","source":"C:\\\\Users\\\\ankur.jain\\\\Katalon Studio\\\\Feedzai_Automation\\\\Test Cases\\\\Alert Manager Test Cases\\\\Alert Manager_Search Screen\\\\TC24_Validate Advance search through customer id.tc","message":"Test Cases/Alert Manager Test Cases/Alert Manager_Search Screen/TC24_Validate Advance search through customer id","description":"","startTime":1530785028977,"endTime":1530785097577,"childRecords":[{"testStatus":{"stackTrace":"","statusValue":"INFO"},"type":"MESSAGE","name":"","message":"Evaluating variables for test case","startTime":1530785029074,"endTime":0,"childRecords":[],"interuppted":false},{"index":1,"isIgnoredIfFailed":false,"type":"TEST_STEP","name":"openBrowser","message":"Browser is opened with url: \u0027\u0027","description":"","startTime":1530785030269,"endTime":1530785039313,"childRecords":[{"testStatus":{"stackTrace":"","statusValue":"PASSED"},"type":"MESSAGE","name":"","message":"Browser is opened with url: \u0027\u0027","startTime":1530785039312,"endTime":0,"childRecords":[],"interuppted":false}],"interuppted":false},{"index":2,"isIgnoredIfFailed":false,"type":"TEST_STEP","name":"navigateToUrl","message":"Navigate to \u0027https://10.130.236.51/#login\u0027 successfully","description":"","startTime":1530785039313,"endTime":1530785045044,"childRecords":[{"testStatus":{"stackTrace":"","statusValue":"PASSED"},"type":"MESSAGE","name":"","message":"Navigate to \u0027https://10.130.236.51/#login\u0027 successfully","startTime":1530785045040,"endTime":0,"childRecords":[],"interuppted":false}],"interuppted":false},{"index":3,"isIgnoredIfFailed":false,"type":"TEST_STEP","name":"maximizeWindow","message":"Current window maximized","description":"","startTime":1530785045046,"endTime":1530785046357,"childRecords":[{"testStatus":{"stackTrace":"","statusValue":"PASSED"},"type":"MESSAGE","name":"","message":"Current window maximized","startTime":1530785046354,"endTime":0,"childRecords":[],"interuppted":false}],"interuppted":false},{"index":4,"isIgnoredIfFailed":false,"type":"TEST_STEP","name":"setText","message":"Text \u0027Ankur.Jain\u0027 is set on object \u0027Object Repository/TC_24_AM/input\u0027","description":"","startTime":1530785046359,"endTime":1530785069158,"childRecords":[{"testStatus":{"stackTrace":"","statusValue":"PASSED"},"type":"MESSAGE","name":"","message":"Text \u0027Ankur.Jain\u0027 is set on object \u0027Object Repository/TC_24_AM/input\u0027","startTime":1530785069155,"endTime":0,"childRecords":[],"interuppted":false}],"interuppted":false},{"index":5,"isIgnoredIfFailed":false,"type":"TEST_STEP","name":"setText","message":"Text \u0027Word02Pass\u0027 is set on object \u0027Object Repository/TC_24_AM/input_1\u0027","description":"","startTime":1530785069168,"endTime":1530785069609,"childRecords":[{"testStatus":{"stackTrace":"","statusValue":"PASSED"},"type":"MESSAGE","name":"","message":"Text \u0027Word02Pass\u0027 is set on object \u0027Object Repository/TC_24_AM/input_1\u0027","startTime":1530785069607,"endTime":0,"childRecords":[],"interuppted":false}],"interuppted":false},{"index":6,"isIgnoredIfFailed":false,"type":"TEST_STEP","name":"sendKeys","message":"Keys \u0027ENTER + \u0027 sent to object: \u0027Object Repository/TC_24_AM/input_1\u0027","description":"","startTime":1530785069611,"endTime":1530785069807,"childRecords":[{"testStatus":{"stackTrace":"","statusValue":"PASSED"},"type":"MESSAGE","name":"","message":"Keys \u0027ENTER + \u0027 sent to object: \u0027Object Repository/TC_24_AM/input_1\u0027","startTime":1530785069805,"endTime":0,"childRecords":[],"interuppted":false}],"interuppted":false},{"index":7,"isIgnoredIfFailed":false,"type":"TEST_STEP","name":"click","message":"Object: \u0027Object Repository/TC_24_AM/span_Search\u0027 is clicked on","description":"","startTime":1530785069809,"endTime":1530785070884,"childRecords":[{"testStatus":{"stackTrace":"","statusValue":"PASSED"},"type":"MESSAGE","name":"","message":"Object: \u0027Object Repository/TC_24_AM/span_Search\u0027 is clicked on","startTime":1530785070882,"endTime":0,"childRecords":[],"interuppted":false}],"interuppted":false},{"index":8,"isIgnoredIfFailed":false,"type":"TEST_STEP","name":"clearText","message":"Text of object \u0027Object Repository/TC_24_AM/Date_input\u0027 is cleared","description":"","startTime":1530785070886,"endTime":1530785071314,"childRecords":[{"testStatus":{"stackTrace":"","statusValue":"PASSED"},"type":"MESSAGE","name":"","message":"Text of object \u0027Object Repository/TC_24_AM/Date_input\u0027 is cleared","startTime":1530785071311,"endTime":0,"childRecords":[],"interuppted":false}],"interuppted":false},{"index":9,"isIgnoredIfFailed":false,"type":"TEST_STEP","name":"click","message":"Object: \u0027Object Repository/TC_24_AM/Done_Button\u0027 is clicked on","description":"","startTime":1530785071316,"endTime":1530785071699,"childRecords":[{"testStatus":{"stackTrace":"","statusValue":"PASSED"},"type":"MESSAGE","name":"","message":"Object: \u0027Object Repository/TC_24_AM/Done_Button\u0027 is clicked on","startTime":1530785071695,"endTime":0,"childRecords":[],"interuppted":false}],"interuppted":false},{"index":10,"isIgnoredIfFailed":false,"type":"TEST_STEP","name":"delay","message":"Delayed 2 second(s)","description":"","startTime":1530785071701,"endTime":1530785073797,"childRecords":[{"testStatus":{"stackTrace":"","statusValue":"PASSED"},"type":"MESSAGE","name":"","message":"Delayed 2 second(s)","startTime":1530785073795,"endTime":0,"childRecords":[],"interuppted":false}],"interuppted":false},{"index":11,"isIgnoredIfFailed":false,"type":"TEST_STEP","name":"click","message":"Object: \u0027Object Repository/TC_24_AM/button_Advanced Search\u0027 is clicked on","description":"","startTime":1530785073829,"endTime":1530785074145,"childRecords":[{"testStatus":{"stackTrace":"","statusValue":"PASSED"},"type":"MESSAGE","name":"","message":"Object: \u0027Object Repository/TC_24_AM/button_Advanced Search\u0027 is clicked on","startTime":1530785074143,"endTime":0,"childRecords":[],"interuppted":false}],"interuppted":false},{"index":12,"isIgnoredIfFailed":false,"type":"TEST_STEP","name":"click","message":"Object: \u0027Object Repository/TC_24_AM/ul_Customer Id\u0027 is clicked on","description":"","startTime":1530785074148,"endTime":1530785074501,"childRecords":[{"testStatus":{"stackTrace":"","statusValue":"PASSED"},"type":"MESSAGE","name":"","message":"Object: \u0027Object Repository/TC_24_AM/ul_Customer Id\u0027 is clicked on","startTime":1530785074497,"endTime":0,"childRecords":[],"interuppted":false}],"interuppted":false},{"index":13,"isIgnoredIfFailed":false,"type":"TEST_STEP","name":"setText","message":"Text \u00271100243850\u0027 is set on object \u0027Object Repository/TC_24_AM/input_s2id_autogen7\u0027","description":"","startTime":1530785074503,"endTime":1530785077419,"childRecords":[{"testStatus":{"stackTrace":"","statusValue":"PASSED"},"type":"MESSAGE","name":"","message":"Text \u00271100243850\u0027 is set on object \u0027Object Repository/TC_24_AM/input_s2id_autogen7\u0027","startTime":1530785077416,"endTime":0,"childRecords":[],"interuppted":false}],"interuppted":false},{"index":14,"isIgnoredIfFailed":false,"type":"TEST_STEP","name":"delay","message":"Delayed 2 second(s)","description":"","startTime":1530785077424,"endTime":1530785079433,"childRecords":[{"testStatus":{"stackTrace":"","statusValue":"PASSED"},"type":"MESSAGE","name":"","message":"Delayed 2 second(s)","startTime":1530785079431,"endTime":0,"childRecords":[],"interuppted":false}],"interuppted":false},{"index":15,"isIgnoredIfFailed":false,"type":"TEST_STEP","name":"sendKeys","message":"Keys \u0027ENTER + \u0027 sent to object: \u0027Object Repository/TC_24_AM/input_s2id_autogen7\u0027","description":"","startTime":1530785079449,"endTime":1530785079696,"childRecords":[{"testStatus":{"stackTrace":"","statusValue":"PASSED"},"type":"MESSAGE","name":"","message":"Keys \u0027ENTER + \u0027 sent to object: \u0027Object Repository/TC_24_AM/input_s2id_autogen7\u0027","startTime":1530785079690,"endTime":0,"childRecords":[],"interuppted":false}],"interuppted":false},{"index":16,"isIgnoredIfFailed":false,"type":"TEST_STEP","name":"delay","message":"Delayed 2 second(s)","description":"","startTime":1530785079697,"endTime":1530785081716,"childRecords":[{"testStatus":{"stackTrace":"","statusValue":"PASSED"},"type":"MESSAGE","name":"","message":"Delayed 2 second(s)","startTime":1530785081713,"endTime":0,"childRecords":[],"interuppted":false}],"interuppted":false},{"index":17,"isIgnoredIfFailed":false,"type":"TEST_STEP","name":"click","message":"Object: \u0027Object Repository/TC_24_AM/button_Search\u0027 is clicked on","description":"","startTime":1530785081733,"endTime":1530785082101,"childRecords":[{"testStatus":{"stackTrace":"","statusValue":"PASSED"},"type":"MESSAGE","name":"","message":"Object: \u0027Object Repository/TC_24_AM/button_Search\u0027 is clicked on","startTime":1530785082098,"endTime":0,"childRecords":[],"interuppted":false}],"interuppted":false},{"index":18,"isIgnoredIfFailed":false,"type":"TEST_STEP","name":"getText","message":"Text of object \u0027Object Repository/TC_24_AM/Cust_Details\u0027 is: \u002715-05-2018 15:18:53 2812 3206 0077 6096 1,000.00 1100243850 1100243850 N/A no LMW 28 00 0 Unassigned Not Fraud\n15-05-2018 15:21:59 2812 3206 0077 6096 5.00 1100243850 N/A 5999 no WPP 0 00 0 Unassigned Not Fraud\n15-05-2018 15:23:34 2812 3206 0077 6096 6.00 1100243850 N/A 5999 no WPP 0 00 0 Unassigned Not Fraud\n15-05-2018 15:24:40 2812 3206 0077 6096 4.00 1100243850 N/A 5999 no WPP 0 00 0 Unassigned Not Fraud\n15-05-2018 15:25:57 2812 3200 0000 0000 1.00 1100243850 N/A 5999 no WPP 0 05 1 Customer Pending\n15-05-2018 15:33:13 2812 3206 0077 6096 6.00 1100243850 1100243850 5999 no WRO 20 00 0 Unassigned Not Fraud\n15-05-2018 15:35:00 2812 3206 0077 6096 6.00 1100243850 N/A 5999 no WPP 0 00 0 Unassigned Not Fraud\n15-05-2018 15:36:21 2812 3200 0000 0000 1.00 1100243850 N/A 5999 no WPP 0 05 1 Customer Pending\n15-06-2018 12:35:16 NA 2.00 1100243850 N/A 5999 no WPP 0 05 0 Unassigned Not Fraud\n15-06-2018 12:38:04 1000 00XX XXXX 3645 2.00 1100243850 N/A 5999 no WPP 0 00 1 Unassigned Pending\u0027","description":"","startTime":1530785082102,"endTime":1530785084299,"childRecords":[{"testStatus":{"stackTrace":"","statusValue":"PASSED"},"type":"MESSAGE","name":"","message":"Text of object \u0027Object Repository/TC_24_AM/Cust_Details\u0027 is: \u002715-05-2018 15:18:53 2812 3206 0077 6096 1,000.00 1100243850 1100243850 N/A no LMW 28 00 0 Unassigned Not Fraud\n15-05-2018 15:21:59 2812 3206 0077 6096 5.00 1100243850 N/A 5999 no WPP 0 00 0 Unassigned Not Fraud\n15-05-2018 15:23:34 2812 3206 0077 6096 6.00 1100243850 N/A 5999 no WPP 0 00 0 Unassigned Not Fraud\n15-05-2018 15:24:40 2812 3206 0077 6096 4.00 1100243850 N/A 5999 no WPP 0 00 0 Unassigned Not Fraud\n15-05-2018 15:25:57 2812 3200 0000 0000 1.00 1100243850 N/A 5999 no WPP 0 05 1 Customer Pending\n15-05-2018 15:33:13 2812 3206 0077 6096 6.00 1100243850 1100243850 5999 no WRO 20 00 0 Unassigned Not Fraud\n15-05-2018 15:35:00 2812 3206 0077 6096 6.00 1100243850 N/A 5999 no WPP 0 00 0 Unassigned Not Fraud\n15-05-2018 15:36:21 2812 3200 0000 0000 1.00 1100243850 N/A 5999 no WPP 0 05 1 Customer Pending\n15-06-2018 12:35:16 NA 2.00 1100243850 N/A 5999 no WPP 0 05 0 Unassigned Not Fraud\n15-06-2018 12:38:04 1000 00XX XXXX 3645 2.00 1100243850 N/A 5999 no WPP 0 00 1 Unassigned Pending\u0027","startTime":1530785084290,"endTime":0,"childRecords":[],"interuppted":false}],"interuppted":false},{"index":19,"isIgnoredIfFailed":false,"type":"TEST_STEP","name":"comment","message":"Customer Details Displayed","description":"","startTime":1530785084331,"endTime":1530785084332,"childRecords":[],"interuppted":false},{"attachment":"C:\\\\Users\\\\ankur.jain\\\\Katalon Studio\\\\Feedzai_Automation\\\\Reports\\\\New Suite\\\\20180705_153339\\\\1530785084380.png","index":20,"isIgnoredIfFailed":false,"type":"TEST_STEP","name":"Statement - Customer_Details \u003d com.kms.katalon.core.webui.keyword.WebUiBuiltInKeywords.takeScreenshot()","message":"Taking screenshot successfully","description":"","startTime":1530785084332,"endTime":1530785084920,"childRecords":[{"testStatus":{"stackTrace":"","statusValue":"PASSED"},"attachment":"C:\\\\Users\\\\ankur.jain\\\\Katalon Studio\\\\Feedzai_Automation\\\\Reports\\\\New Suite\\\\20180705_153339\\\\1530785084380.png","type":"MESSAGE","name":"","message":"Taking screenshot successfully","startTime":1530785084916,"endTime":0,"childRecords":[],"interuppted":false}],"interuppted":false},{"index":21,"isIgnoredIfFailed":false,"type":"TEST_STEP","name":"verifyElementText","message":"Actual text and expected text of test object \u0027Object Repository/TC_24_AM/Cust_id_Validation\u0027 are matched.","description":"","startTime":1530785084938,"endTime":1530785085126,"childRecords":[{"testStatus":{"stackTrace":"","statusValue":"PASSED"},"type":"MESSAGE","name":"","message":"Actual text and expected text of test object \u0027Object Repository/TC_24_AM/Cust_id_Validation\u0027 are matched.","startTime":1530785085122,"endTime":0,"childRecords":[],"interuppted":false}],"interuppted":false},{"index":22,"isIgnoredIfFailed":false,"type":"TEST_STEP","name":"refresh","message":"Refresh successfully","description":"","startTime":1530785085157,"endTime":1530785085560,"childRecords":[{"testStatus":{"stackTrace":"","statusValue":"PASSED"},"type":"MESSAGE","name":"","message":"Refresh successfully","startTime":1530785085556,"endTime":0,"childRecords":[],"interuppted":false}],"interuppted":false},{"index":23,"isIgnoredIfFailed":false,"type":"TEST_STEP","name":"delay","message":"Delayed 12 second(s)","description":"","startTime":1530785085563,"endTime":1530785097571,"childRecords":[{"testStatus":{"stackTrace":"","statusValue":"PASSED"},"type":"MESSAGE","name":"","message":"Delayed 12 second(s)","startTime":1530785097569,"endTime":0,"childRecords":[],"interuppted":false}],"interuppted":false},{"testStatus":{"stackTrace":"","statusValue":"PASSED"},"type":"MESSAGE","name":"","message":"Test Cases/Alert Manager Test Cases/Alert Manager_Search Screen/TC24_Validate Advance search through customer id","startTime":1530785097574,"endTime":0,"childRecords":[],"interuppted":false}],"interuppted":false},{"isOptional":false,"type":"TEST_CASE","name":"Test Cases/Alert Manager Test Cases/Alert Manager_Search Screen/TC25_Validate Advance search through Merchant id","id":"Test Cases/Alert Manager Test Cases/Alert Manager_Search Screen/TC25_Validate Advance search through Merchant id","source":"C:\\\\Users\\\\ankur.jain\\\\Katalon Studio\\\\Feedzai_Automation\\\\Test Cases\\\\Alert Manager Test Cases\\\\Alert Manager_Search Screen\\\\TC25_Validate Advance search through Merchant id.tc","message":"Test Cases/Alert Manager Test Cases/Alert Manager_Search Screen/TC25_Validate Advance search through Merchant id","description":"","startTime":1530785097600,"endTime":1530785131405,"childRecords":[{"testStatus":{"stackTrace":"","statusValue":"INFO"},"type":"MESSAGE","name":"","message":"Evaluating variables for test case","startTime":1530785097661,"endTime":0,"childRecords":[],"interuppted":false},{"index":1,"isIgnoredIfFailed":false,"type":"TEST_STEP","name":"clearText","message":"Text of object \u0027Object Repository/TC_24_AM/Date_input\u0027 is cleared","description":"","startTime":1530785098599,"endTime":1530785101963,"childRecords":[{"testStatus":{"stackTrace":"","statusValue":"PASSED"},"type":"MESSAGE","name":"","message":"Text of object \u0027Object Repository/TC_24_AM/Date_input\u0027 is cleared","startTime":1530785101960,"endTime":0,"childRecords":[],"interuppted":false}],"interuppted":false},{"index":2,"isIgnoredIfFailed":false,"type":"TEST_STEP","name":"click","message":"Object: \u0027Object Repository/TC_24_AM/Done_Button\u0027 is clicked on","description":"","startTime":1530785101966,"endTime":1530785102368,"childRecords":[{"testStatus":{"stackTrace":"","statusValue":"PASSED"},"type":"MESSAGE","name":"","message":"Object: \u0027Object Repository/TC_24_AM/Done_Button\u0027 is clicked on","startTime":1530785102366,"endTime":0,"childRecords":[],"interuppted":false}],"interuppted":false},{"index":3,"isIgnoredIfFailed":false,"type":"TEST_STEP","name":"delay","message":"Delayed 5 second(s)","description":"","startTime":1530785102370,"endTime":1530785107395,"childRecords":[{"testStatus":{"stackTrace":"","statusValue":"PASSED"},"type":"MESSAGE","name":"","message":"Delayed 5 second(s)","startTime":1530785107375,"endTime":0,"childRecords":[],"interuppted":false}],"interuppted":false},{"index":4,"isIgnoredIfFailed":false,"type":"TEST_STEP","name":"click","message":"Object: \u0027Object Repository/TC_24_AM/button_Advanced Search\u0027 is clicked on","description":"","startTime":1530785107410,"endTime":1530785108399,"childRecords":[{"testStatus":{"stackTrace":"","statusValue":"PASSED"},"type":"MESSAGE","name":"","message":"Object: \u0027Object Repository/TC_24_AM/button_Advanced Search\u0027 is clicked on","startTime":1530785108395,"endTime":0,"childRecords":[],"interuppted":false}],"interuppted":false},{"index":5,"isIgnoredIfFailed":false,"type":"TEST_STEP","name":"delay","message":"Delayed 2 second(s)","description":"","startTime":1530785108403,"endTime":1530785110422,"childRecords":[{"testStatus":{"stackTrace":"","statusValue":"PASSED"},"type":"MESSAGE","name":"","message":"Delayed 2 second(s)","startTime":1530785110416,"endTime":0,"childRecords":[],"interuppted":false}],"interuppted":false},{"index":6,"isIgnoredIfFailed":false,"type":"TEST_STEP","name":"click","message":"Object: \u0027Object Repository/TC_24_AM/Merchant_Input\u0027 is clicked on","description":"","startTime":1530785110425,"endTime":1530785110921,"childRecords":[{"testStatus":{"stackTrace":"","statusValue":"PASSED"},"type":"MESSAGE","name":"","message":"Object: \u0027Object Repository/TC_24_AM/Merchant_Input\u0027 is clicked on","startTime":1530785110917,"endTime":0,"childRecords":[],"interuppted":false}],"interuppted":false},{"index":7,"isIgnoredIfFailed":false,"type":"TEST_STEP","name":"setText","message":"Text \u0027100001000021019\u0027 is set on object \u0027Object Repository/TC_24_AM/Input_MerId\u0027","description":"","startTime":1530785110924,"endTime":1530785112245,"childRecords":[{"testStatus":{"stackTrace":"","statusValue":"PASSED"},"type":"MESSAGE","name":"","message":"Text \u0027100001000021019\u0027 is set on object \u0027Object Repository/TC_24_AM/Input_MerId\u0027","startTime":1530785112242,"endTime":0,"childRecords":[],"interuppted":false}],"interuppted":false},{"index":8,"isIgnoredIfFailed":false,"type":"TEST_STEP","name":"delay","message":"Delayed 5 second(s)","description":"","startTime":1530785112248,"endTime":1530785117259,"childRecords":[{"testStatus":{"stackTrace":"","statusValue":"PASSED"},"type":"MESSAGE","name":"","message":"Delayed 5 second(s)","startTime":1530785117256,"endTime":0,"childRecords":[],"interuppted":false}],"interuppted":false},{"index":9,"isIgnoredIfFailed":false,"type":"TEST_STEP","name":"sendKeys","message":"Keys \u0027ENTER + \u0027 sent to object: \u0027Object Repository/TC_24_AM/Input_MerId\u0027","description":"","startTime":1530785117291,"endTime":1530785117518,"childRecords":[{"testStatus":{"stackTrace":"","statusValue":"PASSED"},"type":"MESSAGE","name":"","message":"Keys \u0027ENTER + \u0027 sent to object: \u0027Object Repository/TC_24_AM/Input_MerId\u0027","startTime":1530785117515,"endTime":0,"childRecords":[],"interuppted":false}],"interuppted":false},{"index":10,"isIgnoredIfFailed":false,"type":"TEST_STEP","name":"delay","message":"Delayed 5 second(s)","description":"","startTime":1530785117520,"endTime":1530785122530,"childRecords":[{"testStatus":{"stackTrace":"","statusValue":"PASSED"},"type":"MESSAGE","name":"","message":"Delayed 5 second(s)","startTime":1530785122525,"endTime":0,"childRecords":[],"interuppted":false}],"interuppted":false},{"index":11,"isIgnoredIfFailed":false,"type":"TEST_STEP","name":"click","message":"Object: \u0027Object Repository/TC_24_AM/button_Search\u0027 is clicked on","description":"","startTime":1530785122548,"endTime":1530785122899,"childRecords":[{"testStatus":{"stackTrace":"","statusValue":"PASSED"},"type":"MESSAGE","name":"","message":"Object: \u0027Object Repository/TC_24_AM/button_Search\u0027 is clicked on","startTime":1530785122898,"endTime":0,"childRecords":[],"interuppted":false}],"interuppted":false},{"index":12,"isIgnoredIfFailed":false,"type":"TEST_STEP","name":"getText","message":"Text of object \u0027Object Repository/TC_24_AM/Cust_Details\u0027 is: \u002724-11-2016 15:07:18 2812 3201 2357 3731 10.00 1100022020 100001000021019 5532 no P2M 18 00 0 Unassigned Not Fraud\n24-11-2016 16:14:59 2812 3201 6604 8336 10.00 1100022022 100001000021019 5532 no P2M 18 05 1 Unassigned Fraud\n30-03-2017 15:47:38 2812 3201 4461 4845 1.00 1100005196 100001000021019 5532 no P2M 18 00 0 Unassigned Not Fraud\n12-05-2017 12:59:15 2812 3201 4461 4845 10.00 1100005196 100001000021019 5532 no P2M 18 05 2 Customer Pending\n12-05-2017 12:59:57 2812 3201 4461 4845 10.00 1100005196 100001000021019 5532 no P2M 18 05 2 Merchant Pending\n23-05-2017 15:34:18 2812 3201 4461 4845 2.00 1100005196 100001000021019 5532 no P2M 18 00 0 Unassigned Not Fraud\n06-06-2017 15:17:50 2812 3206 0032 9557 18.00 1100059679 100001000021019 5532 no P2M 18 05 1 Merchant Pending\n13-06-2017 10:42:19 2812 3201 4461 4845 10.00 1100005196 100001000021019 5532 no P2M 18 05 1 Unassigned Not Fraud\u0027","description":"","startTime":1530785122901,"endTime":1530785124380,"childRecords":[{"testStatus":{"stackTrace":"","statusValue":"PASSED"},"type":"MESSAGE","name":"","message":"Text of object \u0027Object Repository/TC_24_AM/Cust_Details\u0027 is: \u002724-11-2016 15:07:18 2812 3201 2357 3731 10.00 1100022020 100001000021019 5532 no P2M 18 00 0 Unassigned Not Fraud\n24-11-2016 16:14:59 2812 3201 6604 8336 10.00 1100022022 100001000021019 5532 no P2M 18 05 1 Unassigned Fraud\n30-03-2017 15:47:38 2812 3201 4461 4845 1.00 1100005196 100001000021019 5532 no P2M 18 00 0 Unassigned Not Fraud\n12-05-2017 12:59:15 2812 3201 4461 4845 10.00 1100005196 100001000021019 5532 no P2M 18 05 2 Customer Pending\n12-05-2017 12:59:57 2812 3201 4461 4845 10.00 1100005196 100001000021019 5532 no P2M 18 05 2 Merchant Pending\n23-05-2017 15:34:18 2812 3201 4461 4845 2.00 1100005196 100001000021019 5532 no P2M 18 00 0 Unassigned Not Fraud\n06-06-2017 15:17:50 2812 3206 0032 9557 18.00 1100059679 100001000021019 5532 no P2M 18 05 1 Merchant Pending\n13-06-2017 10:42:19 2812 3201 4461 4845 10.00 1100005196 100001000021019 5532 no P2M 18 05 1 Unassigned Not Fraud\u0027","startTime":1530785124375,"endTime":0,"childRecords":[],"interuppted":false}],"interuppted":false},{"index":13,"isIgnoredIfFailed":false,"type":"TEST_STEP","name":"comment","message":"Merchant id Details Displayed","description":"","startTime":1530785124384,"endTime":1530785124393,"childRecords":[],"interuppted":false},{"index":14,"isIgnoredIfFailed":false,"type":"TEST_STEP","name":"verifyElementText","message":"Actual text and expected text of test object \u0027Object Repository/TC_24_AM/Mer_id_Valid\u0027 are matched.","description":"","startTime":1530785124396,"endTime":1530785124542,"childRecords":[{"testStatus":{"stackTrace":"","statusValue":"PASSED"},"type":"MESSAGE","name":"","message":"Actual text and expected text of test object \u0027Object Repository/TC_24_AM/Mer_id_Valid\u0027 are matched.","startTime":1530785124540,"endTime":0,"childRecords":[],"interuppted":false}],"interuppted":false},{"attachment":"C:\\\\Users\\\\ankur.jain\\\\Katalon Studio\\\\Feedzai_Automation\\\\Reports\\\\New Suite\\\\20180705_153339\\\\1530785124546.png","index":15,"isIgnoredIfFailed":false,"type":"TEST_STEP","name":"Statement - Merchant_Details \u003d com.kms.katalon.core.webui.keyword.WebUiBuiltInKeywords.takeScreenshot()","message":"Taking screenshot successfully","description":"","startTime":1530785124543,"endTime":1530785125090,"childRecords":[{"testStatus":{"stackTrace":"","statusValue":"PASSED"},"attachment":"C:\\\\Users\\\\ankur.jain\\\\Katalon Studio\\\\Feedzai_Automation\\\\Reports\\\\New Suite\\\\20180705_153339\\\\1530785124546.png","type":"MESSAGE","name":"","message":"Taking screenshot successfully","startTime":1530785125087,"endTime":0,"childRecords":[],"interuppted":false}],"interuppted":false},{"index":16,"isIgnoredIfFailed":false,"type":"TEST_STEP","name":"refresh","message":"Refresh successfully","description":"","startTime":1530785125091,"endTime":1530785125389,"childRecords":[{"testStatus":{"stackTrace":"","statusValue":"PASSED"},"type":"MESSAGE","name":"","message":"Refresh successfully","startTime":1530785125386,"endTime":0,"childRecords":[],"interuppted":false}],"interuppted":false},{"index":17,"isIgnoredIfFailed":false,"type":"TEST_STEP","name":"delay","message":"Delayed 6 second(s)","description":"","startTime":1530785125392,"endTime":1530785131401,"childRecords":[{"testStatus":{"stackTrace":"","statusValue":"PASSED"},"type":"MESSAGE","name":"","message":"Delayed 6 second(s)","startTime":1530785131400,"endTime":0,"childRecords":[],"interuppted":false}],"interuppted":false},{"testStatus":{"stackTrace":"","statusValue":"PASSED"},"type":"MESSAGE","name":"","message":"Test Cases/Alert Manager Test Cases/Alert Manager_Search Screen/TC25_Validate Advance search through Merchant id","startTime":1530785131403,"endTime":0,"childRecords":[],"interuppted":false}],"interuppted":false},{"isOptional":false,"type":"TEST_CASE","name":"Test Cases/Alert Manager Test Cases/Alert Manager_Search Screen/TC26_Validate Advance search through channel","id":"Test Cases/Alert Manager Test Cases/Alert Manager_Search Screen/TC26_Validate Advance search through channel","source":"C:\\\\Users\\\\ankur.jain\\\\Katalon Studio\\\\Feedzai_Automation\\\\Test Cases\\\\Alert Manager Test Cases\\\\Alert Manager_Search Screen\\\\TC26_Validate Advance search through channel.tc","message":"Test Cases/Alert Manager Test Cases/Alert Manager_Search Screen/TC26_Validate Advance search through channel FAILED because (of) Unable to click on object \u0027Object Repository/TC_24_AM/button_Search\u0027 (Root cause: org.openqa.selenium.WebDriverException: unknown error: Element \u003cbutton type\u003d\"submit\" class\u003d\"button button-primary\"\u003e...\u003c/button\u003e is not clickable at point (71, 602). Other element would receive the click: \u003cdiv id\u003d\"select2-drop-mask\" class\u003d\"select2-drop-mask\" style\u003d\"\"\u003e\u003c/div\u003e\n  (Session info: chrome\u003d67.0.3396.99)\n  (Driver info: chromedriver\u003d2.35.528161 (5b82f2d2aae0ca24b877009200ced9065a772e73),platform\u003dWindows NT 6.1.7601 SP1 x86_64) (WARNING: The server did not provide any stacktrace information)\nCommand duration or timeout: 0 milliseconds\nBuild info: version: \u00273.7.1\u0027, revision: \u00278a0099a\u0027, time: \u00272017-11-06T21:07:36.161Z\u0027\nSystem info: host: \u0027LT0021232\u0027, ip: \u002710.50.88.74\u0027, os.name: \u0027Windows 7\u0027, os.arch: \u0027amd64\u0027, os.version: \u00276.1\u0027, java.version: \u00271.8.0_102\u0027\nDriver info: com.kms.katalon.selenium.driver.CChromeDriver\nCapabilities {acceptInsecureCerts: false, acceptSslCerts: false, applicationCacheEnabled: false, browserConnectionEnabled: false, browserName: chrome, chrome: {chromedriverVersion: 2.35.528161 (5b82f2d2aae0ca..., userDataDir: C:\\Users\\ANKUR~1.JAI\\AppDat...}, cssSelectorsEnabled: true, databaseEnabled: false, handlesAlerts: true, hasTouchScreen: false, javascriptEnabled: true, locationContextEnabled: true, mobileEmulationEnabled: false, nativeEvents: true, networkConnectionEnabled: false, pageLoadStrategy: normal, platform: XP, platformName: XP, rotatable: false, setWindowRect: true, takesHeapSnapshot: true, takesScreenshot: true, unexpectedAlertBehaviour: , unhandledPromptBehavior: , version: 67.0.3396.99, webStorageEnabled: true}\nSession ID: feb8808e0f806fe9380e6fbf21089d82)","description":"","startTime":1530785131421,"endTime":1530785167863,"childRecords":[{"testStatus":{"stackTrace":"","statusValue":"INFO"},"type":"MESSAGE","name":"","message":"Evaluating variables for test case","startTime":1530785131485,"endTime":0,"childRecords":[],"interuppted":false},{"index":1,"isIgnoredIfFailed":false,"type":"TEST_STEP","name":"clearText","message":"Text of object \u0027Object Repository/TC_24_AM/Date_input\u0027 is cleared","description":"","startTime":1530785132267,"endTime":1530785141955,"childRecords":[{"testStatus":{"stackTrace":"","statusValue":"PASSED"},"type":"MESSAGE","name":"","message":"Text of object \u0027Object Repository/TC_24_AM/Date_input\u0027 is cleared","startTime":1530785141952,"endTime":0,"childRecords":[],"interuppted":false}],"interuppted":false},{"index":2,"isIgnoredIfFailed":false,"type":"TEST_STEP","name":"delay","message":"Delayed 2 second(s)","description":"","startTime":1530785141957,"endTime":1530785143991,"childRecords":[{"testStatus":{"stackTrace":"","statusValue":"PASSED"},"type":"MESSAGE","name":"","message":"Delayed 2 second(s)","startTime":1530785143986,"endTime":0,"childRecords":[],"interuppted":false}],"interuppted":false},{"index":3,"isIgnoredIfFailed":false,"type":"TEST_STEP","name":"click","message":"Object: \u0027Object Repository/TC_24_AM/Done_Button\u0027 is clicked on","description":"","startTime":1530785144010,"endTime":1530785144273,"childRecords":[{"testStatus":{"stackTrace":"","statusValue":"PASSED"},"type":"MESSAGE","name":"","message":"Object: \u0027Object Repository/TC_24_AM/Done_Button\u0027 is clicked on","startTime":1530785144271,"endTime":0,"childRecords":[],"interuppted":false}],"interuppted":false},{"index":4,"isIgnoredIfFailed":false,"type":"TEST_STEP","name":"delay","message":"Delayed 5 second(s)","description":"","startTime":1530785144274,"endTime":1530785149282,"childRecords":[{"testStatus":{"stackTrace":"","statusValue":"PASSED"},"type":"MESSAGE","name":"","message":"Delayed 5 second(s)","startTime":1530785149280,"endTime":0,"childRecords":[],"interuppted":false}],"interuppted":false},{"index":5,"isIgnoredIfFailed":false,"type":"TEST_STEP","name":"click","message":"Object: \u0027Object Repository/TC_24_AM/button_Advanced Search\u0027 is clicked on","description":"","startTime":1530785149298,"endTime":1530785149598,"childRecords":[{"testStatus":{"stackTrace":"","statusValue":"PASSED"},"type":"MESSAGE","name":"","message":"Object: \u0027Object Repository/TC_24_AM/button_Advanced Search\u0027 is clicked on","startTime":1530785149592,"endTime":0,"childRecords":[],"interuppted":false}],"interuppted":false},{"index":6,"isIgnoredIfFailed":false,"type":"TEST_STEP","name":"delay","message":"Delayed 2 second(s)","description":"","startTime":1530785149599,"endTime":1530785151608,"childRecords":[{"testStatus":{"stackTrace":"","statusValue":"PASSED"},"type":"MESSAGE","name":"","message":"Delayed 2 second(s)","startTime":1530785151606,"endTime":0,"childRecords":[],"interuppted":false}],"interuppted":false},{"index":7,"isIgnoredIfFailed":false,"type":"TEST_STEP","name":"click","message":"Object: \u0027Object Repository/TC_24_AM/Chaneel_Click\u0027 is clicked on","description":"","startTime":1530785151623,"endTime":1530785151935,"childRecords":[{"testStatus":{"stackTrace":"","statusValue":"PASSED"},"type":"MESSAGE","name":"","message":"Object: \u0027Object Repository/TC_24_AM/Chaneel_Click\u0027 is clicked on","startTime":1530785151929,"endTime":0,"childRecords":[],"interuppted":false}],"interuppted":false},{"index":8,"isIgnoredIfFailed":false,"type":"TEST_STEP","name":"setText","message":"Text \u0027P2M\u0027 is set on object \u0027Object Repository/TC_24_AM/Channel_Input\u0027","description":"","startTime":1530785151936,"endTime":1530785152665,"childRecords":[{"testStatus":{"stackTrace":"","statusValue":"PASSED"},"type":"MESSAGE","name":"","message":"Text \u0027P2M\u0027 is set on object \u0027Object Repository/TC_24_AM/Channel_Input\u0027","startTime":1530785152659,"endTime":0,"childRecords":[],"interuppted":false}],"interuppted":false},{"index":9,"isIgnoredIfFailed":false,"type":"TEST_STEP","name":"delay","message":"Delayed 5 second(s)","description":"","startTime":1530785152668,"endTime":1530785157703,"childRecords":[{"testStatus":{"stackTrace":"","statusValue":"PASSED"},"type":"MESSAGE","name":"","message":"Delayed 5 second(s)","startTime":1530785157699,"endTime":0,"childRecords":[],"interuppted":false}],"interuppted":false},{"index":10,"isIgnoredIfFailed":false,"type":"TEST_STEP","name":"sendKeys","message":"Keys \u0027ENTER + \u0027 sent to object: \u0027Object Repository/TC_24_AM/Input_MerId\u0027","description":"","startTime":1530785157734,"endTime":1530785158007,"childRecords":[{"testStatus":{"stackTrace":"","statusValue":"PASSED"},"type":"MESSAGE","name":"","message":"Keys \u0027ENTER + \u0027 sent to object: \u0027Object Repository/TC_24_AM/Input_MerId\u0027","startTime":1530785158003,"endTime":0,"childRecords":[],"interuppted":false}],"interuppted":false},{"index":11,"isIgnoredIfFailed":false,"type":"TEST_STEP","name":"delay","message":"Delayed 9 second(s)","description":"","startTime":1530785158010,"endTime":1530785167028,"childRecords":[{"testStatus":{"stackTrace":"","statusValue":"PASSED"},"type":"MESSAGE","name":"","message":"Delayed 9 second(s)","startTime":1530785167023,"endTime":0,"childRecords":[],"interuppted":false}],"interuppted":false},{"attachment":"1530785167318.png","index":12,"isIgnoredIfFailed":false,"type":"TEST_STEP","name":"click","message":"Unable to click on object \u0027Object Repository/TC_24_AM/button_Search\u0027 (Root cause: org.openqa.selenium.WebDriverException: unknown error: Element \u003cbutton type\u003d\"submit\" class\u003d\"button button-primary\"\u003e...\u003c/button\u003e is not clickable at point (71, 602). Other element would receive the click: \u003cdiv id\u003d\"select2-drop-mask\" class\u003d\"select2-drop-mask\" style\u003d\"\"\u003e\u003c/div\u003e\n  (Session info: chrome\u003d67.0.3396.99)\n  (Driver info: chromedriver\u003d2.35.528161 (5b82f2d2aae0ca24b877009200ced9065a772e73),platform\u003dWindows NT 6.1.7601 SP1 x86_64) (WARNING: The server did not provide any stacktrace information)\nCommand duration or timeout: 0 milliseconds\nBuild info: version: \u00273.7.1\u0027, revision: \u00278a0099a\u0027, time: \u00272017-11-06T21:07:36.161Z\u0027\nSystem info: host: \u0027LT0021232\u0027, ip: \u002710.50.88.74\u0027, os.name: \u0027Windows 7\u0027, os.arch: \u0027amd64\u0027, os.version: \u00276.1\u0027, java.version: \u00271.8.0_102\u0027\nDriver info: com.kms.katalon.selenium.driver.CChromeDriver\nCapabilities {acceptInsecureCerts: false, acceptSslCerts: false, applicationCacheEnabled: false, browserConnectionEnabled: false, browserName: chrome, chrome: {chromedriverVersion: 2.35.528161 (5b82f2d2aae0ca..., userDataDir: C:\\Users\\ANKUR~1.JAI\\AppDat...}, cssSelectorsEnabled: true, databaseEnabled: false, handlesAlerts: true, hasTouchScreen: false, javascriptEnabled: true, locationContextEnabled: true, mobileEmulationEnabled: false, nativeEvents: true, networkConnectionEnabled: false, pageLoadStrategy: normal, platform: XP, platformName: XP, rotatable: false, setWindowRect: true, takesHeapSnapshot: true, takesScreenshot: true, unexpectedAlertBehaviour: , unhandledPromptBehavior: , version: 67.0.3396.99, webStorageEnabled: true}\nSession ID: feb8808e0f806fe9380e6fbf21089d82)","description":"","startTime":1530785167059,"endTime":1530785167830,"childRecords":[{"testStatus":{"stackTrace":"","statusValue":"FAILED"},"attachment":"1530785167318.png","type":"MESSAGE","name":"","message":"Unable to click on object \u0027Object Repository/TC_24_AM/button_Search\u0027 (Root cause: org.openqa.selenium.WebDriverException: unknown error: Element \u003cbutton type\u003d\"submit\" class\u003d\"button button-primary\"\u003e...\u003c/button\u003e is not clickable at point (71, 602). Other element would receive the click: \u003cdiv id\u003d\"select2-drop-mask\" class\u003d\"select2-drop-mask\" style\u003d\"\"\u003e\u003c/div\u003e\n  (Session info: chrome\u003d67.0.3396.99)\n  (Driver info: chromedriver\u003d2.35.528161 (5b82f2d2aae0ca24b877009200ced9065a772e73),platform\u003dWindows NT 6.1.7601 SP1 x86_64) (WARNING: The server did not provide any stacktrace information)\nCommand duration or timeout: 0 milliseconds\nBuild info: version: \u00273.7.1\u0027, revision: \u00278a0099a\u0027, time: \u00272017-11-06T21:07:36.161Z\u0027\nSystem info: host: \u0027LT0021232\u0027, ip: \u002710.50.88.74\u0027, os.name: \u0027Windows 7\u0027, os.arch: \u0027amd64\u0027, os.version: \u00276.1\u0027, java.version: \u00271.8.0_102\u0027\nDriver info: com.kms.katalon.selenium.driver.CChromeDriver\nCapabilities {acceptInsecureCerts: false, acceptSslCerts: false, applicationCacheEnabled: false, browserConnectionEnabled: false, browserName: chrome, chrome: {chromedriverVersion: 2.35.528161 (5b82f2d2aae0ca..., userDataDir: C:\\Users\\ANKUR~1.JAI\\AppDat...}, cssSelectorsEnabled: true, databaseEnabled: false, handlesAlerts: true, hasTouchScreen: false, javascriptEnabled: true, locationContextEnabled: true, mobileEmulationEnabled: false, nativeEvents: true, networkConnectionEnabled: false, pageLoadStrategy: normal, platform: XP, platformName: XP, rotatable: false, setWindowRect: true, takesHeapSnapshot: true, takesScreenshot: true, unexpectedAlertBehaviour: , unhandledPromptBehavior: , version: 67.0.3396.99, webStorageEnabled: true}\nSession ID: feb8808e0f806fe9380e6fbf21089d82)","startTime":1530785167828,"endTime":0,"childRecords":[],"interuppted":false}],"interuppted":false},{"testStatus":{"stackTrace":"","statusValue":"FAILED"},"type":"MESSAGE","name":"","message":"Test Cases/Alert Manager Test Cases/Alert Manager_Search Screen/TC26_Validate Advance search through channel FAILED because (of) Unable to click on object \u0027Object Repository/TC_24_AM/button_Search\u0027 (Root cause: org.openqa.selenium.WebDriverException: unknown error: Element \u003cbutton type\u003d\"submit\" class\u003d\"button button-primary\"\u003e...\u003c/button\u003e is not clickable at point (71, 602). Other element would receive the click: \u003cdiv id\u003d\"select2-drop-mask\" class\u003d\"select2-drop-mask\" style\u003d\"\"\u003e\u003c/div\u003e\n  (Session info: chrome\u003d67.0.3396.99)\n  (Driver info: chromedriver\u003d2.35.528161 (5b82f2d2aae0ca24b877009200ced9065a772e73),platform\u003dWindows NT 6.1.7601 SP1 x86_64) (WARNING: The server did not provide any stacktrace information)\nCommand duration or timeout: 0 milliseconds\nBuild info: version: \u00273.7.1\u0027, revision: \u00278a0099a\u0027, time: \u00272017-11-06T21:07:36.161Z\u0027\nSystem info: host: \u0027LT0021232\u0027, ip: \u002710.50.88.74\u0027, os.name: \u0027Windows 7\u0027, os.arch: \u0027amd64\u0027, os.version: \u00276.1\u0027, java.version: \u00271.8.0_102\u0027\nDriver info: com.kms.katalon.selenium.driver.CChromeDriver\nCapabilities {acceptInsecureCerts: false, acceptSslCerts: false, applicationCacheEnabled: false, browserConnectionEnabled: false, browserName: chrome, chrome: {chromedriverVersion: 2.35.528161 (5b82f2d2aae0ca..., userDataDir: C:\\Users\\ANKUR~1.JAI\\AppDat...}, cssSelectorsEnabled: true, databaseEnabled: false, handlesAlerts: true, hasTouchScreen: false, javascriptEnabled: true, locationContextEnabled: true, mobileEmulationEnabled: false, nativeEvents: true, networkConnectionEnabled: false, pageLoadStrategy: normal, platform: XP, platformName: XP, rotatable: false, setWindowRect: true, takesHeapSnapshot: true, takesScreenshot: true, unexpectedAlertBehaviour: , unhandledPromptBehavior: , version: 67.0.3396.99, webStorageEnabled: true}\nSession ID: feb8808e0f806fe9380e6fbf21089d82)","startTime":1530785167847,"endTime":0,"childRecords":[],"interuppted":false}],"interuppted":false},{"isOptional":false,"type":"TEST_CASE","name":"Test Cases/Alert Manager Test Cases/Alert Manager_Search Screen/TC27_Validate Advance search through Agent Id","id":"Test Cases/Alert Manager Test Cases/Alert Manager_Search Screen/TC27_Validate Advance search through Agent Id","source":"C:\\\\Users\\\\ankur.jain\\\\Katalon Studio\\\\Feedzai_Automation\\\\Test Cases\\\\Alert Manager Test Cases\\\\Alert Manager_Search Screen\\\\TC27_Validate Advance search through Agent Id.tc","message":"Test Cases/Alert Manager Test Cases/Alert Manager_Search Screen/TC27_Validate Advance search through Agent Id FAILED because (of) Unable to click on object \u0027Object Repository/TC_24_AM/Done_Button\u0027 (Root cause: org.openqa.selenium.WebDriverException: unknown error: Element \u003cbutton type\u003d\"button\" class\u003d\"ui-datepicker-close ui-state-default ui-priority-primary ui-corner-all\" data-handler\u003d\"hide\" data-event\u003d\"click\"\u003e...\u003c/button\u003e is not clickable at point (254, 471). Other element would receive the click: \u003cdiv id\u003d\"select2-drop-mask\" class\u003d\"select2-drop-mask\" style\u003d\"\"\u003e\u003c/div\u003e\n  (Session info: chrome\u003d67.0.3396.99)\n  (Driver info: chromedriver\u003d2.35.528161 (5b82f2d2aae0ca24b877009200ced9065a772e73),platform\u003dWindows NT 6.1.7601 SP1 x86_64) (WARNING: The server did not provide any stacktrace information)\nCommand duration or timeout: 0 milliseconds\nBuild info: version: \u00273.7.1\u0027, revision: \u00278a0099a\u0027, time: \u00272017-11-06T21:07:36.161Z\u0027\nSystem info: host: \u0027LT0021232\u0027, ip: \u002710.50.88.74\u0027, os.name: \u0027Windows 7\u0027, os.arch: \u0027amd64\u0027, os.version: \u00276.1\u0027, java.version: \u00271.8.0_102\u0027\nDriver info: com.kms.katalon.selenium.driver.CChromeDriver\nCapabilities {acceptInsecureCerts: false, acceptSslCerts: false, applicationCacheEnabled: false, browserConnectionEnabled: false, browserName: chrome, chrome: {chromedriverVersion: 2.35.528161 (5b82f2d2aae0ca..., userDataDir: C:\\Users\\ANKUR~1.JAI\\AppDat...}, cssSelectorsEnabled: true, databaseEnabled: false, handlesAlerts: true, hasTouchScreen: false, javascriptEnabled: true, locationContextEnabled: true, mobileEmulationEnabled: false, nativeEvents: true, networkConnectionEnabled: false, pageLoadStrategy: normal, platform: XP, platformName: XP, rotatable: false, setWindowRect: true, takesHeapSnapshot: true, takesScreenshot: true, unexpectedAlertBehaviour: , unhandledPromptBehavior: , version: 67.0.3396.99, webStorageEnabled: true}\nSession ID: feb8808e0f806fe9380e6fbf21089d82)","description":"","startTime":1530785167864,"endTime":1530785169725,"childRecords":[{"testStatus":{"stackTrace":"","statusValue":"INFO"},"type":"MESSAGE","name":"","message":"Evaluating variables for test case","startTime":1530785167910,"endTime":0,"childRecords":[],"interuppted":false},{"index":1,"isIgnoredIfFailed":false,"type":"TEST_STEP","name":"clearText","message":"Text of object \u0027Object Repository/TC_24_AM/Date_input\u0027 is cleared","description":"","startTime":1530785168589,"endTime":1530785168913,"childRecords":[{"testStatus":{"stackTrace":"","statusValue":"PASSED"},"type":"MESSAGE","name":"","message":"Text of object \u0027Object Repository/TC_24_AM/Date_input\u0027 is cleared","startTime":1530785168910,"endTime":0,"childRecords":[],"interuppted":false}],"interuppted":false},{"attachment":"1530785169289.png","index":2,"isIgnoredIfFailed":false,"type":"TEST_STEP","name":"click","message":"Unable to click on object \u0027Object Repository/TC_24_AM/Done_Button\u0027 (Root cause: org.openqa.selenium.WebDriverException: unknown error: Element \u003cbutton type\u003d\"button\" class\u003d\"ui-datepicker-close ui-state-default ui-priority-primary ui-corner-all\" data-handler\u003d\"hide\" data-event\u003d\"click\"\u003e...\u003c/button\u003e is not clickable at point (254, 471). Other element would receive the click: \u003cdiv id\u003d\"select2-drop-mask\" class\u003d\"select2-drop-mask\" style\u003d\"\"\u003e\u003c/div\u003e\n  (Session info: chrome\u003d67.0.3396.99)\n  (Driver info: chromedriver\u003d2.35.528161 (5b82f2d2aae0ca24b877009200ced9065a772e73),platform\u003dWindows NT 6.1.7601 SP1 x86_64) (WARNING: The server did not provide any stacktrace information)\nCommand duration or timeout: 0 milliseconds\nBuild info: version: \u00273.7.1\u0027, revision: \u00278a0099a\u0027, time: \u00272017-11-06T21:07:36.161Z\u0027\nSystem info: host: \u0027LT0021232\u0027, ip: \u002710.50.88.74\u0027, os.name: \u0027Windows 7\u0027, os.arch: \u0027amd64\u0027, os.version: \u00276.1\u0027, java.version: \u00271.8.0_102\u0027\nDriver info: com.kms.katalon.selenium.driver.CChromeDriver\nCapabilities {acceptInsecureCerts: false, acceptSslCerts: false, applicationCacheEnabled: false, browserConnectionEnabled: false, browserName: chrome, chrome: {chromedriverVersion: 2.35.528161 (5b82f2d2aae0ca..., userDataDir: C:\\Users\\ANKUR~1.JAI\\AppDat...}, cssSelectorsEnabled: true, databaseEnabled: false, handlesAlerts: true, hasTouchScreen: false, javascriptEnabled: true, locationContextEnabled: true, mobileEmulationEnabled: false, nativeEvents: true, networkConnectionEnabled: false, pageLoadStrategy: normal, platform: XP, platformName: XP, rotatable: false, setWindowRect: true, takesHeapSnapshot: true, takesScreenshot: true, unexpectedAlertBehaviour: , unhandledPromptBehavior: , version: 67.0.3396.99, webStorageEnabled: true}\nSession ID: feb8808e0f806fe9380e6fbf21089d82)","description":"","startTime":1530785168918,"endTime":1530785169724,"childRecords":[{"testStatus":{"stackTrace":"","statusValue":"FAILED"},"attachment":"1530785169289.png","type":"MESSAGE","name":"","message":"Unable to click on object \u0027Object Repository/TC_24_AM/Done_Button\u0027 (Root cause: org.openqa.selenium.WebDriverException: unknown error: Element \u003cbutton type\u003d\"button\" class\u003d\"ui-datepicker-close ui-state-default ui-priority-primary ui-corner-all\" data-handler\u003d\"hide\" data-event\u003d\"click\"\u003e...\u003c/button\u003e is not clickable at point (254, 471). Other element would receive the click: \u003cdiv id\u003d\"select2-drop-mask\" class\u003d\"select2-drop-mask\" style\u003d\"\"\u003e\u003c/div\u003e\n  (Session info: chrome\u003d67.0.3396.99)\n  (Driver info: chromedriver\u003d2.35.528161 (5b82f2d2aae0ca24b877009200ced9065a772e73),platform\u003dWindows NT 6.1.7601 SP1 x86_64) (WARNING: The server did not provide any stacktrace information)\nCommand duration or timeout: 0 milliseconds\nBuild info: version: \u00273.7.1\u0027, revision: \u00278a0099a\u0027, time: \u00272017-11-06T21:07:36.161Z\u0027\nSystem info: host: \u0027LT0021232\u0027, ip: \u002710.50.88.74\u0027, os.name: \u0027Windows 7\u0027, os.arch: \u0027amd64\u0027, os.version: \u00276.1\u0027, java.version: \u00271.8.0_102\u0027\nDriver info: com.kms.katalon.selenium.driver.CChromeDriver\nCapabilities {acceptInsecureCerts: false, acceptSslCerts: false, applicationCacheEnabled: false, browserConnectionEnabled: false, browserName: chrome, chrome: {chromedriverVersion: 2.35.528161 (5b82f2d2aae0ca..., userDataDir: C:\\Users\\ANKUR~1.JAI\\AppDat...}, cssSelectorsEnabled: true, databaseEnabled: false, handlesAlerts: true, hasTouchScreen: false, javascriptEnabled: true, locationContextEnabled: true, mobileEmulationEnabled: false, nativeEvents: true, networkConnectionEnabled: false, pageLoadStrategy: normal, platform: XP, platformName: XP, rotatable: false, setWindowRect: true, takesHeapSnapshot: true, takesScreenshot: true, unexpectedAlertBehaviour: , unhandledPromptBehavior: , version: 67.0.3396.99, webStorageEnabled: true}\nSession ID: feb8808e0f806fe9380e6fbf21089d82)","startTime":1530785169724,"endTime":0,"childRecords":[],"interuppted":false}],"interuppted":false},{"testStatus":{"stackTrace":"","statusValue":"FAILED"},"type":"MESSAGE","name":"","message":"Test Cases/Alert Manager Test Cases/Alert Manager_Search Screen/TC27_Validate Advance search through Agent Id FAILED because (of) Unable to click on object \u0027Object Repository/TC_24_AM/Done_Button\u0027 (Root cause: org.openqa.selenium.WebDriverException: unknown error: Element \u003cbutton type\u003d\"button\" class\u003d\"ui-datepicker-close ui-state-default ui-priority-primary ui-corner-all\" data-handler\u003d\"hide\" data-event\u003d\"click\"\u003e...\u003c/button\u003e is not clickable at point (254, 471). Other element would receive the click: \u003cdiv id\u003d\"select2-drop-mask\" class\u003d\"select2-drop-mask\" style\u003d\"\"\u003e\u003c/div\u003e\n  (Session info: chrome\u003d67.0.3396.99)\n  (Driver info: chromedriver\u003d2.35.528161 (5b82f2d2aae0ca24b877009200ced9065a772e73),platform\u003dWindows NT 6.1.7601 SP1 x86_64) (WARNING: The server did not provide any stacktrace information)\nCommand duration or timeout: 0 milliseconds\nBuild info: version: \u00273.7.1\u0027, revision: \u00278a0099a\u0027, time: \u00272017-11-06T21:07:36.161Z\u0027\nSystem info: host: \u0027LT0021232\u0027, ip: \u002710.50.88.74\u0027, os.name: \u0027Windows 7\u0027, os.arch: \u0027amd64\u0027, os.version: \u00276.1\u0027, java.version: \u00271.8.0_102\u0027\nDriver info: com.kms.katalon.selenium.driver.CChromeDriver\nCapabilities {acceptInsecureCerts: false, acceptSslCerts: false, applicationCacheEnabled: false, browserConnectionEnabled: false, browserName: chrome, chrome: {chromedriverVersion: 2.35.528161 (5b82f2d2aae0ca..., userDataDir: C:\\Users\\ANKUR~1.JAI\\AppDat...}, cssSelectorsEnabled: true, databaseEnabled: false, handlesAlerts: true, hasTouchScreen: false, javascriptEnabled: true, locationContextEnabled: true, mobileEmulationEnabled: false, nativeEvents: true, networkConnectionEnabled: false, pageLoadStrategy: normal, platform: XP, platformName: XP, rotatable: false, setWindowRect: true, takesHeapSnapshot: true, takesScreenshot: true, unexpectedAlertBehaviour: , unhandledPromptBehavior: , version: 67.0.3396.99, webStorageEnabled: true}\nSession ID: feb8808e0f806fe9380e6fbf21089d82)","startTime":1530785169724,"endTime":0,"childRecords":[],"interuppted":false}],"interuppted":false},{"isOptional":false,"type":"TEST_CASE","name":"Test Cases/Alert Manager Test Cases/Alert Manager_Search Screen/TC28_Validate Advance search through customer phone number","id":"Test Cases/Alert Manager Test Cases/Alert Manager_Search Screen/TC28_Validate Advance search through customer phone number","source":"C:\\\\Users\\\\ankur.jain\\\\Katalon Studio\\\\Feedzai_Automation\\\\Test Cases\\\\Alert Manager Test Cases\\\\Alert Manager_Search Screen\\\\TC28_Validate Advance search through customer phone number.tc","message":"Test Cases/Alert Manager Test Cases/Alert Manager_Search Screen/TC28_Validate Advance search through customer phone number FAILED because (of) Unable to click on object \u0027Object Repository/TC_24_AM/Done_Button\u0027 (Root cause: org.openqa.selenium.WebDriverException: unknown error: Element \u003cbutton type\u003d\"button\" class\u003d\"ui-datepicker-close ui-state-default ui-priority-primary ui-corner-all\" data-handler\u003d\"hide\" data-event\u003d\"click\"\u003e...\u003c/button\u003e is not clickable at point (254, 471). Other element would receive the click: \u003cdiv id\u003d\"select2-drop-mask\" class\u003d\"select2-drop-mask\" style\u003d\"\"\u003e\u003c/div\u003e\n  (Session info: chrome\u003d67.0.3396.99)\n  (Driver info: chromedriver\u003d2.35.528161 (5b82f2d2aae0ca24b877009200ced9065a772e73),platform\u003dWindows NT 6.1.7601 SP1 x86_64) (WARNING: The server did not provide any stacktrace information)\nCommand duration or timeout: 0 milliseconds\nBuild info: version: \u00273.7.1\u0027, revision: \u00278a0099a\u0027, time: \u00272017-11-06T21:07:36.161Z\u0027\nSystem info: host: \u0027LT0021232\u0027, ip: \u002710.50.88.74\u0027, os.name: \u0027Windows 7\u0027, os.arch: \u0027amd64\u0027, os.version: \u00276.1\u0027, java.version: \u00271.8.0_102\u0027\nDriver info: com.kms.katalon.selenium.driver.CChromeDriver\nCapabilities {acceptInsecureCerts: false, acceptSslCerts: false, applicationCacheEnabled: false, browserConnectionEnabled: false, browserName: chrome, chrome: {chromedriverVersion: 2.35.528161 (5b82f2d2aae0ca..., userDataDir: C:\\Users\\ANKUR~1.JAI\\AppDat...}, cssSelectorsEnabled: true, databaseEnabled: false, handlesAlerts: true, hasTouchScreen: false, javascriptEnabled: true, locationContextEnabled: true, mobileEmulationEnabled: false, nativeEvents: true, networkConnectionEnabled: false, pageLoadStrategy: normal, platform: XP, platformName: XP, rotatable: false, setWindowRect: true, takesHeapSnapshot: true, takesScreenshot: true, unexpectedAlertBehaviour: , unhandledPromptBehavior: , version: 67.0.3396.99, webStorageEnabled: true}\nSession ID: feb8808e0f806fe9380e6fbf21089d82)","description":"","startTime":1530785169761,"endTime":1530785171417,"childRecords":[{"testStatus":{"stackTrace":"","statusValue":"INFO"},"type":"MESSAGE","name":"","message":"Evaluating variables for test case","startTime":1530785169823,"endTime":0,"childRecords":[],"interuppted":false},{"index":1,"isIgnoredIfFailed":false,"type":"TEST_STEP","name":"clearText","message":"Text of object \u0027Object Repository/TC_24_AM/Date_input\u0027 is cleared","description":"","startTime":1530785170623,"endTime":1530785170763,"childRecords":[{"testStatus":{"stackTrace":"","statusValue":"PASSED"},"type":"MESSAGE","name":"","message":"Text of object \u0027Object Repository/TC_24_AM/Date_input\u0027 is cleared","startTime":1530785170763,"endTime":0,"childRecords":[],"interuppted":false}],"interuppted":false},{"attachment":"1530785170951.png","index":2,"isIgnoredIfFailed":false,"type":"TEST_STEP","name":"click","message":"Unable to click on object \u0027Object Repository/TC_24_AM/Done_Button\u0027 (Root cause: org.openqa.selenium.WebDriverException: unknown error: Element \u003cbutton type\u003d\"button\" class\u003d\"ui-datepicker-close ui-state-default ui-priority-primary ui-corner-all\" data-handler\u003d\"hide\" data-event\u003d\"click\"\u003e...\u003c/button\u003e is not clickable at point (254, 471). Other element would receive the click: \u003cdiv id\u003d\"select2-drop-mask\" class\u003d\"select2-drop-mask\" style\u003d\"\"\u003e\u003c/div\u003e\n  (Session info: chrome\u003d67.0.3396.99)\n  (Driver info: chromedriver\u003d2.35.528161 (5b82f2d2aae0ca24b877009200ced9065a772e73),platform\u003dWindows NT 6.1.7601 SP1 x86_64) (WARNING: The server did not provide any stacktrace information)\nCommand duration or timeout: 0 milliseconds\nBuild info: version: \u00273.7.1\u0027, revision: \u00278a0099a\u0027, time: \u00272017-11-06T21:07:36.161Z\u0027\nSystem info: host: \u0027LT0021232\u0027, ip: \u002710.50.88.74\u0027, os.name: \u0027Windows 7\u0027, os.arch: \u0027amd64\u0027, os.version: \u00276.1\u0027, java.version: \u00271.8.0_102\u0027\nDriver info: com.kms.katalon.selenium.driver.CChromeDriver\nCapabilities {acceptInsecureCerts: false, acceptSslCerts: false, applicationCacheEnabled: false, browserConnectionEnabled: false, browserName: chrome, chrome: {chromedriverVersion: 2.35.528161 (5b82f2d2aae0ca..., userDataDir: C:\\Users\\ANKUR~1.JAI\\AppDat...}, cssSelectorsEnabled: true, databaseEnabled: false, handlesAlerts: true, hasTouchScreen: false, javascriptEnabled: true, locationContextEnabled: true, mobileEmulationEnabled: false, nativeEvents: true, networkConnectionEnabled: false, pageLoadStrategy: normal, platform: XP, platformName: XP, rotatable: false, setWindowRect: true, takesHeapSnapshot: true, takesScreenshot: true, unexpectedAlertBehaviour: , unhandledPromptBehavior: , version: 67.0.3396.99, webStorageEnabled: true}\nSession ID: feb8808e0f806fe9380e6fbf21089d82)","description":"","startTime":1530785170763,"endTime":1530785171416,"childRecords":[{"testStatus":{"stackTrace":"","statusValue":"FAILED"},"attachment":"1530785170951.png","type":"MESSAGE","name":"","message":"Unable to click on object \u0027Object Repository/TC_24_AM/Done_Button\u0027 (Root cause: org.openqa.selenium.WebDriverException: unknown error: Element \u003cbutton type\u003d\"button\" class\u003d\"ui-datepicker-close ui-state-default ui-priority-primary ui-corner-all\" data-handler\u003d\"hide\" data-event\u003d\"click\"\u003e...\u003c/button\u003e is not clickable at point (254, 471). Other element would receive the click: \u003cdiv id\u003d\"select2-drop-mask\" class\u003d\"select2-drop-mask\" style\u003d\"\"\u003e\u003c/div\u003e\n  (Session info: chrome\u003d67.0.3396.99)\n  (Driver info: chromedriver\u003d2.35.528161 (5b82f2d2aae0ca24b877009200ced9065a772e73),platform\u003dWindows NT 6.1.7601 SP1 x86_64) (WARNING: The server did not provide any stacktrace information)\nCommand duration or timeout: 0 milliseconds\nBuild info: version: \u00273.7.1\u0027, revision: \u00278a0099a\u0027, time: \u00272017-11-06T21:07:36.161Z\u0027\nSystem info: host: \u0027LT0021232\u0027, ip: \u002710.50.88.74\u0027, os.name: \u0027Windows 7\u0027, os.arch: \u0027amd64\u0027, os.version: \u00276.1\u0027, java.version: \u00271.8.0_102\u0027\nDriver info: com.kms.katalon.selenium.driver.CChromeDriver\nCapabilities {acceptInsecureCerts: false, acceptSslCerts: false, applicationCacheEnabled: false, browserConnectionEnabled: false, browserName: chrome, chrome: {chromedriverVersion: 2.35.528161 (5b82f2d2aae0ca..., userDataDir: C:\\Users\\ANKUR~1.JAI\\AppDat...}, cssSelectorsEnabled: true, databaseEnabled: false, handlesAlerts: true, hasTouchScreen: false, javascriptEnabled: true, locationContextEnabled: true, mobileEmulationEnabled: false, nativeEvents: true, networkConnectionEnabled: false, pageLoadStrategy: normal, platform: XP, platformName: XP, rotatable: false, setWindowRect: true, takesHeapSnapshot: true, takesScreenshot: true, unexpectedAlertBehaviour: , unhandledPromptBehavior: , version: 67.0.3396.99, webStorageEnabled: true}\nSession ID: feb8808e0f806fe9380e6fbf21089d82)","startTime":1530785171416,"endTime":0,"childRecords":[],"interuppted":false}],"interuppted":false},{"testStatus":{"stackTrace":"","statusValue":"FAILED"},"type":"MESSAGE","name":"","message":"Test Cases/Alert Manager Test Cases/Alert Manager_Search Screen/TC28_Validate Advance search through customer phone number FAILED because (of) Unable to click on object \u0027Object Repository/TC_24_AM/Done_Button\u0027 (Root cause: org.openqa.selenium.WebDriverException: unknown error: Element \u003cbutton type\u003d\"button\" class\u003d\"ui-datepicker-close ui-state-default ui-priority-primary ui-corner-all\" data-handler\u003d\"hide\" data-event\u003d\"click\"\u003e...\u003c/button\u003e is not clickable at point (254, 471). Other element would receive the click: \u003cdiv id\u003d\"select2-drop-mask\" class\u003d\"select2-drop-mask\" style\u003d\"\"\u003e\u003c/div\u003e\n  (Session info: chrome\u003d67.0.3396.99)\n  (Driver info: chromedriver\u003d2.35.528161 (5b82f2d2aae0ca24b877009200ced9065a772e73),platform\u003dWindows NT 6.1.7601 SP1 x86_64) (WARNING: The server did not provide any stacktrace information)\nCommand duration or timeout: 0 milliseconds\nBuild info: version: \u00273.7.1\u0027, revision: \u00278a0099a\u0027, time: \u00272017-11-06T21:07:36.161Z\u0027\nSystem info: host: \u0027LT0021232\u0027, ip: \u002710.50.88.74\u0027, os.name: \u0027Windows 7\u0027, os.arch: \u0027amd64\u0027, os.version: \u00276.1\u0027, java.version: \u00271.8.0_102\u0027\nDriver info: com.kms.katalon.selenium.driver.CChromeDriver\nCapabilities {acceptInsecureCerts: false, acceptSslCerts: false, applicationCacheEnabled: false, browserConnectionEnabled: false, browserName: chrome, chrome: {chromedriverVersion: 2.35.528161 (5b82f2d2aae0ca..., userDataDir: C:\\Users\\ANKUR~1.JAI\\AppDat...}, cssSelectorsEnabled: true, databaseEnabled: false, handlesAlerts: true, hasTouchScreen: false, javascriptEnabled: true, locationContextEnabled: true, mobileEmulationEnabled: false, nativeEvents: true, networkConnectionEnabled: false, pageLoadStrategy: normal, platform: XP, platformName: XP, rotatable: false, setWindowRect: true, takesHeapSnapshot: true, takesScreenshot: true, unexpectedAlertBehaviour: , unhandledPromptBehavior: , version: 67.0.3396.99, webStorageEnabled: true}\nSession ID: feb8808e0f806fe9380e6fbf21089d82)","startTime":1530785171416,"endTime":0,"childRecords":[],"interuppted":false}],"interuppted":false},{"isOptional":false,"type":"TEST_CASE","name":"Test Cases/Alert Manager Test Cases/Alert Manager_Search Screen/TC29_Validate Advance search through merchant phone number","id":"Test Cases/Alert Manager Test Cases/Alert Manager_Search Screen/TC29_Validate Advance search through merchant phone number","source":"C:\\\\Users\\\\ankur.jain\\\\Katalon Studio\\\\Feedzai_Automation\\\\Test Cases\\\\Alert Manager Test Cases\\\\Alert Manager_Search Screen\\\\TC29_Validate Advance search through merchant phone number.tc","message":"Test Cases/Alert Manager Test Cases/Alert Manager_Search Screen/TC29_Validate Advance search through merchant phone number FAILED because (of) Unable to click on object \u0027Object Repository/TC_24_AM/Done_Button\u0027 (Root cause: org.openqa.selenium.WebDriverException: unknown error: Element \u003cbutton type\u003d\"button\" class\u003d\"ui-datepicker-close ui-state-default ui-priority-primary ui-corner-all\" data-handler\u003d\"hide\" data-event\u003d\"click\"\u003e...\u003c/button\u003e is not clickable at point (254, 471). Other element would receive the click: \u003cdiv id\u003d\"select2-drop-mask\" class\u003d\"select2-drop-mask\" style\u003d\"\"\u003e\u003c/div\u003e\n  (Session info: chrome\u003d67.0.3396.99)\n  (Driver info: chromedriver\u003d2.35.528161 (5b82f2d2aae0ca24b877009200ced9065a772e73),platform\u003dWindows NT 6.1.7601 SP1 x86_64) (WARNING: The server did not provide any stacktrace information)\nCommand duration or timeout: 0 milliseconds\nBuild info: version: \u00273.7.1\u0027, revision: \u00278a0099a\u0027, time: \u00272017-11-06T21:07:36.161Z\u0027\nSystem info: host: \u0027LT0021232\u0027, ip: \u002710.50.88.74\u0027, os.name: \u0027Windows 7\u0027, os.arch: \u0027amd64\u0027, os.version: \u00276.1\u0027, java.version: \u00271.8.0_102\u0027\nDriver info: com.kms.katalon.selenium.driver.CChromeDriver\nCapabilities {acceptInsecureCerts: false, acceptSslCerts: false, applicationCacheEnabled: false, browserConnectionEnabled: false, browserName: chrome, chrome: {chromedriverVersion: 2.35.528161 (5b82f2d2aae0ca..., userDataDir: C:\\Users\\ANKUR~1.JAI\\AppDat...}, cssSelectorsEnabled: true, databaseEnabled: false, handlesAlerts: true, hasTouchScreen: false, javascriptEnabled: true, locationContextEnabled: true, mobileEmulationEnabled: false, nativeEvents: true, networkConnectionEnabled: false, pageLoadStrategy: normal, platform: XP, platformName: XP, rotatable: false, setWindowRect: true, takesHeapSnapshot: true, takesScreenshot: true, unexpectedAlertBehaviour: , unhandledPromptBehavior: , version: 67.0.3396.99, webStorageEnabled: true}\nSession ID: feb8808e0f806fe9380e6fbf21089d82)","description":"","startTime":1530785171417,"endTime":1530785172679,"childRecords":[{"testStatus":{"stackTrace":"","statusValue":"INFO"},"type":"MESSAGE","name":"","message":"Evaluating variables for test case","startTime":1530785171464,"endTime":0,"childRecords":[],"interuppted":false},{"index":1,"isIgnoredIfFailed":false,"type":"TEST_STEP","name":"clearText","message":"Text of object \u0027Object Repository/TC_24_AM/Date_input\u0027 is cleared","description":"","startTime":1530785171993,"endTime":1530785172076,"childRecords":[{"testStatus":{"stackTrace":"","statusValue":"PASSED"},"type":"MESSAGE","name":"","message":"Text of object \u0027Object Repository/TC_24_AM/Date_input\u0027 is cleared","startTime":1530785172076,"endTime":0,"childRecords":[],"interuppted":false}],"interuppted":false},{"attachment":"1530785172238.png","index":2,"isIgnoredIfFailed":false,"type":"TEST_STEP","name":"click","message":"Unable to click on object \u0027Object Repository/TC_24_AM/Done_Button\u0027 (Root cause: org.openqa.selenium.WebDriverException: unknown error: Element \u003cbutton type\u003d\"button\" class\u003d\"ui-datepicker-close ui-state-default ui-priority-primary ui-corner-all\" data-handler\u003d\"hide\" data-event\u003d\"click\"\u003e...\u003c/button\u003e is not clickable at point (254, 471). Other element would receive the click: \u003cdiv id\u003d\"select2-drop-mask\" class\u003d\"select2-drop-mask\" style\u003d\"\"\u003e\u003c/div\u003e\n  (Session info: chrome\u003d67.0.3396.99)\n  (Driver info: chromedriver\u003d2.35.528161 (5b82f2d2aae0ca24b877009200ced9065a772e73),platform\u003dWindows NT 6.1.7601 SP1 x86_64) (WARNING: The server did not provide any stacktrace information)\nCommand duration or timeout: 0 milliseconds\nBuild info: version: \u00273.7.1\u0027, revision: \u00278a0099a\u0027, time: \u00272017-11-06T21:07:36.161Z\u0027\nSystem info: host: \u0027LT0021232\u0027, ip: \u002710.50.88.74\u0027, os.name: \u0027Windows 7\u0027, os.arch: \u0027amd64\u0027, os.version: \u00276.1\u0027, java.version: \u00271.8.0_102\u0027\nDriver info: com.kms.katalon.selenium.driver.CChromeDriver\nCapabilities {acceptInsecureCerts: false, acceptSslCerts: false, applicationCacheEnabled: false, browserConnectionEnabled: false, browserName: chrome, chrome: {chromedriverVersion: 2.35.528161 (5b82f2d2aae0ca..., userDataDir: C:\\Users\\ANKUR~1.JAI\\AppDat...}, cssSelectorsEnabled: true, databaseEnabled: false, handlesAlerts: true, hasTouchScreen: false, javascriptEnabled: true, locationContextEnabled: true, mobileEmulationEnabled: false, nativeEvents: true, networkConnectionEnabled: false, pageLoadStrategy: normal, platform: XP, platformName: XP, rotatable: false, setWindowRect: true, takesHeapSnapshot: true, takesScreenshot: true, unexpectedAlertBehaviour: , unhandledPromptBehavior: , version: 67.0.3396.99, webStorageEnabled: true}\nSession ID: feb8808e0f806fe9380e6fbf21089d82)","description":"","startTime":1530785172076,"endTime":1530785172678,"childRecords":[{"testStatus":{"stackTrace":"","statusValue":"FAILED"},"attachment":"1530785172238.png","type":"MESSAGE","name":"","message":"Unable to click on object \u0027Object Repository/TC_24_AM/Done_Button\u0027 (Root cause: org.openqa.selenium.WebDriverException: unknown error: Element \u003cbutton type\u003d\"button\" class\u003d\"ui-datepicker-close ui-state-default ui-priority-primary ui-corner-all\" data-handler\u003d\"hide\" data-event\u003d\"click\"\u003e...\u003c/button\u003e is not clickable at point (254, 471). Other element would receive the click: \u003cdiv id\u003d\"select2-drop-mask\" class\u003d\"select2-drop-mask\" style\u003d\"\"\u003e\u003c/div\u003e\n  (Session info: chrome\u003d67.0.3396.99)\n  (Driver info: chromedriver\u003d2.35.528161 (5b82f2d2aae0ca24b877009200ced9065a772e73),platform\u003dWindows NT 6.1.7601 SP1 x86_64) (WARNING: The server did not provide any stacktrace information)\nCommand duration or timeout: 0 milliseconds\nBuild info: version: \u00273.7.1\u0027, revision: \u00278a0099a\u0027, time: \u00272017-11-06T21:07:36.161Z\u0027\nSystem info: host: \u0027LT0021232\u0027, ip: \u002710.50.88.74\u0027, os.name: \u0027Windows 7\u0027, os.arch: \u0027amd64\u0027, os.version: \u00276.1\u0027, java.version: \u00271.8.0_102\u0027\nDriver info: com.kms.katalon.selenium.driver.CChromeDriver\nCapabilities {acceptInsecureCerts: false, acceptSslCerts: false, applicationCacheEnabled: false, browserConnectionEnabled: false, browserName: chrome, chrome: {chromedriverVersion: 2.35.528161 (5b82f2d2aae0ca..., userDataDir: C:\\Users\\ANKUR~1.JAI\\AppDat...}, cssSelectorsEnabled: true, databaseEnabled: false, handlesAlerts: true, hasTouchScreen: false, javascriptEnabled: true, locationContextEnabled: true, mobileEmulationEnabled: false, nativeEvents: true, networkConnectionEnabled: false, pageLoadStrategy: normal, platform: XP, platformName: XP, rotatable: false, setWindowRect: true, takesHeapSnapshot: true, takesScreenshot: true, unexpectedAlertBehaviour: , unhandledPromptBehavior: , version: 67.0.3396.99, webStorageEnabled: true}\nSession ID: feb8808e0f806fe9380e6fbf21089d82)","startTime":1530785172678,"endTime":0,"childRecords":[],"interuppted":false}],"interuppted":false},{"testStatus":{"stackTrace":"","statusValue":"FAILED"},"type":"MESSAGE","name":"","message":"Test Cases/Alert Manager Test Cases/Alert Manager_Search Screen/TC29_Validate Advance search through merchant phone number FAILED because (of) Unable to click on object \u0027Object Repository/TC_24_AM/Done_Button\u0027 (Root cause: org.openqa.selenium.WebDriverException: unknown error: Element \u003cbutton type\u003d\"button\" class\u003d\"ui-datepicker-close ui-state-default ui-priority-primary ui-corner-all\" data-handler\u003d\"hide\" data-event\u003d\"click\"\u003e...\u003c/button\u003e is not clickable at point (254, 471). Other element would receive the click: \u003cdiv id\u003d\"select2-drop-mask\" class\u003d\"select2-drop-mask\" style\u003d\"\"\u003e\u003c/div\u003e\n  (Session info: chrome\u003d67.0.3396.99)\n  (Driver info: chromedriver\u003d2.35.528161 (5b82f2d2aae0ca24b877009200ced9065a772e73),platform\u003dWindows NT 6.1.7601 SP1 x86_64) (WARNING: The server did not provide any stacktrace information)\nCommand duration or timeout: 0 milliseconds\nBuild info: version: \u00273.7.1\u0027, revision: \u00278a0099a\u0027, time: \u00272017-11-06T21:07:36.161Z\u0027\nSystem info: host: \u0027LT0021232\u0027, ip: \u002710.50.88.74\u0027, os.name: \u0027Windows 7\u0027, os.arch: \u0027amd64\u0027, os.version: \u00276.1\u0027, java.version: \u00271.8.0_102\u0027\nDriver info: com.kms.katalon.selenium.driver.CChromeDriver\nCapabilities {acceptInsecureCerts: false, acceptSslCerts: false, applicationCacheEnabled: false, browserConnectionEnabled: false, browserName: chrome, chrome: {chromedriverVersion: 2.35.528161 (5b82f2d2aae0ca..., userDataDir: C:\\Users\\ANKUR~1.JAI\\AppDat...}, cssSelectorsEnabled: true, databaseEnabled: false, handlesAlerts: true, hasTouchScreen: false, javascriptEnabled: true, locationContextEnabled: true, mobileEmulationEnabled: false, nativeEvents: true, networkConnectionEnabled: false, pageLoadStrategy: normal, platform: XP, platformName: XP, rotatable: false, setWindowRect: true, takesHeapSnapshot: true, takesScreenshot: true, unexpectedAlertBehaviour: , unhandledPromptBehavior: , version: 67.0.3396.99, webStorageEnabled: true}\nSession ID: feb8808e0f806fe9380e6fbf21089d82)","startTime":1530785172678,"endTime":0,"childRecords":[],"interuppted":false}],"interuppted":false},{"isOptional":false,"type":"TEST_CASE","name":"Test Cases/Alert Manager Test Cases/Alert Manager_Search Screen/TC30_Validate Advance search through Source Institution ID","id":"Test Cases/Alert Manager Test Cases/Alert Manager_Search Screen/TC30_Validate Advance search through Source Institution ID","source":"C:\\\\Users\\\\ankur.jain\\\\Katalon Studio\\\\Feedzai_Automation\\\\Test Cases\\\\Alert Manager Test Cases\\\\Alert Manager_Search Screen\\\\TC30_Validate Advance search through Source Institution ID.tc","message":"Test Cases/Alert Manager Test Cases/Alert Manager_Search Screen/TC30_Validate Advance search through Source Institution ID FAILED because (of) Unable to click on object \u0027Object Repository/TC_24_AM/Done_Button\u0027 (Root cause: org.openqa.selenium.WebDriverException: unknown error: Element \u003cbutton type\u003d\"button\" class\u003d\"ui-datepicker-close ui-state-default ui-priority-primary ui-corner-all\" data-handler\u003d\"hide\" data-event\u003d\"click\"\u003e...\u003c/button\u003e is not clickable at point (254, 471). Other element would receive the click: \u003cdiv id\u003d\"select2-drop-mask\" class\u003d\"select2-drop-mask\" style\u003d\"\"\u003e\u003c/div\u003e\n  (Session info: chrome\u003d67.0.3396.99)\n  (Driver info: chromedriver\u003d2.35.528161 (5b82f2d2aae0ca24b877009200ced9065a772e73),platform\u003dWindows NT 6.1.7601 SP1 x86_64) (WARNING: The server did not provide any stacktrace information)\nCommand duration or timeout: 0 milliseconds\nBuild info: version: \u00273.7.1\u0027, revision: \u00278a0099a\u0027, time: \u00272017-11-06T21:07:36.161Z\u0027\nSystem info: host: \u0027LT0021232\u0027, ip: \u002710.50.88.74\u0027, os.name: \u0027Windows 7\u0027, os.arch: \u0027amd64\u0027, os.version: \u00276.1\u0027, java.version: \u00271.8.0_102\u0027\nDriver info: com.kms.katalon.selenium.driver.CChromeDriver\nCapabilities {acceptInsecureCerts: false, acceptSslCerts: false, applicationCacheEnabled: false, browserConnectionEnabled: false, browserName: chrome, chrome: {chromedriverVersion: 2.35.528161 (5b82f2d2aae0ca..., userDataDir: C:\\Users\\ANKUR~1.JAI\\AppDat...}, cssSelectorsEnabled: true, databaseEnabled: false, handlesAlerts: true, hasTouchScreen: false, javascriptEnabled: true, locationContextEnabled: true, mobileEmulationEnabled: false, nativeEvents: true, networkConnectionEnabled: false, pageLoadStrategy: normal, platform: XP, platformName: XP, rotatable: false, setWindowRect: true, takesHeapSnapshot: true, takesScreenshot: true, unexpectedAlertBehaviour: , unhandledPromptBehavior: , version: 67.0.3396.99, webStorageEnabled: true}\nSession ID: feb8808e0f806fe9380e6fbf21089d82)","description":"","startTime":1530785172679,"endTime":1530785174109,"childRecords":[{"testStatus":{"stackTrace":"","statusValue":"INFO"},"type":"MESSAGE","name":"","message":"Evaluating variables for test case","startTime":1530785172725,"endTime":0,"childRecords":[],"interuppted":false},{"index":1,"isIgnoredIfFailed":false,"type":"TEST_STEP","name":"clearText","message":"Text of object \u0027Object Repository/TC_24_AM/Date_input\u0027 is cleared","description":"","startTime":1530785173344,"endTime":1530785173475,"childRecords":[{"testStatus":{"stackTrace":"","statusValue":"PASSED"},"type":"MESSAGE","name":"","message":"Text of object \u0027Object Repository/TC_24_AM/Date_input\u0027 is cleared","startTime":1530785173475,"endTime":0,"childRecords":[],"interuppted":false}],"interuppted":false},{"attachment":"1530785173662.png","index":2,"isIgnoredIfFailed":false,"type":"TEST_STEP","name":"click","message":"Unable to click on object \u0027Object Repository/TC_24_AM/Done_Button\u0027 (Root cause: org.openqa.selenium.WebDriverException: unknown error: Element \u003cbutton type\u003d\"button\" class\u003d\"ui-datepicker-close ui-state-default ui-priority-primary ui-corner-all\" data-handler\u003d\"hide\" data-event\u003d\"click\"\u003e...\u003c/button\u003e is not clickable at point (254, 471). Other element would receive the click: \u003cdiv id\u003d\"select2-drop-mask\" class\u003d\"select2-drop-mask\" style\u003d\"\"\u003e\u003c/div\u003e\n  (Session info: chrome\u003d67.0.3396.99)\n  (Driver info: chromedriver\u003d2.35.528161 (5b82f2d2aae0ca24b877009200ced9065a772e73),platform\u003dWindows NT 6.1.7601 SP1 x86_64) (WARNING: The server did not provide any stacktrace information)\nCommand duration or timeout: 0 milliseconds\nBuild info: version: \u00273.7.1\u0027, revision: \u00278a0099a\u0027, time: \u00272017-11-06T21:07:36.161Z\u0027\nSystem info: host: \u0027LT0021232\u0027, ip: \u002710.50.88.74\u0027, os.name: \u0027Windows 7\u0027, os.arch: \u0027amd64\u0027, os.version: \u00276.1\u0027, java.version: \u00271.8.0_102\u0027\nDriver info: com.kms.katalon.selenium.driver.CChromeDriver\nCapabilities {acceptInsecureCerts: false, acceptSslCerts: false, applicationCacheEnabled: false, browserConnectionEnabled: false, browserName: chrome, chrome: {chromedriverVersion: 2.35.528161 (5b82f2d2aae0ca..., userDataDir: C:\\Users\\ANKUR~1.JAI\\AppDat...}, cssSelectorsEnabled: true, databaseEnabled: false, handlesAlerts: true, hasTouchScreen: false, javascriptEnabled: true, locationContextEnabled: true, mobileEmulationEnabled: false, nativeEvents: true, networkConnectionEnabled: false, pageLoadStrategy: normal, platform: XP, platformName: XP, rotatable: false, setWindowRect: true, takesHeapSnapshot: true, takesScreenshot: true, unexpectedAlertBehaviour: , unhandledPromptBehavior: , version: 67.0.3396.99, webStorageEnabled: true}\nSession ID: feb8808e0f806fe9380e6fbf21089d82)","description":"","startTime":1530785173475,"endTime":1530785174109,"childRecords":[{"testStatus":{"stackTrace":"","statusValue":"FAILED"},"attachment":"1530785173662.png","type":"MESSAGE","name":"","message":"Unable to click on object \u0027Object Repository/TC_24_AM/Done_Button\u0027 (Root cause: org.openqa.selenium.WebDriverException: unknown error: Element \u003cbutton type\u003d\"button\" class\u003d\"ui-datepicker-close ui-state-default ui-priority-primary ui-corner-all\" data-handler\u003d\"hide\" data-event\u003d\"click\"\u003e...\u003c/button\u003e is not clickable at point (254, 471). Other element would receive the click: \u003cdiv id\u003d\"select2-drop-mask\" class\u003d\"select2-drop-mask\" style\u003d\"\"\u003e\u003c/div\u003e\n  (Session info: chrome\u003d67.0.3396.99)\n  (Driver info: chromedriver\u003d2.35.528161 (5b82f2d2aae0ca24b877009200ced9065a772e73),platform\u003dWindows NT 6.1.7601 SP1 x86_64) (WARNING: The server did not provide any stacktrace information)\nCommand duration or timeout: 0 milliseconds\nBuild info: version: \u00273.7.1\u0027, revision: \u00278a0099a\u0027, time: \u00272017-11-06T21:07:36.161Z\u0027\nSystem info: host: \u0027LT0021232\u0027, ip: \u002710.50.88.74\u0027, os.name: \u0027Windows 7\u0027, os.arch: \u0027amd64\u0027, os.version: \u00276.1\u0027, java.version: \u00271.8.0_102\u0027\nDriver info: com.kms.katalon.selenium.driver.CChromeDriver\nCapabilities {acceptInsecureCerts: false, acceptSslCerts: false, applicationCacheEnabled: false, browserConnectionEnabled: false, browserName: chrome, chrome: {chromedriverVersion: 2.35.528161 (5b82f2d2aae0ca..., userDataDir: C:\\Users\\ANKUR~1.JAI\\AppDat...}, cssSelectorsEnabled: true, databaseEnabled: false, handlesAlerts: true, hasTouchScreen: false, javascriptEnabled: true, locationContextEnabled: true, mobileEmulationEnabled: false, nativeEvents: true, networkConnectionEnabled: false, pageLoadStrategy: normal, platform: XP, platformName: XP, rotatable: false, setWindowRect: true, takesHeapSnapshot: true, takesScreenshot: true, unexpectedAlertBehaviour: , unhandledPromptBehavior: , version: 67.0.3396.99, webStorageEnabled: true}\nSession ID: feb8808e0f806fe9380e6fbf21089d82)","startTime":1530785174109,"endTime":0,"childRecords":[],"interuppted":false}],"interuppted":false},{"testStatus":{"stackTrace":"","statusValue":"FAILED"},"type":"MESSAGE","name":"","message":"Test Cases/Alert Manager Test Cases/Alert Manager_Search Screen/TC30_Validate Advance search through Source Institution ID FAILED because (of) Unable to click on object \u0027Object Repository/TC_24_AM/Done_Button\u0027 (Root cause: org.openqa.selenium.WebDriverException: unknown error: Element \u003cbutton type\u003d\"button\" class\u003d\"ui-datepicker-close ui-state-default ui-priority-primary ui-corner-all\" data-handler\u003d\"hide\" data-event\u003d\"click\"\u003e...\u003c/button\u003e is not clickable at point (254, 471). Other element would receive the click: \u003cdiv id\u003d\"select2-drop-mask\" class\u003d\"select2-drop-mask\" style\u003d\"\"\u003e\u003c/div\u003e\n  (Session info: chrome\u003d67.0.3396.99)\n  (Driver info: chromedriver\u003d2.35.528161 (5b82f2d2aae0ca24b877009200ced9065a772e73),platform\u003dWindows NT 6.1.7601 SP1 x86_64) (WARNING: The server did not provide any stacktrace information)\nCommand duration or timeout: 0 milliseconds\nBuild info: version: \u00273.7.1\u0027, revision: \u00278a0099a\u0027, time: \u00272017-11-06T21:07:36.161Z\u0027\nSystem info: host: \u0027LT0021232\u0027, ip: \u002710.50.88.74\u0027, os.name: \u0027Windows 7\u0027, os.arch: \u0027amd64\u0027, os.version: \u00276.1\u0027, java.version: \u00271.8.0_102\u0027\nDriver info: com.kms.katalon.selenium.driver.CChromeDriver\nCapabilities {acceptInsecureCerts: false, acceptSslCerts: false, applicationCacheEnabled: false, browserConnectionEnabled: false, browserName: chrome, chrome: {chromedriverVersion: 2.35.528161 (5b82f2d2aae0ca..., userDataDir: C:\\Users\\ANKUR~1.JAI\\AppDat...}, cssSelectorsEnabled: true, databaseEnabled: false, handlesAlerts: true, hasTouchScreen: false, javascriptEnabled: true, locationContextEnabled: true, mobileEmulationEnabled: false, nativeEvents: true, networkConnectionEnabled: false, pageLoadStrategy: normal, platform: XP, platformName: XP, rotatable: false, setWindowRect: true, takesHeapSnapshot: true, takesScreenshot: true, unexpectedAlertBehaviour: , unhandledPromptBehavior: , version: 67.0.3396.99, webStorageEnabled: true}\nSession ID: feb8808e0f806fe9380e6fbf21089d82)","startTime":1530785174109,"endTime":0,"childRecords":[],"interuppted":false}],"interuppted":false},{"isOptional":false,"type":"TEST_CASE","name":"Test Cases/Alert Manager Test Cases/Alert Manager_Search Screen/TC31_Validate Advance search through response code","id":"Test Cases/Alert Manager Test Cases/Alert Manager_Search Screen/TC31_Validate Advance search through response code","source":"C:\\\\Users\\\\ankur.jain\\\\Katalon Studio\\\\Feedzai_Automation\\\\Test Cases\\\\Alert Manager Test Cases\\\\Alert Manager_Search Screen\\\\TC31_Validate Advance search through response code.tc","message":"Test Cases/Alert Manager Test Cases/Alert Manager_Search Screen/TC31_Validate Advance search through response code FAILED because (of) Unable to click on object \u0027Object Repository/TC_24_AM/Done_Button\u0027 (Root cause: org.openqa.selenium.WebDriverException: unknown error: Element \u003cbutton type\u003d\"button\" class\u003d\"ui-datepicker-close ui-state-default ui-priority-primary ui-corner-all\" data-handler\u003d\"hide\" data-event\u003d\"click\"\u003e...\u003c/button\u003e is not clickable at point (254, 471). Other element would receive the click: \u003cdiv id\u003d\"select2-drop-mask\" class\u003d\"select2-drop-mask\" style\u003d\"\"\u003e\u003c/div\u003e\n  (Session info: chrome\u003d67.0.3396.99)\n  (Driver info: chromedriver\u003d2.35.528161 (5b82f2d2aae0ca24b877009200ced9065a772e73),platform\u003dWindows NT 6.1.7601 SP1 x86_64) (WARNING: The server did not provide any stacktrace information)\nCommand duration or timeout: 0 milliseconds\nBuild info: version: \u00273.7.1\u0027, revision: \u00278a0099a\u0027, time: \u00272017-11-06T21:07:36.161Z\u0027\nSystem info: host: \u0027LT0021232\u0027, ip: \u002710.50.88.74\u0027, os.name: \u0027Windows 7\u0027, os.arch: \u0027amd64\u0027, os.version: \u00276.1\u0027, java.version: \u00271.8.0_102\u0027\nDriver info: com.kms.katalon.selenium.driver.CChromeDriver\nCapabilities {acceptInsecureCerts: false, acceptSslCerts: false, applicationCacheEnabled: false, browserConnectionEnabled: false, browserName: chrome, chrome: {chromedriverVersion: 2.35.528161 (5b82f2d2aae0ca..., userDataDir: C:\\Users\\ANKUR~1.JAI\\AppDat...}, cssSelectorsEnabled: true, databaseEnabled: false, handlesAlerts: true, hasTouchScreen: false, javascriptEnabled: true, locationContextEnabled: true, mobileEmulationEnabled: false, nativeEvents: true, networkConnectionEnabled: false, pageLoadStrategy: normal, platform: XP, platformName: XP, rotatable: false, setWindowRect: true, takesHeapSnapshot: true, takesScreenshot: true, unexpectedAlertBehaviour: , unhandledPromptBehavior: , version: 67.0.3396.99, webStorageEnabled: true}\nSession ID: feb8808e0f806fe9380e6fbf21089d82)","description":"","startTime":1530785174110,"endTime":1530785175437,"childRecords":[{"testStatus":{"stackTrace":"","statusValue":"INFO"},"type":"MESSAGE","name":"","message":"Evaluating variables for test case","startTime":1530785174127,"endTime":0,"childRecords":[],"interuppted":false},{"index":1,"isIgnoredIfFailed":false,"type":"TEST_STEP","name":"clearText","message":"Text of object \u0027Object Repository/TC_24_AM/Date_input\u0027 is cleared","description":"","startTime":1530785174693,"endTime":1530785174822,"childRecords":[{"testStatus":{"stackTrace":"","statusValue":"PASSED"},"type":"MESSAGE","name":"","message":"Text of object \u0027Object Repository/TC_24_AM/Date_input\u0027 is cleared","startTime":1530785174822,"endTime":0,"childRecords":[],"interuppted":false}],"interuppted":false},{"attachment":"1530785174964.png","index":2,"isIgnoredIfFailed":false,"type":"TEST_STEP","name":"click","message":"Unable to click on object \u0027Object Repository/TC_24_AM/Done_Button\u0027 (Root cause: org.openqa.selenium.WebDriverException: unknown error: Element \u003cbutton type\u003d\"button\" class\u003d\"ui-datepicker-close ui-state-default ui-priority-primary ui-corner-all\" data-handler\u003d\"hide\" data-event\u003d\"click\"\u003e...\u003c/button\u003e is not clickable at point (254, 471). Other element would receive the click: \u003cdiv id\u003d\"select2-drop-mask\" class\u003d\"select2-drop-mask\" style\u003d\"\"\u003e\u003c/div\u003e\n  (Session info: chrome\u003d67.0.3396.99)\n  (Driver info: chromedriver\u003d2.35.528161 (5b82f2d2aae0ca24b877009200ced9065a772e73),platform\u003dWindows NT 6.1.7601 SP1 x86_64) (WARNING: The server did not provide any stacktrace information)\nCommand duration or timeout: 0 milliseconds\nBuild info: version: \u00273.7.1\u0027, revision: \u00278a0099a\u0027, time: \u00272017-11-06T21:07:36.161Z\u0027\nSystem info: host: \u0027LT0021232\u0027, ip: \u002710.50.88.74\u0027, os.name: \u0027Windows 7\u0027, os.arch: \u0027amd64\u0027, os.version: \u00276.1\u0027, java.version: \u00271.8.0_102\u0027\nDriver info: com.kms.katalon.selenium.driver.CChromeDriver\nCapabilities {acceptInsecureCerts: false, acceptSslCerts: false, applicationCacheEnabled: false, browserConnectionEnabled: false, browserName: chrome, chrome: {chromedriverVersion: 2.35.528161 (5b82f2d2aae0ca..., userDataDir: C:\\Users\\ANKUR~1.JAI\\AppDat...}, cssSelectorsEnabled: true, databaseEnabled: false, handlesAlerts: true, hasTouchScreen: false, javascriptEnabled: true, locationContextEnabled: true, mobileEmulationEnabled: false, nativeEvents: true, networkConnectionEnabled: false, pageLoadStrategy: normal, platform: XP, platformName: XP, rotatable: false, setWindowRect: true, takesHeapSnapshot: true, takesScreenshot: true, unexpectedAlertBehaviour: , unhandledPromptBehavior: , version: 67.0.3396.99, webStorageEnabled: true}\nSession ID: feb8808e0f806fe9380e6fbf21089d82)","description":"","startTime":1530785174822,"endTime":1530785175436,"childRecords":[{"testStatus":{"stackTrace":"","statusValue":"FAILED"},"attachment":"1530785174964.png","type":"MESSAGE","name":"","message":"Unable to click on object \u0027Object Repository/TC_24_AM/Done_Button\u0027 (Root cause: org.openqa.selenium.WebDriverException: unknown error: Element \u003cbutton type\u003d\"button\" class\u003d\"ui-datepicker-close ui-state-default ui-priority-primary ui-corner-all\" data-handler\u003d\"hide\" data-event\u003d\"click\"\u003e...\u003c/button\u003e is not clickable at point (254, 471). Other element would receive the click: \u003cdiv id\u003d\"select2-drop-mask\" class\u003d\"select2-drop-mask\" style\u003d\"\"\u003e\u003c/div\u003e\n  (Session info: chrome\u003d67.0.3396.99)\n  (Driver info: chromedriver\u003d2.35.528161 (5b82f2d2aae0ca24b877009200ced9065a772e73),platform\u003dWindows NT 6.1.7601 SP1 x86_64) (WARNING: The server did not provide any stacktrace information)\nCommand duration or timeout: 0 milliseconds\nBuild info: version: \u00273.7.1\u0027, revision: \u00278a0099a\u0027, time: \u00272017-11-06T21:07:36.161Z\u0027\nSystem info: host: \u0027LT0021232\u0027, ip: \u002710.50.88.74\u0027, os.name: \u0027Windows 7\u0027, os.arch: \u0027amd64\u0027, os.version: \u00276.1\u0027, java.version: \u00271.8.0_102\u0027\nDriver info: com.kms.katalon.selenium.driver.CChromeDriver\nCapabilities {acceptInsecureCerts: false, acceptSslCerts: false, applicationCacheEnabled: false, browserConnectionEnabled: false, browserName: chrome, chrome: {chromedriverVersion: 2.35.528161 (5b82f2d2aae0ca..., userDataDir: C:\\Users\\ANKUR~1.JAI\\AppDat...}, cssSelectorsEnabled: true, databaseEnabled: false, handlesAlerts: true, hasTouchScreen: false, javascriptEnabled: true, locationContextEnabled: true, mobileEmulationEnabled: false, nativeEvents: true, networkConnectionEnabled: false, pageLoadStrategy: normal, platform: XP, platformName: XP, rotatable: false, setWindowRect: true, takesHeapSnapshot: true, takesScreenshot: true, unexpectedAlertBehaviour: , unhandledPromptBehavior: , version: 67.0.3396.99, webStorageEnabled: true}\nSession ID: feb8808e0f806fe9380e6fbf21089d82)","startTime":1530785175436,"endTime":0,"childRecords":[],"interuppted":false}],"interuppted":false},{"testStatus":{"stackTrace":"","statusValue":"FAILED"},"type":"MESSAGE","name":"","message":"Test Cases/Alert Manager Test Cases/Alert Manager_Search Screen/TC31_Validate Advance search through response code FAILED because (of) Unable to click on object \u0027Object Repository/TC_24_AM/Done_Button\u0027 (Root cause: org.openqa.selenium.WebDriverException: unknown error: Element \u003cbutton type\u003d\"button\" class\u003d\"ui-datepicker-close ui-state-default ui-priority-primary ui-corner-all\" data-handler\u003d\"hide\" data-event\u003d\"click\"\u003e...\u003c/button\u003e is not clickable at point (254, 471). Other element would receive the click: \u003cdiv id\u003d\"select2-drop-mask\" class\u003d\"select2-drop-mask\" style\u003d\"\"\u003e\u003c/div\u003e\n  (Session info: chrome\u003d67.0.3396.99)\n  (Driver info: chromedriver\u003d2.35.528161 (5b82f2d2aae0ca24b877009200ced9065a772e73),platform\u003dWindows NT 6.1.7601 SP1 x86_64) (WARNING: The server did not provide any stacktrace information)\nCommand duration or timeout: 0 milliseconds\nBuild info: version: \u00273.7.1\u0027, revision: \u00278a0099a\u0027, time: \u00272017-11-06T21:07:36.161Z\u0027\nSystem info: host: \u0027LT0021232\u0027, ip: \u002710.50.88.74\u0027, os.name: \u0027Windows 7\u0027, os.arch: \u0027amd64\u0027, os.version: \u00276.1\u0027, java.version: \u00271.8.0_102\u0027\nDriver info: com.kms.katalon.selenium.driver.CChromeDriver\nCapabilities {acceptInsecureCerts: false, acceptSslCerts: false, applicationCacheEnabled: false, browserConnectionEnabled: false, browserName: chrome, chrome: {chromedriverVersion: 2.35.528161 (5b82f2d2aae0ca..., userDataDir: C:\\Users\\ANKUR~1.JAI\\AppDat...}, cssSelectorsEnabled: true, databaseEnabled: false, handlesAlerts: true, hasTouchScreen: false, javascriptEnabled: true, locationContextEnabled: true, mobileEmulationEnabled: false, nativeEvents: true, networkConnectionEnabled: false, pageLoadStrategy: normal, platform: XP, platformName: XP, rotatable: false, setWindowRect: true, takesHeapSnapshot: true, takesScreenshot: true, unexpectedAlertBehaviour: , unhandledPromptBehavior: , version: 67.0.3396.99, webStorageEnabled: true}\nSession ID: feb8808e0f806fe9380e6fbf21089d82)","startTime":1530785175436,"endTime":0,"childRecords":[],"interuppted":false}],"interuppted":false}],"interuppted":false}