{"devicePlatform":"","logFolder":"C:\\Users\\ankur.jain\\Katalon Studio\\Feedzai_Automation\\Reports\\Pulse_Test Case Suite\\20180703_120830","runData":{"hostName":"Ankur.Jain - LT0021232.in.ril.com","os":"Windows 7 64bit","katalonVersion":"5.4.2.1","browser":"Chrome 67.0.3396.99","hostAddress":"10.50.88.74","sessionId":"0069a1c881dfcca43b292f7ffc260921","seleniumVersion":"3.7.1","proxyInformation":"ProxyInformation{proxyOption\u003dNO_PROXY, proxyServerType\u003dHTTP, password\u003d, proxyServerAddress\u003d, proxyServerPort\u003d0}","platform":"Windows 7"},"type":"TEST_SUITE","name":"Pulse_Test Case Suite","id":"Test Suites/Pulse_Test Case Suite","source":"","message":"Test Cases/Alert Manager Test Cases/Alert Manager_View Trans Details/TC05_MARK Transaction AS NOT FRAUD FAILED because (of) Unable to click on object \u0027Object Repository/TC05_AM/a_Merchant\u0027 (Root cause: com.kms.katalon.core.webui.exception.WebElementNotFoundException: Web element with id: \u0027Object Repository/TC05_AM/a_Merchant\u0027 located by \u0027By.xpath: id(\"navbar\")/ul[@class\u003d\"nav navbar-nav navbar-right fdz-js-header\"]/li[3]/a[1][count(. | //a[@href \u003d \u0027#merchant\u0027 and (text() \u003d \u0027Merchant\u0027 or . \u003d \u0027Merchant\u0027)]) \u003d count(//a[@href \u003d \u0027#merchant\u0027 and (text() \u003d \u0027Merchant\u0027 or . \u003d \u0027Merchant\u0027)])]\u0027 not found)","description":"","startTime":1530599918050,"endTime":1530600047968,"childRecords":[{"isOptional":false,"type":"TEST_CASE","name":"Test Cases/Alert Manager Test Cases/Alert Manager_Login","id":"Test Cases/Alert Manager Test Cases/Alert Manager_Login","source":"C:\\\\Users\\\\ankur.jain\\\\Katalon Studio\\\\Feedzai_Automation\\\\Test Cases\\\\Alert Manager Test Cases\\\\Alert Manager_Login.tc","message":"Test Cases/Alert Manager Test Cases/Alert Manager_Login","description":"","startTime":1530599919707,"endTime":1530599956597,"childRecords":[{"testStatus":{"stackTrace":"","statusValue":"INFO"},"type":"MESSAGE","name":"","message":"Evaluating variables for test case","startTime":1530599919786,"endTime":0,"childRecords":[],"interuppted":false},{"index":1,"isIgnoredIfFailed":false,"type":"TEST_STEP","name":"openBrowser","message":"Browser is opened with url: \u0027\u0027","description":"","startTime":1530599921269,"endTime":1530599930872,"childRecords":[{"testStatus":{"stackTrace":"","statusValue":"PASSED"},"type":"MESSAGE","name":"","message":"Browser is opened with url: \u0027\u0027","startTime":1530599930857,"endTime":0,"childRecords":[],"interuppted":false}],"interuppted":false},{"index":2,"isIgnoredIfFailed":false,"type":"TEST_STEP","name":"maximizeWindow","message":"Current window maximized","description":"","startTime":1530599930874,"endTime":1530599932118,"childRecords":[{"testStatus":{"stackTrace":"","statusValue":"PASSED"},"type":"MESSAGE","name":"","message":"Current window maximized","startTime":1530599932116,"endTime":0,"childRecords":[],"interuppted":false}],"interuppted":false},{"index":3,"isIgnoredIfFailed":false,"type":"TEST_STEP","name":"navigateToUrl","message":"Navigate to \u0027https://10.130.236.51/#login\u0027 successfully","description":"","startTime":1530599932135,"endTime":1530599934514,"childRecords":[{"testStatus":{"stackTrace":"","statusValue":"PASSED"},"type":"MESSAGE","name":"","message":"Navigate to \u0027https://10.130.236.51/#login\u0027 successfully","startTime":1530599934509,"endTime":0,"childRecords":[],"interuppted":false}],"interuppted":false},{"index":4,"isIgnoredIfFailed":false,"type":"TEST_STEP","name":"delay","message":"Delayed 20 second(s)","description":"","startTime":1530599934517,"endTime":1530599954610,"childRecords":[{"testStatus":{"stackTrace":"","statusValue":"PASSED"},"type":"MESSAGE","name":"","message":"Delayed 20 second(s)","startTime":1530599954605,"endTime":0,"childRecords":[],"interuppted":false}],"interuppted":false},{"index":5,"isIgnoredIfFailed":false,"type":"TEST_STEP","name":"setText","message":"Text \u0027Ankur.Jain\u0027 is set on object \u0027Object Repository/TC_01-03_AM/input\u0027","description":"","startTime":1530599954614,"endTime":1530599955835,"childRecords":[{"testStatus":{"stackTrace":"","statusValue":"PASSED"},"type":"MESSAGE","name":"","message":"Text \u0027Ankur.Jain\u0027 is set on object \u0027Object Repository/TC_01-03_AM/input\u0027","startTime":1530599955832,"endTime":0,"childRecords":[],"interuppted":false}],"interuppted":false},{"index":6,"isIgnoredIfFailed":false,"type":"TEST_STEP","name":"setText","message":"Text \u0027Word02Pass\u0027 is set on object \u0027Object Repository/TC_01-03_AM/input_1\u0027","description":"","startTime":1530599955836,"endTime":1530599956589,"childRecords":[{"testStatus":{"stackTrace":"","statusValue":"PASSED"},"type":"MESSAGE","name":"","message":"Text \u0027Word02Pass\u0027 is set on object \u0027Object Repository/TC_01-03_AM/input_1\u0027","startTime":1530599956587,"endTime":0,"childRecords":[],"interuppted":false}],"interuppted":false},{"testStatus":{"stackTrace":"","statusValue":"PASSED"},"type":"MESSAGE","name":"","message":"Test Cases/Alert Manager Test Cases/Alert Manager_Login","startTime":1530599956591,"endTime":0,"childRecords":[],"interuppted":false}],"interuppted":false},{"isOptional":false,"type":"TEST_CASE","name":"Test Cases/Alert Manager Test Cases/Alert Manager_View Trans Details/TC05_MARK Transaction AS NOT FRAUD","id":"Test Cases/Alert Manager Test Cases/Alert Manager_View Trans Details/TC05_MARK Transaction AS NOT FRAUD","source":"C:\\\\Users\\\\ankur.jain\\\\Katalon Studio\\\\Feedzai_Automation\\\\Test Cases\\\\Alert Manager Test Cases\\\\Alert Manager_View Trans Details\\\\TC05_MARK Transaction AS NOT FRAUD.tc","message":"Test Cases/Alert Manager Test Cases/Alert Manager_View Trans Details/TC05_MARK Transaction AS NOT FRAUD FAILED because (of) Unable to click on object \u0027Object Repository/TC05_AM/a_Merchant\u0027 (Root cause: com.kms.katalon.core.webui.exception.WebElementNotFoundException: Web element with id: \u0027Object Repository/TC05_AM/a_Merchant\u0027 located by \u0027By.xpath: id(\"navbar\")/ul[@class\u003d\"nav navbar-nav navbar-right fdz-js-header\"]/li[3]/a[1][count(. | //a[@href \u003d \u0027#merchant\u0027 and (text() \u003d \u0027Merchant\u0027 or . \u003d \u0027Merchant\u0027)]) \u003d count(//a[@href \u003d \u0027#merchant\u0027 and (text() \u003d \u0027Merchant\u0027 or . \u003d \u0027Merchant\u0027)])]\u0027 not found)","description":"","startTime":1530599956611,"endTime":1530599989929,"childRecords":[{"testStatus":{"stackTrace":"","statusValue":"INFO"},"type":"MESSAGE","name":"","message":"Evaluating variables for test case","startTime":1530599956672,"endTime":0,"childRecords":[],"interuppted":false},{"attachment":"1530599989252.png","index":1,"isIgnoredIfFailed":false,"type":"TEST_STEP","name":"click","message":"Unable to click on object \u0027Object Repository/TC05_AM/a_Merchant\u0027 (Root cause: com.kms.katalon.core.webui.exception.WebElementNotFoundException: Web element with id: \u0027Object Repository/TC05_AM/a_Merchant\u0027 located by \u0027By.xpath: id(\"navbar\")/ul[@class\u003d\"nav navbar-nav navbar-right fdz-js-header\"]/li[3]/a[1][count(. | //a[@href \u003d \u0027#merchant\u0027 and (text() \u003d \u0027Merchant\u0027 or . \u003d \u0027Merchant\u0027)]) \u003d count(//a[@href \u003d \u0027#merchant\u0027 and (text() \u003d \u0027Merchant\u0027 or . \u003d \u0027Merchant\u0027)])]\u0027 not found)","description":"","startTime":1530599957579,"endTime":1530599989895,"childRecords":[{"testStatus":{"stackTrace":"","statusValue":"FAILED"},"attachment":"1530599989252.png","type":"MESSAGE","name":"","message":"Unable to click on object \u0027Object Repository/TC05_AM/a_Merchant\u0027 (Root cause: com.kms.katalon.core.webui.exception.WebElementNotFoundException: Web element with id: \u0027Object Repository/TC05_AM/a_Merchant\u0027 located by \u0027By.xpath: id(\"navbar\")/ul[@class\u003d\"nav navbar-nav navbar-right fdz-js-header\"]/li[3]/a[1][count(. | //a[@href \u003d \u0027#merchant\u0027 and (text() \u003d \u0027Merchant\u0027 or . \u003d \u0027Merchant\u0027)]) \u003d count(//a[@href \u003d \u0027#merchant\u0027 and (text() \u003d \u0027Merchant\u0027 or . \u003d \u0027Merchant\u0027)])]\u0027 not found)","startTime":1530599989890,"endTime":0,"childRecords":[],"interuppted":false}],"interuppted":false},{"testStatus":{"stackTrace":"","statusValue":"FAILED"},"type":"MESSAGE","name":"","message":"Test Cases/Alert Manager Test Cases/Alert Manager_View Trans Details/TC05_MARK Transaction AS NOT FRAUD FAILED because (of) Unable to click on object \u0027Object Repository/TC05_AM/a_Merchant\u0027 (Root cause: com.kms.katalon.core.webui.exception.WebElementNotFoundException: Web element with id: \u0027Object Repository/TC05_AM/a_Merchant\u0027 located by \u0027By.xpath: id(\"navbar\")/ul[@class\u003d\"nav navbar-nav navbar-right fdz-js-header\"]/li[3]/a[1][count(. | //a[@href \u003d \u0027#merchant\u0027 and (text() \u003d \u0027Merchant\u0027 or . \u003d \u0027Merchant\u0027)]) \u003d count(//a[@href \u003d \u0027#merchant\u0027 and (text() \u003d \u0027Merchant\u0027 or . \u003d \u0027Merchant\u0027)])]\u0027 not found)","startTime":1530599989928,"endTime":0,"childRecords":[],"interuppted":false}],"interuppted":false},{"isOptional":false,"type":"TEST_CASE","name":"Test Cases/Alert Manager Test Cases/Alert Manager_View Trans Details/TC06_Mark Transaction Fraud","id":"Test Cases/Alert Manager Test Cases/Alert Manager_View Trans Details/TC06_Mark Transaction Fraud","source":"C:\\\\Users\\\\ankur.jain\\\\Katalon Studio\\\\Feedzai_Automation\\\\Test Cases\\\\Alert Manager Test Cases\\\\Alert Manager_View Trans Details\\\\TC06_Mark Transaction Fraud.tc","message":"Test Cases/Alert Manager Test Cases/Alert Manager_View Trans Details/TC06_Mark Transaction Fraud FAILED because (of) Unable to click on object \u0027Object Repository/TC05_AM/a_Merchant\u0027 (Root cause: com.kms.katalon.core.webui.exception.WebElementNotFoundException: Web element with id: \u0027Object Repository/TC05_AM/a_Merchant\u0027 located by \u0027By.xpath: id(\"navbar\")/ul[@class\u003d\"nav navbar-nav navbar-right fdz-js-header\"]/li[3]/a[1][count(. | //a[@href \u003d \u0027#merchant\u0027 and (text() \u003d \u0027Merchant\u0027 or . \u003d \u0027Merchant\u0027)]) \u003d count(//a[@href \u003d \u0027#merchant\u0027 and (text() \u003d \u0027Merchant\u0027 or . \u003d \u0027Merchant\u0027)])]\u0027 not found)","description":"","startTime":1530599989960,"endTime":1530600022806,"childRecords":[{"testStatus":{"stackTrace":"","statusValue":"INFO"},"type":"MESSAGE","name":"","message":"Evaluating variables for test case","startTime":1530599990007,"endTime":0,"childRecords":[],"interuppted":false},{"attachment":"1530600022290.png","index":1,"isIgnoredIfFailed":false,"type":"TEST_STEP","name":"click","message":"Unable to click on object \u0027Object Repository/TC05_AM/a_Merchant\u0027 (Root cause: com.kms.katalon.core.webui.exception.WebElementNotFoundException: Web element with id: \u0027Object Repository/TC05_AM/a_Merchant\u0027 located by \u0027By.xpath: id(\"navbar\")/ul[@class\u003d\"nav navbar-nav navbar-right fdz-js-header\"]/li[3]/a[1][count(. | //a[@href \u003d \u0027#merchant\u0027 and (text() \u003d \u0027Merchant\u0027 or . \u003d \u0027Merchant\u0027)]) \u003d count(//a[@href \u003d \u0027#merchant\u0027 and (text() \u003d \u0027Merchant\u0027 or . \u003d \u0027Merchant\u0027)])]\u0027 not found)","description":"","startTime":1530599990644,"endTime":1530600022772,"childRecords":[{"testStatus":{"stackTrace":"","statusValue":"FAILED"},"attachment":"1530600022290.png","type":"MESSAGE","name":"","message":"Unable to click on object \u0027Object Repository/TC05_AM/a_Merchant\u0027 (Root cause: com.kms.katalon.core.webui.exception.WebElementNotFoundException: Web element with id: \u0027Object Repository/TC05_AM/a_Merchant\u0027 located by \u0027By.xpath: id(\"navbar\")/ul[@class\u003d\"nav navbar-nav navbar-right fdz-js-header\"]/li[3]/a[1][count(. | //a[@href \u003d \u0027#merchant\u0027 and (text() \u003d \u0027Merchant\u0027 or . \u003d \u0027Merchant\u0027)]) \u003d count(//a[@href \u003d \u0027#merchant\u0027 and (text() \u003d \u0027Merchant\u0027 or . \u003d \u0027Merchant\u0027)])]\u0027 not found)","startTime":1530600022757,"endTime":0,"childRecords":[],"interuppted":false}],"interuppted":false},{"testStatus":{"stackTrace":"","statusValue":"FAILED"},"type":"MESSAGE","name":"","message":"Test Cases/Alert Manager Test Cases/Alert Manager_View Trans Details/TC06_Mark Transaction Fraud FAILED because (of) Unable to click on object \u0027Object Repository/TC05_AM/a_Merchant\u0027 (Root cause: com.kms.katalon.core.webui.exception.WebElementNotFoundException: Web element with id: \u0027Object Repository/TC05_AM/a_Merchant\u0027 located by \u0027By.xpath: id(\"navbar\")/ul[@class\u003d\"nav navbar-nav navbar-right fdz-js-header\"]/li[3]/a[1][count(. | //a[@href \u003d \u0027#merchant\u0027 and (text() \u003d \u0027Merchant\u0027 or . \u003d \u0027Merchant\u0027)]) \u003d count(//a[@href \u003d \u0027#merchant\u0027 and (text() \u003d \u0027Merchant\u0027 or . \u003d \u0027Merchant\u0027)])]\u0027 not found)","startTime":1530600022773,"endTime":0,"childRecords":[],"interuppted":false}],"interuppted":false},{"isOptional":false,"type":"TEST_CASE","name":"Test Cases/Alert Manager Test Cases/Alert Manager_View Trans Details/TC07_Mark Transaction Suspicious","id":"Test Cases/Alert Manager Test Cases/Alert Manager_View Trans Details/TC07_Mark Transaction Suspicious","source":"C:\\\\Users\\\\ankur.jain\\\\Katalon Studio\\\\Feedzai_Automation\\\\Test Cases\\\\Alert Manager Test Cases\\\\Alert Manager_View Trans Details\\\\TC07_Mark Transaction Suspicious.tc","message":"Test Cases/Alert Manager Test Cases/Alert Manager_View Trans Details/TC07_Mark Transaction Suspicious FAILED because (of) Unable to click on object \u0027Object Repository/TC05_AM/a_Merchant\u0027 (Root cause: org.openqa.selenium.WebDriverException: chrome not reachable\n  (Session info: chrome\u003d67.0.3396.99)\n  (Driver info: chromedriver\u003d2.35.528161 (5b82f2d2aae0ca24b877009200ced9065a772e73),platform\u003dWindows NT 6.1.7601 SP1 x86_64) (WARNING: The server did not provide any stacktrace information)\nCommand duration or timeout: 0 milliseconds\nBuild info: version: \u00273.7.1\u0027, revision: \u00278a0099a\u0027, time: \u00272017-11-06T21:07:36.161Z\u0027\nSystem info: host: \u0027LT0021232\u0027, ip: \u002710.50.88.74\u0027, os.name: \u0027Windows 7\u0027, os.arch: \u0027amd64\u0027, os.version: \u00276.1\u0027, java.version: \u00271.8.0_102\u0027\nDriver info: com.kms.katalon.selenium.driver.CChromeDriver\nCapabilities {acceptInsecureCerts: false, acceptSslCerts: false, applicationCacheEnabled: false, browserConnectionEnabled: false, browserName: chrome, chrome: {chromedriverVersion: 2.35.528161 (5b82f2d2aae0ca..., userDataDir: C:\\Users\\ANKUR~1.JAI\\AppDat...}, cssSelectorsEnabled: true, databaseEnabled: false, handlesAlerts: true, hasTouchScreen: false, javascriptEnabled: true, locationContextEnabled: true, mobileEmulationEnabled: false, nativeEvents: true, networkConnectionEnabled: false, pageLoadStrategy: normal, platform: XP, platformName: XP, rotatable: false, setWindowRect: true, takesHeapSnapshot: true, takesScreenshot: true, unexpectedAlertBehaviour: , unhandledPromptBehavior: , version: 67.0.3396.99, webStorageEnabled: true}\nSession ID: 0069a1c881dfcca43b292f7ffc260921\n*** Element info: {Using\u003dxpath, value\u003did(\"navbar\")/ul[@class\u003d\"nav navbar-nav navbar-right fdz-js-header\"]/li[3]/a[1][count(. | //a[@href \u003d \u0027#merchant\u0027 and (text() \u003d \u0027Merchant\u0027 or . \u003d \u0027Merchant\u0027)]) \u003d count(//a[@href \u003d \u0027#merchant\u0027 and (text() \u003d \u0027Merchant\u0027 or . \u003d \u0027Merchant\u0027)])]})","description":"","startTime":1530600022807,"endTime":1530600046367,"childRecords":[{"testStatus":{"stackTrace":"","statusValue":"INFO"},"type":"MESSAGE","name":"","message":"Evaluating variables for test case","startTime":1530600022869,"endTime":0,"childRecords":[],"interuppted":false},{"index":1,"isIgnoredIfFailed":false,"type":"TEST_STEP","name":"click","message":"Unable to click on object \u0027Object Repository/TC05_AM/a_Merchant\u0027 (Root cause: org.openqa.selenium.WebDriverException: chrome not reachable\n  (Session info: chrome\u003d67.0.3396.99)\n  (Driver info: chromedriver\u003d2.35.528161 (5b82f2d2aae0ca24b877009200ced9065a772e73),platform\u003dWindows NT 6.1.7601 SP1 x86_64) (WARNING: The server did not provide any stacktrace information)\nCommand duration or timeout: 0 milliseconds\nBuild info: version: \u00273.7.1\u0027, revision: \u00278a0099a\u0027, time: \u00272017-11-06T21:07:36.161Z\u0027\nSystem info: host: \u0027LT0021232\u0027, ip: \u002710.50.88.74\u0027, os.name: \u0027Windows 7\u0027, os.arch: \u0027amd64\u0027, os.version: \u00276.1\u0027, java.version: \u00271.8.0_102\u0027\nDriver info: com.kms.katalon.selenium.driver.CChromeDriver\nCapabilities {acceptInsecureCerts: false, acceptSslCerts: false, applicationCacheEnabled: false, browserConnectionEnabled: false, browserName: chrome, chrome: {chromedriverVersion: 2.35.528161 (5b82f2d2aae0ca..., userDataDir: C:\\Users\\ANKUR~1.JAI\\AppDat...}, cssSelectorsEnabled: true, databaseEnabled: false, handlesAlerts: true, hasTouchScreen: false, javascriptEnabled: true, locationContextEnabled: true, mobileEmulationEnabled: false, nativeEvents: true, networkConnectionEnabled: false, pageLoadStrategy: normal, platform: XP, platformName: XP, rotatable: false, setWindowRect: true, takesHeapSnapshot: true, takesScreenshot: true, unexpectedAlertBehaviour: , unhandledPromptBehavior: , version: 67.0.3396.99, webStorageEnabled: true}\nSession ID: 0069a1c881dfcca43b292f7ffc260921\n*** Element info: {Using\u003dxpath, value\u003did(\"navbar\")/ul[@class\u003d\"nav navbar-nav navbar-right fdz-js-header\"]/li[3]/a[1][count(. | //a[@href \u003d \u0027#merchant\u0027 and (text() \u003d \u0027Merchant\u0027 or . \u003d \u0027Merchant\u0027)]) \u003d count(//a[@href \u003d \u0027#merchant\u0027 and (text() \u003d \u0027Merchant\u0027 or . \u003d \u0027Merchant\u0027)])]})","description":"","startTime":1530600023460,"endTime":1530600046352,"childRecords":[{"testStatus":{"stackTrace":"","statusValue":"WARNING"},"type":"MESSAGE","name":"","message":"Cannot take screenshot","startTime":1530600046333,"endTime":0,"childRecords":[],"interuppted":false},{"testStatus":{"stackTrace":"","statusValue":"FAILED"},"type":"MESSAGE","name":"","message":"Unable to click on object \u0027Object Repository/TC05_AM/a_Merchant\u0027 (Root cause: org.openqa.selenium.WebDriverException: chrome not reachable\n  (Session info: chrome\u003d67.0.3396.99)\n  (Driver info: chromedriver\u003d2.35.528161 (5b82f2d2aae0ca24b877009200ced9065a772e73),platform\u003dWindows NT 6.1.7601 SP1 x86_64) (WARNING: The server did not provide any stacktrace information)\nCommand duration or timeout: 0 milliseconds\nBuild info: version: \u00273.7.1\u0027, revision: \u00278a0099a\u0027, time: \u00272017-11-06T21:07:36.161Z\u0027\nSystem info: host: \u0027LT0021232\u0027, ip: \u002710.50.88.74\u0027, os.name: \u0027Windows 7\u0027, os.arch: \u0027amd64\u0027, os.version: \u00276.1\u0027, java.version: \u00271.8.0_102\u0027\nDriver info: com.kms.katalon.selenium.driver.CChromeDriver\nCapabilities {acceptInsecureCerts: false, acceptSslCerts: false, applicationCacheEnabled: false, browserConnectionEnabled: false, browserName: chrome, chrome: {chromedriverVersion: 2.35.528161 (5b82f2d2aae0ca..., userDataDir: C:\\Users\\ANKUR~1.JAI\\AppDat...}, cssSelectorsEnabled: true, databaseEnabled: false, handlesAlerts: true, hasTouchScreen: false, javascriptEnabled: true, locationContextEnabled: true, mobileEmulationEnabled: false, nativeEvents: true, networkConnectionEnabled: false, pageLoadStrategy: normal, platform: XP, platformName: XP, rotatable: false, setWindowRect: true, takesHeapSnapshot: true, takesScreenshot: true, unexpectedAlertBehaviour: , unhandledPromptBehavior: , version: 67.0.3396.99, webStorageEnabled: true}\nSession ID: 0069a1c881dfcca43b292f7ffc260921\n*** Element info: {Using\u003dxpath, value\u003did(\"navbar\")/ul[@class\u003d\"nav navbar-nav navbar-right fdz-js-header\"]/li[3]/a[1][count(. | //a[@href \u003d \u0027#merchant\u0027 and (text() \u003d \u0027Merchant\u0027 or . \u003d \u0027Merchant\u0027)]) \u003d count(//a[@href \u003d \u0027#merchant\u0027 and (text() \u003d \u0027Merchant\u0027 or . \u003d \u0027Merchant\u0027)])]})","startTime":1530600046334,"endTime":0,"childRecords":[],"interuppted":false}],"interuppted":false},{"testStatus":{"stackTrace":"","statusValue":"FAILED"},"type":"MESSAGE","name":"","message":"Test Cases/Alert Manager Test Cases/Alert Manager_View Trans Details/TC07_Mark Transaction Suspicious FAILED because (of) Unable to click on object \u0027Object Repository/TC05_AM/a_Merchant\u0027 (Root cause: org.openqa.selenium.WebDriverException: chrome not reachable\n  (Session info: chrome\u003d67.0.3396.99)\n  (Driver info: chromedriver\u003d2.35.528161 (5b82f2d2aae0ca24b877009200ced9065a772e73),platform\u003dWindows NT 6.1.7601 SP1 x86_64) (WARNING: The server did not provide any stacktrace information)\nCommand duration or timeout: 0 milliseconds\nBuild info: version: \u00273.7.1\u0027, revision: \u00278a0099a\u0027, time: \u00272017-11-06T21:07:36.161Z\u0027\nSystem info: host: \u0027LT0021232\u0027, ip: \u002710.50.88.74\u0027, os.name: \u0027Windows 7\u0027, os.arch: \u0027amd64\u0027, os.version: \u00276.1\u0027, java.version: \u00271.8.0_102\u0027\nDriver info: com.kms.katalon.selenium.driver.CChromeDriver\nCapabilities {acceptInsecureCerts: false, acceptSslCerts: false, applicationCacheEnabled: false, browserConnectionEnabled: false, browserName: chrome, chrome: {chromedriverVersion: 2.35.528161 (5b82f2d2aae0ca..., userDataDir: C:\\Users\\ANKUR~1.JAI\\AppDat...}, cssSelectorsEnabled: true, databaseEnabled: false, handlesAlerts: true, hasTouchScreen: false, javascriptEnabled: true, locationContextEnabled: true, mobileEmulationEnabled: false, nativeEvents: true, networkConnectionEnabled: false, pageLoadStrategy: normal, platform: XP, platformName: XP, rotatable: false, setWindowRect: true, takesHeapSnapshot: true, takesScreenshot: true, unexpectedAlertBehaviour: , unhandledPromptBehavior: , version: 67.0.3396.99, webStorageEnabled: true}\nSession ID: 0069a1c881dfcca43b292f7ffc260921\n*** Element info: {Using\u003dxpath, value\u003did(\"navbar\")/ul[@class\u003d\"nav navbar-nav navbar-right fdz-js-header\"]/li[3]/a[1][count(. | //a[@href \u003d \u0027#merchant\u0027 and (text() \u003d \u0027Merchant\u0027 or . \u003d \u0027Merchant\u0027)]) \u003d count(//a[@href \u003d \u0027#merchant\u0027 and (text() \u003d \u0027Merchant\u0027 or . \u003d \u0027Merchant\u0027)])]})","startTime":1530600046367,"endTime":0,"childRecords":[],"interuppted":false}],"interuppted":false}],"interuppted":false}