<?xml version="1.0" encoding="UTF-8"?>
<testsuites name="New Suite" time="131" tests="0" failures="2" errors="0">
   <testsuite name="New Suite" tests="0" failures="2" errors="0" time="131" timestamp="2018-07-05 11:51:57" hostname="Ankur.Jain - LT0021232" id="Test Suites/New Suite">
      <properties>
         <property name="deviceName" value=""/>
         <property name="devicePlatform" value=""/>
         <property name="logFolder" value="C:\\Users\\ankur.jain\\Katalon Studio\\Feedzai_Automation\\Reports\\New Suite\\20180705_115144"/>
         <property name="logFiles" value="C:\\Users\\ankur.jain\\Katalon Studio\\Feedzai_Automation\\Reports\\New Suite\\20180705_115144\\execution0.log"/>
         <property name="attachments" value="C:\\Users\\ankur.jain\\Katalon Studio\\Feedzai_Automation\\Reports\\New Suite\\20180705_115144\\1530771797783.png, C:\\Users\\ankur.jain\\Katalon Studio\\Feedzai_Automation\\Reports\\New Suite\\20180705_115144\\1530771834111.png, C:\\Users\\ankur.jain\\Katalon Studio\\Feedzai_Automation\\Reports\\New Suite\\20180705_115144\\1530771835039.png, C:\\Users\\ankur.jain\\Katalon Studio\\Feedzai_Automation\\Reports\\New Suite\\20180705_115144\\1530771844597.png"/>
         <property name="hostName" value="Ankur.Jain - LT0021232"/>
         <property name="os" value="Windows 7 64bit"/>
         <property name="katalonVersion" value="5.4.2.1"/>
         <property name="browser" value="Chrome 67.0.3396.99"/>
         <property name="hostAddress" value="10.50.88.74"/>
         <property name="sessionId" value="f855845ea1f75d5aa803a8e5b8e47ee2"/>
         <property name="seleniumVersion" value="3.7.1"/>
         <property name="proxyInformation" value="ProxyInformation{proxyOption=NO_PROXY, proxyServerType=HTTP, password=, proxyServerAddress=, proxyServerPort=0}"/>
         <property name="platform" value="Windows 7"/>
      </properties>
      <testcase name="Test Cases/Alert Manager Test Cases/Alert Manager_Search Screen/TC24_Validate Advance search through customer id" classname="Test Cases/Alert Manager Test Cases/Alert Manager_Search Screen/TC24_Validate Advance search through customer id" status="FAILED">
         <failure type="FAILED" message="Verify element text of test object 'Object Repository/TC_24_AM/Cust_id_Validation' FAILED. (Root cause: com.kms.katalon.core.webui.exception.WebElementNotFoundException: Web element with id: 'Object Repository/TC_24_AM/Cust_id_Validation' located by 'By.xpath: ' not found)"/>
         <system-out><![CDATA[2018-07-05 11:51:59 - [TEST_CASE][FAILED] - Test Cases/Alert Manager Test Cases/Alert Manager_Search Screen/TC24_Validate Advance search through customer id: Test Cases/Alert Manager Test Cases/Alert Manager_Search Screen/TC24_Validate Advance search through customer id FAILED because (of) Verify element text of test object 'Object Repository/TC_24_AM/Cust_id_Validation' FAILED. (Root cause: com.kms.katalon.core.webui.exception.WebElementNotFoundException: Web element with id: 'Object Repository/TC_24_AM/Cust_id_Validation' located by 'By.xpath: ' not found)

2018-07-05 11:52:00 - [TEST_STEP][PASSED] - openBrowser: Browser is opened with url: ''

2018-07-05 11:52:24 - [MESSAGE][PASSED] - Browser is opened with url: ''

2018-07-05 11:52:24 - [TEST_STEP][PASSED] - navigateToUrl: Navigate to 'https://10.130.236.51/#login' successfully

2018-07-05 11:52:35 - [MESSAGE][PASSED] - Navigate to 'https://10.130.236.51/#login' successfully

2018-07-05 11:52:35 - [TEST_STEP][PASSED] - setText: Text 'Ankur.Jain' is set on object 'Object Repository/TC_24_AM/input'

2018-07-05 11:53:07 - [MESSAGE][PASSED] - Text 'Ankur.Jain' is set on object 'Object Repository/TC_24_AM/input'

2018-07-05 11:53:07 - [TEST_STEP][PASSED] - setText: Text 'Word02Pass' is set on object 'Object Repository/TC_24_AM/input_1'

2018-07-05 11:53:08 - [MESSAGE][PASSED] - Text 'Word02Pass' is set on object 'Object Repository/TC_24_AM/input_1'

2018-07-05 11:53:08 - [TEST_STEP][PASSED] - sendKeys: Keys 'ENTER + ' sent to object: 'Object Repository/TC_24_AM/input_1'

2018-07-05 11:53:08 - [MESSAGE][PASSED] - Keys 'ENTER + ' sent to object: 'Object Repository/TC_24_AM/input_1'

2018-07-05 11:53:08 - [TEST_STEP][PASSED] - click: Object: 'Object Repository/TC_24_AM/span_Search' is clicked on

2018-07-05 11:53:09 - [MESSAGE][PASSED] - Object: 'Object Repository/TC_24_AM/span_Search' is clicked on

2018-07-05 11:53:09 - [TEST_STEP][PASSED] - clearText: Text of object 'Object Repository/TC_24_AM/Date_input' is cleared

2018-07-05 11:53:10 - [MESSAGE][PASSED] - Text of object 'Object Repository/TC_24_AM/Date_input' is cleared

2018-07-05 11:53:10 - [TEST_STEP][PASSED] - click: Object: 'Object Repository/TC_24_AM/Done_Button' is clicked on

2018-07-05 11:53:10 - [MESSAGE][PASSED] - Object: 'Object Repository/TC_24_AM/Done_Button' is clicked on

2018-07-05 11:53:10 - [TEST_STEP][PASSED] - delay: Delayed 2 second(s)

2018-07-05 11:53:12 - [MESSAGE][PASSED] - Delayed 2 second(s)

2018-07-05 11:53:13 - [TEST_STEP][PASSED] - click: Object: 'Object Repository/TC_24_AM/button_Advanced Search' is clicked on

2018-07-05 11:53:13 - [MESSAGE][PASSED] - Object: 'Object Repository/TC_24_AM/button_Advanced Search' is clicked on

2018-07-05 11:53:13 - [TEST_STEP][PASSED] - click: Object: 'Object Repository/TC_24_AM/ul_Customer Id' is clicked on

2018-07-05 11:53:13 - [MESSAGE][PASSED] - Object: 'Object Repository/TC_24_AM/ul_Customer Id' is clicked on

2018-07-05 11:53:13 - [TEST_STEP][PASSED] - setText: Text '1100243850' is set on object 'Object Repository/TC_24_AM/input_s2id_autogen7'

2018-07-05 11:53:14 - [MESSAGE][PASSED] - Text '1100243850' is set on object 'Object Repository/TC_24_AM/input_s2id_autogen7'

2018-07-05 11:53:14 - [TEST_STEP][PASSED] - sendKeys: Keys 'ENTER + ' sent to object: 'Object Repository/TC_24_AM/input_s2id_autogen7'

2018-07-05 11:53:15 - [MESSAGE][PASSED] - Keys 'ENTER + ' sent to object: 'Object Repository/TC_24_AM/input_s2id_autogen7'

2018-07-05 11:53:15 - [TEST_STEP][PASSED] - click: Object: 'Object Repository/TC_24_AM/button_Search' is clicked on

2018-07-05 11:53:15 - [MESSAGE][PASSED] - Object: 'Object Repository/TC_24_AM/button_Search' is clicked on

2018-07-05 11:53:15 - [TEST_STEP][PASSED] - getText: Text of object 'Object Repository/TC_24_AM/Cust_Details' is: '15-05-2018 15:18:53 2812 3206 0077 6096 1,000.00 1100243850 1100243850 N/A no LMW 28 00 0 Unassigned Not Fraud
15-05-2018 15:21:59 2812 3206 0077 6096 5.00 1100243850 N/A 5999 no WPP 0 00 0 Unassigned Not Fraud
15-05-2018 15:23:34 2812 3206 0077 6096 6.00 1100243850 N/A 5999 no WPP 0 00 0 Unassigned Not Fraud
15-05-2018 15:24:40 2812 3206 0077 6096 4.00 1100243850 N/A 5999 no WPP 0 00 0 Unassigned Not Fraud
15-05-2018 15:25:57 2812 3200 0000 0000 1.00 1100243850 N/A 5999 no WPP 0 05 1 Customer Pending
15-05-2018 15:33:13 2812 3206 0077 6096 6.00 1100243850 1100243850 5999 no WRO 20 00 0 Unassigned Not Fraud
15-05-2018 15:35:00 2812 3206 0077 6096 6.00 1100243850 N/A 5999 no WPP 0 00 0 Unassigned Not Fraud
15-05-2018 15:36:21 2812 3200 0000 0000 1.00 1100243850 N/A 5999 no WPP 0 05 1 Customer Pending
15-06-2018 12:35:16 NA 2.00 1100243850 N/A 5999 no WPP 0 05 0 Unassigned Not Fraud
15-06-2018 12:38:04 1000 00XX XXXX 3645 2.00 1100243850 N/A 5999 no WPP 0 00 1 Unassigned Pending'

2018-07-05 11:53:17 - [MESSAGE][PASSED] - Text of object 'Object Repository/TC_24_AM/Cust_Details' is: '15-05-2018 15:18:53 2812 3206 0077 6096 1,000.00 1100243850 1100243850 N/A no LMW 28 00 0 Unassigned Not Fraud
15-05-2018 15:21:59 2812 3206 0077 6096 5.00 1100243850 N/A 5999 no WPP 0 00 0 Unassigned Not Fraud
15-05-2018 15:23:34 2812 3206 0077 6096 6.00 1100243850 N/A 5999 no WPP 0 00 0 Unassigned Not Fraud
15-05-2018 15:24:40 2812 3206 0077 6096 4.00 1100243850 N/A 5999 no WPP 0 00 0 Unassigned Not Fraud
15-05-2018 15:25:57 2812 3200 0000 0000 1.00 1100243850 N/A 5999 no WPP 0 05 1 Customer Pending
15-05-2018 15:33:13 2812 3206 0077 6096 6.00 1100243850 1100243850 5999 no WRO 20 00 0 Unassigned Not Fraud
15-05-2018 15:35:00 2812 3206 0077 6096 6.00 1100243850 N/A 5999 no WPP 0 00 0 Unassigned Not Fraud
15-05-2018 15:36:21 2812 3200 0000 0000 1.00 1100243850 N/A 5999 no WPP 0 05 1 Customer Pending
15-06-2018 12:35:16 NA 2.00 1100243850 N/A 5999 no WPP 0 05 0 Unassigned Not Fraud
15-06-2018 12:38:04 1000 00XX XXXX 3645 2.00 1100243850 N/A 5999 no WPP 0 00 1 Unassigned Pending'

2018-07-05 11:53:17 - [TEST_STEP][PASSED] - comment: Customer Details Displayed

2018-07-05 11:53:17 - [TEST_STEP][PASSED] - Statement - Customer_Details = com.kms.katalon.core.webui.keyword.WebUiBuiltInKeywords.takeScreenshot(): Taking screenshot successfully

2018-07-05 11:53:18 - [MESSAGE][PASSED] - Taking screenshot successfully
[[ATTACHMENT|C:\\Users\\ankur.jain\\Katalon Studio\\Feedzai_Automation\\Reports\\New Suite\\20180705_115144\\1530771797783.png]]

2018-07-05 11:53:18 - [TEST_STEP][FAILED] - verifyElementText: Verify element text of test object 'Object Repository/TC_24_AM/Cust_id_Validation' FAILED. (Root cause: com.kms.katalon.core.webui.exception.WebElementNotFoundException: Web element with id: 'Object Repository/TC_24_AM/Cust_id_Validation' located by 'By.xpath: ' not found)

2018-07-05 11:53:55 - [MESSAGE][FAILED] - com.kms.katalon.core.webui.exception.WebElementNotFoundException: Web element with id: 'Object Repository/TC_24_AM/Cust_id_Validation' located by 'By.xpath: ' not found
[[ATTACHMENT|C:\\Users\\ankur.jain\\Katalon Studio\\Feedzai_Automation\\Reports\\New Suite\\20180705_115144\\1530771834111.png]]

2018-07-05 11:53:58 - [MESSAGE][FAILED] - Verify element text of test object 'Object Repository/TC_24_AM/Cust_id_Validation' FAILED. (Root cause: com.kms.katalon.core.webui.exception.WebElementNotFoundException: Web element with id: 'Object Repository/TC_24_AM/Cust_id_Validation' located by 'By.xpath: ' not found)
[[ATTACHMENT|C:\\Users\\ankur.jain\\Katalon Studio\\Feedzai_Automation\\Reports\\New Suite\\20180705_115144\\1530771835039.png]]]]></system-out>
         <system-err><![CDATA[2018-07-05 11:51:59 - [TEST_CASE][FAILED] - Test Cases/Alert Manager Test Cases/Alert Manager_Search Screen/TC24_Validate Advance search through customer id: Test Cases/Alert Manager Test Cases/Alert Manager_Search Screen/TC24_Validate Advance search through customer id FAILED because (of) Verify element text of test object 'Object Repository/TC_24_AM/Cust_id_Validation' FAILED. (Root cause: com.kms.katalon.core.webui.exception.WebElementNotFoundException: Web element with id: 'Object Repository/TC_24_AM/Cust_id_Validation' located by 'By.xpath: ' not found)]]></system-err>
      </testcase>
      <testcase name="Test Cases/Alert Manager Test Cases/Alert Manager_Search Screen/TC25_Validate Advance search through Merchant id" classname="Test Cases/Alert Manager Test Cases/Alert Manager_Search Screen/TC25_Validate Advance search through Merchant id" status="FAILED">
         <failure type="FAILED" message="Unable to click on object 'Object Repository/TC_24_AM/button_Advanced Search' (Root cause: org.openqa.selenium.WebDriverException: unknown error: Element &lt;button type=&quot;button&quot; class=&quot;button button-default fdz-js-toggle-advanced-search&quot;>...&lt;/button> is not clickable at point (184, 602). Other element would receive the click: &lt;label class=&quot;radio-inline&quot;>...&lt;/label>
  (Session info: chrome=67.0.3396.99)
  (Driver info: chromedriver=2.35.528161 (5b82f2d2aae0ca24b877009200ced9065a772e73),platform=Windows NT 6.1.7601 SP1 x86_64) (WARNING: The server did not provide any stacktrace information)
Command duration or timeout: 0 milliseconds
Build info: version: '3.7.1', revision: '8a0099a', time: '2017-11-06T21:07:36.161Z'
System info: host: 'LT0021232', ip: '10.50.88.74', os.name: 'Windows 7', os.arch: 'amd64', os.version: '6.1', java.version: '1.8.0_102'
Driver info: com.kms.katalon.selenium.driver.CChromeDriver
Capabilities {acceptInsecureCerts: false, acceptSslCerts: false, applicationCacheEnabled: false, browserConnectionEnabled: false, browserName: chrome, chrome: {chromedriverVersion: 2.35.528161 (5b82f2d2aae0ca..., userDataDir: C:\Users\ANKUR~1.JAI\AppDat...}, cssSelectorsEnabled: true, databaseEnabled: false, handlesAlerts: true, hasTouchScreen: false, javascriptEnabled: true, locationContextEnabled: true, mobileEmulationEnabled: false, nativeEvents: true, networkConnectionEnabled: false, pageLoadStrategy: normal, platform: XP, platformName: XP, rotatable: false, setWindowRect: true, takesHeapSnapshot: true, takesScreenshot: true, unexpectedAlertBehaviour: , unhandledPromptBehavior: , version: 67.0.3396.99, webStorageEnabled: true}
Session ID: f855845ea1f75d5aa803a8e5b8e47ee2)"/>
         <system-out><![CDATA[2018-07-05 11:53:59 - [TEST_CASE][FAILED] - Test Cases/Alert Manager Test Cases/Alert Manager_Search Screen/TC25_Validate Advance search through Merchant id: Test Cases/Alert Manager Test Cases/Alert Manager_Search Screen/TC25_Validate Advance search through Merchant id FAILED because (of) Unable to click on object 'Object Repository/TC_24_AM/button_Advanced Search' (Root cause: org.openqa.selenium.WebDriverException: unknown error: Element <button type="button" class="button button-default fdz-js-toggle-advanced-search">...</button> is not clickable at point (184, 602). Other element would receive the click: <label class="radio-inline">...</label>
  (Session info: chrome=67.0.3396.99)
  (Driver info: chromedriver=2.35.528161 (5b82f2d2aae0ca24b877009200ced9065a772e73),platform=Windows NT 6.1.7601 SP1 x86_64) (WARNING: The server did not provide any stacktrace information)
Command duration or timeout: 0 milliseconds
Build info: version: '3.7.1', revision: '8a0099a', time: '2017-11-06T21:07:36.161Z'
System info: host: 'LT0021232', ip: '10.50.88.74', os.name: 'Windows 7', os.arch: 'amd64', os.version: '6.1', java.version: '1.8.0_102'
Driver info: com.kms.katalon.selenium.driver.CChromeDriver
Capabilities {acceptInsecureCerts: false, acceptSslCerts: false, applicationCacheEnabled: false, browserConnectionEnabled: false, browserName: chrome, chrome: {chromedriverVersion: 2.35.528161 (5b82f2d2aae0ca..., userDataDir: C:\Users\ANKUR~1.JAI\AppDat...}, cssSelectorsEnabled: true, databaseEnabled: false, handlesAlerts: true, hasTouchScreen: false, javascriptEnabled: true, locationContextEnabled: true, mobileEmulationEnabled: false, nativeEvents: true, networkConnectionEnabled: false, pageLoadStrategy: normal, platform: XP, platformName: XP, rotatable: false, setWindowRect: true, takesHeapSnapshot: true, takesScreenshot: true, unexpectedAlertBehaviour: , unhandledPromptBehavior: , version: 67.0.3396.99, webStorageEnabled: true}
Session ID: f855845ea1f75d5aa803a8e5b8e47ee2)

2018-07-05 11:54:00 - [TEST_STEP][PASSED] - click: Object: 'Object Repository/TC_24_AM/span_Search' is clicked on

2018-07-05 11:54:00 - [MESSAGE][PASSED] - Object: 'Object Repository/TC_24_AM/span_Search' is clicked on

2018-07-05 11:54:00 - [TEST_STEP][PASSED] - clearText: Text of object 'Object Repository/TC_24_AM/Date_input' is cleared

2018-07-05 11:54:00 - [MESSAGE][PASSED] - Text of object 'Object Repository/TC_24_AM/Date_input' is cleared

2018-07-05 11:54:00 - [TEST_STEP][PASSED] - click: Object: 'Object Repository/TC_24_AM/Done_Button' is clicked on

2018-07-05 11:54:02 - [MESSAGE][PASSED] - Object: 'Object Repository/TC_24_AM/Done_Button' is clicked on

2018-07-05 11:54:02 - [TEST_STEP][PASSED] - delay: Delayed 2 second(s)

2018-07-05 11:54:04 - [MESSAGE][PASSED] - Delayed 2 second(s)

2018-07-05 11:54:04 - [TEST_STEP][FAILED] - click: Unable to click on object 'Object Repository/TC_24_AM/button_Advanced Search' (Root cause: org.openqa.selenium.WebDriverException: unknown error: Element <button type="button" class="button button-default fdz-js-toggle-advanced-search">...</button> is not clickable at point (184, 602). Other element would receive the click: <label class="radio-inline">...</label>
  (Session info: chrome=67.0.3396.99)
  (Driver info: chromedriver=2.35.528161 (5b82f2d2aae0ca24b877009200ced9065a772e73),platform=Windows NT 6.1.7601 SP1 x86_64) (WARNING: The server did not provide any stacktrace information)
Command duration or timeout: 0 milliseconds
Build info: version: '3.7.1', revision: '8a0099a', time: '2017-11-06T21:07:36.161Z'
System info: host: 'LT0021232', ip: '10.50.88.74', os.name: 'Windows 7', os.arch: 'amd64', os.version: '6.1', java.version: '1.8.0_102'
Driver info: com.kms.katalon.selenium.driver.CChromeDriver
Capabilities {acceptInsecureCerts: false, acceptSslCerts: false, applicationCacheEnabled: false, browserConnectionEnabled: false, browserName: chrome, chrome: {chromedriverVersion: 2.35.528161 (5b82f2d2aae0ca..., userDataDir: C:\Users\ANKUR~1.JAI\AppDat...}, cssSelectorsEnabled: true, databaseEnabled: false, handlesAlerts: true, hasTouchScreen: false, javascriptEnabled: true, locationContextEnabled: true, mobileEmulationEnabled: false, nativeEvents: true, networkConnectionEnabled: false, pageLoadStrategy: normal, platform: XP, platformName: XP, rotatable: false, setWindowRect: true, takesHeapSnapshot: true, takesScreenshot: true, unexpectedAlertBehaviour: , unhandledPromptBehavior: , version: 67.0.3396.99, webStorageEnabled: true}
Session ID: f855845ea1f75d5aa803a8e5b8e47ee2)

2018-07-05 11:54:05 - [MESSAGE][FAILED] - Unable to click on object 'Object Repository/TC_24_AM/button_Advanced Search' (Root cause: org.openqa.selenium.WebDriverException: unknown error: Element <button type="button" class="button button-default fdz-js-toggle-advanced-search">...</button> is not clickable at point (184, 602). Other element would receive the click: <label class="radio-inline">...</label>
  (Session info: chrome=67.0.3396.99)
  (Driver info: chromedriver=2.35.528161 (5b82f2d2aae0ca24b877009200ced9065a772e73),platform=Windows NT 6.1.7601 SP1 x86_64) (WARNING: The server did not provide any stacktrace information)
Command duration or timeout: 0 milliseconds
Build info: version: '3.7.1', revision: '8a0099a', time: '2017-11-06T21:07:36.161Z'
System info: host: 'LT0021232', ip: '10.50.88.74', os.name: 'Windows 7', os.arch: 'amd64', os.version: '6.1', java.version: '1.8.0_102'
Driver info: com.kms.katalon.selenium.driver.CChromeDriver
Capabilities {acceptInsecureCerts: false, acceptSslCerts: false, applicationCacheEnabled: false, browserConnectionEnabled: false, browserName: chrome, chrome: {chromedriverVersion: 2.35.528161 (5b82f2d2aae0ca..., userDataDir: C:\Users\ANKUR~1.JAI\AppDat...}, cssSelectorsEnabled: true, databaseEnabled: false, handlesAlerts: true, hasTouchScreen: false, javascriptEnabled: true, locationContextEnabled: true, mobileEmulationEnabled: false, nativeEvents: true, networkConnectionEnabled: false, pageLoadStrategy: normal, platform: XP, platformName: XP, rotatable: false, setWindowRect: true, takesHeapSnapshot: true, takesScreenshot: true, unexpectedAlertBehaviour: , unhandledPromptBehavior: , version: 67.0.3396.99, webStorageEnabled: true}
Session ID: f855845ea1f75d5aa803a8e5b8e47ee2)
[[ATTACHMENT|C:\\Users\\ankur.jain\\Katalon Studio\\Feedzai_Automation\\Reports\\New Suite\\20180705_115144\\1530771844597.png]]]]></system-out>
         <system-err><![CDATA[2018-07-05 11:53:59 - [TEST_CASE][FAILED] - Test Cases/Alert Manager Test Cases/Alert Manager_Search Screen/TC25_Validate Advance search through Merchant id: Test Cases/Alert Manager Test Cases/Alert Manager_Search Screen/TC25_Validate Advance search through Merchant id FAILED because (of) Unable to click on object 'Object Repository/TC_24_AM/button_Advanced Search' (Root cause: org.openqa.selenium.WebDriverException: unknown error: Element <button type="button" class="button button-default fdz-js-toggle-advanced-search">...</button> is not clickable at point (184, 602). Other element would receive the click: <label class="radio-inline">...</label>
  (Session info: chrome=67.0.3396.99)
  (Driver info: chromedriver=2.35.528161 (5b82f2d2aae0ca24b877009200ced9065a772e73),platform=Windows NT 6.1.7601 SP1 x86_64) (WARNING: The server did not provide any stacktrace information)
Command duration or timeout: 0 milliseconds
Build info: version: '3.7.1', revision: '8a0099a', time: '2017-11-06T21:07:36.161Z'
System info: host: 'LT0021232', ip: '10.50.88.74', os.name: 'Windows 7', os.arch: 'amd64', os.version: '6.1', java.version: '1.8.0_102'
Driver info: com.kms.katalon.selenium.driver.CChromeDriver
Capabilities {acceptInsecureCerts: false, acceptSslCerts: false, applicationCacheEnabled: false, browserConnectionEnabled: false, browserName: chrome, chrome: {chromedriverVersion: 2.35.528161 (5b82f2d2aae0ca..., userDataDir: C:\Users\ANKUR~1.JAI\AppDat...}, cssSelectorsEnabled: true, databaseEnabled: false, handlesAlerts: true, hasTouchScreen: false, javascriptEnabled: true, locationContextEnabled: true, mobileEmulationEnabled: false, nativeEvents: true, networkConnectionEnabled: false, pageLoadStrategy: normal, platform: XP, platformName: XP, rotatable: false, setWindowRect: true, takesHeapSnapshot: true, takesScreenshot: true, unexpectedAlertBehaviour: , unhandledPromptBehavior: , version: 67.0.3396.99, webStorageEnabled: true}
Session ID: f855845ea1f75d5aa803a8e5b8e47ee2)]]></system-err>
      </testcase>
      <system-out><![CDATA[2018-07-05 11:51:57 - [TEST_SUITE][FAILED] - New Suite: Test Cases/Alert Manager Test Cases/Alert Manager_Search Screen/TC24_Validate Advance search through customer id FAILED because (of) Verify element text of test object 'Object Repository/TC_24_AM/Cust_id_Validation' FAILED. (Root cause: com.kms.katalon.core.webui.exception.WebElementNotFoundException: Web element with id: 'Object Repository/TC_24_AM/Cust_id_Validation' located by 'By.xpath: ' not found)]]></system-out>
      <system-err><![CDATA[2018-07-05 11:51:57 - [TEST_SUITE][FAILED] - New Suite: Test Cases/Alert Manager Test Cases/Alert Manager_Search Screen/TC24_Validate Advance search through customer id FAILED because (of) Verify element text of test object 'Object Repository/TC_24_AM/Cust_id_Validation' FAILED. (Root cause: com.kms.katalon.core.webui.exception.WebElementNotFoundException: Web element with id: 'Object Repository/TC_24_AM/Cust_id_Validation' located by 'By.xpath: ' not found)]]></system-err>
   </testsuite>
</testsuites>
